2023-02-08 20:17:40 [main] INFO  o.s.b.t.c.SpringBootTestContextBootstrapper - Neither @ContextConfiguration nor @ContextHierarchy found for test class [com.kob.backend.BackendApplicationTests], using SpringBootContextLoader
2023-02-08 20:17:40 [main] INFO  o.s.t.c.s.AbstractContextLoader - Could not detect default resource locations for test class [com.kob.backend.BackendApplicationTests]: no resource found for suffixes {-context.xml, Context.groovy}.
2023-02-08 20:17:40 [main] INFO  o.s.t.c.s.AnnotationConfigContextLoaderUtils - Could not detect default configuration classes for test class [com.kob.backend.BackendApplicationTests]: BackendApplicationTests does not declare any static, non-private, non-final, nested classes annotated with @Configuration.
2023-02-08 20:17:40 [main] INFO  o.s.b.t.c.SpringBootTestContextBootstrapper - Found @SpringBootConfiguration com.kob.backend.BackendApplication for test class com.kob.backend.BackendApplicationTests
2023-02-08 20:17:41 [main] INFO  o.s.b.t.c.SpringBootTestContextBootstrapper - Loaded default TestExecutionListener class names from location [META-INF/spring.factories]: [org.springframework.boot.test.mock.mockito.MockitoTestExecutionListener, org.springframework.boot.test.mock.mockito.ResetMocksTestExecutionListener, org.springframework.boot.test.autoconfigure.restdocs.RestDocsTestExecutionListener, org.springframework.boot.test.autoconfigure.web.client.MockRestServiceServerResetTestExecutionListener, org.springframework.boot.test.autoconfigure.web.servlet.MockMvcPrintOnlyOnFailureTestExecutionListener, org.springframework.boot.test.autoconfigure.web.servlet.WebDriverTestExecutionListener, org.springframework.boot.test.autoconfigure.webservices.client.MockWebServiceServerTestExecutionListener, org.springframework.test.context.web.ServletTestExecutionListener, org.springframework.test.context.support.DirtiesContextBeforeModesTestExecutionListener, org.springframework.test.context.event.ApplicationEventsTestExecutionListener, org.springframework.test.context.support.DependencyInjectionTestExecutionListener, org.springframework.test.context.support.DirtiesContextTestExecutionListener, org.springframework.test.context.transaction.TransactionalTestExecutionListener, org.springframework.test.context.jdbc.SqlScriptsTestExecutionListener, org.springframework.test.context.event.EventPublishingTestExecutionListener]
2023-02-08 20:17:41 [main] INFO  o.s.b.t.c.SpringBootTestContextBootstrapper - Using TestExecutionListeners: [org.springframework.test.context.web.ServletTestExecutionListener@5f354bcf, org.springframework.test.context.support.DirtiesContextBeforeModesTestExecutionListener@3daf7722, org.springframework.test.context.event.ApplicationEventsTestExecutionListener@78641d23, org.springframework.boot.test.mock.mockito.MockitoTestExecutionListener@74589991, org.springframework.boot.test.autoconfigure.SpringBootDependencyInjectionTestExecutionListener@146dfe6, org.springframework.test.context.support.DirtiesContextTestExecutionListener@4716be8b, org.springframework.test.context.transaction.TransactionalTestExecutionListener@1fc32e4f, org.springframework.test.context.jdbc.SqlScriptsTestExecutionListener@2f67b837, org.springframework.test.context.event.EventPublishingTestExecutionListener@1869fbd2, org.springframework.boot.test.mock.mockito.ResetMocksTestExecutionListener@6af9fcb2, org.springframework.boot.test.autoconfigure.restdocs.RestDocsTestExecutionListener@6cce16f4, org.springframework.boot.test.autoconfigure.web.client.MockRestServiceServerResetTestExecutionListener@7efaad5a, org.springframework.boot.test.autoconfigure.web.servlet.MockMvcPrintOnlyOnFailureTestExecutionListener@291a7e3c, org.springframework.boot.test.autoconfigure.web.servlet.WebDriverTestExecutionListener@ca30bc1, org.springframework.boot.test.autoconfigure.webservices.client.MockWebServiceServerTestExecutionListener@1046d517]
2023-02-08 20:17:43 [background-preinit] INFO  o.h.validator.internal.util.Version - HV000001: Hibernate Validator 6.2.5.Final
2023-02-08 20:17:43 [main] INFO  c.k.backend.BackendApplicationTests - Starting BackendApplicationTests using Java 1.8.0_202 on DESKTOP-U0P6EDB with PID 11424 (started by A in E:\java2\kob\backendcloud\backend)
2023-02-08 20:17:43 [main] INFO  c.k.backend.BackendApplicationTests - The following 1 profile is active: "dev"
2023-02-08 20:17:52 [main] INFO  com.kob.backend.config.JacksonConfig - 初始化 jackson 配置
2023-02-08 20:17:53 [main] INFO  com.kob.backend.config.RedisConfig - 初始化 redis 配置
2023-02-08 20:17:55 [main] INFO  org.redisson.Version - Redisson 3.17.5
2023-02-08 20:17:59 [redisson-netty-2-6] INFO  o.r.c.p.MasterPubSubConnectionPool - 1 connections initialized for localhost/127.0.0.1:6379
2023-02-08 20:17:59 [redisson-netty-2-4] INFO  o.r.c.pool.MasterConnectionPool - 8 connections initialized for localhost/127.0.0.1:6379
2023-02-08 20:18:04 [main] INFO  o.a.coyote.http11.Http11NioProtocol - Initializing ProtocolHandler ["http-nio-auto-1"]
2023-02-08 20:18:04 [main] INFO  o.a.catalina.core.StandardService - Starting service [Tomcat]
2023-02-08 20:18:04 [main] INFO  o.a.catalina.core.StandardEngine - Starting Servlet engine: [Apache Tomcat/9.0.70]
2023-02-08 20:18:05 [main] INFO  o.a.c.c.C.[.[localhost].[/kob] - Initializing Spring embedded WebApplicationContext
2023-02-08 20:18:06 [main] INFO  c.b.d.d.DynamicRoutingDataSource - dynamic-datasource detect P6SPY plugin and enabled it
2023-02-08 20:18:06 [main] INFO  com.zaxxer.hikari.HikariDataSource - master - Starting...
2023-02-08 20:18:07 [main] INFO  com.zaxxer.hikari.HikariDataSource - master - Start completed.
2023-02-08 20:18:07 [main] INFO  c.b.d.d.DynamicRoutingDataSource - dynamic-datasource - add a datasource named [slave] success
2023-02-08 20:18:07 [main] INFO  c.b.d.d.DynamicRoutingDataSource - dynamic-datasource - add a datasource named [master] success
2023-02-08 20:18:07 [main] INFO  c.b.d.d.DynamicRoutingDataSource - dynamic-datasource initial loaded [2] datasource,primary datasource named [master]
2023-02-08 20:18:17 [main] INFO  com.kob.job.config.XxlJobConfig - >>>>>>>>>>> xxl-job config init.
2023-02-08 20:18:56 [main] INFO  o.s.b.t.c.SpringBootTestContextBootstrapper - Neither @ContextConfiguration nor @ContextHierarchy found for test class [com.kob.backend.BackendApplicationTests], using SpringBootContextLoader
2023-02-08 20:18:56 [main] INFO  o.s.t.c.s.AbstractContextLoader - Could not detect default resource locations for test class [com.kob.backend.BackendApplicationTests]: no resource found for suffixes {-context.xml, Context.groovy}.
2023-02-08 20:18:56 [main] INFO  o.s.t.c.s.AnnotationConfigContextLoaderUtils - Could not detect default configuration classes for test class [com.kob.backend.BackendApplicationTests]: BackendApplicationTests does not declare any static, non-private, non-final, nested classes annotated with @Configuration.
2023-02-08 20:18:57 [main] INFO  o.s.b.t.c.SpringBootTestContextBootstrapper - Found @SpringBootConfiguration com.kob.backend.BackendApplication for test class com.kob.backend.BackendApplicationTests
2023-02-08 20:18:57 [main] INFO  o.s.b.t.c.SpringBootTestContextBootstrapper - Loaded default TestExecutionListener class names from location [META-INF/spring.factories]: [org.springframework.boot.test.mock.mockito.MockitoTestExecutionListener, org.springframework.boot.test.mock.mockito.ResetMocksTestExecutionListener, org.springframework.boot.test.autoconfigure.restdocs.RestDocsTestExecutionListener, org.springframework.boot.test.autoconfigure.web.client.MockRestServiceServerResetTestExecutionListener, org.springframework.boot.test.autoconfigure.web.servlet.MockMvcPrintOnlyOnFailureTestExecutionListener, org.springframework.boot.test.autoconfigure.web.servlet.WebDriverTestExecutionListener, org.springframework.boot.test.autoconfigure.webservices.client.MockWebServiceServerTestExecutionListener, org.springframework.test.context.web.ServletTestExecutionListener, org.springframework.test.context.support.DirtiesContextBeforeModesTestExecutionListener, org.springframework.test.context.event.ApplicationEventsTestExecutionListener, org.springframework.test.context.support.DependencyInjectionTestExecutionListener, org.springframework.test.context.support.DirtiesContextTestExecutionListener, org.springframework.test.context.transaction.TransactionalTestExecutionListener, org.springframework.test.context.jdbc.SqlScriptsTestExecutionListener, org.springframework.test.context.event.EventPublishingTestExecutionListener]
2023-02-08 20:18:57 [main] INFO  o.s.b.t.c.SpringBootTestContextBootstrapper - Using TestExecutionListeners: [org.springframework.test.context.web.ServletTestExecutionListener@67545b57, org.springframework.test.context.support.DirtiesContextBeforeModesTestExecutionListener@6c2c1385, org.springframework.test.context.event.ApplicationEventsTestExecutionListener@5f354bcf, org.springframework.boot.test.mock.mockito.MockitoTestExecutionListener@3daf7722, org.springframework.boot.test.autoconfigure.SpringBootDependencyInjectionTestExecutionListener@78641d23, org.springframework.test.context.support.DirtiesContextTestExecutionListener@74589991, org.springframework.test.context.transaction.TransactionalTestExecutionListener@146dfe6, org.springframework.test.context.jdbc.SqlScriptsTestExecutionListener@4716be8b, org.springframework.test.context.event.EventPublishingTestExecutionListener@1fc32e4f, org.springframework.boot.test.mock.mockito.ResetMocksTestExecutionListener@2f67b837, org.springframework.boot.test.autoconfigure.restdocs.RestDocsTestExecutionListener@1869fbd2, org.springframework.boot.test.autoconfigure.web.client.MockRestServiceServerResetTestExecutionListener@6af9fcb2, org.springframework.boot.test.autoconfigure.web.servlet.MockMvcPrintOnlyOnFailureTestExecutionListener@6cce16f4, org.springframework.boot.test.autoconfigure.web.servlet.WebDriverTestExecutionListener@7efaad5a, org.springframework.boot.test.autoconfigure.webservices.client.MockWebServiceServerTestExecutionListener@291a7e3c]
2023-02-08 20:18:59 [background-preinit] INFO  o.h.validator.internal.util.Version - HV000001: Hibernate Validator 6.2.5.Final
2023-02-08 20:18:59 [main] INFO  c.k.backend.BackendApplicationTests - Starting BackendApplicationTests using Java 1.8.0_202 on DESKTOP-U0P6EDB with PID 19864 (started by A in E:\java2\kob\backendcloud\backend)
2023-02-08 20:18:59 [main] INFO  c.k.backend.BackendApplicationTests - The following 1 profile is active: "dev"
2023-02-08 20:19:07 [main] INFO  com.kob.backend.config.JacksonConfig - 初始化 jackson 配置
2023-02-08 20:19:08 [main] INFO  com.kob.backend.config.RedisConfig - 初始化 redis 配置
2023-02-08 20:19:09 [main] INFO  org.redisson.Version - Redisson 3.17.5
2023-02-08 20:19:13 [redisson-netty-2-1] INFO  o.r.c.p.MasterPubSubConnectionPool - 1 connections initialized for localhost/127.0.0.1:6379
2023-02-08 20:19:13 [redisson-netty-2-4] INFO  o.r.c.pool.MasterConnectionPool - 8 connections initialized for localhost/127.0.0.1:6379
2023-02-08 20:19:17 [main] INFO  o.a.coyote.http11.Http11NioProtocol - Initializing ProtocolHandler ["http-nio-auto-1"]
2023-02-08 20:19:17 [main] INFO  o.a.catalina.core.StandardService - Starting service [Tomcat]
2023-02-08 20:19:17 [main] INFO  o.a.catalina.core.StandardEngine - Starting Servlet engine: [Apache Tomcat/9.0.70]
2023-02-08 20:19:18 [main] INFO  o.a.c.c.C.[.[localhost].[/kob] - Initializing Spring embedded WebApplicationContext
2023-02-08 20:19:19 [main] INFO  c.b.d.d.DynamicRoutingDataSource - dynamic-datasource detect P6SPY plugin and enabled it
2023-02-08 20:19:19 [main] INFO  com.zaxxer.hikari.HikariDataSource - master - Starting...
2023-02-08 20:19:20 [main] INFO  com.zaxxer.hikari.HikariDataSource - master - Start completed.
2023-02-08 20:19:20 [main] INFO  c.b.d.d.DynamicRoutingDataSource - dynamic-datasource - add a datasource named [slave] success
2023-02-08 20:19:20 [main] INFO  c.b.d.d.DynamicRoutingDataSource - dynamic-datasource - add a datasource named [master] success
2023-02-08 20:19:20 [main] INFO  c.b.d.d.DynamicRoutingDataSource - dynamic-datasource initial loaded [2] datasource,primary datasource named [master]
2023-02-08 20:19:28 [main] INFO  com.kob.job.config.XxlJobConfig - >>>>>>>>>>> xxl-job config init.
2023-02-08 20:19:35 [main] INFO  c.x.job.core.executor.XxlJobExecutor - >>>>>>>>>>> xxl-job register jobhandler success, name:CallMeHandler, jobHandler:com.xxl.job.core.handler.impl.MethodJobHandler@75312c94[class com.kob.job.service.CallMeService#CallMeHandler]
2023-02-08 20:19:35 [main] INFO  c.x.job.core.executor.XxlJobExecutor - >>>>>>>>>>> xxl-job register jobhandler success, name:commandJobHandler, jobHandler:com.xxl.job.core.handler.impl.MethodJobHandler@140cfc5f[class com.kob.job.service.SampleService#commandJobHandler]
2023-02-08 20:19:35 [main] INFO  c.x.job.core.executor.XxlJobExecutor - >>>>>>>>>>> xxl-job register jobhandler success, name:shardingJobHandler, jobHandler:com.xxl.job.core.handler.impl.MethodJobHandler@6b063695[class com.kob.job.service.SampleService#shardingJobHandler]
2023-02-08 20:19:35 [main] INFO  c.x.job.core.executor.XxlJobExecutor - >>>>>>>>>>> xxl-job register jobhandler success, name:demoJobHandler2, jobHandler:com.xxl.job.core.handler.impl.MethodJobHandler@43edd2ea[class com.kob.job.service.SampleService#demoJobHandler2]
2023-02-08 20:19:35 [main] INFO  c.x.job.core.executor.XxlJobExecutor - >>>>>>>>>>> xxl-job register jobhandler success, name:demoJobHandler, jobHandler:com.xxl.job.core.handler.impl.MethodJobHandler@3fc4038f[class com.kob.job.service.SampleService#demoJobHandler]
2023-02-08 20:19:35 [main] INFO  c.x.job.core.executor.XxlJobExecutor - >>>>>>>>>>> xxl-job register jobhandler success, name:httpJobHandler, jobHandler:com.xxl.job.core.handler.impl.MethodJobHandler@4cd9ee2c[class com.kob.job.service.SampleService#httpJobHandler]
2023-02-08 20:19:35 [main] INFO  o.a.coyote.http11.Http11NioProtocol - Starting ProtocolHandler ["http-nio-auto-1"]
2023-02-08 20:19:36 [main] INFO  c.k.backend.BackendApplicationTests - Started BackendApplicationTests in 37.958 seconds (JVM running for 42.847)
2023-02-08 20:19:36 [main] INFO  c.k.b.s.I.o.SysOssConfigServiceImpl - 发布刷新OSS配置 => minio
2023-02-08 20:19:36 [main] INFO  c.k.b.s.I.o.SysOssConfigServiceImpl - 发布刷新OSS配置 => qiniu
2023-02-08 20:19:36 [main] INFO  c.k.b.s.I.o.SysOssConfigServiceImpl - 发布刷新OSS配置 => aliyun
2023-02-08 20:19:36 [main] INFO  c.k.b.s.I.o.SysOssConfigServiceImpl - 发布刷新OSS配置 => qcloud
2023-02-08 20:19:37 [main] INFO  c.k.b.s.I.o.SysOssConfigServiceImpl - 发布刷新OSS配置 => image
2023-02-08 20:19:37 [main] INFO  com.kob.oss.factory.OssFactory - 初始化OSS工厂
2023-02-08 20:19:37 [main] INFO  c.k.b.runner.SystemApplicationRunner - 初始化OSS配置成功
2023-02-08 20:19:39 [SpringApplicationShutdownHook] INFO  com.xxl.job.core.server.EmbedServer - >>>>>>>>>>> xxl-job remoting server destroy success.
2023-02-08 20:19:39 [xxl-job, executor JobLogFileCleanThread] INFO  c.x.j.c.thread.JobLogFileCleanThread - >>>>>>>>>>> xxl-job, executor JobLogFileCleanThread thread destroy.
2023-02-08 20:19:39 [xxl-job, executor TriggerCallbackThread] INFO  c.x.j.c.thread.TriggerCallbackThread - >>>>>>>>>>> xxl-job, executor callback thread destroy.
2023-02-08 20:19:39 [Thread-10] INFO  c.x.j.c.thread.TriggerCallbackThread - >>>>>>>>>>> xxl-job, executor retry callback thread destroy.
2023-02-08 20:19:39 [SpringApplicationShutdownHook] INFO  c.b.d.d.DynamicRoutingDataSource - dynamic-datasource start closing ....
2023-02-08 20:19:39 [SpringApplicationShutdownHook] INFO  com.zaxxer.hikari.HikariDataSource - master - Shutdown initiated...
2023-02-08 20:19:39 [SpringApplicationShutdownHook] INFO  com.zaxxer.hikari.HikariDataSource - master - Shutdown completed.
2023-02-08 20:19:39 [SpringApplicationShutdownHook] INFO  c.b.d.d.DynamicRoutingDataSource - dynamic-datasource all closed success,bye
2023-02-08 20:20:15 [main] INFO  o.s.b.t.c.SpringBootTestContextBootstrapper - Neither @ContextConfiguration nor @ContextHierarchy found for test class [com.kob.backend.BackendApplicationTests], using SpringBootContextLoader
2023-02-08 20:20:15 [main] INFO  o.s.t.c.s.AbstractContextLoader - Could not detect default resource locations for test class [com.kob.backend.BackendApplicationTests]: no resource found for suffixes {-context.xml, Context.groovy}.
2023-02-08 20:20:15 [main] INFO  o.s.t.c.s.AnnotationConfigContextLoaderUtils - Could not detect default configuration classes for test class [com.kob.backend.BackendApplicationTests]: BackendApplicationTests does not declare any static, non-private, non-final, nested classes annotated with @Configuration.
2023-02-08 20:20:16 [main] INFO  o.s.b.t.c.SpringBootTestContextBootstrapper - Found @SpringBootConfiguration com.kob.backend.BackendApplication for test class com.kob.backend.BackendApplicationTests
2023-02-08 20:20:17 [main] INFO  o.s.b.t.c.SpringBootTestContextBootstrapper - Loaded default TestExecutionListener class names from location [META-INF/spring.factories]: [org.springframework.boot.test.mock.mockito.MockitoTestExecutionListener, org.springframework.boot.test.mock.mockito.ResetMocksTestExecutionListener, org.springframework.boot.test.autoconfigure.restdocs.RestDocsTestExecutionListener, org.springframework.boot.test.autoconfigure.web.client.MockRestServiceServerResetTestExecutionListener, org.springframework.boot.test.autoconfigure.web.servlet.MockMvcPrintOnlyOnFailureTestExecutionListener, org.springframework.boot.test.autoconfigure.web.servlet.WebDriverTestExecutionListener, org.springframework.boot.test.autoconfigure.webservices.client.MockWebServiceServerTestExecutionListener, org.springframework.test.context.web.ServletTestExecutionListener, org.springframework.test.context.support.DirtiesContextBeforeModesTestExecutionListener, org.springframework.test.context.event.ApplicationEventsTestExecutionListener, org.springframework.test.context.support.DependencyInjectionTestExecutionListener, org.springframework.test.context.support.DirtiesContextTestExecutionListener, org.springframework.test.context.transaction.TransactionalTestExecutionListener, org.springframework.test.context.jdbc.SqlScriptsTestExecutionListener, org.springframework.test.context.event.EventPublishingTestExecutionListener]
2023-02-08 20:20:17 [main] INFO  o.s.b.t.c.SpringBootTestContextBootstrapper - Using TestExecutionListeners: [org.springframework.test.context.web.ServletTestExecutionListener@1dfd5f51, org.springframework.test.context.support.DirtiesContextBeforeModesTestExecutionListener@3c321bdb, org.springframework.test.context.event.ApplicationEventsTestExecutionListener@24855019, org.springframework.boot.test.mock.mockito.MockitoTestExecutionListener@3abd581e, org.springframework.boot.test.autoconfigure.SpringBootDependencyInjectionTestExecutionListener@4d4d8fcf, org.springframework.test.context.support.DirtiesContextTestExecutionListener@610db97e, org.springframework.test.context.transaction.TransactionalTestExecutionListener@6f0628de, org.springframework.test.context.jdbc.SqlScriptsTestExecutionListener@3fabf088, org.springframework.test.context.event.EventPublishingTestExecutionListener@1e392345, org.springframework.boot.test.mock.mockito.ResetMocksTestExecutionListener@12f3afb5, org.springframework.boot.test.autoconfigure.restdocs.RestDocsTestExecutionListener@4ced35ed, org.springframework.boot.test.autoconfigure.web.client.MockRestServiceServerResetTestExecutionListener@2c22a348, org.springframework.boot.test.autoconfigure.web.servlet.MockMvcPrintOnlyOnFailureTestExecutionListener@7bd69e82, org.springframework.boot.test.autoconfigure.web.servlet.WebDriverTestExecutionListener@74d7184a, org.springframework.boot.test.autoconfigure.webservices.client.MockWebServiceServerTestExecutionListener@51b01960]
2023-02-08 20:20:18 [background-preinit] INFO  o.h.validator.internal.util.Version - HV000001: Hibernate Validator 6.2.5.Final
2023-02-08 20:20:18 [main] INFO  c.k.backend.BackendApplicationTests - Starting BackendApplicationTests using Java 1.8.0_202 on DESKTOP-U0P6EDB with PID 20016 (started by A in E:\java2\kob\backendcloud\backend)
2023-02-08 20:20:18 [main] INFO  c.k.backend.BackendApplicationTests - The following 1 profile is active: "dev"
2023-02-08 20:20:31 [main] INFO  com.kob.backend.config.JacksonConfig - 初始化 jackson 配置
2023-02-08 20:20:32 [main] INFO  com.kob.backend.config.RedisConfig - 初始化 redis 配置
2023-02-08 20:20:34 [main] INFO  org.redisson.Version - Redisson 3.17.5
2023-02-08 20:20:38 [redisson-netty-2-1] INFO  o.r.c.p.MasterPubSubConnectionPool - 1 connections initialized for localhost/127.0.0.1:6379
2023-02-08 20:20:38 [redisson-netty-2-4] INFO  o.r.c.pool.MasterConnectionPool - 8 connections initialized for localhost/127.0.0.1:6379
2023-02-08 20:20:45 [main] INFO  o.a.coyote.http11.Http11NioProtocol - Initializing ProtocolHandler ["http-nio-auto-1"]
2023-02-08 20:20:45 [main] INFO  o.a.catalina.core.StandardService - Starting service [Tomcat]
2023-02-08 20:20:45 [main] INFO  o.a.catalina.core.StandardEngine - Starting Servlet engine: [Apache Tomcat/9.0.70]
2023-02-08 20:20:45 [main] INFO  o.a.c.c.C.[.[localhost].[/kob] - Initializing Spring embedded WebApplicationContext
2023-02-08 20:20:47 [main] INFO  c.b.d.d.DynamicRoutingDataSource - dynamic-datasource detect P6SPY plugin and enabled it
2023-02-08 20:20:47 [main] INFO  com.zaxxer.hikari.HikariDataSource - master - Starting...
2023-02-08 20:20:48 [main] INFO  com.zaxxer.hikari.HikariDataSource - master - Start completed.
2023-02-08 20:20:48 [main] INFO  c.b.d.d.DynamicRoutingDataSource - dynamic-datasource - add a datasource named [slave] success
2023-02-08 20:20:48 [main] INFO  c.b.d.d.DynamicRoutingDataSource - dynamic-datasource - add a datasource named [master] success
2023-02-08 20:20:48 [main] INFO  c.b.d.d.DynamicRoutingDataSource - dynamic-datasource initial loaded [2] datasource,primary datasource named [master]
2023-02-08 20:20:58 [main] INFO  com.kob.job.config.XxlJobConfig - >>>>>>>>>>> xxl-job config init.
2023-02-08 20:21:07 [main] INFO  c.x.job.core.executor.XxlJobExecutor - >>>>>>>>>>> xxl-job register jobhandler success, name:CallMeHandler, jobHandler:com.xxl.job.core.handler.impl.MethodJobHandler@241861bc[class com.kob.job.service.CallMeService#CallMeHandler]
2023-02-08 20:21:07 [main] INFO  c.x.job.core.executor.XxlJobExecutor - >>>>>>>>>>> xxl-job register jobhandler success, name:shardingJobHandler, jobHandler:com.xxl.job.core.handler.impl.MethodJobHandler@5078e308[class com.kob.job.service.SampleService#shardingJobHandler]
2023-02-08 20:21:07 [main] INFO  c.x.job.core.executor.XxlJobExecutor - >>>>>>>>>>> xxl-job register jobhandler success, name:commandJobHandler, jobHandler:com.xxl.job.core.handler.impl.MethodJobHandler@2045a469[class com.kob.job.service.SampleService#commandJobHandler]
2023-02-08 20:21:07 [main] INFO  c.x.job.core.executor.XxlJobExecutor - >>>>>>>>>>> xxl-job register jobhandler success, name:demoJobHandler, jobHandler:com.xxl.job.core.handler.impl.MethodJobHandler@672710d5[class com.kob.job.service.SampleService#demoJobHandler]
2023-02-08 20:21:07 [main] INFO  c.x.job.core.executor.XxlJobExecutor - >>>>>>>>>>> xxl-job register jobhandler success, name:httpJobHandler, jobHandler:com.xxl.job.core.handler.impl.MethodJobHandler@55880c[class com.kob.job.service.SampleService#httpJobHandler]
2023-02-08 20:21:07 [main] INFO  c.x.job.core.executor.XxlJobExecutor - >>>>>>>>>>> xxl-job register jobhandler success, name:demoJobHandler2, jobHandler:com.xxl.job.core.handler.impl.MethodJobHandler@17224bad[class com.kob.job.service.SampleService#demoJobHandler2]
2023-02-08 20:21:07 [main] INFO  o.a.coyote.http11.Http11NioProtocol - Starting ProtocolHandler ["http-nio-auto-1"]
2023-02-08 20:21:07 [main] INFO  c.k.backend.BackendApplicationTests - Started BackendApplicationTests in 50.626 seconds (JVM running for 57.209)
2023-02-08 20:21:08 [main] INFO  c.k.b.s.I.o.SysOssConfigServiceImpl - 发布刷新OSS配置 => minio
2023-02-08 20:21:08 [main] INFO  c.k.b.s.I.o.SysOssConfigServiceImpl - 发布刷新OSS配置 => qiniu
2023-02-08 20:21:08 [main] INFO  c.k.b.s.I.o.SysOssConfigServiceImpl - 发布刷新OSS配置 => aliyun
2023-02-08 20:21:08 [main] INFO  c.k.b.s.I.o.SysOssConfigServiceImpl - 发布刷新OSS配置 => qcloud
2023-02-08 20:21:08 [main] INFO  c.k.b.s.I.o.SysOssConfigServiceImpl - 发布刷新OSS配置 => image
2023-02-08 20:21:08 [main] INFO  com.kob.oss.factory.OssFactory - 初始化OSS工厂
2023-02-08 20:21:08 [main] INFO  c.k.b.runner.SystemApplicationRunner - 初始化OSS配置成功
2023-02-08 20:21:24 [SpringApplicationShutdownHook] INFO  com.xxl.job.core.server.EmbedServer - >>>>>>>>>>> xxl-job remoting server destroy success.
2023-02-08 20:21:24 [xxl-job, executor JobLogFileCleanThread] INFO  c.x.j.c.thread.JobLogFileCleanThread - >>>>>>>>>>> xxl-job, executor JobLogFileCleanThread thread destroy.
2023-02-08 20:21:24 [xxl-job, executor TriggerCallbackThread] INFO  c.x.j.c.thread.TriggerCallbackThread - >>>>>>>>>>> xxl-job, executor callback thread destroy.
2023-02-08 20:21:24 [Thread-10] INFO  c.x.j.c.thread.TriggerCallbackThread - >>>>>>>>>>> xxl-job, executor retry callback thread destroy.
2023-02-08 20:21:24 [SpringApplicationShutdownHook] INFO  c.b.d.d.DynamicRoutingDataSource - dynamic-datasource start closing ....
2023-02-08 20:21:24 [SpringApplicationShutdownHook] INFO  com.zaxxer.hikari.HikariDataSource - master - Shutdown initiated...
2023-02-08 20:21:24 [SpringApplicationShutdownHook] INFO  com.zaxxer.hikari.HikariDataSource - master - Shutdown completed.
2023-02-08 20:21:24 [SpringApplicationShutdownHook] INFO  c.b.d.d.DynamicRoutingDataSource - dynamic-datasource all closed success,bye
2023-02-08 20:22:09 [main] INFO  o.s.b.t.c.SpringBootTestContextBootstrapper - Neither @ContextConfiguration nor @ContextHierarchy found for test class [com.kob.backend.BackendApplicationTests], using SpringBootContextLoader
2023-02-08 20:22:09 [main] INFO  o.s.t.c.s.AbstractContextLoader - Could not detect default resource locations for test class [com.kob.backend.BackendApplicationTests]: no resource found for suffixes {-context.xml, Context.groovy}.
2023-02-08 20:22:09 [main] INFO  o.s.t.c.s.AnnotationConfigContextLoaderUtils - Could not detect default configuration classes for test class [com.kob.backend.BackendApplicationTests]: BackendApplicationTests does not declare any static, non-private, non-final, nested classes annotated with @Configuration.
2023-02-08 20:22:10 [main] INFO  o.s.b.t.c.SpringBootTestContextBootstrapper - Found @SpringBootConfiguration com.kob.backend.BackendApplication for test class com.kob.backend.BackendApplicationTests
2023-02-08 20:22:11 [main] INFO  o.s.b.t.c.SpringBootTestContextBootstrapper - Loaded default TestExecutionListener class names from location [META-INF/spring.factories]: [org.springframework.boot.test.mock.mockito.MockitoTestExecutionListener, org.springframework.boot.test.mock.mockito.ResetMocksTestExecutionListener, org.springframework.boot.test.autoconfigure.restdocs.RestDocsTestExecutionListener, org.springframework.boot.test.autoconfigure.web.client.MockRestServiceServerResetTestExecutionListener, org.springframework.boot.test.autoconfigure.web.servlet.MockMvcPrintOnlyOnFailureTestExecutionListener, org.springframework.boot.test.autoconfigure.web.servlet.WebDriverTestExecutionListener, org.springframework.boot.test.autoconfigure.webservices.client.MockWebServiceServerTestExecutionListener, org.springframework.test.context.web.ServletTestExecutionListener, org.springframework.test.context.support.DirtiesContextBeforeModesTestExecutionListener, org.springframework.test.context.event.ApplicationEventsTestExecutionListener, org.springframework.test.context.support.DependencyInjectionTestExecutionListener, org.springframework.test.context.support.DirtiesContextTestExecutionListener, org.springframework.test.context.transaction.TransactionalTestExecutionListener, org.springframework.test.context.jdbc.SqlScriptsTestExecutionListener, org.springframework.test.context.event.EventPublishingTestExecutionListener]
2023-02-08 20:22:11 [main] INFO  o.s.b.t.c.SpringBootTestContextBootstrapper - Using TestExecutionListeners: [org.springframework.test.context.web.ServletTestExecutionListener@1dfd5f51, org.springframework.test.context.support.DirtiesContextBeforeModesTestExecutionListener@3c321bdb, org.springframework.test.context.event.ApplicationEventsTestExecutionListener@24855019, org.springframework.boot.test.mock.mockito.MockitoTestExecutionListener@3abd581e, org.springframework.boot.test.autoconfigure.SpringBootDependencyInjectionTestExecutionListener@4d4d8fcf, org.springframework.test.context.support.DirtiesContextTestExecutionListener@610db97e, org.springframework.test.context.transaction.TransactionalTestExecutionListener@6f0628de, org.springframework.test.context.jdbc.SqlScriptsTestExecutionListener@3fabf088, org.springframework.test.context.event.EventPublishingTestExecutionListener@1e392345, org.springframework.boot.test.mock.mockito.ResetMocksTestExecutionListener@12f3afb5, org.springframework.boot.test.autoconfigure.restdocs.RestDocsTestExecutionListener@4ced35ed, org.springframework.boot.test.autoconfigure.web.client.MockRestServiceServerResetTestExecutionListener@2c22a348, org.springframework.boot.test.autoconfigure.web.servlet.MockMvcPrintOnlyOnFailureTestExecutionListener@7bd69e82, org.springframework.boot.test.autoconfigure.web.servlet.WebDriverTestExecutionListener@74d7184a, org.springframework.boot.test.autoconfigure.webservices.client.MockWebServiceServerTestExecutionListener@51b01960]
2023-02-08 20:22:13 [main] INFO  c.k.backend.BackendApplicationTests - Starting BackendApplicationTests using Java 1.8.0_202 on DESKTOP-U0P6EDB with PID 10640 (started by A in E:\java2\kob\backendcloud\backend)
2023-02-08 20:22:13 [main] INFO  c.k.backend.BackendApplicationTests - The following 1 profile is active: "dev"
2023-02-08 20:22:13 [background-preinit] INFO  o.h.validator.internal.util.Version - HV000001: Hibernate Validator 6.2.5.Final
2023-02-08 20:22:22 [main] INFO  com.kob.backend.config.JacksonConfig - 初始化 jackson 配置
2023-02-08 20:22:23 [main] INFO  com.kob.backend.config.RedisConfig - 初始化 redis 配置
2023-02-08 20:22:25 [main] INFO  org.redisson.Version - Redisson 3.17.5
2023-02-08 20:22:28 [redisson-netty-2-1] INFO  o.r.c.p.MasterPubSubConnectionPool - 1 connections initialized for localhost/127.0.0.1:6379
2023-02-08 20:22:28 [redisson-netty-2-4] INFO  o.r.c.pool.MasterConnectionPool - 8 connections initialized for localhost/127.0.0.1:6379
2023-02-08 20:22:33 [main] INFO  o.a.coyote.http11.Http11NioProtocol - Initializing ProtocolHandler ["http-nio-auto-1"]
2023-02-08 20:22:33 [main] INFO  o.a.catalina.core.StandardService - Starting service [Tomcat]
2023-02-08 20:22:33 [main] INFO  o.a.catalina.core.StandardEngine - Starting Servlet engine: [Apache Tomcat/9.0.70]
2023-02-08 20:22:34 [main] INFO  o.a.c.c.C.[.[localhost].[/kob] - Initializing Spring embedded WebApplicationContext
2023-02-08 20:22:36 [main] INFO  c.b.d.d.DynamicRoutingDataSource - dynamic-datasource detect P6SPY plugin and enabled it
2023-02-08 20:22:36 [main] INFO  com.zaxxer.hikari.HikariDataSource - master - Starting...
2023-02-08 20:22:37 [main] INFO  com.zaxxer.hikari.HikariDataSource - master - Start completed.
2023-02-08 20:22:37 [main] INFO  c.b.d.d.DynamicRoutingDataSource - dynamic-datasource - add a datasource named [slave] success
2023-02-08 20:22:37 [main] INFO  c.b.d.d.DynamicRoutingDataSource - dynamic-datasource - add a datasource named [master] success
2023-02-08 20:22:37 [main] INFO  c.b.d.d.DynamicRoutingDataSource - dynamic-datasource initial loaded [2] datasource,primary datasource named [master]
2023-02-08 20:22:46 [main] INFO  com.kob.job.config.XxlJobConfig - >>>>>>>>>>> xxl-job config init.
2023-02-08 20:22:55 [main] INFO  c.x.job.core.executor.XxlJobExecutor - >>>>>>>>>>> xxl-job register jobhandler success, name:CallMeHandler, jobHandler:com.xxl.job.core.handler.impl.MethodJobHandler@6b71fded[class com.kob.job.service.CallMeService#CallMeHandler]
2023-02-08 20:22:55 [main] INFO  c.x.job.core.executor.XxlJobExecutor - >>>>>>>>>>> xxl-job register jobhandler success, name:demoJobHandler2, jobHandler:com.xxl.job.core.handler.impl.MethodJobHandler@1633962a[class com.kob.job.service.SampleService#demoJobHandler2]
2023-02-08 20:22:55 [main] INFO  c.x.job.core.executor.XxlJobExecutor - >>>>>>>>>>> xxl-job register jobhandler success, name:httpJobHandler, jobHandler:com.xxl.job.core.handler.impl.MethodJobHandler@2afd8972[class com.kob.job.service.SampleService#httpJobHandler]
2023-02-08 20:22:55 [main] INFO  c.x.job.core.executor.XxlJobExecutor - >>>>>>>>>>> xxl-job register jobhandler success, name:demoJobHandler, jobHandler:com.xxl.job.core.handler.impl.MethodJobHandler@33fefbbe[class com.kob.job.service.SampleService#demoJobHandler]
2023-02-08 20:22:55 [main] INFO  c.x.job.core.executor.XxlJobExecutor - >>>>>>>>>>> xxl-job register jobhandler success, name:shardingJobHandler, jobHandler:com.xxl.job.core.handler.impl.MethodJobHandler@5784f6b9[class com.kob.job.service.SampleService#shardingJobHandler]
2023-02-08 20:22:55 [main] INFO  c.x.job.core.executor.XxlJobExecutor - >>>>>>>>>>> xxl-job register jobhandler success, name:commandJobHandler, jobHandler:com.xxl.job.core.handler.impl.MethodJobHandler@5d0ca8a5[class com.kob.job.service.SampleService#commandJobHandler]
2023-02-08 20:22:55 [main] INFO  o.a.coyote.http11.Http11NioProtocol - Starting ProtocolHandler ["http-nio-auto-1"]
2023-02-08 20:22:55 [main] INFO  c.k.backend.BackendApplicationTests - Started BackendApplicationTests in 43.967 seconds (JVM running for 50.916)
2023-02-08 20:22:56 [main] INFO  c.k.b.s.I.o.SysOssConfigServiceImpl - 发布刷新OSS配置 => minio
2023-02-08 20:22:56 [main] INFO  c.k.b.s.I.o.SysOssConfigServiceImpl - 发布刷新OSS配置 => qiniu
2023-02-08 20:22:56 [main] INFO  c.k.b.s.I.o.SysOssConfigServiceImpl - 发布刷新OSS配置 => aliyun
2023-02-08 20:22:56 [main] INFO  c.k.b.s.I.o.SysOssConfigServiceImpl - 发布刷新OSS配置 => qcloud
2023-02-08 20:22:56 [main] INFO  c.k.b.s.I.o.SysOssConfigServiceImpl - 发布刷新OSS配置 => image
2023-02-08 20:22:56 [main] INFO  com.kob.oss.factory.OssFactory - 初始化OSS工厂
2023-02-08 20:22:56 [main] INFO  c.k.b.runner.SystemApplicationRunner - 初始化OSS配置成功
2023-02-08 20:27:09 [SpringApplicationShutdownHook] INFO  com.xxl.job.core.server.EmbedServer - >>>>>>>>>>> xxl-job remoting server destroy success.
2023-02-08 20:27:09 [xxl-job, executor JobLogFileCleanThread] INFO  c.x.j.c.thread.JobLogFileCleanThread - >>>>>>>>>>> xxl-job, executor JobLogFileCleanThread thread destroy.
2023-02-08 20:27:09 [xxl-job, executor TriggerCallbackThread] INFO  c.x.j.c.thread.TriggerCallbackThread - >>>>>>>>>>> xxl-job, executor callback thread destroy.
2023-02-08 20:27:09 [Thread-10] INFO  c.x.j.c.thread.TriggerCallbackThread - >>>>>>>>>>> xxl-job, executor retry callback thread destroy.
2023-02-08 20:27:09 [SpringApplicationShutdownHook] INFO  c.b.d.d.DynamicRoutingDataSource - dynamic-datasource start closing ....
2023-02-08 20:27:09 [SpringApplicationShutdownHook] INFO  com.zaxxer.hikari.HikariDataSource - master - Shutdown initiated...
2023-02-08 20:27:09 [SpringApplicationShutdownHook] INFO  com.zaxxer.hikari.HikariDataSource - master - Shutdown completed.
2023-02-08 20:27:09 [SpringApplicationShutdownHook] INFO  c.b.d.d.DynamicRoutingDataSource - dynamic-datasource all closed success,bye
2023-02-08 20:27:19 [main] INFO  o.s.b.t.c.SpringBootTestContextBootstrapper - Neither @ContextConfiguration nor @ContextHierarchy found for test class [com.kob.backend.BackendApplicationTests], using SpringBootContextLoader
2023-02-08 20:27:19 [main] INFO  o.s.t.c.s.AbstractContextLoader - Could not detect default resource locations for test class [com.kob.backend.BackendApplicationTests]: no resource found for suffixes {-context.xml, Context.groovy}.
2023-02-08 20:27:19 [main] INFO  o.s.t.c.s.AnnotationConfigContextLoaderUtils - Could not detect default configuration classes for test class [com.kob.backend.BackendApplicationTests]: BackendApplicationTests does not declare any static, non-private, non-final, nested classes annotated with @Configuration.
2023-02-08 20:27:19 [main] INFO  o.s.b.t.c.SpringBootTestContextBootstrapper - Found @SpringBootConfiguration com.kob.backend.BackendApplication for test class com.kob.backend.BackendApplicationTests
2023-02-08 20:27:20 [main] INFO  o.s.b.t.c.SpringBootTestContextBootstrapper - Loaded default TestExecutionListener class names from location [META-INF/spring.factories]: [org.springframework.boot.test.mock.mockito.MockitoTestExecutionListener, org.springframework.boot.test.mock.mockito.ResetMocksTestExecutionListener, org.springframework.boot.test.autoconfigure.restdocs.RestDocsTestExecutionListener, org.springframework.boot.test.autoconfigure.web.client.MockRestServiceServerResetTestExecutionListener, org.springframework.boot.test.autoconfigure.web.servlet.MockMvcPrintOnlyOnFailureTestExecutionListener, org.springframework.boot.test.autoconfigure.web.servlet.WebDriverTestExecutionListener, org.springframework.boot.test.autoconfigure.webservices.client.MockWebServiceServerTestExecutionListener, org.springframework.test.context.web.ServletTestExecutionListener, org.springframework.test.context.support.DirtiesContextBeforeModesTestExecutionListener, org.springframework.test.context.event.ApplicationEventsTestExecutionListener, org.springframework.test.context.support.DependencyInjectionTestExecutionListener, org.springframework.test.context.support.DirtiesContextTestExecutionListener, org.springframework.test.context.transaction.TransactionalTestExecutionListener, org.springframework.test.context.jdbc.SqlScriptsTestExecutionListener, org.springframework.test.context.event.EventPublishingTestExecutionListener]
2023-02-08 20:27:20 [main] INFO  o.s.b.t.c.SpringBootTestContextBootstrapper - Using TestExecutionListeners: [org.springframework.test.context.web.ServletTestExecutionListener@3c321bdb, org.springframework.test.context.support.DirtiesContextBeforeModesTestExecutionListener@24855019, org.springframework.test.context.event.ApplicationEventsTestExecutionListener@3abd581e, org.springframework.boot.test.mock.mockito.MockitoTestExecutionListener@4d4d8fcf, org.springframework.boot.test.autoconfigure.SpringBootDependencyInjectionTestExecutionListener@610db97e, org.springframework.test.context.support.DirtiesContextTestExecutionListener@6f0628de, org.springframework.test.context.transaction.TransactionalTestExecutionListener@3fabf088, org.springframework.test.context.jdbc.SqlScriptsTestExecutionListener@1e392345, org.springframework.test.context.event.EventPublishingTestExecutionListener@12f3afb5, org.springframework.boot.test.mock.mockito.ResetMocksTestExecutionListener@4ced35ed, org.springframework.boot.test.autoconfigure.restdocs.RestDocsTestExecutionListener@2c22a348, org.springframework.boot.test.autoconfigure.web.client.MockRestServiceServerResetTestExecutionListener@7bd69e82, org.springframework.boot.test.autoconfigure.web.servlet.MockMvcPrintOnlyOnFailureTestExecutionListener@74d7184a, org.springframework.boot.test.autoconfigure.web.servlet.WebDriverTestExecutionListener@51b01960, org.springframework.boot.test.autoconfigure.webservices.client.MockWebServiceServerTestExecutionListener@6831d8fd]
2023-02-08 20:27:22 [background-preinit] INFO  o.h.validator.internal.util.Version - HV000001: Hibernate Validator 6.2.5.Final
2023-02-08 20:27:22 [main] INFO  c.k.backend.BackendApplicationTests - Starting BackendApplicationTests using Java 1.8.0_202 on DESKTOP-U0P6EDB with PID 8628 (started by A in E:\java2\kob\backendcloud\backend)
2023-02-08 20:27:22 [main] INFO  c.k.backend.BackendApplicationTests - The following 1 profile is active: "dev"
2023-02-08 20:27:30 [main] INFO  com.kob.backend.config.JacksonConfig - 初始化 jackson 配置
2023-02-08 20:27:31 [main] INFO  com.kob.backend.config.RedisConfig - 初始化 redis 配置
2023-02-08 20:27:33 [main] INFO  org.redisson.Version - Redisson 3.17.5
2023-02-08 20:27:36 [redisson-netty-2-1] INFO  o.r.c.p.MasterPubSubConnectionPool - 1 connections initialized for localhost/127.0.0.1:6379
2023-02-08 20:27:37 [redisson-netty-2-3] INFO  o.r.c.pool.MasterConnectionPool - 8 connections initialized for localhost/127.0.0.1:6379
2023-02-08 20:27:41 [main] INFO  o.a.coyote.http11.Http11NioProtocol - Initializing ProtocolHandler ["http-nio-auto-1"]
2023-02-08 20:27:41 [main] INFO  o.a.catalina.core.StandardService - Starting service [Tomcat]
2023-02-08 20:27:41 [main] INFO  o.a.catalina.core.StandardEngine - Starting Servlet engine: [Apache Tomcat/9.0.70]
2023-02-08 20:27:42 [main] INFO  o.a.c.c.C.[.[localhost].[/kob] - Initializing Spring embedded WebApplicationContext
2023-02-08 20:27:43 [main] INFO  c.b.d.d.DynamicRoutingDataSource - dynamic-datasource detect P6SPY plugin and enabled it
2023-02-08 20:27:43 [main] INFO  com.zaxxer.hikari.HikariDataSource - master - Starting...
2023-02-08 20:27:44 [main] INFO  com.zaxxer.hikari.HikariDataSource - master - Start completed.
2023-02-08 20:27:44 [main] INFO  c.b.d.d.DynamicRoutingDataSource - dynamic-datasource - add a datasource named [slave] success
2023-02-08 20:27:44 [main] INFO  c.b.d.d.DynamicRoutingDataSource - dynamic-datasource - add a datasource named [master] success
2023-02-08 20:27:44 [main] INFO  c.b.d.d.DynamicRoutingDataSource - dynamic-datasource initial loaded [2] datasource,primary datasource named [master]
2023-02-08 20:27:53 [main] INFO  com.kob.job.config.XxlJobConfig - >>>>>>>>>>> xxl-job config init.
2023-02-08 20:28:01 [main] INFO  c.x.job.core.executor.XxlJobExecutor - >>>>>>>>>>> xxl-job register jobhandler success, name:CallMeHandler, jobHandler:com.xxl.job.core.handler.impl.MethodJobHandler@61a7930e[class com.kob.job.service.CallMeService#CallMeHandler]
2023-02-08 20:28:01 [main] INFO  c.x.job.core.executor.XxlJobExecutor - >>>>>>>>>>> xxl-job register jobhandler success, name:commandJobHandler, jobHandler:com.xxl.job.core.handler.impl.MethodJobHandler@60eacbbf[class com.kob.job.service.SampleService#commandJobHandler]
2023-02-08 20:28:01 [main] INFO  c.x.job.core.executor.XxlJobExecutor - >>>>>>>>>>> xxl-job register jobhandler success, name:shardingJobHandler, jobHandler:com.xxl.job.core.handler.impl.MethodJobHandler@36e6e59f[class com.kob.job.service.SampleService#shardingJobHandler]
2023-02-08 20:28:01 [main] INFO  c.x.job.core.executor.XxlJobExecutor - >>>>>>>>>>> xxl-job register jobhandler success, name:demoJobHandler2, jobHandler:com.xxl.job.core.handler.impl.MethodJobHandler@676beb9f[class com.kob.job.service.SampleService#demoJobHandler2]
2023-02-08 20:28:01 [main] INFO  c.x.job.core.executor.XxlJobExecutor - >>>>>>>>>>> xxl-job register jobhandler success, name:demoJobHandler, jobHandler:com.xxl.job.core.handler.impl.MethodJobHandler@3a892b9f[class com.kob.job.service.SampleService#demoJobHandler]
2023-02-08 20:28:01 [main] INFO  c.x.job.core.executor.XxlJobExecutor - >>>>>>>>>>> xxl-job register jobhandler success, name:httpJobHandler, jobHandler:com.xxl.job.core.handler.impl.MethodJobHandler@c88a842[class com.kob.job.service.SampleService#httpJobHandler]
2023-02-08 20:28:01 [main] INFO  o.a.coyote.http11.Http11NioProtocol - Starting ProtocolHandler ["http-nio-auto-1"]
2023-02-08 20:28:01 [main] INFO  c.k.backend.BackendApplicationTests - Started BackendApplicationTests in 41.16 seconds (JVM running for 46.837)
2023-02-08 20:28:02 [main] INFO  c.k.b.s.I.o.SysOssConfigServiceImpl - 发布刷新OSS配置 => minio
2023-02-08 20:28:02 [main] INFO  c.k.b.s.I.o.SysOssConfigServiceImpl - 发布刷新OSS配置 => qiniu
2023-02-08 20:28:02 [main] INFO  c.k.b.s.I.o.SysOssConfigServiceImpl - 发布刷新OSS配置 => aliyun
2023-02-08 20:28:02 [main] INFO  c.k.b.s.I.o.SysOssConfigServiceImpl - 发布刷新OSS配置 => qcloud
2023-02-08 20:28:02 [main] INFO  c.k.b.s.I.o.SysOssConfigServiceImpl - 发布刷新OSS配置 => image
2023-02-08 20:28:02 [main] INFO  com.kob.oss.factory.OssFactory - 初始化OSS工厂
2023-02-08 20:28:03 [main] INFO  c.k.b.runner.SystemApplicationRunner - 初始化OSS配置成功
2023-02-08 20:28:15 [SpringApplicationShutdownHook] INFO  com.xxl.job.core.server.EmbedServer - >>>>>>>>>>> xxl-job remoting server destroy success.
2023-02-08 20:28:15 [xxl-job, executor JobLogFileCleanThread] INFO  c.x.j.c.thread.JobLogFileCleanThread - >>>>>>>>>>> xxl-job, executor JobLogFileCleanThread thread destroy.
2023-02-08 20:28:15 [xxl-job, executor TriggerCallbackThread] INFO  c.x.j.c.thread.TriggerCallbackThread - >>>>>>>>>>> xxl-job, executor callback thread destroy.
2023-02-08 20:28:15 [Thread-10] INFO  c.x.j.c.thread.TriggerCallbackThread - >>>>>>>>>>> xxl-job, executor retry callback thread destroy.
2023-02-08 20:28:15 [SpringApplicationShutdownHook] INFO  c.b.d.d.DynamicRoutingDataSource - dynamic-datasource start closing ....
2023-02-08 20:28:15 [SpringApplicationShutdownHook] INFO  com.zaxxer.hikari.HikariDataSource - master - Shutdown initiated...
2023-02-08 20:28:15 [SpringApplicationShutdownHook] INFO  com.zaxxer.hikari.HikariDataSource - master - Shutdown completed.
2023-02-08 20:28:15 [SpringApplicationShutdownHook] INFO  c.b.d.d.DynamicRoutingDataSource - dynamic-datasource all closed success,bye
