2023-01-26 13:49:45 [background-preinit] INFO  o.h.validator.internal.util.Version - HV000001: Hibernate Validator 6.2.3.Final
2023-01-26 13:49:45 [main] INFO  com.kob.backend.BackendApplication - Starting BackendApplication using Java 1.8.0_202 on DESKTOP-U0P6EDB with PID 18816 (E:\java2\kob\backendcloud\backend\target\classes started by A in E:\java2\kob\backendcloud)
2023-01-26 13:49:45 [main] INFO  com.kob.backend.BackendApplication - The following 1 profile is active: "dev"
2023-01-26 13:49:53 [main] INFO  com.kob.backend.config.JacksonConfig - 初始化 jackson 配置
2023-01-26 13:49:53 [main] INFO  com.kob.backend.config.RedisConfig - 初始化 redis 配置
2023-01-26 13:49:54 [main] INFO  org.redisson.Version - Redisson 3.17.5
2023-01-26 13:49:56 [redisson-netty-2-6] INFO  o.r.c.p.MasterPubSubConnectionPool - 1 connections initialized for localhost/127.0.0.1:6379
2023-01-26 13:49:56 [redisson-netty-2-4] INFO  o.r.c.pool.MasterConnectionPool - 8 connections initialized for localhost/127.0.0.1:6379
2023-01-26 13:49:57 [main] INFO  o.a.coyote.http11.Http11NioProtocol - Initializing ProtocolHandler ["http-nio-3000"]
2023-01-26 13:49:57 [main] INFO  o.a.catalina.core.StandardService - Starting service [Tomcat]
2023-01-26 13:49:57 [main] INFO  o.a.catalina.core.StandardEngine - Starting Servlet engine: [Apache Tomcat/9.0.65]
2023-01-26 13:49:58 [main] INFO  o.a.c.c.C.[.[localhost].[/kob] - Initializing Spring embedded WebApplicationContext
2023-01-26 13:49:58 [main] INFO  c.b.d.d.DynamicRoutingDataSource - dynamic-datasource detect P6SPY plugin and enabled it
2023-01-26 13:49:58 [main] INFO  com.zaxxer.hikari.HikariDataSource - master - Starting...
2023-01-26 13:49:59 [main] INFO  com.zaxxer.hikari.HikariDataSource - master - Start completed.
2023-01-26 13:49:59 [main] INFO  c.b.d.d.DynamicRoutingDataSource - dynamic-datasource - add a datasource named [slave] success
2023-01-26 13:49:59 [main] INFO  c.b.d.d.DynamicRoutingDataSource - dynamic-datasource - add a datasource named [master] success
2023-01-26 13:49:59 [main] INFO  c.b.d.d.DynamicRoutingDataSource - dynamic-datasource initial loaded [2] datasource,primary datasource named [master]
2023-01-26 13:50:08 [main] INFO  o.a.coyote.http11.Http11NioProtocol - Starting ProtocolHandler ["http-nio-3000"]
2023-01-26 13:50:08 [main] INFO  com.kob.backend.BackendApplication - Started BackendApplication in 24.984 seconds (JVM running for 31.877)
2023-01-26 13:50:10 [main] INFO  c.k.b.s.I.o.SysOssConfigServiceImpl - 发布刷新OSS配置 => minio
2023-01-26 13:50:10 [main] INFO  c.k.b.s.I.o.SysOssConfigServiceImpl - 发布刷新OSS配置 => qiniu
2023-01-26 13:50:10 [main] INFO  c.k.b.s.I.o.SysOssConfigServiceImpl - 发布刷新OSS配置 => aliyun
2023-01-26 13:50:10 [main] INFO  c.k.b.s.I.o.SysOssConfigServiceImpl - 发布刷新OSS配置 => qcloud
2023-01-26 13:50:10 [main] INFO  c.k.b.s.I.o.SysOssConfigServiceImpl - 发布刷新OSS配置 => image
2023-01-26 13:50:10 [main] INFO  com.kob.oss.factory.OssFactory - 初始化OSS工厂
2023-01-26 13:50:10 [main] INFO  c.k.b.runner.SystemApplicationRunner - 初始化OSS配置成功
2023-01-26 13:50:11 [RMI TCP Connection(4)-192.168.93.1] INFO  o.a.c.c.C.[.[localhost].[/kob] - Initializing Spring DispatcherServlet 'dispatcherServlet'
2023-01-26 17:03:40 [SpringApplicationShutdownHook] INFO  c.b.d.d.DynamicRoutingDataSource - dynamic-datasource start closing ....
2023-01-26 17:03:40 [SpringApplicationShutdownHook] INFO  com.zaxxer.hikari.HikariDataSource - master - Shutdown initiated...
2023-01-26 17:03:40 [SpringApplicationShutdownHook] INFO  com.zaxxer.hikari.HikariDataSource - master - Shutdown completed.
2023-01-26 17:03:40 [SpringApplicationShutdownHook] INFO  c.b.d.d.DynamicRoutingDataSource - dynamic-datasource all closed success,bye
2023-01-26 17:04:13 [background-preinit] INFO  o.h.validator.internal.util.Version - HV000001: Hibernate Validator 6.2.3.Final
2023-01-26 17:04:13 [main] INFO  com.kob.backend.BackendApplication - Starting BackendApplication using Java 1.8.0_202 on DESKTOP-U0P6EDB with PID 1040 (E:\java2\kob\backendcloud\backend\target\classes started by A in E:\java2\kob\backendcloud)
2023-01-26 17:04:14 [main] INFO  com.kob.backend.BackendApplication - The following 1 profile is active: "dev"
2023-01-26 17:04:21 [main] INFO  com.kob.backend.config.JacksonConfig - 初始化 jackson 配置
2023-01-26 17:04:21 [main] INFO  com.kob.backend.config.RedisConfig - 初始化 redis 配置
2023-01-26 17:04:21 [main] INFO  org.redisson.Version - Redisson 3.17.5
2023-01-26 17:04:24 [redisson-netty-2-6] INFO  o.r.c.p.MasterPubSubConnectionPool - 1 connections initialized for localhost/127.0.0.1:6379
2023-01-26 17:04:24 [redisson-netty-2-4] INFO  o.r.c.pool.MasterConnectionPool - 8 connections initialized for localhost/127.0.0.1:6379
2023-01-26 17:04:25 [main] INFO  o.a.coyote.http11.Http11NioProtocol - Initializing ProtocolHandler ["http-nio-3000"]
2023-01-26 17:04:25 [main] INFO  o.a.catalina.core.StandardService - Starting service [Tomcat]
2023-01-26 17:04:25 [main] INFO  o.a.catalina.core.StandardEngine - Starting Servlet engine: [Apache Tomcat/9.0.65]
2023-01-26 17:04:26 [main] INFO  o.a.c.c.C.[.[localhost].[/kob] - Initializing Spring embedded WebApplicationContext
2023-01-26 17:04:26 [main] INFO  c.b.d.d.DynamicRoutingDataSource - dynamic-datasource detect P6SPY plugin and enabled it
2023-01-26 17:04:26 [main] INFO  com.zaxxer.hikari.HikariDataSource - master - Starting...
2023-01-26 17:04:27 [main] INFO  com.zaxxer.hikari.HikariDataSource - master - Start completed.
2023-01-26 17:04:27 [main] INFO  c.b.d.d.DynamicRoutingDataSource - dynamic-datasource - add a datasource named [slave] success
2023-01-26 17:04:27 [main] INFO  c.b.d.d.DynamicRoutingDataSource - dynamic-datasource - add a datasource named [master] success
2023-01-26 17:04:27 [main] INFO  c.b.d.d.DynamicRoutingDataSource - dynamic-datasource initial loaded [2] datasource,primary datasource named [master]
2023-01-26 17:04:37 [main] INFO  o.a.coyote.http11.Http11NioProtocol - Starting ProtocolHandler ["http-nio-3000"]
2023-01-26 17:04:37 [main] INFO  com.kob.backend.BackendApplication - Started BackendApplication in 24.6 seconds (JVM running for 28.827)
2023-01-26 17:04:37 [main] INFO  c.k.b.s.I.o.SysOssConfigServiceImpl - 发布刷新OSS配置 => minio
2023-01-26 17:04:37 [main] INFO  c.k.b.s.I.o.SysOssConfigServiceImpl - 发布刷新OSS配置 => qiniu
2023-01-26 17:04:37 [main] INFO  c.k.b.s.I.o.SysOssConfigServiceImpl - 发布刷新OSS配置 => aliyun
2023-01-26 17:04:37 [main] INFO  c.k.b.s.I.o.SysOssConfigServiceImpl - 发布刷新OSS配置 => qcloud
2023-01-26 17:04:37 [main] INFO  c.k.b.s.I.o.SysOssConfigServiceImpl - 发布刷新OSS配置 => image
2023-01-26 17:04:37 [main] INFO  com.kob.oss.factory.OssFactory - 初始化OSS工厂
2023-01-26 17:04:37 [main] INFO  c.k.b.runner.SystemApplicationRunner - 初始化OSS配置成功
2023-01-26 17:04:39 [RMI TCP Connection(2)-192.168.93.1] INFO  o.a.c.c.C.[.[localhost].[/kob] - Initializing Spring DispatcherServlet 'dispatcherServlet'
2023-01-26 18:01:16 [SpringApplicationShutdownHook] INFO  c.b.d.d.DynamicRoutingDataSource - dynamic-datasource start closing ....
2023-01-26 18:01:16 [SpringApplicationShutdownHook] INFO  com.zaxxer.hikari.HikariDataSource - master - Shutdown initiated...
2023-01-26 18:01:16 [SpringApplicationShutdownHook] INFO  com.zaxxer.hikari.HikariDataSource - master - Shutdown completed.
2023-01-26 18:01:16 [SpringApplicationShutdownHook] INFO  c.b.d.d.DynamicRoutingDataSource - dynamic-datasource all closed success,bye
2023-01-26 18:01:35 [main] INFO  com.kob.backend.BackendApplication - Starting BackendApplication using Java 1.8.0_202 on DESKTOP-U0P6EDB with PID 21808 (E:\java2\kob\backendcloud\backend\target\classes started by A in E:\java2\kob\backendcloud)
2023-01-26 18:01:35 [background-preinit] INFO  o.h.validator.internal.util.Version - HV000001: Hibernate Validator 6.2.3.Final
2023-01-26 18:01:35 [main] INFO  com.kob.backend.BackendApplication - The following 1 profile is active: "dev"
2023-01-26 18:01:40 [main] INFO  com.kob.backend.config.JacksonConfig - 初始化 jackson 配置
2023-01-26 18:01:40 [main] INFO  com.kob.backend.config.RedisConfig - 初始化 redis 配置
2023-01-26 18:01:41 [main] INFO  org.redisson.Version - Redisson 3.17.5
2023-01-26 18:01:43 [redisson-netty-2-6] INFO  o.r.c.p.MasterPubSubConnectionPool - 1 connections initialized for localhost/127.0.0.1:6379
2023-01-26 18:01:43 [redisson-netty-2-4] INFO  o.r.c.pool.MasterConnectionPool - 8 connections initialized for localhost/127.0.0.1:6379
2023-01-26 18:01:45 [main] INFO  o.a.coyote.http11.Http11NioProtocol - Initializing ProtocolHandler ["http-nio-3000"]
2023-01-26 18:01:45 [main] INFO  o.a.catalina.core.StandardService - Starting service [Tomcat]
2023-01-26 18:01:45 [main] INFO  o.a.catalina.core.StandardEngine - Starting Servlet engine: [Apache Tomcat/9.0.65]
2023-01-26 18:01:45 [main] INFO  o.a.c.c.C.[.[localhost].[/kob] - Initializing Spring embedded WebApplicationContext
2023-01-26 18:01:46 [main] INFO  c.b.d.d.DynamicRoutingDataSource - dynamic-datasource detect P6SPY plugin and enabled it
2023-01-26 18:01:46 [main] INFO  com.zaxxer.hikari.HikariDataSource - master - Starting...
2023-01-26 18:01:46 [main] INFO  com.zaxxer.hikari.HikariDataSource - master - Start completed.
2023-01-26 18:01:46 [main] INFO  c.b.d.d.DynamicRoutingDataSource - dynamic-datasource - add a datasource named [slave] success
2023-01-26 18:01:46 [main] INFO  c.b.d.d.DynamicRoutingDataSource - dynamic-datasource - add a datasource named [master] success
2023-01-26 18:01:46 [main] INFO  c.b.d.d.DynamicRoutingDataSource - dynamic-datasource initial loaded [2] datasource,primary datasource named [master]
2023-01-26 18:01:54 [main] INFO  o.a.coyote.http11.Http11NioProtocol - Starting ProtocolHandler ["http-nio-3000"]
2023-01-26 18:01:54 [main] INFO  com.kob.backend.BackendApplication - Started BackendApplication in 20.917 seconds (JVM running for 25.13)
2023-01-26 18:01:55 [main] INFO  c.k.b.s.I.o.SysOssConfigServiceImpl - 发布刷新OSS配置 => minio
2023-01-26 18:01:55 [main] INFO  c.k.b.s.I.o.SysOssConfigServiceImpl - 发布刷新OSS配置 => qiniu
2023-01-26 18:01:55 [main] INFO  c.k.b.s.I.o.SysOssConfigServiceImpl - 发布刷新OSS配置 => aliyun
2023-01-26 18:01:55 [main] INFO  c.k.b.s.I.o.SysOssConfigServiceImpl - 发布刷新OSS配置 => qcloud
2023-01-26 18:01:55 [main] INFO  c.k.b.s.I.o.SysOssConfigServiceImpl - 发布刷新OSS配置 => image
2023-01-26 18:01:55 [main] INFO  com.kob.oss.factory.OssFactory - 初始化OSS工厂
2023-01-26 18:01:55 [main] INFO  c.k.b.runner.SystemApplicationRunner - 初始化OSS配置成功
2023-01-26 18:01:55 [RMI TCP Connection(1)-192.168.93.1] INFO  o.a.c.c.C.[.[localhost].[/kob] - Initializing Spring DispatcherServlet 'dispatcherServlet'
2023-01-26 18:18:30 [SpringApplicationShutdownHook] INFO  c.b.d.d.DynamicRoutingDataSource - dynamic-datasource start closing ....
2023-01-26 18:18:30 [SpringApplicationShutdownHook] INFO  com.zaxxer.hikari.HikariDataSource - master - Shutdown initiated...
2023-01-26 18:18:30 [SpringApplicationShutdownHook] INFO  com.zaxxer.hikari.HikariDataSource - master - Shutdown completed.
2023-01-26 18:18:30 [SpringApplicationShutdownHook] INFO  c.b.d.d.DynamicRoutingDataSource - dynamic-datasource all closed success,bye
2023-01-26 18:18:51 [background-preinit] INFO  o.h.validator.internal.util.Version - HV000001: Hibernate Validator 6.2.3.Final
2023-01-26 18:18:51 [main] INFO  com.kob.backend.BackendApplication - Starting BackendApplication using Java 1.8.0_202 on DESKTOP-U0P6EDB with PID 14528 (E:\java2\kob\backendcloud\backend\target\classes started by A in E:\java2\kob\backendcloud)
2023-01-26 18:18:51 [main] INFO  com.kob.backend.BackendApplication - The following 1 profile is active: "dev"
2023-01-26 18:18:56 [main] INFO  com.kob.backend.config.JacksonConfig - 初始化 jackson 配置
2023-01-26 18:18:57 [main] INFO  com.kob.backend.config.RedisConfig - 初始化 redis 配置
2023-01-26 18:18:57 [main] INFO  org.redisson.Version - Redisson 3.17.5
2023-01-26 18:19:00 [redisson-netty-2-1] INFO  o.r.c.p.MasterPubSubConnectionPool - 1 connections initialized for localhost/127.0.0.1:6379
2023-01-26 18:19:00 [redisson-netty-2-4] INFO  o.r.c.pool.MasterConnectionPool - 8 connections initialized for localhost/127.0.0.1:6379
2023-01-26 18:19:01 [main] INFO  o.a.coyote.http11.Http11NioProtocol - Initializing ProtocolHandler ["http-nio-3000"]
2023-01-26 18:19:01 [main] INFO  o.a.catalina.core.StandardService - Starting service [Tomcat]
2023-01-26 18:19:01 [main] INFO  o.a.catalina.core.StandardEngine - Starting Servlet engine: [Apache Tomcat/9.0.65]
2023-01-26 18:19:01 [main] INFO  o.a.c.c.C.[.[localhost].[/kob] - Initializing Spring embedded WebApplicationContext
2023-01-26 18:19:02 [main] INFO  c.b.d.d.DynamicRoutingDataSource - dynamic-datasource detect P6SPY plugin and enabled it
2023-01-26 18:19:02 [main] INFO  com.zaxxer.hikari.HikariDataSource - master - Starting...
2023-01-26 18:19:02 [main] INFO  com.zaxxer.hikari.HikariDataSource - master - Start completed.
2023-01-26 18:19:02 [main] INFO  c.b.d.d.DynamicRoutingDataSource - dynamic-datasource - add a datasource named [slave] success
2023-01-26 18:19:02 [main] INFO  c.b.d.d.DynamicRoutingDataSource - dynamic-datasource - add a datasource named [master] success
2023-01-26 18:19:02 [main] INFO  c.b.d.d.DynamicRoutingDataSource - dynamic-datasource initial loaded [2] datasource,primary datasource named [master]
2023-01-26 18:19:11 [main] INFO  o.a.coyote.http11.Http11NioProtocol - Starting ProtocolHandler ["http-nio-3000"]
2023-01-26 18:19:11 [main] INFO  com.kob.backend.BackendApplication - Started BackendApplication in 21.154 seconds (JVM running for 25.099)
2023-01-26 18:19:11 [main] INFO  c.k.b.s.I.o.SysOssConfigServiceImpl - 发布刷新OSS配置 => minio
2023-01-26 18:19:11 [main] INFO  c.k.b.s.I.o.SysOssConfigServiceImpl - 发布刷新OSS配置 => qiniu
2023-01-26 18:19:11 [main] INFO  c.k.b.s.I.o.SysOssConfigServiceImpl - 发布刷新OSS配置 => aliyun
2023-01-26 18:19:11 [main] INFO  c.k.b.s.I.o.SysOssConfigServiceImpl - 发布刷新OSS配置 => qcloud
2023-01-26 18:19:11 [main] INFO  c.k.b.s.I.o.SysOssConfigServiceImpl - 发布刷新OSS配置 => image
2023-01-26 18:19:11 [main] INFO  com.kob.oss.factory.OssFactory - 初始化OSS工厂
2023-01-26 18:19:11 [main] INFO  c.k.b.runner.SystemApplicationRunner - 初始化OSS配置成功
2023-01-26 18:19:13 [RMI TCP Connection(1)-192.168.93.1] INFO  o.a.c.c.C.[.[localhost].[/kob] - Initializing Spring DispatcherServlet 'dispatcherServlet'
2023-01-26 18:52:05 [SpringApplicationShutdownHook] INFO  c.b.d.d.DynamicRoutingDataSource - dynamic-datasource start closing ....
2023-01-26 18:52:05 [SpringApplicationShutdownHook] INFO  com.zaxxer.hikari.HikariDataSource - master - Shutdown initiated...
2023-01-26 18:52:05 [SpringApplicationShutdownHook] INFO  com.zaxxer.hikari.HikariDataSource - master - Shutdown completed.
2023-01-26 18:52:05 [SpringApplicationShutdownHook] INFO  c.b.d.d.DynamicRoutingDataSource - dynamic-datasource all closed success,bye
2023-01-26 18:52:25 [background-preinit] INFO  o.h.validator.internal.util.Version - HV000001: Hibernate Validator 6.2.3.Final
2023-01-26 18:52:25 [main] INFO  com.kob.backend.BackendApplication - Starting BackendApplication using Java 1.8.0_202 on DESKTOP-U0P6EDB with PID 7872 (E:\java2\kob\backendcloud\backend\target\classes started by A in E:\java2\kob\backendcloud)
2023-01-26 18:52:25 [main] INFO  com.kob.backend.BackendApplication - The following 1 profile is active: "dev"
2023-01-26 18:52:30 [main] INFO  com.kob.backend.config.JacksonConfig - 初始化 jackson 配置
2023-01-26 18:52:30 [main] INFO  com.kob.backend.config.RedisConfig - 初始化 redis 配置
2023-01-26 18:52:30 [main] INFO  org.redisson.Version - Redisson 3.17.5
2023-01-26 18:52:33 [redisson-netty-2-6] INFO  o.r.c.p.MasterPubSubConnectionPool - 1 connections initialized for localhost/127.0.0.1:6379
2023-01-26 18:52:33 [redisson-netty-2-4] INFO  o.r.c.pool.MasterConnectionPool - 8 connections initialized for localhost/127.0.0.1:6379
2023-01-26 18:52:34 [main] INFO  o.a.coyote.http11.Http11NioProtocol - Initializing ProtocolHandler ["http-nio-3000"]
2023-01-26 18:52:34 [main] INFO  o.a.catalina.core.StandardService - Starting service [Tomcat]
2023-01-26 18:52:34 [main] INFO  o.a.catalina.core.StandardEngine - Starting Servlet engine: [Apache Tomcat/9.0.65]
2023-01-26 18:52:35 [main] INFO  o.a.c.c.C.[.[localhost].[/kob] - Initializing Spring embedded WebApplicationContext
2023-01-26 18:52:35 [main] INFO  c.b.d.d.DynamicRoutingDataSource - dynamic-datasource detect P6SPY plugin and enabled it
2023-01-26 18:52:35 [main] INFO  com.zaxxer.hikari.HikariDataSource - master - Starting...
2023-01-26 18:52:35 [main] INFO  com.zaxxer.hikari.HikariDataSource - master - Start completed.
2023-01-26 18:52:35 [main] INFO  c.b.d.d.DynamicRoutingDataSource - dynamic-datasource - add a datasource named [slave] success
2023-01-26 18:52:35 [main] INFO  c.b.d.d.DynamicRoutingDataSource - dynamic-datasource - add a datasource named [master] success
2023-01-26 18:52:35 [main] INFO  c.b.d.d.DynamicRoutingDataSource - dynamic-datasource initial loaded [2] datasource,primary datasource named [master]
2023-01-26 18:52:43 [main] INFO  o.a.coyote.http11.Http11NioProtocol - Starting ProtocolHandler ["http-nio-3000"]
2023-01-26 18:52:43 [main] INFO  com.kob.backend.BackendApplication - Started BackendApplication in 19.612 seconds (JVM running for 22.974)
2023-01-26 18:52:43 [main] INFO  c.k.b.s.I.o.SysOssConfigServiceImpl - 发布刷新OSS配置 => minio
2023-01-26 18:52:43 [main] INFO  c.k.b.s.I.o.SysOssConfigServiceImpl - 发布刷新OSS配置 => qiniu
2023-01-26 18:52:43 [main] INFO  c.k.b.s.I.o.SysOssConfigServiceImpl - 发布刷新OSS配置 => aliyun
2023-01-26 18:52:43 [main] INFO  c.k.b.s.I.o.SysOssConfigServiceImpl - 发布刷新OSS配置 => qcloud
2023-01-26 18:52:43 [main] INFO  c.k.b.s.I.o.SysOssConfigServiceImpl - 发布刷新OSS配置 => image
2023-01-26 18:52:43 [main] INFO  com.kob.oss.factory.OssFactory - 初始化OSS工厂
2023-01-26 18:52:43 [main] INFO  c.k.b.runner.SystemApplicationRunner - 初始化OSS配置成功
2023-01-26 18:52:44 [RMI TCP Connection(2)-192.168.93.1] INFO  o.a.c.c.C.[.[localhost].[/kob] - Initializing Spring DispatcherServlet 'dispatcherServlet'
2023-01-26 18:56:14 [SpringApplicationShutdownHook] INFO  c.b.d.d.DynamicRoutingDataSource - dynamic-datasource start closing ....
2023-01-26 18:56:14 [SpringApplicationShutdownHook] INFO  com.zaxxer.hikari.HikariDataSource - master - Shutdown initiated...
2023-01-26 18:56:14 [SpringApplicationShutdownHook] INFO  com.zaxxer.hikari.HikariDataSource - master - Shutdown completed.
2023-01-26 18:56:14 [SpringApplicationShutdownHook] INFO  c.b.d.d.DynamicRoutingDataSource - dynamic-datasource all closed success,bye
2023-01-26 18:56:30 [main] INFO  com.kob.backend.BackendApplication - Starting BackendApplication using Java 1.8.0_202 on DESKTOP-U0P6EDB with PID 15920 (E:\java2\kob\backendcloud\backend\target\classes started by A in E:\java2\kob\backendcloud)
2023-01-26 18:56:30 [background-preinit] INFO  o.h.validator.internal.util.Version - HV000001: Hibernate Validator 6.2.3.Final
2023-01-26 18:56:30 [main] INFO  com.kob.backend.BackendApplication - The following 1 profile is active: "dev"
2023-01-26 18:56:35 [main] INFO  com.kob.backend.config.JacksonConfig - 初始化 jackson 配置
2023-01-26 18:56:35 [main] INFO  com.kob.backend.config.RedisConfig - 初始化 redis 配置
2023-01-26 18:56:35 [main] INFO  org.redisson.Version - Redisson 3.17.5
2023-01-26 18:56:38 [redisson-netty-2-7] INFO  o.r.c.p.MasterPubSubConnectionPool - 1 connections initialized for localhost/127.0.0.1:6379
2023-01-26 18:56:38 [redisson-netty-2-4] INFO  o.r.c.pool.MasterConnectionPool - 8 connections initialized for localhost/127.0.0.1:6379
2023-01-26 18:56:39 [main] INFO  o.a.coyote.http11.Http11NioProtocol - Initializing ProtocolHandler ["http-nio-3000"]
2023-01-26 18:56:39 [main] INFO  o.a.catalina.core.StandardService - Starting service [Tomcat]
2023-01-26 18:56:39 [main] INFO  o.a.catalina.core.StandardEngine - Starting Servlet engine: [Apache Tomcat/9.0.65]
2023-01-26 18:56:40 [main] INFO  o.a.c.c.C.[.[localhost].[/kob] - Initializing Spring embedded WebApplicationContext
2023-01-26 18:56:40 [main] INFO  c.b.d.d.DynamicRoutingDataSource - dynamic-datasource detect P6SPY plugin and enabled it
2023-01-26 18:56:40 [main] INFO  com.zaxxer.hikari.HikariDataSource - master - Starting...
2023-01-26 18:56:40 [main] INFO  com.zaxxer.hikari.HikariDataSource - master - Start completed.
2023-01-26 18:56:40 [main] INFO  c.b.d.d.DynamicRoutingDataSource - dynamic-datasource - add a datasource named [slave] success
2023-01-26 18:56:40 [main] INFO  c.b.d.d.DynamicRoutingDataSource - dynamic-datasource - add a datasource named [master] success
2023-01-26 18:56:40 [main] INFO  c.b.d.d.DynamicRoutingDataSource - dynamic-datasource initial loaded [2] datasource,primary datasource named [master]
2023-01-26 18:56:48 [main] INFO  o.a.coyote.http11.Http11NioProtocol - Starting ProtocolHandler ["http-nio-3000"]
2023-01-26 18:56:48 [main] INFO  com.kob.backend.BackendApplication - Started BackendApplication in 19.186 seconds (JVM running for 23.006)
2023-01-26 18:56:49 [main] INFO  c.k.b.s.I.o.SysOssConfigServiceImpl - 发布刷新OSS配置 => minio
2023-01-26 18:56:49 [main] INFO  c.k.b.s.I.o.SysOssConfigServiceImpl - 发布刷新OSS配置 => qiniu
2023-01-26 18:56:49 [main] INFO  c.k.b.s.I.o.SysOssConfigServiceImpl - 发布刷新OSS配置 => aliyun
2023-01-26 18:56:49 [main] INFO  c.k.b.s.I.o.SysOssConfigServiceImpl - 发布刷新OSS配置 => qcloud
2023-01-26 18:56:49 [main] INFO  c.k.b.s.I.o.SysOssConfigServiceImpl - 发布刷新OSS配置 => image
2023-01-26 18:56:49 [main] INFO  com.kob.oss.factory.OssFactory - 初始化OSS工厂
2023-01-26 18:56:49 [main] INFO  c.k.b.runner.SystemApplicationRunner - 初始化OSS配置成功
2023-01-26 18:56:49 [RMI TCP Connection(1)-192.168.93.1] INFO  o.a.c.c.C.[.[localhost].[/kob] - Initializing Spring DispatcherServlet 'dispatcherServlet'
2023-01-26 18:59:11 [SpringApplicationShutdownHook] INFO  c.b.d.d.DynamicRoutingDataSource - dynamic-datasource start closing ....
2023-01-26 18:59:11 [SpringApplicationShutdownHook] INFO  com.zaxxer.hikari.HikariDataSource - master - Shutdown initiated...
2023-01-26 18:59:11 [SpringApplicationShutdownHook] INFO  com.zaxxer.hikari.HikariDataSource - master - Shutdown completed.
2023-01-26 18:59:11 [SpringApplicationShutdownHook] INFO  c.b.d.d.DynamicRoutingDataSource - dynamic-datasource all closed success,bye
2023-01-26 18:59:27 [background-preinit] INFO  o.h.validator.internal.util.Version - HV000001: Hibernate Validator 6.2.3.Final
2023-01-26 18:59:27 [main] INFO  com.kob.backend.BackendApplication - Starting BackendApplication using Java 1.8.0_202 on DESKTOP-U0P6EDB with PID 18536 (E:\java2\kob\backendcloud\backend\target\classes started by A in E:\java2\kob\backendcloud)
2023-01-26 18:59:27 [main] INFO  com.kob.backend.BackendApplication - The following 1 profile is active: "dev"
2023-01-26 18:59:31 [main] INFO  com.kob.backend.config.JacksonConfig - 初始化 jackson 配置
2023-01-26 18:59:32 [main] INFO  com.kob.backend.config.RedisConfig - 初始化 redis 配置
2023-01-26 18:59:32 [main] INFO  org.redisson.Version - Redisson 3.17.5
2023-01-26 18:59:35 [redisson-netty-2-7] INFO  o.r.c.p.MasterPubSubConnectionPool - 1 connections initialized for localhost/127.0.0.1:6379
2023-01-26 18:59:35 [redisson-netty-2-4] INFO  o.r.c.pool.MasterConnectionPool - 8 connections initialized for localhost/127.0.0.1:6379
2023-01-26 18:59:36 [main] INFO  o.a.coyote.http11.Http11NioProtocol - Initializing ProtocolHandler ["http-nio-3000"]
2023-01-26 18:59:36 [main] INFO  o.a.catalina.core.StandardService - Starting service [Tomcat]
2023-01-26 18:59:36 [main] INFO  o.a.catalina.core.StandardEngine - Starting Servlet engine: [Apache Tomcat/9.0.65]
2023-01-26 18:59:36 [main] INFO  o.a.c.c.C.[.[localhost].[/kob] - Initializing Spring embedded WebApplicationContext
2023-01-26 18:59:36 [main] INFO  c.b.d.d.DynamicRoutingDataSource - dynamic-datasource detect P6SPY plugin and enabled it
2023-01-26 18:59:36 [main] INFO  com.zaxxer.hikari.HikariDataSource - master - Starting...
2023-01-26 18:59:37 [main] INFO  com.zaxxer.hikari.HikariDataSource - master - Start completed.
2023-01-26 18:59:37 [main] INFO  c.b.d.d.DynamicRoutingDataSource - dynamic-datasource - add a datasource named [slave] success
2023-01-26 18:59:37 [main] INFO  c.b.d.d.DynamicRoutingDataSource - dynamic-datasource - add a datasource named [master] success
2023-01-26 18:59:37 [main] INFO  c.b.d.d.DynamicRoutingDataSource - dynamic-datasource initial loaded [2] datasource,primary datasource named [master]
2023-01-26 18:59:44 [main] INFO  o.a.coyote.http11.Http11NioProtocol - Starting ProtocolHandler ["http-nio-3000"]
2023-01-26 18:59:44 [main] INFO  com.kob.backend.BackendApplication - Started BackendApplication in 18.74 seconds (JVM running for 22.399)
2023-01-26 18:59:45 [main] INFO  c.k.b.s.I.o.SysOssConfigServiceImpl - 发布刷新OSS配置 => minio
2023-01-26 18:59:45 [main] INFO  c.k.b.s.I.o.SysOssConfigServiceImpl - 发布刷新OSS配置 => qiniu
2023-01-26 18:59:45 [main] INFO  c.k.b.s.I.o.SysOssConfigServiceImpl - 发布刷新OSS配置 => aliyun
2023-01-26 18:59:45 [main] INFO  c.k.b.s.I.o.SysOssConfigServiceImpl - 发布刷新OSS配置 => qcloud
2023-01-26 18:59:45 [main] INFO  c.k.b.s.I.o.SysOssConfigServiceImpl - 发布刷新OSS配置 => image
2023-01-26 18:59:45 [main] INFO  com.kob.oss.factory.OssFactory - 初始化OSS工厂
2023-01-26 18:59:45 [main] INFO  c.k.b.runner.SystemApplicationRunner - 初始化OSS配置成功
2023-01-26 18:59:46 [RMI TCP Connection(2)-192.168.93.1] INFO  o.a.c.c.C.[.[localhost].[/kob] - Initializing Spring DispatcherServlet 'dispatcherServlet'
2023-01-26 19:10:21 [SpringApplicationShutdownHook] INFO  c.b.d.d.DynamicRoutingDataSource - dynamic-datasource start closing ....
2023-01-26 19:10:21 [SpringApplicationShutdownHook] INFO  com.zaxxer.hikari.HikariDataSource - master - Shutdown initiated...
2023-01-26 19:10:21 [SpringApplicationShutdownHook] INFO  com.zaxxer.hikari.HikariDataSource - master - Shutdown completed.
2023-01-26 19:10:21 [SpringApplicationShutdownHook] INFO  c.b.d.d.DynamicRoutingDataSource - dynamic-datasource all closed success,bye
2023-01-26 19:10:57 [background-preinit] INFO  o.h.validator.internal.util.Version - HV000001: Hibernate Validator 6.2.3.Final
2023-01-26 19:10:57 [main] INFO  com.kob.backend.BackendApplication - Starting BackendApplication using Java 1.8.0_202 on DESKTOP-U0P6EDB with PID 14076 (E:\java2\kob\backendcloud\backend\target\classes started by A in E:\java2\kob\backendcloud)
2023-01-26 19:10:57 [main] INFO  com.kob.backend.BackendApplication - The following 1 profile is active: "dev"
2023-01-26 19:11:02 [main] INFO  com.kob.backend.config.JacksonConfig - 初始化 jackson 配置
2023-01-26 19:11:02 [main] INFO  com.kob.backend.config.RedisConfig - 初始化 redis 配置
2023-01-26 19:11:03 [main] INFO  org.redisson.Version - Redisson 3.17.5
2023-01-26 19:11:05 [redisson-netty-2-1] INFO  o.r.c.p.MasterPubSubConnectionPool - 1 connections initialized for localhost/127.0.0.1:6379
2023-01-26 19:11:05 [redisson-netty-2-4] INFO  o.r.c.pool.MasterConnectionPool - 8 connections initialized for localhost/127.0.0.1:6379
2023-01-26 19:11:07 [main] INFO  o.a.coyote.http11.Http11NioProtocol - Initializing ProtocolHandler ["http-nio-3000"]
2023-01-26 19:11:07 [main] INFO  o.a.catalina.core.StandardService - Starting service [Tomcat]
2023-01-26 19:11:07 [main] INFO  o.a.catalina.core.StandardEngine - Starting Servlet engine: [Apache Tomcat/9.0.65]
2023-01-26 19:11:07 [main] INFO  o.a.c.c.C.[.[localhost].[/kob] - Initializing Spring embedded WebApplicationContext
2023-01-26 19:11:07 [main] INFO  c.b.d.d.DynamicRoutingDataSource - dynamic-datasource detect P6SPY plugin and enabled it
2023-01-26 19:11:07 [main] INFO  com.zaxxer.hikari.HikariDataSource - master - Starting...
2023-01-26 19:11:08 [main] INFO  com.zaxxer.hikari.HikariDataSource - master - Start completed.
2023-01-26 19:11:08 [main] INFO  c.b.d.d.DynamicRoutingDataSource - dynamic-datasource - add a datasource named [slave] success
2023-01-26 19:11:08 [main] INFO  c.b.d.d.DynamicRoutingDataSource - dynamic-datasource - add a datasource named [master] success
2023-01-26 19:11:08 [main] INFO  c.b.d.d.DynamicRoutingDataSource - dynamic-datasource initial loaded [2] datasource,primary datasource named [master]
2023-01-26 19:11:15 [main] INFO  o.a.coyote.http11.Http11NioProtocol - Starting ProtocolHandler ["http-nio-3000"]
2023-01-26 19:11:15 [main] INFO  com.kob.backend.BackendApplication - Started BackendApplication in 20.033 seconds (JVM running for 24.218)
2023-01-26 19:11:15 [main] INFO  c.k.b.s.I.o.SysOssConfigServiceImpl - 发布刷新OSS配置 => minio
2023-01-26 19:11:15 [main] INFO  c.k.b.s.I.o.SysOssConfigServiceImpl - 发布刷新OSS配置 => qiniu
2023-01-26 19:11:15 [main] INFO  c.k.b.s.I.o.SysOssConfigServiceImpl - 发布刷新OSS配置 => aliyun
2023-01-26 19:11:15 [main] INFO  c.k.b.s.I.o.SysOssConfigServiceImpl - 发布刷新OSS配置 => qcloud
2023-01-26 19:11:15 [main] INFO  c.k.b.s.I.o.SysOssConfigServiceImpl - 发布刷新OSS配置 => image
2023-01-26 19:11:15 [main] INFO  com.kob.oss.factory.OssFactory - 初始化OSS工厂
2023-01-26 19:11:15 [main] INFO  c.k.b.runner.SystemApplicationRunner - 初始化OSS配置成功
2023-01-26 19:11:16 [RMI TCP Connection(1)-192.168.93.1] INFO  o.a.c.c.C.[.[localhost].[/kob] - Initializing Spring DispatcherServlet 'dispatcherServlet'
2023-01-26 19:15:09 [SpringApplicationShutdownHook] INFO  c.b.d.d.DynamicRoutingDataSource - dynamic-datasource start closing ....
2023-01-26 19:15:09 [SpringApplicationShutdownHook] INFO  com.zaxxer.hikari.HikariDataSource - master - Shutdown initiated...
2023-01-26 19:15:09 [SpringApplicationShutdownHook] INFO  com.zaxxer.hikari.HikariDataSource - master - Shutdown completed.
2023-01-26 19:15:09 [SpringApplicationShutdownHook] INFO  c.b.d.d.DynamicRoutingDataSource - dynamic-datasource all closed success,bye
2023-01-26 19:15:37 [background-preinit] INFO  o.h.validator.internal.util.Version - HV000001: Hibernate Validator 6.2.3.Final
2023-01-26 19:15:37 [main] INFO  com.kob.backend.BackendApplication - Starting BackendApplication using Java 1.8.0_202 on DESKTOP-U0P6EDB with PID 9000 (E:\java2\kob\backendcloud\backend\target\classes started by A in E:\java2\kob\backendcloud)
2023-01-26 19:15:37 [main] INFO  com.kob.backend.BackendApplication - The following 1 profile is active: "dev"
2023-01-26 19:15:42 [main] INFO  com.kob.backend.config.JacksonConfig - 初始化 jackson 配置
2023-01-26 19:15:42 [main] INFO  com.kob.backend.config.RedisConfig - 初始化 redis 配置
2023-01-26 19:15:42 [main] INFO  org.redisson.Version - Redisson 3.17.5
2023-01-26 19:15:45 [redisson-netty-2-6] INFO  o.r.c.p.MasterPubSubConnectionPool - 1 connections initialized for localhost/127.0.0.1:6379
2023-01-26 19:15:45 [redisson-netty-2-4] INFO  o.r.c.pool.MasterConnectionPool - 8 connections initialized for localhost/127.0.0.1:6379
2023-01-26 19:15:47 [main] INFO  o.a.coyote.http11.Http11NioProtocol - Initializing ProtocolHandler ["http-nio-3000"]
2023-01-26 19:15:47 [main] INFO  o.a.catalina.core.StandardService - Starting service [Tomcat]
2023-01-26 19:15:47 [main] INFO  o.a.catalina.core.StandardEngine - Starting Servlet engine: [Apache Tomcat/9.0.65]
2023-01-26 19:15:47 [main] INFO  o.a.c.c.C.[.[localhost].[/kob] - Initializing Spring embedded WebApplicationContext
2023-01-26 19:15:48 [main] INFO  c.b.d.d.DynamicRoutingDataSource - dynamic-datasource detect P6SPY plugin and enabled it
2023-01-26 19:15:48 [main] INFO  com.zaxxer.hikari.HikariDataSource - master - Starting...
2023-01-26 19:15:48 [main] INFO  com.zaxxer.hikari.HikariDataSource - master - Start completed.
2023-01-26 19:15:48 [main] INFO  c.b.d.d.DynamicRoutingDataSource - dynamic-datasource - add a datasource named [slave] success
2023-01-26 19:15:48 [main] INFO  c.b.d.d.DynamicRoutingDataSource - dynamic-datasource - add a datasource named [master] success
2023-01-26 19:15:48 [main] INFO  c.b.d.d.DynamicRoutingDataSource - dynamic-datasource initial loaded [2] datasource,primary datasource named [master]
2023-01-26 19:15:50 [main] INFO  c.b.d.d.DynamicRoutingDataSource - dynamic-datasource start closing ....
2023-01-26 19:15:50 [main] INFO  com.zaxxer.hikari.HikariDataSource - master - Shutdown initiated...
2023-01-26 19:15:51 [main] INFO  com.zaxxer.hikari.HikariDataSource - master - Shutdown completed.
2023-01-26 19:15:51 [main] INFO  c.b.d.d.DynamicRoutingDataSource - dynamic-datasource all closed success,bye
2023-01-26 19:15:51 [main] INFO  o.a.catalina.core.StandardService - Stopping service [Tomcat]
2023-01-26 19:17:18 [main] INFO  com.kob.backend.BackendApplication - Starting BackendApplication using Java 1.8.0_202 on DESKTOP-U0P6EDB with PID 1736 (E:\java2\kob\backendcloud\backend\target\classes started by A in E:\java2\kob\backendcloud)
2023-01-26 19:17:18 [background-preinit] INFO  o.h.validator.internal.util.Version - HV000001: Hibernate Validator 6.2.3.Final
2023-01-26 19:17:18 [main] INFO  com.kob.backend.BackendApplication - The following 1 profile is active: "dev"
2023-01-26 19:17:22 [main] INFO  com.kob.backend.config.JacksonConfig - 初始化 jackson 配置
2023-01-26 19:17:23 [main] INFO  com.kob.backend.config.RedisConfig - 初始化 redis 配置
2023-01-26 19:17:23 [main] INFO  org.redisson.Version - Redisson 3.17.5
2023-01-26 19:17:25 [redisson-netty-2-7] INFO  o.r.c.p.MasterPubSubConnectionPool - 1 connections initialized for localhost/127.0.0.1:6379
2023-01-26 19:17:25 [redisson-netty-2-4] INFO  o.r.c.pool.MasterConnectionPool - 8 connections initialized for localhost/127.0.0.1:6379
2023-01-26 19:17:27 [main] INFO  o.a.coyote.http11.Http11NioProtocol - Initializing ProtocolHandler ["http-nio-3000"]
2023-01-26 19:17:27 [main] INFO  o.a.catalina.core.StandardService - Starting service [Tomcat]
2023-01-26 19:17:27 [main] INFO  o.a.catalina.core.StandardEngine - Starting Servlet engine: [Apache Tomcat/9.0.65]
2023-01-26 19:17:27 [main] INFO  o.a.c.c.C.[.[localhost].[/kob] - Initializing Spring embedded WebApplicationContext
2023-01-26 19:17:27 [main] INFO  c.b.d.d.DynamicRoutingDataSource - dynamic-datasource detect P6SPY plugin and enabled it
2023-01-26 19:17:27 [main] INFO  com.zaxxer.hikari.HikariDataSource - master - Starting...
2023-01-26 19:17:28 [main] INFO  com.zaxxer.hikari.HikariDataSource - master - Start completed.
2023-01-26 19:17:28 [main] INFO  c.b.d.d.DynamicRoutingDataSource - dynamic-datasource - add a datasource named [slave] success
2023-01-26 19:17:28 [main] INFO  c.b.d.d.DynamicRoutingDataSource - dynamic-datasource - add a datasource named [master] success
2023-01-26 19:17:28 [main] INFO  c.b.d.d.DynamicRoutingDataSource - dynamic-datasource initial loaded [2] datasource,primary datasource named [master]
2023-01-26 19:17:30 [main] INFO  c.b.d.d.DynamicRoutingDataSource - dynamic-datasource start closing ....
2023-01-26 19:17:30 [main] INFO  com.zaxxer.hikari.HikariDataSource - master - Shutdown initiated...
2023-01-26 19:17:30 [main] INFO  com.zaxxer.hikari.HikariDataSource - master - Shutdown completed.
2023-01-26 19:17:30 [main] INFO  c.b.d.d.DynamicRoutingDataSource - dynamic-datasource all closed success,bye
2023-01-26 19:17:30 [main] INFO  o.a.catalina.core.StandardService - Stopping service [Tomcat]
2023-01-26 19:29:52 [main] INFO  com.kob.backend.BackendApplication - Starting BackendApplication using Java 1.8.0_202 on DESKTOP-U0P6EDB with PID 8580 (E:\java2\kob\backendcloud\backend\target\classes started by A in E:\java2\kob\backendcloud)
2023-01-26 19:29:52 [background-preinit] INFO  o.h.validator.internal.util.Version - HV000001: Hibernate Validator 6.2.3.Final
2023-01-26 19:29:52 [main] INFO  com.kob.backend.BackendApplication - The following 1 profile is active: "dev"
2023-01-26 19:29:57 [main] INFO  com.kob.backend.config.JacksonConfig - 初始化 jackson 配置
2023-01-26 19:29:57 [main] INFO  com.kob.backend.config.RedisConfig - 初始化 redis 配置
2023-01-26 19:29:58 [main] INFO  org.redisson.Version - Redisson 3.17.5
2023-01-26 19:30:00 [redisson-netty-2-6] INFO  o.r.c.p.MasterPubSubConnectionPool - 1 connections initialized for localhost/127.0.0.1:6379
2023-01-26 19:30:00 [redisson-netty-2-4] INFO  o.r.c.pool.MasterConnectionPool - 8 connections initialized for localhost/127.0.0.1:6379
2023-01-26 19:30:02 [main] INFO  o.a.coyote.http11.Http11NioProtocol - Initializing ProtocolHandler ["http-nio-3000"]
2023-01-26 19:30:02 [main] INFO  o.a.catalina.core.StandardService - Starting service [Tomcat]
2023-01-26 19:30:02 [main] INFO  o.a.catalina.core.StandardEngine - Starting Servlet engine: [Apache Tomcat/9.0.65]
2023-01-26 19:30:02 [main] INFO  o.a.c.c.C.[.[localhost].[/kob] - Initializing Spring embedded WebApplicationContext
2023-01-26 19:30:02 [main] INFO  c.b.d.d.DynamicRoutingDataSource - dynamic-datasource detect P6SPY plugin and enabled it
2023-01-26 19:30:02 [main] INFO  com.zaxxer.hikari.HikariDataSource - master - Starting...
2023-01-26 19:30:03 [main] INFO  com.zaxxer.hikari.HikariDataSource - master - Start completed.
2023-01-26 19:30:03 [main] INFO  c.b.d.d.DynamicRoutingDataSource - dynamic-datasource - add a datasource named [slave] success
2023-01-26 19:30:03 [main] INFO  c.b.d.d.DynamicRoutingDataSource - dynamic-datasource - add a datasource named [master] success
2023-01-26 19:30:03 [main] INFO  c.b.d.d.DynamicRoutingDataSource - dynamic-datasource initial loaded [2] datasource,primary datasource named [master]
2023-01-26 19:30:05 [main] INFO  c.b.d.d.DynamicRoutingDataSource - dynamic-datasource start closing ....
2023-01-26 19:30:05 [main] INFO  com.zaxxer.hikari.HikariDataSource - master - Shutdown initiated...
2023-01-26 19:30:05 [main] INFO  com.zaxxer.hikari.HikariDataSource - master - Shutdown completed.
2023-01-26 19:30:05 [main] INFO  c.b.d.d.DynamicRoutingDataSource - dynamic-datasource all closed success,bye
2023-01-26 19:30:05 [main] INFO  o.a.catalina.core.StandardService - Stopping service [Tomcat]
2023-01-26 19:40:05 [main] INFO  com.kob.backend.BackendApplication - Starting BackendApplication using Java 1.8.0_202 on DESKTOP-U0P6EDB with PID 9832 (E:\java2\kob\backendcloud\backend\target\classes started by A in E:\java2\kob\backendcloud)
2023-01-26 19:40:05 [background-preinit] INFO  o.h.validator.internal.util.Version - HV000001: Hibernate Validator 6.2.3.Final
2023-01-26 19:40:05 [main] INFO  com.kob.backend.BackendApplication - The following 1 profile is active: "dev"
2023-01-26 19:40:12 [main] INFO  com.kob.backend.config.JacksonConfig - 初始化 jackson 配置
2023-01-26 19:40:12 [main] INFO  com.kob.backend.config.RedisConfig - 初始化 redis 配置
2023-01-26 19:40:12 [main] INFO  org.redisson.Version - Redisson 3.17.5
2023-01-26 19:40:15 [redisson-netty-2-7] INFO  o.r.c.p.MasterPubSubConnectionPool - 1 connections initialized for localhost/127.0.0.1:6379
2023-01-26 19:40:15 [redisson-netty-2-4] INFO  o.r.c.pool.MasterConnectionPool - 8 connections initialized for localhost/127.0.0.1:6379
2023-01-26 19:40:16 [main] INFO  o.a.coyote.http11.Http11NioProtocol - Initializing ProtocolHandler ["http-nio-3000"]
2023-01-26 19:40:16 [main] INFO  o.a.catalina.core.StandardService - Starting service [Tomcat]
2023-01-26 19:40:16 [main] INFO  o.a.catalina.core.StandardEngine - Starting Servlet engine: [Apache Tomcat/9.0.65]
2023-01-26 19:40:17 [main] INFO  o.a.c.c.C.[.[localhost].[/kob] - Initializing Spring embedded WebApplicationContext
2023-01-26 19:40:17 [main] INFO  c.b.d.d.DynamicRoutingDataSource - dynamic-datasource detect P6SPY plugin and enabled it
2023-01-26 19:40:17 [main] INFO  com.zaxxer.hikari.HikariDataSource - master - Starting...
2023-01-26 19:40:18 [main] INFO  com.zaxxer.hikari.HikariDataSource - master - Start completed.
2023-01-26 19:40:18 [main] INFO  c.b.d.d.DynamicRoutingDataSource - dynamic-datasource - add a datasource named [slave] success
2023-01-26 19:40:18 [main] INFO  c.b.d.d.DynamicRoutingDataSource - dynamic-datasource - add a datasource named [master] success
2023-01-26 19:40:18 [main] INFO  c.b.d.d.DynamicRoutingDataSource - dynamic-datasource initial loaded [2] datasource,primary datasource named [master]
2023-01-26 19:40:25 [main] INFO  o.a.coyote.http11.Http11NioProtocol - Starting ProtocolHandler ["http-nio-3000"]
2023-01-26 19:40:25 [main] INFO  com.kob.backend.BackendApplication - Started BackendApplication in 21.267 seconds (JVM running for 25.032)
2023-01-26 19:40:26 [main] INFO  c.k.b.s.I.o.SysOssConfigServiceImpl - 发布刷新OSS配置 => minio
2023-01-26 19:40:26 [main] INFO  c.k.b.s.I.o.SysOssConfigServiceImpl - 发布刷新OSS配置 => qiniu
2023-01-26 19:40:26 [main] INFO  c.k.b.s.I.o.SysOssConfigServiceImpl - 发布刷新OSS配置 => aliyun
2023-01-26 19:40:26 [main] INFO  c.k.b.s.I.o.SysOssConfigServiceImpl - 发布刷新OSS配置 => qcloud
2023-01-26 19:40:26 [main] INFO  c.k.b.s.I.o.SysOssConfigServiceImpl - 发布刷新OSS配置 => image
2023-01-26 19:40:26 [main] INFO  com.kob.oss.factory.OssFactory - 初始化OSS工厂
2023-01-26 19:40:26 [main] INFO  c.k.b.runner.SystemApplicationRunner - 初始化OSS配置成功
2023-01-26 19:40:27 [RMI TCP Connection(2)-192.168.93.1] INFO  o.a.c.c.C.[.[localhost].[/kob] - Initializing Spring DispatcherServlet 'dispatcherServlet'
2023-01-26 19:50:28 [SpringApplicationShutdownHook] INFO  c.b.d.d.DynamicRoutingDataSource - dynamic-datasource start closing ....
2023-01-26 19:50:28 [SpringApplicationShutdownHook] INFO  com.zaxxer.hikari.HikariDataSource - master - Shutdown initiated...
2023-01-26 19:50:28 [SpringApplicationShutdownHook] INFO  com.zaxxer.hikari.HikariDataSource - master - Shutdown completed.
2023-01-26 19:50:28 [SpringApplicationShutdownHook] INFO  c.b.d.d.DynamicRoutingDataSource - dynamic-datasource all closed success,bye
