2023-03-04 11:03:00 [http-nio-3000-exec-7] ERROR c.k.b.w.e.GlobalExceptionHandler - Validation failed for argument [0] in public com.kob.common.core.domain.R<java.util.Map<java.lang.String, java.lang.Object>> com.kob.backend.controller.user.account.LoginController.getToken(com.kob.common.core.domain.model.LoginBody): [Field error in object 'loginBody' on field 'password': rejected value [1]; codes [Length.loginBody.password,Length.password,Length.java.lang.String,Length]; arguments [org.springframework.context.support.DefaultMessageSourceResolvable: codes [loginBody.password,password]; arguments []; default message [password],20,3]; default message [{user.password.length.valid}]] 
org.springframework.web.bind.MethodArgumentNotValidException: Validation failed for argument [0] in public com.kob.common.core.domain.R<java.util.Map<java.lang.String, java.lang.Object>> com.kob.backend.controller.user.account.LoginController.getToken(com.kob.common.core.domain.model.LoginBody): [Field error in object 'loginBody' on field 'password': rejected value [1]; codes [Length.loginBody.password,Length.password,Length.java.lang.String,Length]; arguments [org.springframework.context.support.DefaultMessageSourceResolvable: codes [loginBody.password,password]; arguments []; default message [password],20,3]; default message [{user.password.length.valid}]] 
	at org.springframework.web.servlet.mvc.method.annotation.RequestResponseBodyMethodProcessor.resolveArgument(RequestResponseBodyMethodProcessor.java:141)
	at org.springframework.web.method.support.HandlerMethodArgumentResolverComposite.resolveArgument(HandlerMethodArgumentResolverComposite.java:122)
	at org.springframework.web.method.support.InvocableHandlerMethod.getMethodArgumentValues(InvocableHandlerMethod.java:179)
	at org.springframework.web.method.support.InvocableHandlerMethod.invokeForRequest(InvocableHandlerMethod.java:146)
	at org.springframework.web.servlet.mvc.method.annotation.ServletInvocableHandlerMethod.invokeAndHandle(ServletInvocableHandlerMethod.java:117)
	at org.springframework.web.servlet.mvc.method.annotation.RequestMappingHandlerAdapter.invokeHandlerMethod(RequestMappingHandlerAdapter.java:895)
	at org.springframework.web.servlet.mvc.method.annotation.RequestMappingHandlerAdapter.handleInternal(RequestMappingHandlerAdapter.java:808)
	at org.springframework.web.servlet.mvc.method.AbstractHandlerMethodAdapter.handle(AbstractHandlerMethodAdapter.java:87)
	at org.springframework.web.servlet.DispatcherServlet.doDispatch(DispatcherServlet.java:1071)
	at org.springframework.web.servlet.DispatcherServlet.doService(DispatcherServlet.java:964)
	at org.springframework.web.servlet.FrameworkServlet.processRequest(FrameworkServlet.java:1006)
	at org.springframework.web.servlet.FrameworkServlet.doPost(FrameworkServlet.java:909)
	at javax.servlet.http.HttpServlet.service(HttpServlet.java:696)
	at org.springframework.web.servlet.FrameworkServlet.service(FrameworkServlet.java:883)
	at javax.servlet.http.HttpServlet.service(HttpServlet.java:779)
	at org.apache.catalina.core.ApplicationFilterChain.internalDoFilter(ApplicationFilterChain.java:227)
	at org.apache.catalina.core.ApplicationFilterChain.doFilter(ApplicationFilterChain.java:162)
	at org.apache.tomcat.websocket.server.WsFilter.doFilter(WsFilter.java:53)
	at org.apache.catalina.core.ApplicationFilterChain.internalDoFilter(ApplicationFilterChain.java:189)
	at org.apache.catalina.core.ApplicationFilterChain.doFilter(ApplicationFilterChain.java:162)
	at org.springframework.web.filter.CorsFilter.doFilterInternal(CorsFilter.java:91)
	at org.springframework.web.filter.OncePerRequestFilter.doFilter(OncePerRequestFilter.java:117)
	at org.apache.catalina.core.ApplicationFilterChain.internalDoFilter(ApplicationFilterChain.java:189)
	at org.apache.catalina.core.ApplicationFilterChain.doFilter(ApplicationFilterChain.java:162)
	at org.springframework.web.filter.RequestContextFilter.doFilterInternal(RequestContextFilter.java:100)
	at org.springframework.web.filter.OncePerRequestFilter.doFilter(OncePerRequestFilter.java:117)
	at org.apache.catalina.core.ApplicationFilterChain.internalDoFilter(ApplicationFilterChain.java:189)
	at org.apache.catalina.core.ApplicationFilterChain.doFilter(ApplicationFilterChain.java:162)
	at org.springframework.web.filter.FormContentFilter.doFilterInternal(FormContentFilter.java:93)
	at org.springframework.web.filter.OncePerRequestFilter.doFilter(OncePerRequestFilter.java:117)
	at org.apache.catalina.core.ApplicationFilterChain.internalDoFilter(ApplicationFilterChain.java:189)
	at org.apache.catalina.core.ApplicationFilterChain.doFilter(ApplicationFilterChain.java:162)
	at org.springframework.boot.actuate.metrics.web.servlet.WebMvcMetricsFilter.doFilterInternal(WebMvcMetricsFilter.java:96)
	at org.springframework.web.filter.OncePerRequestFilter.doFilter(OncePerRequestFilter.java:117)
	at org.apache.catalina.core.ApplicationFilterChain.internalDoFilter(ApplicationFilterChain.java:189)
	at org.apache.catalina.core.ApplicationFilterChain.doFilter(ApplicationFilterChain.java:162)
	at org.springframework.web.filter.CharacterEncodingFilter.doFilterInternal(CharacterEncodingFilter.java:201)
	at org.springframework.web.filter.OncePerRequestFilter.doFilter(OncePerRequestFilter.java:117)
	at org.apache.catalina.core.ApplicationFilterChain.internalDoFilter(ApplicationFilterChain.java:189)
	at org.apache.catalina.core.ApplicationFilterChain.doFilter(ApplicationFilterChain.java:162)
	at org.apache.catalina.core.StandardWrapperValve.invoke(StandardWrapperValve.java:177)
	at org.apache.catalina.core.StandardContextValve.invoke(StandardContextValve.java:97)
	at org.apache.catalina.authenticator.AuthenticatorBase.invoke(AuthenticatorBase.java:541)
	at org.apache.catalina.core.StandardHostValve.invoke(StandardHostValve.java:135)
	at org.apache.catalina.valves.ErrorReportValve.invoke(ErrorReportValve.java:92)
	at org.apache.catalina.core.StandardEngineValve.invoke(StandardEngineValve.java:78)
	at org.apache.catalina.connector.CoyoteAdapter.service(CoyoteAdapter.java:360)
	at org.apache.coyote.http11.Http11Processor.service(Http11Processor.java:399)
	at org.apache.coyote.AbstractProcessorLight.process(AbstractProcessorLight.java:65)
	at org.apache.coyote.AbstractProtocol$ConnectionHandler.process(AbstractProtocol.java:891)
	at org.apache.tomcat.util.net.NioEndpoint$SocketProcessor.doRun(NioEndpoint.java:1784)
	at org.apache.tomcat.util.net.SocketProcessorBase.run(SocketProcessorBase.java:49)
	at org.apache.tomcat.util.threads.ThreadPoolExecutor.runWorker(ThreadPoolExecutor.java:1191)
	at org.apache.tomcat.util.threads.ThreadPoolExecutor$Worker.run(ThreadPoolExecutor.java:659)
	at org.apache.tomcat.util.threads.TaskThread$WrappingRunnable.run(TaskThread.java:61)
	at java.lang.Thread.run(Thread.java:748)
2023-03-04 11:11:16 [http-nio-3000-exec-1] ERROR o.a.c.c.C.[Tomcat].[localhost] - Exception Processing /kob/user/account/token/
org.springframework.context.NoSuchMessageException: No message found under code 'user.not.exists' for locale 'zh_CN'.
	at org.springframework.context.support.DelegatingMessageSource.getMessage(DelegatingMessageSource.java:76)
	at com.kob.common.utils.MessageUtils.message(MessageUtils.java:27)
	at com.kob.common.exception.base.BaseException.getMessage(BaseException.java:67)
	at ch.qos.logback.classic.spi.ThrowableProxy.<init>(ThrowableProxy.java:78)
	at ch.qos.logback.classic.spi.ThrowableProxy.<init>(ThrowableProxy.java:62)
	at ch.qos.logback.classic.spi.LoggingEvent.<init>(LoggingEvent.java:119)
	at ch.qos.logback.classic.Logger.buildLoggingEventAndAppend(Logger.java:419)
	at ch.qos.logback.classic.Logger.filterAndLog_0_Or3Plus(Logger.java:383)
	at ch.qos.logback.classic.Logger.log(Logger.java:765)
	at org.slf4j.bridge.SLF4JBridgeHandler.callLocationAwareLogger(SLF4JBridgeHandler.java:221)
	at org.slf4j.bridge.SLF4JBridgeHandler.publish(SLF4JBridgeHandler.java:303)
	at java.util.logging.Logger.log(Logger.java:738)
	at java.util.logging.Logger.doLog(Logger.java:765)
	at java.util.logging.Logger.logp(Logger.java:1042)
	at org.apache.juli.logging.DirectJDKLog.log(DirectJDKLog.java:175)
	at org.apache.juli.logging.DirectJDKLog.error(DirectJDKLog.java:141)
	at org.apache.catalina.core.StandardWrapperValve.invoke(StandardWrapperValve.java:207)
	at org.apache.catalina.core.StandardContextValve.invoke(StandardContextValve.java:97)
	at org.apache.catalina.authenticator.AuthenticatorBase.invoke(AuthenticatorBase.java:541)
	at org.apache.catalina.core.StandardHostValve.invoke(StandardHostValve.java:135)
	at org.apache.catalina.valves.ErrorReportValve.invoke(ErrorReportValve.java:92)
	at org.apache.catalina.core.StandardEngineValve.invoke(StandardEngineValve.java:78)
	at org.apache.catalina.connector.CoyoteAdapter.service(CoyoteAdapter.java:360)
	at org.apache.coyote.http11.Http11Processor.service(Http11Processor.java:399)
	at org.apache.coyote.AbstractProcessorLight.process(AbstractProcessorLight.java:65)
	at org.apache.coyote.AbstractProtocol$ConnectionHandler.process(AbstractProtocol.java:891)
	at org.apache.tomcat.util.net.NioEndpoint$SocketProcessor.doRun(NioEndpoint.java:1784)
	at org.apache.tomcat.util.net.SocketProcessorBase.run(SocketProcessorBase.java:49)
	at org.apache.tomcat.util.threads.ThreadPoolExecutor.runWorker(ThreadPoolExecutor.java:1191)
	at org.apache.tomcat.util.threads.ThreadPoolExecutor$Worker.run(ThreadPoolExecutor.java:659)
	at org.apache.tomcat.util.threads.TaskThread$WrappingRunnable.run(TaskThread.java:61)
	at java.lang.Thread.run(Thread.java:748)
2023-03-04 11:11:16 [http-nio-3000-exec-1] ERROR c.k.b.w.e.GlobalExceptionHandler - 请求地址'/kob/error',认证失败'未能读取到有效Token',无法访问系统资源
2023-03-04 11:11:53 [http-nio-3000-exec-2] ERROR o.a.c.c.C.[Tomcat].[localhost] - Exception Processing /kob/user/account/token/
org.springframework.context.NoSuchMessageException: No message found under code 'user.not.exists' for locale 'zh_CN'.
	at org.springframework.context.support.DelegatingMessageSource.getMessage(DelegatingMessageSource.java:76)
	at com.kob.common.utils.MessageUtils.message(MessageUtils.java:27)
	at com.kob.common.exception.base.BaseException.getMessage(BaseException.java:67)
	at ch.qos.logback.classic.spi.ThrowableProxy.<init>(ThrowableProxy.java:78)
	at ch.qos.logback.classic.spi.ThrowableProxy.<init>(ThrowableProxy.java:62)
	at ch.qos.logback.classic.spi.LoggingEvent.<init>(LoggingEvent.java:119)
	at ch.qos.logback.classic.Logger.buildLoggingEventAndAppend(Logger.java:419)
	at ch.qos.logback.classic.Logger.filterAndLog_0_Or3Plus(Logger.java:383)
	at ch.qos.logback.classic.Logger.log(Logger.java:765)
	at org.slf4j.bridge.SLF4JBridgeHandler.callLocationAwareLogger(SLF4JBridgeHandler.java:221)
	at org.slf4j.bridge.SLF4JBridgeHandler.publish(SLF4JBridgeHandler.java:303)
	at java.util.logging.Logger.log(Logger.java:738)
	at java.util.logging.Logger.doLog(Logger.java:765)
	at java.util.logging.Logger.logp(Logger.java:1042)
	at org.apache.juli.logging.DirectJDKLog.log(DirectJDKLog.java:175)
	at org.apache.juli.logging.DirectJDKLog.error(DirectJDKLog.java:141)
	at org.apache.catalina.core.StandardWrapperValve.invoke(StandardWrapperValve.java:207)
	at org.apache.catalina.core.StandardContextValve.invoke(StandardContextValve.java:97)
	at org.apache.catalina.authenticator.AuthenticatorBase.invoke(AuthenticatorBase.java:541)
	at org.apache.catalina.core.StandardHostValve.invoke(StandardHostValve.java:135)
	at org.apache.catalina.valves.ErrorReportValve.invoke(ErrorReportValve.java:92)
	at org.apache.catalina.core.StandardEngineValve.invoke(StandardEngineValve.java:78)
	at org.apache.catalina.connector.CoyoteAdapter.service(CoyoteAdapter.java:360)
	at org.apache.coyote.http11.Http11Processor.service(Http11Processor.java:399)
	at org.apache.coyote.AbstractProcessorLight.process(AbstractProcessorLight.java:65)
	at org.apache.coyote.AbstractProtocol$ConnectionHandler.process(AbstractProtocol.java:891)
	at org.apache.tomcat.util.net.NioEndpoint$SocketProcessor.doRun(NioEndpoint.java:1784)
	at org.apache.tomcat.util.net.SocketProcessorBase.run(SocketProcessorBase.java:49)
	at org.apache.tomcat.util.threads.ThreadPoolExecutor.runWorker(ThreadPoolExecutor.java:1191)
	at org.apache.tomcat.util.threads.ThreadPoolExecutor$Worker.run(ThreadPoolExecutor.java:659)
	at org.apache.tomcat.util.threads.TaskThread$WrappingRunnable.run(TaskThread.java:61)
	at java.lang.Thread.run(Thread.java:748)
2023-03-04 11:11:53 [http-nio-3000-exec-2] ERROR c.k.b.w.e.GlobalExceptionHandler - 请求地址'/kob/error',认证失败'未能读取到有效Token',无法访问系统资源
2023-03-04 16:34:43 [http-nio-3000-exec-8] ERROR c.k.b.w.e.GlobalExceptionHandler - 请求地址'/kob/user/account/info/',认证失败'Token已过期：eyJ0eXAiOiJKV1QiLCJhbGciOiJIUzI1NiJ9.eyJsb2dpblR5cGUiOiJsb2dpbiIsImxvZ2luSWQiOjIsInJuU3RyIjoiSHJsT3l0MmhxbmNmckNBN3hmb1dncmNlQkNwaDNmdE4ifQ.5D-aCKuv6PEquBbL6RZp0ZO6xfIKifGabc36efaev78',无法访问系统资源
2023-03-04 16:34:50 [http-nio-3000-exec-2] ERROR c.k.b.w.e.GlobalExceptionHandler - 请求地址'/kob/user/account/info/',认证失败'Token已过期：eyJ0eXAiOiJKV1QiLCJhbGciOiJIUzI1NiJ9.eyJsb2dpblR5cGUiOiJsb2dpbiIsImxvZ2luSWQiOjIsInJuU3RyIjoiSHJsT3l0MmhxbmNmckNBN3hmb1dncmNlQkNwaDNmdE4ifQ.5D-aCKuv6PEquBbL6RZp0ZO6xfIKifGabc36efaev78',无法访问系统资源
2023-03-04 16:35:24 [http-nio-3000-exec-3] ERROR c.k.b.w.e.GlobalExceptionHandler - 请求地址'/kob/user/account/info/',认证失败'Token已过期：eyJ0eXAiOiJKV1QiLCJhbGciOiJIUzI1NiJ9.eyJsb2dpblR5cGUiOiJsb2dpbiIsImxvZ2luSWQiOjIsInJuU3RyIjoiSHJsT3l0MmhxbmNmckNBN3hmb1dncmNlQkNwaDNmdE4ifQ.5D-aCKuv6PEquBbL6RZp0ZO6xfIKifGabc36efaev78',无法访问系统资源
2023-03-04 16:37:59 [http-nio-3000-exec-4] ERROR c.k.b.w.e.GlobalExceptionHandler - 请求地址'/kob/user/account/info/',认证失败'Token已过期：eyJ0eXAiOiJKV1QiLCJhbGciOiJIUzI1NiJ9.eyJsb2dpblR5cGUiOiJsb2dpbiIsImxvZ2luSWQiOjIsInJuU3RyIjoiSHJsT3l0MmhxbmNmckNBN3hmb1dncmNlQkNwaDNmdE4ifQ.5D-aCKuv6PEquBbL6RZp0ZO6xfIKifGabc36efaev78',无法访问系统资源
2023-03-04 16:38:18 [http-nio-3000-exec-5] ERROR c.k.b.w.e.GlobalExceptionHandler - 请求地址'/kob/user/account/info/',认证失败'Token已过期：eyJ0eXAiOiJKV1QiLCJhbGciOiJIUzI1NiJ9.eyJsb2dpblR5cGUiOiJsb2dpbiIsImxvZ2luSWQiOjIsInJuU3RyIjoiSHJsT3l0MmhxbmNmckNBN3hmb1dncmNlQkNwaDNmdE4ifQ.5D-aCKuv6PEquBbL6RZp0ZO6xfIKifGabc36efaev78',无法访问系统资源
2023-03-04 16:38:32 [http-nio-3000-exec-10] ERROR c.k.b.w.e.GlobalExceptionHandler - 请求地址'/kob/user/account/info/',认证失败'Token已过期：eyJ0eXAiOiJKV1QiLCJhbGciOiJIUzI1NiJ9.eyJsb2dpblR5cGUiOiJsb2dpbiIsImxvZ2luSWQiOjIsInJuU3RyIjoiSHJsT3l0MmhxbmNmckNBN3hmb1dncmNlQkNwaDNmdE4ifQ.5D-aCKuv6PEquBbL6RZp0ZO6xfIKifGabc36efaev78',无法访问系统资源
2023-03-04 16:38:56 [http-nio-3000-exec-4] ERROR c.k.b.w.e.GlobalExceptionHandler - 请求地址'/kob/user/account/info/',认证失败'Token已过期：eyJ0eXAiOiJKV1QiLCJhbGciOiJIUzI1NiJ9.eyJsb2dpblR5cGUiOiJsb2dpbiIsImxvZ2luSWQiOjIsInJuU3RyIjoiSHJsT3l0MmhxbmNmckNBN3hmb1dncmNlQkNwaDNmdE4ifQ.5D-aCKuv6PEquBbL6RZp0ZO6xfIKifGabc36efaev78',无法访问系统资源
2023-03-04 16:39:03 [http-nio-3000-exec-1] ERROR c.k.b.w.e.GlobalExceptionHandler - 请求地址'/kob/user/account/info/',认证失败'Token已过期：eyJ0eXAiOiJKV1QiLCJhbGciOiJIUzI1NiJ9.eyJsb2dpblR5cGUiOiJsb2dpbiIsImxvZ2luSWQiOjIsInJuU3RyIjoiSHJsT3l0MmhxbmNmckNBN3hmb1dncmNlQkNwaDNmdE4ifQ.5D-aCKuv6PEquBbL6RZp0ZO6xfIKifGabc36efaev78',无法访问系统资源
2023-03-04 16:39:05 [http-nio-3000-exec-2] ERROR c.k.b.w.e.GlobalExceptionHandler - 请求地址'/kob/user/account/info/',认证失败'Token已过期：eyJ0eXAiOiJKV1QiLCJhbGciOiJIUzI1NiJ9.eyJsb2dpblR5cGUiOiJsb2dpbiIsImxvZ2luSWQiOjIsInJuU3RyIjoiSHJsT3l0MmhxbmNmckNBN3hmb1dncmNlQkNwaDNmdE4ifQ.5D-aCKuv6PEquBbL6RZp0ZO6xfIKifGabc36efaev78',无法访问系统资源
2023-03-04 16:40:21 [http-nio-3000-exec-9] ERROR c.k.b.w.e.GlobalExceptionHandler - 请求地址'/kob/user/account/info/',认证失败'Token已过期：eyJ0eXAiOiJKV1QiLCJhbGciOiJIUzI1NiJ9.eyJsb2dpblR5cGUiOiJsb2dpbiIsImxvZ2luSWQiOjIsInJuU3RyIjoiSHJsT3l0MmhxbmNmckNBN3hmb1dncmNlQkNwaDNmdE4ifQ.5D-aCKuv6PEquBbL6RZp0ZO6xfIKifGabc36efaev78',无法访问系统资源
2023-03-04 16:40:24 [http-nio-3000-exec-4] ERROR c.k.b.w.e.GlobalExceptionHandler - 请求地址'/kob/user/account/info/',认证失败'Token已过期：eyJ0eXAiOiJKV1QiLCJhbGciOiJIUzI1NiJ9.eyJsb2dpblR5cGUiOiJsb2dpbiIsImxvZ2luSWQiOjIsInJuU3RyIjoiSHJsT3l0MmhxbmNmckNBN3hmb1dncmNlQkNwaDNmdE4ifQ.5D-aCKuv6PEquBbL6RZp0ZO6xfIKifGabc36efaev78',无法访问系统资源
2023-03-04 16:40:27 [http-nio-3000-exec-1] ERROR c.k.b.w.e.GlobalExceptionHandler - 请求地址'/kob/user/account/info/',认证失败'Token已过期：eyJ0eXAiOiJKV1QiLCJhbGciOiJIUzI1NiJ9.eyJsb2dpblR5cGUiOiJsb2dpbiIsImxvZ2luSWQiOjIsInJuU3RyIjoiSHJsT3l0MmhxbmNmckNBN3hmb1dncmNlQkNwaDNmdE4ifQ.5D-aCKuv6PEquBbL6RZp0ZO6xfIKifGabc36efaev78',无法访问系统资源
2023-03-04 16:40:44 [http-nio-3000-exec-5] ERROR c.k.b.w.e.GlobalExceptionHandler - 请求地址'/kob/user/account/info/',认证失败'Token已过期：eyJ0eXAiOiJKV1QiLCJhbGciOiJIUzI1NiJ9.eyJsb2dpblR5cGUiOiJsb2dpbiIsImxvZ2luSWQiOjIsInJuU3RyIjoiSHJsT3l0MmhxbmNmckNBN3hmb1dncmNlQkNwaDNmdE4ifQ.5D-aCKuv6PEquBbL6RZp0ZO6xfIKifGabc36efaev78',无法访问系统资源
2023-03-04 17:29:36 [xxl-job, executor ExecutorRegistryThread] ERROR c.x.job.core.util.XxlJobRemotingUtil - Connection refused: connect
java.net.ConnectException: Connection refused: connect
	at java.net.DualStackPlainSocketImpl.waitForConnect(Native Method)
	at java.net.DualStackPlainSocketImpl.socketConnect(DualStackPlainSocketImpl.java:85)
	at java.net.AbstractPlainSocketImpl.doConnect(AbstractPlainSocketImpl.java:350)
	at java.net.AbstractPlainSocketImpl.connectToAddress(AbstractPlainSocketImpl.java:206)
	at java.net.AbstractPlainSocketImpl.connect(AbstractPlainSocketImpl.java:188)
	at java.net.PlainSocketImpl.connect(PlainSocketImpl.java:172)
	at java.net.SocksSocketImpl.connect(SocksSocketImpl.java:392)
	at java.net.Socket.connect(Socket.java:589)
	at sun.net.NetworkClient.doConnect(NetworkClient.java:175)
	at sun.net.www.http.HttpClient.openServer(HttpClient.java:463)
	at sun.net.www.http.HttpClient.openServer(HttpClient.java:558)
	at sun.net.www.http.HttpClient.<init>(HttpClient.java:242)
	at sun.net.www.http.HttpClient.New(HttpClient.java:339)
	at sun.net.www.http.HttpClient.New(HttpClient.java:371)
	at sun.net.www.protocol.http.HttpURLConnection.setNewClient(HttpURLConnection.java:775)
	at sun.net.www.protocol.http.HttpURLConnection.setNewClient(HttpURLConnection.java:763)
	at sun.net.www.protocol.http.HttpURLConnection.writeRequests(HttpURLConnection.java:705)
	at sun.net.www.protocol.http.HttpURLConnection.getInputStream0(HttpURLConnection.java:1585)
	at sun.net.www.protocol.http.HttpURLConnection.getInputStream(HttpURLConnection.java:1492)
	at java.net.HttpURLConnection.getResponseCode(HttpURLConnection.java:480)
	at com.xxl.job.core.util.XxlJobRemotingUtil.postBody(XxlJobRemotingUtil.java:119)
	at com.xxl.job.core.biz.client.AdminBizClient.registryRemove(AdminBizClient.java:47)
	at com.xxl.job.core.thread.ExecutorRegistryThread$1.run(ExecutorRegistryThread.java:84)
	at java.lang.Thread.run(Thread.java:748)
