2023-01-06 15:28:20 [main] INFO  com.kob.backend.BackendApplication - Starting BackendApplication using Java 1.8.0_202 on DESKTOP-U0P6EDB with PID 13076 (E:\java2\kob\backendcloud\backend\target\classes started by A in E:\java2\kob\backendcloud)
2023-01-06 15:28:20 [background-preinit] INFO  o.h.validator.internal.util.Version - HV000001: Hibernate Validator 6.2.3.Final
2023-01-06 15:28:20 [main] INFO  com.kob.backend.BackendApplication - The following 1 profile is active: "dev"
2023-01-06 15:28:27 [main] INFO  org.redisson.Version - Redisson 3.17.5
2023-01-06 15:28:30 [redisson-netty-2-8] INFO  o.r.c.p.MasterPubSubConnectionPool - 1 connections initialized for localhost/127.0.0.1:6379
2023-01-06 15:28:30 [redisson-netty-2-20] INFO  o.r.c.pool.MasterConnectionPool - 24 connections initialized for localhost/127.0.0.1:6379
2023-01-06 15:28:31 [main] INFO  o.a.coyote.http11.Http11NioProtocol - Initializing ProtocolHandler ["http-nio-3000"]
2023-01-06 15:28:31 [main] INFO  o.a.catalina.core.StandardService - Starting service [Tomcat]
2023-01-06 15:28:31 [main] INFO  o.a.catalina.core.StandardEngine - Starting Servlet engine: [Apache Tomcat/9.0.65]
2023-01-06 15:28:32 [main] INFO  o.a.c.c.C.[.[localhost].[/kob] - Initializing Spring embedded WebApplicationContext
2023-01-06 15:28:32 [main] INFO  c.a.d.s.b.a.DruidDataSourceAutoConfigure - Init DruidDataSource
2023-01-06 15:28:32 [main] INFO  c.alibaba.druid.pool.DruidDataSource - {dataSource-1} inited
2023-01-06 15:28:39 [main] INFO  o.a.coyote.http11.Http11NioProtocol - Starting ProtocolHandler ["http-nio-3000"]
2023-01-06 15:28:39 [main] INFO  com.kob.backend.BackendApplication - Started BackendApplication in 20.843 seconds (JVM running for 24.931)
2023-01-06 15:28:40 [RMI TCP Connection(1)-192.168.93.1] INFO  o.a.c.c.C.[.[localhost].[/kob] - Initializing Spring DispatcherServlet 'dispatcherServlet'
2023-01-06 17:34:23 [background-preinit] INFO  o.h.validator.internal.util.Version - HV000001: Hibernate Validator 6.2.3.Final
2023-01-06 17:34:23 [main] INFO  com.kob.backend.BackendApplication - Starting BackendApplication using Java 1.8.0_202 on DESKTOP-U0P6EDB with PID 12692 (E:\java2\kob\backendcloud\backend\target\classes started by A in E:\java2\kob\backendcloud)
2023-01-06 17:34:23 [main] INFO  com.kob.backend.BackendApplication - The following 1 profile is active: "dev"
2023-01-06 17:34:29 [main] INFO  org.redisson.Version - Redisson 3.17.5
2023-01-06 17:34:31 [redisson-netty-2-6] INFO  o.r.c.p.MasterPubSubConnectionPool - 1 connections initialized for localhost/127.0.0.1:6379
2023-01-06 17:34:31 [redisson-netty-2-20] INFO  o.r.c.pool.MasterConnectionPool - 24 connections initialized for localhost/127.0.0.1:6379
2023-01-06 17:34:32 [main] INFO  o.a.coyote.http11.Http11NioProtocol - Initializing ProtocolHandler ["http-nio-3000"]
2023-01-06 17:34:32 [main] INFO  o.a.catalina.core.StandardService - Starting service [Tomcat]
2023-01-06 17:34:32 [main] INFO  o.a.catalina.core.StandardEngine - Starting Servlet engine: [Apache Tomcat/9.0.65]
2023-01-06 17:34:33 [main] INFO  o.a.c.c.C.[.[localhost].[/kob] - Initializing Spring embedded WebApplicationContext
2023-01-06 17:34:33 [main] INFO  c.a.d.s.b.a.DruidDataSourceAutoConfigure - Init DruidDataSource
2023-01-06 17:34:33 [main] INFO  c.alibaba.druid.pool.DruidDataSource - {dataSource-1} inited
2023-01-06 17:34:35 [main] INFO  c.alibaba.druid.pool.DruidDataSource - {dataSource-1} closing ...
2023-01-06 17:34:35 [main] INFO  c.alibaba.druid.pool.DruidDataSource - {dataSource-1} closed
2023-01-06 17:34:36 [main] INFO  o.a.catalina.core.StandardService - Stopping service [Tomcat]
2023-01-06 17:52:52 [background-preinit] INFO  o.h.validator.internal.util.Version - HV000001: Hibernate Validator 6.2.3.Final
2023-01-06 17:52:52 [main] INFO  com.kob.backend.BackendApplication - Starting BackendApplication using Java 1.8.0_202 on DESKTOP-U0P6EDB with PID 18100 (E:\java2\kob\backendcloud\backend\target\classes started by A in E:\java2\kob\backendcloud)
2023-01-06 17:52:52 [main] INFO  com.kob.backend.BackendApplication - The following 1 profile is active: "dev"
2023-01-06 17:52:57 [main] INFO  org.redisson.Version - Redisson 3.17.5
2023-01-06 17:52:59 [redisson-netty-2-8] INFO  o.r.c.p.MasterPubSubConnectionPool - 1 connections initialized for localhost/127.0.0.1:6379
2023-01-06 17:52:59 [redisson-netty-2-20] INFO  o.r.c.pool.MasterConnectionPool - 24 connections initialized for localhost/127.0.0.1:6379
2023-01-06 17:53:00 [main] INFO  o.a.coyote.http11.Http11NioProtocol - Initializing ProtocolHandler ["http-nio-3000"]
2023-01-06 17:53:00 [main] INFO  o.a.catalina.core.StandardService - Starting service [Tomcat]
2023-01-06 17:53:00 [main] INFO  o.a.catalina.core.StandardEngine - Starting Servlet engine: [Apache Tomcat/9.0.65]
2023-01-06 17:53:01 [main] INFO  o.a.c.c.C.[.[localhost].[/kob] - Initializing Spring embedded WebApplicationContext
2023-01-06 17:53:01 [main] INFO  c.a.d.s.b.a.DruidDataSourceAutoConfigure - Init DruidDataSource
2023-01-06 17:53:01 [main] INFO  c.alibaba.druid.pool.DruidDataSource - {dataSource-1} inited
2023-01-06 17:53:04 [main] INFO  c.alibaba.druid.pool.DruidDataSource - {dataSource-1} closing ...
2023-01-06 17:53:04 [main] INFO  c.alibaba.druid.pool.DruidDataSource - {dataSource-1} closed
2023-01-06 17:53:04 [main] INFO  o.a.catalina.core.StandardService - Stopping service [Tomcat]
2023-01-06 17:55:51 [background-preinit] INFO  o.h.validator.internal.util.Version - HV000001: Hibernate Validator 6.2.3.Final
2023-01-06 17:55:51 [main] INFO  com.kob.backend.BackendApplication - Starting BackendApplication using Java 1.8.0_202 on DESKTOP-U0P6EDB with PID 18152 (E:\java2\kob\backendcloud\backend\target\classes started by A in E:\java2\kob\backendcloud)
2023-01-06 17:55:51 [main] INFO  com.kob.backend.BackendApplication - The following 1 profile is active: "dev"
2023-01-06 17:55:56 [main] INFO  org.redisson.Version - Redisson 3.17.5
2023-01-06 17:55:58 [redisson-netty-2-8] INFO  o.r.c.p.MasterPubSubConnectionPool - 1 connections initialized for localhost/127.0.0.1:6379
2023-01-06 17:55:58 [redisson-netty-2-20] INFO  o.r.c.pool.MasterConnectionPool - 24 connections initialized for localhost/127.0.0.1:6379
2023-01-06 17:55:59 [main] INFO  o.a.coyote.http11.Http11NioProtocol - Initializing ProtocolHandler ["http-nio-3000"]
2023-01-06 17:55:59 [main] INFO  o.a.catalina.core.StandardService - Starting service [Tomcat]
2023-01-06 17:55:59 [main] INFO  o.a.catalina.core.StandardEngine - Starting Servlet engine: [Apache Tomcat/9.0.65]
2023-01-06 17:55:59 [main] INFO  o.a.c.c.C.[.[localhost].[/kob] - Initializing Spring embedded WebApplicationContext
2023-01-06 17:56:00 [main] INFO  c.a.d.s.b.a.DruidDataSourceAutoConfigure - Init DruidDataSource
2023-01-06 17:56:00 [main] INFO  c.alibaba.druid.pool.DruidDataSource - {dataSource-1} inited
2023-01-06 17:56:03 [main] INFO  c.alibaba.druid.pool.DruidDataSource - {dataSource-1} closing ...
2023-01-06 17:56:03 [main] INFO  c.alibaba.druid.pool.DruidDataSource - {dataSource-1} closed
2023-01-06 17:56:03 [main] INFO  o.a.catalina.core.StandardService - Stopping service [Tomcat]
2023-01-06 17:58:03 [background-preinit] INFO  o.h.validator.internal.util.Version - HV000001: Hibernate Validator 6.2.3.Final
2023-01-06 17:58:03 [main] INFO  com.kob.backend.BackendApplication - Starting BackendApplication using Java 1.8.0_202 on DESKTOP-U0P6EDB with PID 13848 (E:\java2\kob\backendcloud\backend\target\classes started by A in E:\java2\kob\backendcloud)
2023-01-06 17:58:03 [main] INFO  com.kob.backend.BackendApplication - The following 1 profile is active: "dev"
2023-01-06 17:58:08 [main] INFO  org.redisson.Version - Redisson 3.17.5
2023-01-06 17:58:11 [redisson-netty-2-8] INFO  o.r.c.p.MasterPubSubConnectionPool - 1 connections initialized for localhost/127.0.0.1:6379
2023-01-06 17:58:11 [redisson-netty-2-20] INFO  o.r.c.pool.MasterConnectionPool - 24 connections initialized for localhost/127.0.0.1:6379
2023-01-06 17:58:12 [main] INFO  o.a.coyote.http11.Http11NioProtocol - Initializing ProtocolHandler ["http-nio-3000"]
2023-01-06 17:58:12 [main] INFO  o.a.catalina.core.StandardService - Starting service [Tomcat]
2023-01-06 17:58:12 [main] INFO  o.a.catalina.core.StandardEngine - Starting Servlet engine: [Apache Tomcat/9.0.65]
2023-01-06 17:58:12 [main] INFO  o.a.c.c.C.[.[localhost].[/kob] - Initializing Spring embedded WebApplicationContext
2023-01-06 17:58:13 [main] INFO  c.a.d.s.b.a.DruidDataSourceAutoConfigure - Init DruidDataSource
2023-01-06 17:58:13 [main] INFO  c.alibaba.druid.pool.DruidDataSource - {dataSource-1} inited
2023-01-06 17:58:16 [main] INFO  c.alibaba.druid.pool.DruidDataSource - {dataSource-1} closing ...
2023-01-06 17:58:16 [main] INFO  c.alibaba.druid.pool.DruidDataSource - {dataSource-1} closed
2023-01-06 17:58:16 [main] INFO  o.a.catalina.core.StandardService - Stopping service [Tomcat]
2023-01-06 18:05:04 [main] INFO  com.kob.backend.BackendApplication - Starting BackendApplication using Java 1.8.0_202 on DESKTOP-U0P6EDB with PID 24416 (E:\java2\kob\backendcloud\backend\target\classes started by A in E:\java2\kob\backendcloud)
2023-01-06 18:05:04 [background-preinit] INFO  o.h.validator.internal.util.Version - HV000001: Hibernate Validator 6.2.3.Final
2023-01-06 18:05:04 [main] INFO  com.kob.backend.BackendApplication - The following 1 profile is active: "dev"
2023-01-06 18:05:09 [main] INFO  org.redisson.Version - Redisson 3.17.5
2023-01-06 18:05:11 [redisson-netty-2-6] INFO  o.r.c.p.MasterPubSubConnectionPool - 1 connections initialized for localhost/127.0.0.1:6379
2023-01-06 18:05:11 [redisson-netty-2-20] INFO  o.r.c.pool.MasterConnectionPool - 24 connections initialized for localhost/127.0.0.1:6379
2023-01-06 18:05:12 [main] INFO  o.a.coyote.http11.Http11NioProtocol - Initializing ProtocolHandler ["http-nio-3000"]
2023-01-06 18:05:12 [main] INFO  o.a.catalina.core.StandardService - Starting service [Tomcat]
2023-01-06 18:05:12 [main] INFO  o.a.catalina.core.StandardEngine - Starting Servlet engine: [Apache Tomcat/9.0.65]
2023-01-06 18:05:13 [main] INFO  o.a.c.c.C.[.[localhost].[/kob] - Initializing Spring embedded WebApplicationContext
2023-01-06 18:05:13 [main] INFO  c.a.d.s.b.a.DruidDataSourceAutoConfigure - Init DruidDataSource
2023-01-06 18:05:13 [main] INFO  c.alibaba.druid.pool.DruidDataSource - {dataSource-1} inited
2023-01-06 18:05:16 [main] INFO  c.alibaba.druid.pool.DruidDataSource - {dataSource-1} closing ...
2023-01-06 18:05:16 [main] INFO  c.alibaba.druid.pool.DruidDataSource - {dataSource-1} closed
2023-01-06 18:05:16 [main] INFO  o.a.catalina.core.StandardService - Stopping service [Tomcat]
2023-01-06 18:06:07 [main] INFO  com.kob.backend.BackendApplication - Starting BackendApplication using Java 1.8.0_202 on DESKTOP-U0P6EDB with PID 10172 (E:\java2\kob\backendcloud\backend\target\classes started by A in E:\java2\kob\backendcloud)
2023-01-06 18:06:07 [background-preinit] INFO  o.h.validator.internal.util.Version - HV000001: Hibernate Validator 6.2.3.Final
2023-01-06 18:06:07 [main] INFO  com.kob.backend.BackendApplication - The following 1 profile is active: "dev"
2023-01-06 18:06:12 [main] INFO  org.redisson.Version - Redisson 3.17.5
2023-01-06 18:06:14 [redisson-netty-2-8] INFO  o.r.c.p.MasterPubSubConnectionPool - 1 connections initialized for localhost/127.0.0.1:6379
2023-01-06 18:06:14 [redisson-netty-2-20] INFO  o.r.c.pool.MasterConnectionPool - 24 connections initialized for localhost/127.0.0.1:6379
2023-01-06 18:06:15 [main] INFO  o.a.coyote.http11.Http11NioProtocol - Initializing ProtocolHandler ["http-nio-3000"]
2023-01-06 18:06:15 [main] INFO  o.a.catalina.core.StandardService - Starting service [Tomcat]
2023-01-06 18:06:15 [main] INFO  o.a.catalina.core.StandardEngine - Starting Servlet engine: [Apache Tomcat/9.0.65]
2023-01-06 18:06:15 [main] INFO  o.a.c.c.C.[.[localhost].[/kob] - Initializing Spring embedded WebApplicationContext
2023-01-06 18:06:15 [main] INFO  c.a.d.s.b.a.DruidDataSourceAutoConfigure - Init DruidDataSource
2023-01-06 18:06:16 [main] INFO  c.alibaba.druid.pool.DruidDataSource - {dataSource-1} inited
2023-01-06 18:06:21 [main] INFO  o.a.coyote.http11.Http11NioProtocol - Starting ProtocolHandler ["http-nio-3000"]
2023-01-06 18:06:21 [main] INFO  com.kob.backend.BackendApplication - Started BackendApplication in 15.124 seconds (JVM running for 18.391)
2023-01-06 18:06:22 [RMI TCP Connection(1)-192.168.93.1] INFO  o.a.c.c.C.[.[localhost].[/kob] - Initializing Spring DispatcherServlet 'dispatcherServlet'
2023-01-06 18:08:34 [SpringApplicationShutdownHook] INFO  c.alibaba.druid.pool.DruidDataSource - {dataSource-1} closing ...
2023-01-06 18:08:34 [SpringApplicationShutdownHook] INFO  c.alibaba.druid.pool.DruidDataSource - {dataSource-1} closed
2023-01-06 18:08:43 [background-preinit] INFO  o.h.validator.internal.util.Version - HV000001: Hibernate Validator 6.2.3.Final
2023-01-06 18:08:43 [main] INFO  com.kob.backend.BackendApplication - Starting BackendApplication using Java 1.8.0_202 on DESKTOP-U0P6EDB with PID 1420 (E:\java2\kob\backendcloud\backend\target\classes started by A in E:\java2\kob\backendcloud)
2023-01-06 18:08:43 [main] INFO  com.kob.backend.BackendApplication - The following 1 profile is active: "dev"
2023-01-06 18:08:48 [main] INFO  org.redisson.Version - Redisson 3.17.5
2023-01-06 18:08:50 [redisson-netty-2-7] INFO  o.r.c.p.MasterPubSubConnectionPool - 1 connections initialized for localhost/127.0.0.1:6379
2023-01-06 18:08:50 [redisson-netty-2-20] INFO  o.r.c.pool.MasterConnectionPool - 24 connections initialized for localhost/127.0.0.1:6379
2023-01-06 18:08:51 [main] INFO  o.a.coyote.http11.Http11NioProtocol - Initializing ProtocolHandler ["http-nio-3000"]
2023-01-06 18:08:51 [main] INFO  o.a.catalina.core.StandardService - Starting service [Tomcat]
2023-01-06 18:08:51 [main] INFO  o.a.catalina.core.StandardEngine - Starting Servlet engine: [Apache Tomcat/9.0.65]
2023-01-06 18:08:51 [main] INFO  o.a.c.c.C.[.[localhost].[/kob] - Initializing Spring embedded WebApplicationContext
2023-01-06 18:08:52 [main] INFO  c.a.d.s.b.a.DruidDataSourceAutoConfigure - Init DruidDataSource
2023-01-06 18:08:52 [main] INFO  c.alibaba.druid.pool.DruidDataSource - {dataSource-1} inited
2023-01-06 18:08:57 [main] INFO  o.a.coyote.http11.Http11NioProtocol - Starting ProtocolHandler ["http-nio-3000"]
2023-01-06 18:08:57 [main] INFO  com.kob.backend.BackendApplication - Started BackendApplication in 15.806 seconds (JVM running for 19.139)
2023-01-06 18:08:59 [RMI TCP Connection(6)-192.168.93.1] INFO  o.a.c.c.C.[.[localhost].[/kob] - Initializing Spring DispatcherServlet 'dispatcherServlet'
2023-01-06 18:11:30 [SpringApplicationShutdownHook] INFO  c.alibaba.druid.pool.DruidDataSource - {dataSource-1} closing ...
2023-01-06 18:11:30 [SpringApplicationShutdownHook] INFO  c.alibaba.druid.pool.DruidDataSource - {dataSource-1} closed
2023-01-06 18:11:43 [background-preinit] INFO  o.h.validator.internal.util.Version - HV000001: Hibernate Validator 6.2.3.Final
2023-01-06 18:11:44 [main] INFO  com.kob.backend.BackendApplication - Starting BackendApplication using Java 1.8.0_202 on DESKTOP-U0P6EDB with PID 18028 (E:\java2\kob\backendcloud\backend\target\classes started by A in E:\java2\kob\backendcloud)
2023-01-06 18:11:44 [main] INFO  com.kob.backend.BackendApplication - The following 1 profile is active: "dev"
2023-01-06 18:11:48 [main] INFO  org.redisson.Version - Redisson 3.17.5
2023-01-06 18:11:51 [redisson-netty-2-6] INFO  o.r.c.p.MasterPubSubConnectionPool - 1 connections initialized for localhost/127.0.0.1:6379
2023-01-06 18:11:51 [redisson-netty-2-20] INFO  o.r.c.pool.MasterConnectionPool - 24 connections initialized for localhost/127.0.0.1:6379
2023-01-06 18:11:51 [main] INFO  o.a.coyote.http11.Http11NioProtocol - Initializing ProtocolHandler ["http-nio-3000"]
2023-01-06 18:11:51 [main] INFO  o.a.catalina.core.StandardService - Starting service [Tomcat]
2023-01-06 18:11:51 [main] INFO  o.a.catalina.core.StandardEngine - Starting Servlet engine: [Apache Tomcat/9.0.65]
2023-01-06 18:11:52 [main] INFO  o.a.c.c.C.[.[localhost].[/kob] - Initializing Spring embedded WebApplicationContext
2023-01-06 18:11:52 [main] INFO  c.a.d.s.b.a.DruidDataSourceAutoConfigure - Init DruidDataSource
2023-01-06 18:11:52 [main] INFO  c.alibaba.druid.pool.DruidDataSource - {dataSource-1} inited
2023-01-06 18:11:56 [main] INFO  com.kob.backend.config.SaTokenConfig - [Ljava.lang.String;@625db0e0
2023-01-06 18:11:58 [main] INFO  o.a.coyote.http11.Http11NioProtocol - Starting ProtocolHandler ["http-nio-3000"]
2023-01-06 18:11:58 [main] INFO  com.kob.backend.BackendApplication - Started BackendApplication in 15.408 seconds (JVM running for 18.775)
2023-01-06 18:11:58 [RMI TCP Connection(1)-192.168.93.1] INFO  o.a.c.c.C.[.[localhost].[/kob] - Initializing Spring DispatcherServlet 'dispatcherServlet'
