2023-01-24 19:53:13 [main] INFO  com.kob.backend.BackendApplication - Starting BackendApplication using Java 1.8.0_202 on DESKTOP-U0P6EDB with PID 11364 (E:\java2\kob\backendcloud\backend\target\classes started by A in E:\java2\kob\backendcloud)
2023-01-24 19:53:13 [background-preinit] INFO  o.h.validator.internal.util.Version - HV000001: Hibernate Validator 6.2.3.Final
2023-01-24 19:53:13 [main] INFO  com.kob.backend.BackendApplication - The following 1 profile is active: "dev"
2023-01-24 19:53:18 [main] INFO  com.kob.backend.config.JacksonConfig - 初始化 jackson 配置
2023-01-24 19:53:19 [main] INFO  com.kob.backend.config.RedisConfig - 初始化 redis 配置
2023-01-24 19:53:19 [main] INFO  org.redisson.Version - Redisson 3.17.5
2023-01-24 19:53:22 [redisson-netty-2-7] INFO  o.r.c.p.MasterPubSubConnectionPool - 1 connections initialized for localhost/127.0.0.1:6379
2023-01-24 19:53:22 [redisson-netty-2-4] INFO  o.r.c.pool.MasterConnectionPool - 8 connections initialized for localhost/127.0.0.1:6379
2023-01-24 19:53:23 [main] INFO  o.a.coyote.http11.Http11NioProtocol - Initializing ProtocolHandler ["http-nio-3000"]
2023-01-24 19:53:23 [main] INFO  o.a.catalina.core.StandardService - Starting service [Tomcat]
2023-01-24 19:53:23 [main] INFO  o.a.catalina.core.StandardEngine - Starting Servlet engine: [Apache Tomcat/9.0.65]
2023-01-24 19:53:24 [main] INFO  o.a.c.c.C.[.[localhost].[/kob] - Initializing Spring embedded WebApplicationContext
2023-01-24 19:53:24 [main] INFO  c.b.d.d.DynamicRoutingDataSource - dynamic-datasource detect P6SPY plugin and enabled it
2023-01-24 19:53:24 [main] INFO  com.zaxxer.hikari.HikariDataSource - master - Starting...
2023-01-24 19:53:24 [main] INFO  com.zaxxer.hikari.HikariDataSource - master - Start completed.
2023-01-24 19:53:24 [main] INFO  c.b.d.d.DynamicRoutingDataSource - dynamic-datasource - add a datasource named [slave] success
2023-01-24 19:53:24 [main] INFO  c.b.d.d.DynamicRoutingDataSource - dynamic-datasource - add a datasource named [master] success
2023-01-24 19:53:24 [main] INFO  c.b.d.d.DynamicRoutingDataSource - dynamic-datasource initial loaded [2] datasource,primary datasource named [master]
2023-01-24 19:53:31 [main] INFO  o.a.coyote.http11.Http11NioProtocol - Starting ProtocolHandler ["http-nio-3000"]
2023-01-24 19:53:31 [main] INFO  com.kob.backend.BackendApplication - Started BackendApplication in 19.875 seconds (JVM running for 25.579)
2023-01-24 19:53:32 [main] INFO  c.k.b.s.I.o.SysOssConfigServiceImpl - 发布刷新OSS配置 => minio
2023-01-24 19:53:32 [main] INFO  c.k.b.s.I.o.SysOssConfigServiceImpl - 发布刷新OSS配置 => qiniu
2023-01-24 19:53:32 [main] INFO  c.k.b.s.I.o.SysOssConfigServiceImpl - 发布刷新OSS配置 => aliyun
2023-01-24 19:53:32 [main] INFO  c.k.b.s.I.o.SysOssConfigServiceImpl - 发布刷新OSS配置 => qcloud
2023-01-24 19:53:32 [main] INFO  c.k.b.s.I.o.SysOssConfigServiceImpl - 发布刷新OSS配置 => image
2023-01-24 19:53:32 [main] INFO  com.ruoyi.oss.factory.OssFactory - 初始化OSS工厂
2023-01-24 19:53:32 [main] INFO  c.k.b.runner.SystemApplicationRunner - 初始化OSS配置成功
2023-01-24 19:53:34 [RMI TCP Connection(7)-192.168.93.1] INFO  o.a.c.c.C.[.[localhost].[/kob] - Initializing Spring DispatcherServlet 'dispatcherServlet'
2023-01-24 19:59:09 [SpringApplicationShutdownHook] INFO  c.b.d.d.DynamicRoutingDataSource - dynamic-datasource start closing ....
2023-01-24 19:59:09 [SpringApplicationShutdownHook] INFO  com.zaxxer.hikari.HikariDataSource - master - Shutdown initiated...
2023-01-24 19:59:09 [SpringApplicationShutdownHook] INFO  com.zaxxer.hikari.HikariDataSource - master - Shutdown completed.
2023-01-24 19:59:09 [SpringApplicationShutdownHook] INFO  c.b.d.d.DynamicRoutingDataSource - dynamic-datasource all closed success,bye
2023-01-24 20:01:31 [main] INFO  com.kob.backend.BackendApplication - Starting BackendApplication using Java 1.8.0_202 on DESKTOP-U0P6EDB with PID 3276 (E:\java2\kob\backendcloud\backend\target\classes started by A in E:\java2\kob\backendcloud)
2023-01-24 20:01:31 [background-preinit] INFO  o.h.validator.internal.util.Version - HV000001: Hibernate Validator 6.2.3.Final
2023-01-24 20:01:31 [main] INFO  com.kob.backend.BackendApplication - The following 1 profile is active: "dev"
2023-01-24 20:01:37 [main] INFO  com.kob.backend.config.JacksonConfig - 初始化 jackson 配置
2023-01-24 20:01:38 [main] INFO  com.kob.backend.config.RedisConfig - 初始化 redis 配置
2023-01-24 20:01:38 [main] INFO  org.redisson.Version - Redisson 3.17.5
2023-01-24 20:01:41 [redisson-netty-2-1] INFO  o.r.c.p.MasterPubSubConnectionPool - 1 connections initialized for localhost/127.0.0.1:6379
2023-01-24 20:01:41 [redisson-netty-2-4] INFO  o.r.c.pool.MasterConnectionPool - 8 connections initialized for localhost/127.0.0.1:6379
2023-01-24 20:01:42 [main] INFO  o.a.coyote.http11.Http11NioProtocol - Initializing ProtocolHandler ["http-nio-3000"]
2023-01-24 20:01:42 [main] INFO  o.a.catalina.core.StandardService - Starting service [Tomcat]
2023-01-24 20:01:42 [main] INFO  o.a.catalina.core.StandardEngine - Starting Servlet engine: [Apache Tomcat/9.0.65]
2023-01-24 20:01:42 [main] INFO  o.a.c.c.C.[.[localhost].[/kob] - Initializing Spring embedded WebApplicationContext
2023-01-24 20:01:42 [main] INFO  c.b.d.d.DynamicRoutingDataSource - dynamic-datasource detect P6SPY plugin and enabled it
2023-01-24 20:01:42 [main] INFO  com.zaxxer.hikari.HikariDataSource - master - Starting...
2023-01-24 20:01:43 [main] INFO  com.zaxxer.hikari.HikariDataSource - master - Start completed.
2023-01-24 20:01:43 [main] INFO  c.b.d.d.DynamicRoutingDataSource - dynamic-datasource - add a datasource named [slave] success
2023-01-24 20:01:43 [main] INFO  c.b.d.d.DynamicRoutingDataSource - dynamic-datasource - add a datasource named [master] success
2023-01-24 20:01:43 [main] INFO  c.b.d.d.DynamicRoutingDataSource - dynamic-datasource initial loaded [2] datasource,primary datasource named [master]
2023-01-24 20:01:49 [main] INFO  o.a.coyote.http11.Http11NioProtocol - Starting ProtocolHandler ["http-nio-3000"]
2023-01-24 20:01:49 [main] INFO  com.kob.backend.BackendApplication - Started BackendApplication in 20.034 seconds (JVM running for 23.43)
2023-01-24 20:01:50 [main] INFO  c.k.b.s.I.o.SysOssConfigServiceImpl - 发布刷新OSS配置 => minio
2023-01-24 20:01:50 [main] INFO  c.k.b.s.I.o.SysOssConfigServiceImpl - 发布刷新OSS配置 => qiniu
2023-01-24 20:01:50 [main] INFO  c.k.b.s.I.o.SysOssConfigServiceImpl - 发布刷新OSS配置 => aliyun
2023-01-24 20:01:50 [main] INFO  c.k.b.s.I.o.SysOssConfigServiceImpl - 发布刷新OSS配置 => qcloud
2023-01-24 20:01:50 [main] INFO  c.k.b.s.I.o.SysOssConfigServiceImpl - 发布刷新OSS配置 => image
2023-01-24 20:01:50 [main] INFO  com.kob.oss.factory.OssFactory - 初始化OSS工厂
2023-01-24 20:01:50 [main] INFO  c.k.b.runner.SystemApplicationRunner - 初始化OSS配置成功
2023-01-24 20:01:50 [RMI TCP Connection(3)-192.168.93.1] INFO  o.a.c.c.C.[.[localhost].[/kob] - Initializing Spring DispatcherServlet 'dispatcherServlet'
2023-01-24 20:04:19 [SpringApplicationShutdownHook] INFO  c.b.d.d.DynamicRoutingDataSource - dynamic-datasource start closing ....
2023-01-24 20:04:19 [SpringApplicationShutdownHook] INFO  com.zaxxer.hikari.HikariDataSource - master - Shutdown initiated...
2023-01-24 20:04:19 [SpringApplicationShutdownHook] INFO  com.zaxxer.hikari.HikariDataSource - master - Shutdown completed.
2023-01-24 20:04:19 [SpringApplicationShutdownHook] INFO  c.b.d.d.DynamicRoutingDataSource - dynamic-datasource all closed success,bye
2023-01-24 20:04:47 [background-preinit] INFO  o.h.validator.internal.util.Version - HV000001: Hibernate Validator 6.2.3.Final
2023-01-24 20:04:47 [main] INFO  com.kob.backend.BackendApplication - Starting BackendApplication using Java 1.8.0_202 on DESKTOP-U0P6EDB with PID 2688 (E:\java2\kob\backendcloud\backend\target\classes started by A in E:\java2\kob\backendcloud)
2023-01-24 20:04:48 [main] INFO  com.kob.backend.BackendApplication - The following 1 profile is active: "dev"
2023-01-24 20:04:52 [main] INFO  com.kob.backend.config.JacksonConfig - 初始化 jackson 配置
2023-01-24 20:04:53 [main] INFO  com.kob.backend.config.RedisConfig - 初始化 redis 配置
2023-01-24 20:04:53 [main] INFO  org.redisson.Version - Redisson 3.17.5
2023-01-24 20:04:56 [redisson-netty-2-7] INFO  o.r.c.p.MasterPubSubConnectionPool - 1 connections initialized for localhost/127.0.0.1:6379
2023-01-24 20:04:56 [redisson-netty-2-4] INFO  o.r.c.pool.MasterConnectionPool - 8 connections initialized for localhost/127.0.0.1:6379
2023-01-24 20:04:57 [main] INFO  o.a.coyote.http11.Http11NioProtocol - Initializing ProtocolHandler ["http-nio-3000"]
2023-01-24 20:04:57 [main] INFO  o.a.catalina.core.StandardService - Starting service [Tomcat]
2023-01-24 20:04:57 [main] INFO  o.a.catalina.core.StandardEngine - Starting Servlet engine: [Apache Tomcat/9.0.65]
2023-01-24 20:04:57 [main] INFO  o.a.c.c.C.[.[localhost].[/kob] - Initializing Spring embedded WebApplicationContext
2023-01-24 20:04:57 [main] INFO  c.b.d.d.DynamicRoutingDataSource - dynamic-datasource detect P6SPY plugin and enabled it
2023-01-24 20:04:57 [main] INFO  com.zaxxer.hikari.HikariDataSource - master - Starting...
2023-01-24 20:04:58 [main] INFO  com.zaxxer.hikari.HikariDataSource - master - Start completed.
2023-01-24 20:04:58 [main] INFO  c.b.d.d.DynamicRoutingDataSource - dynamic-datasource - add a datasource named [slave] success
2023-01-24 20:04:58 [main] INFO  c.b.d.d.DynamicRoutingDataSource - dynamic-datasource - add a datasource named [master] success
2023-01-24 20:04:58 [main] INFO  c.b.d.d.DynamicRoutingDataSource - dynamic-datasource initial loaded [2] datasource,primary datasource named [master]
2023-01-24 20:04:59 [main] INFO  c.b.d.d.DynamicRoutingDataSource - dynamic-datasource start closing ....
2023-01-24 20:04:59 [main] INFO  com.zaxxer.hikari.HikariDataSource - master - Shutdown initiated...
2023-01-24 20:04:59 [main] INFO  com.zaxxer.hikari.HikariDataSource - master - Shutdown completed.
2023-01-24 20:04:59 [main] INFO  c.b.d.d.DynamicRoutingDataSource - dynamic-datasource all closed success,bye
2023-01-24 20:04:59 [main] INFO  o.a.catalina.core.StandardService - Stopping service [Tomcat]
2023-01-24 20:11:23 [background-preinit] INFO  o.h.validator.internal.util.Version - HV000001: Hibernate Validator 6.2.3.Final
2023-01-24 20:11:23 [main] INFO  com.kob.backend.BackendApplication - Starting BackendApplication using Java 1.8.0_202 on DESKTOP-U0P6EDB with PID 5696 (E:\java2\kob\backendcloud\backend\target\classes started by A in E:\java2\kob\backendcloud)
2023-01-24 20:11:23 [main] INFO  com.kob.backend.BackendApplication - The following 1 profile is active: "dev"
2023-01-24 20:11:28 [main] INFO  com.kob.backend.config.JacksonConfig - 初始化 jackson 配置
2023-01-24 20:11:28 [main] INFO  com.kob.backend.config.RedisConfig - 初始化 redis 配置
2023-01-24 20:11:28 [main] INFO  org.redisson.Version - Redisson 3.17.5
2023-01-24 20:11:31 [redisson-netty-2-6] INFO  o.r.c.p.MasterPubSubConnectionPool - 1 connections initialized for localhost/127.0.0.1:6379
2023-01-24 20:11:31 [redisson-netty-2-4] INFO  o.r.c.pool.MasterConnectionPool - 8 connections initialized for localhost/127.0.0.1:6379
2023-01-24 20:11:32 [main] INFO  o.a.coyote.http11.Http11NioProtocol - Initializing ProtocolHandler ["http-nio-3000"]
2023-01-24 20:11:32 [main] INFO  o.a.catalina.core.StandardService - Starting service [Tomcat]
2023-01-24 20:11:32 [main] INFO  o.a.catalina.core.StandardEngine - Starting Servlet engine: [Apache Tomcat/9.0.65]
2023-01-24 20:11:33 [main] INFO  o.a.c.c.C.[.[localhost].[/kob] - Initializing Spring embedded WebApplicationContext
2023-01-24 20:11:33 [main] INFO  c.b.d.d.DynamicRoutingDataSource - dynamic-datasource detect P6SPY plugin and enabled it
2023-01-24 20:11:33 [main] INFO  com.zaxxer.hikari.HikariDataSource - master - Starting...
2023-01-24 20:11:33 [main] INFO  com.zaxxer.hikari.HikariDataSource - master - Start completed.
2023-01-24 20:11:33 [main] INFO  c.b.d.d.DynamicRoutingDataSource - dynamic-datasource - add a datasource named [slave] success
2023-01-24 20:11:33 [main] INFO  c.b.d.d.DynamicRoutingDataSource - dynamic-datasource - add a datasource named [master] success
2023-01-24 20:11:33 [main] INFO  c.b.d.d.DynamicRoutingDataSource - dynamic-datasource initial loaded [2] datasource,primary datasource named [master]
2023-01-24 20:11:34 [main] INFO  c.b.d.d.DynamicRoutingDataSource - dynamic-datasource start closing ....
2023-01-24 20:11:34 [main] INFO  com.zaxxer.hikari.HikariDataSource - master - Shutdown initiated...
2023-01-24 20:11:34 [main] INFO  com.zaxxer.hikari.HikariDataSource - master - Shutdown completed.
2023-01-24 20:11:34 [main] INFO  c.b.d.d.DynamicRoutingDataSource - dynamic-datasource all closed success,bye
2023-01-24 20:11:34 [main] INFO  o.a.catalina.core.StandardService - Stopping service [Tomcat]
2023-01-24 20:15:10 [background-preinit] INFO  o.h.validator.internal.util.Version - HV000001: Hibernate Validator 6.2.3.Final
2023-01-24 20:15:10 [main] INFO  com.kob.backend.BackendApplication - Starting BackendApplication using Java 1.8.0_202 on DESKTOP-U0P6EDB with PID 7592 (E:\java2\kob\backendcloud\backend\target\classes started by A in E:\java2\kob\backendcloud)
2023-01-24 20:15:10 [main] INFO  com.kob.backend.BackendApplication - The following 1 profile is active: "dev"
2023-01-24 20:15:16 [main] INFO  com.kob.backend.config.JacksonConfig - 初始化 jackson 配置
2023-01-24 20:15:16 [main] INFO  com.kob.backend.config.RedisConfig - 初始化 redis 配置
2023-01-24 20:15:16 [main] INFO  org.redisson.Version - Redisson 3.17.5
2023-01-24 20:15:19 [redisson-netty-2-6] INFO  o.r.c.p.MasterPubSubConnectionPool - 1 connections initialized for localhost/127.0.0.1:6379
2023-01-24 20:15:19 [redisson-netty-2-4] INFO  o.r.c.pool.MasterConnectionPool - 8 connections initialized for localhost/127.0.0.1:6379
2023-01-24 20:15:20 [main] INFO  o.a.coyote.http11.Http11NioProtocol - Initializing ProtocolHandler ["http-nio-3000"]
2023-01-24 20:15:20 [main] INFO  o.a.catalina.core.StandardService - Starting service [Tomcat]
2023-01-24 20:15:20 [main] INFO  o.a.catalina.core.StandardEngine - Starting Servlet engine: [Apache Tomcat/9.0.65]
2023-01-24 20:15:21 [main] INFO  o.a.c.c.C.[.[localhost].[/kob] - Initializing Spring embedded WebApplicationContext
2023-01-24 20:15:21 [main] INFO  c.b.d.d.DynamicRoutingDataSource - dynamic-datasource detect P6SPY plugin and enabled it
2023-01-24 20:15:21 [main] INFO  com.zaxxer.hikari.HikariDataSource - master - Starting...
2023-01-24 20:15:21 [main] INFO  com.zaxxer.hikari.HikariDataSource - master - Start completed.
2023-01-24 20:15:21 [main] INFO  c.b.d.d.DynamicRoutingDataSource - dynamic-datasource - add a datasource named [slave] success
2023-01-24 20:15:21 [main] INFO  c.b.d.d.DynamicRoutingDataSource - dynamic-datasource - add a datasource named [master] success
2023-01-24 20:15:21 [main] INFO  c.b.d.d.DynamicRoutingDataSource - dynamic-datasource initial loaded [2] datasource,primary datasource named [master]
2023-01-24 20:15:28 [main] INFO  o.a.coyote.http11.Http11NioProtocol - Starting ProtocolHandler ["http-nio-3000"]
2023-01-24 20:15:28 [main] INFO  com.kob.backend.BackendApplication - Started BackendApplication in 19.914 seconds (JVM running for 23.381)
2023-01-24 20:15:29 [main] INFO  c.k.b.s.I.o.SysOssConfigServiceImpl - 发布刷新OSS配置 => minio
2023-01-24 20:15:29 [main] INFO  c.k.b.s.I.o.SysOssConfigServiceImpl - 发布刷新OSS配置 => qiniu
2023-01-24 20:15:29 [main] INFO  c.k.b.s.I.o.SysOssConfigServiceImpl - 发布刷新OSS配置 => aliyun
2023-01-24 20:15:29 [main] INFO  c.k.b.s.I.o.SysOssConfigServiceImpl - 发布刷新OSS配置 => qcloud
2023-01-24 20:15:29 [main] INFO  c.k.b.s.I.o.SysOssConfigServiceImpl - 发布刷新OSS配置 => image
2023-01-24 20:15:29 [main] INFO  com.kob.oss.factory.OssFactory - 初始化OSS工厂
2023-01-24 20:15:29 [main] INFO  c.k.b.runner.SystemApplicationRunner - 初始化OSS配置成功
2023-01-24 20:15:30 [RMI TCP Connection(2)-192.168.93.1] INFO  o.a.c.c.C.[.[localhost].[/kob] - Initializing Spring DispatcherServlet 'dispatcherServlet'
2023-01-24 20:49:29 [SpringApplicationShutdownHook] INFO  c.b.d.d.DynamicRoutingDataSource - dynamic-datasource start closing ....
2023-01-24 20:49:29 [SpringApplicationShutdownHook] INFO  com.zaxxer.hikari.HikariDataSource - master - Shutdown initiated...
2023-01-24 20:49:29 [SpringApplicationShutdownHook] INFO  com.zaxxer.hikari.HikariDataSource - master - Shutdown completed.
2023-01-24 20:49:29 [SpringApplicationShutdownHook] INFO  c.b.d.d.DynamicRoutingDataSource - dynamic-datasource all closed success,bye
2023-01-24 20:49:45 [main] INFO  com.kob.backend.BackendApplication - Starting BackendApplication using Java 1.8.0_202 on DESKTOP-U0P6EDB with PID 8612 (E:\java2\kob\backendcloud\backend\target\classes started by A in E:\java2\kob\backendcloud)
2023-01-24 20:49:45 [background-preinit] INFO  o.h.validator.internal.util.Version - HV000001: Hibernate Validator 6.2.3.Final
2023-01-24 20:49:45 [main] INFO  com.kob.backend.BackendApplication - The following 1 profile is active: "dev"
2023-01-24 20:49:50 [main] INFO  com.kob.backend.config.JacksonConfig - 初始化 jackson 配置
2023-01-24 20:49:50 [main] INFO  com.kob.backend.config.RedisConfig - 初始化 redis 配置
2023-01-24 20:49:50 [main] INFO  org.redisson.Version - Redisson 3.17.5
2023-01-24 20:49:53 [redisson-netty-2-7] INFO  o.r.c.p.MasterPubSubConnectionPool - 1 connections initialized for localhost/127.0.0.1:6379
2023-01-24 20:49:53 [redisson-netty-2-4] INFO  o.r.c.pool.MasterConnectionPool - 8 connections initialized for localhost/127.0.0.1:6379
2023-01-24 20:49:54 [main] INFO  o.a.coyote.http11.Http11NioProtocol - Initializing ProtocolHandler ["http-nio-3000"]
2023-01-24 20:49:54 [main] INFO  o.a.catalina.core.StandardService - Starting service [Tomcat]
2023-01-24 20:49:54 [main] INFO  o.a.catalina.core.StandardEngine - Starting Servlet engine: [Apache Tomcat/9.0.65]
2023-01-24 20:49:55 [main] INFO  o.a.c.c.C.[.[localhost].[/kob] - Initializing Spring embedded WebApplicationContext
2023-01-24 20:49:55 [main] INFO  c.b.d.d.DynamicRoutingDataSource - dynamic-datasource detect P6SPY plugin and enabled it
2023-01-24 20:49:55 [main] INFO  com.zaxxer.hikari.HikariDataSource - master - Starting...
2023-01-24 20:49:55 [main] INFO  com.zaxxer.hikari.HikariDataSource - master - Start completed.
2023-01-24 20:49:55 [main] INFO  c.b.d.d.DynamicRoutingDataSource - dynamic-datasource - add a datasource named [slave] success
2023-01-24 20:49:55 [main] INFO  c.b.d.d.DynamicRoutingDataSource - dynamic-datasource - add a datasource named [master] success
2023-01-24 20:49:55 [main] INFO  c.b.d.d.DynamicRoutingDataSource - dynamic-datasource initial loaded [2] datasource,primary datasource named [master]
2023-01-24 20:49:59 [main] INFO  c.b.d.d.DynamicRoutingDataSource - dynamic-datasource start closing ....
2023-01-24 20:49:59 [main] INFO  com.zaxxer.hikari.HikariDataSource - master - Shutdown initiated...
2023-01-24 20:49:59 [main] INFO  com.zaxxer.hikari.HikariDataSource - master - Shutdown completed.
2023-01-24 20:49:59 [main] INFO  c.b.d.d.DynamicRoutingDataSource - dynamic-datasource all closed success,bye
2023-01-24 20:49:59 [main] INFO  o.a.catalina.core.StandardService - Stopping service [Tomcat]
2023-01-24 20:52:43 [background-preinit] INFO  o.h.validator.internal.util.Version - HV000001: Hibernate Validator 6.2.3.Final
2023-01-24 20:52:43 [main] INFO  com.kob.backend.BackendApplication - Starting BackendApplication using Java 1.8.0_202 on DESKTOP-U0P6EDB with PID 10576 (E:\java2\kob\backendcloud\backend\target\classes started by A in E:\java2\kob\backendcloud)
2023-01-24 20:52:43 [main] INFO  com.kob.backend.BackendApplication - The following 1 profile is active: "dev"
2023-01-24 20:52:49 [main] INFO  com.kob.backend.config.JacksonConfig - 初始化 jackson 配置
2023-01-24 20:52:49 [main] INFO  com.kob.backend.config.RedisConfig - 初始化 redis 配置
2023-01-24 20:52:49 [main] INFO  org.redisson.Version - Redisson 3.17.5
2023-01-24 20:52:52 [redisson-netty-2-6] INFO  o.r.c.p.MasterPubSubConnectionPool - 1 connections initialized for localhost/127.0.0.1:6379
2023-01-24 20:52:52 [redisson-netty-2-4] INFO  o.r.c.pool.MasterConnectionPool - 8 connections initialized for localhost/127.0.0.1:6379
2023-01-24 20:52:53 [main] INFO  o.a.coyote.http11.Http11NioProtocol - Initializing ProtocolHandler ["http-nio-3000"]
2023-01-24 20:52:53 [main] INFO  o.a.catalina.core.StandardService - Starting service [Tomcat]
2023-01-24 20:52:53 [main] INFO  o.a.catalina.core.StandardEngine - Starting Servlet engine: [Apache Tomcat/9.0.65]
2023-01-24 20:52:54 [main] INFO  o.a.c.c.C.[.[localhost].[/kob] - Initializing Spring embedded WebApplicationContext
2023-01-24 20:52:54 [main] INFO  c.b.d.d.DynamicRoutingDataSource - dynamic-datasource detect P6SPY plugin and enabled it
2023-01-24 20:52:54 [main] INFO  com.zaxxer.hikari.HikariDataSource - master - Starting...
2023-01-24 20:52:54 [main] INFO  com.zaxxer.hikari.HikariDataSource - master - Start completed.
2023-01-24 20:52:54 [main] INFO  c.b.d.d.DynamicRoutingDataSource - dynamic-datasource - add a datasource named [slave] success
2023-01-24 20:52:54 [main] INFO  c.b.d.d.DynamicRoutingDataSource - dynamic-datasource - add a datasource named [master] success
2023-01-24 20:52:54 [main] INFO  c.b.d.d.DynamicRoutingDataSource - dynamic-datasource initial loaded [2] datasource,primary datasource named [master]
2023-01-24 20:52:58 [main] INFO  c.b.d.d.DynamicRoutingDataSource - dynamic-datasource start closing ....
2023-01-24 20:52:58 [main] INFO  com.zaxxer.hikari.HikariDataSource - master - Shutdown initiated...
2023-01-24 20:52:58 [main] INFO  com.zaxxer.hikari.HikariDataSource - master - Shutdown completed.
2023-01-24 20:52:58 [main] INFO  c.b.d.d.DynamicRoutingDataSource - dynamic-datasource all closed success,bye
2023-01-24 20:52:58 [main] INFO  o.a.catalina.core.StandardService - Stopping service [Tomcat]
2023-01-24 20:58:25 [main] INFO  com.kob.backend.BackendApplication - Starting BackendApplication using Java 1.8.0_202 on DESKTOP-U0P6EDB with PID 8416 (E:\java2\kob\backendcloud\backend\target\classes started by A in E:\java2\kob\backendcloud)
2023-01-24 20:58:25 [background-preinit] INFO  o.h.validator.internal.util.Version - HV000001: Hibernate Validator 6.2.3.Final
2023-01-24 20:58:25 [main] INFO  com.kob.backend.BackendApplication - The following 1 profile is active: "dev"
2023-01-24 20:58:31 [main] INFO  com.kob.backend.config.JacksonConfig - 初始化 jackson 配置
2023-01-24 20:58:31 [main] INFO  com.kob.backend.config.RedisConfig - 初始化 redis 配置
2023-01-24 20:58:31 [main] INFO  org.redisson.Version - Redisson 3.17.5
2023-01-24 20:58:34 [redisson-netty-2-6] INFO  o.r.c.p.MasterPubSubConnectionPool - 1 connections initialized for localhost/127.0.0.1:6379
2023-01-24 20:58:34 [redisson-netty-2-4] INFO  o.r.c.pool.MasterConnectionPool - 8 connections initialized for localhost/127.0.0.1:6379
2023-01-24 20:58:35 [main] INFO  o.a.coyote.http11.Http11NioProtocol - Initializing ProtocolHandler ["http-nio-3000"]
2023-01-24 20:58:35 [main] INFO  o.a.catalina.core.StandardService - Starting service [Tomcat]
2023-01-24 20:58:35 [main] INFO  o.a.catalina.core.StandardEngine - Starting Servlet engine: [Apache Tomcat/9.0.65]
2023-01-24 20:58:35 [main] INFO  o.a.c.c.C.[.[localhost].[/kob] - Initializing Spring embedded WebApplicationContext
2023-01-24 20:58:36 [main] INFO  c.b.d.d.DynamicRoutingDataSource - dynamic-datasource detect P6SPY plugin and enabled it
2023-01-24 20:58:36 [main] INFO  com.zaxxer.hikari.HikariDataSource - master - Starting...
2023-01-24 20:58:36 [main] INFO  com.zaxxer.hikari.HikariDataSource - master - Start completed.
2023-01-24 20:58:36 [main] INFO  c.b.d.d.DynamicRoutingDataSource - dynamic-datasource - add a datasource named [slave] success
2023-01-24 20:58:36 [main] INFO  c.b.d.d.DynamicRoutingDataSource - dynamic-datasource - add a datasource named [master] success
2023-01-24 20:58:36 [main] INFO  c.b.d.d.DynamicRoutingDataSource - dynamic-datasource initial loaded [2] datasource,primary datasource named [master]
2023-01-24 20:58:44 [main] INFO  o.a.coyote.http11.Http11NioProtocol - Starting ProtocolHandler ["http-nio-3000"]
2023-01-24 20:58:44 [main] INFO  com.kob.backend.BackendApplication - Started BackendApplication in 19.882 seconds (JVM running for 23.465)
2023-01-24 20:58:45 [main] INFO  c.k.b.s.I.o.SysOssConfigServiceImpl - 发布刷新OSS配置 => minio
2023-01-24 20:58:45 [main] INFO  c.k.b.s.I.o.SysOssConfigServiceImpl - 发布刷新OSS配置 => qiniu
2023-01-24 20:58:45 [main] INFO  c.k.b.s.I.o.SysOssConfigServiceImpl - 发布刷新OSS配置 => aliyun
2023-01-24 20:58:45 [main] INFO  c.k.b.s.I.o.SysOssConfigServiceImpl - 发布刷新OSS配置 => qcloud
2023-01-24 20:58:45 [main] INFO  c.k.b.s.I.o.SysOssConfigServiceImpl - 发布刷新OSS配置 => image
2023-01-24 20:58:45 [main] INFO  com.kob.oss.factory.OssFactory - 初始化OSS工厂
2023-01-24 20:58:45 [main] INFO  c.k.b.runner.SystemApplicationRunner - 初始化OSS配置成功
2023-01-24 20:58:46 [RMI TCP Connection(4)-192.168.93.1] INFO  o.a.c.c.C.[.[localhost].[/kob] - Initializing Spring DispatcherServlet 'dispatcherServlet'
2023-01-24 21:08:15 [SpringApplicationShutdownHook] INFO  c.b.d.d.DynamicRoutingDataSource - dynamic-datasource start closing ....
2023-01-24 21:08:15 [SpringApplicationShutdownHook] INFO  com.zaxxer.hikari.HikariDataSource - master - Shutdown initiated...
2023-01-24 21:08:15 [SpringApplicationShutdownHook] INFO  com.zaxxer.hikari.HikariDataSource - master - Shutdown completed.
2023-01-24 21:08:15 [SpringApplicationShutdownHook] INFO  c.b.d.d.DynamicRoutingDataSource - dynamic-datasource all closed success,bye
2023-01-24 21:08:28 [background-preinit] INFO  o.h.validator.internal.util.Version - HV000001: Hibernate Validator 6.2.3.Final
2023-01-24 21:08:28 [main] INFO  com.kob.backend.BackendApplication - Starting BackendApplication using Java 1.8.0_202 on DESKTOP-U0P6EDB with PID 6380 (E:\java2\kob\backendcloud\backend\target\classes started by A in E:\java2\kob\backendcloud)
2023-01-24 21:08:28 [main] INFO  com.kob.backend.BackendApplication - The following 1 profile is active: "dev"
2023-01-24 21:08:33 [main] INFO  com.kob.backend.config.JacksonConfig - 初始化 jackson 配置
2023-01-24 21:08:34 [main] INFO  com.kob.backend.config.RedisConfig - 初始化 redis 配置
2023-01-24 21:08:34 [main] INFO  org.redisson.Version - Redisson 3.17.5
2023-01-24 21:08:37 [redisson-netty-2-6] INFO  o.r.c.p.MasterPubSubConnectionPool - 1 connections initialized for localhost/127.0.0.1:6379
2023-01-24 21:08:37 [redisson-netty-2-3] INFO  o.r.c.pool.MasterConnectionPool - 8 connections initialized for localhost/127.0.0.1:6379
2023-01-24 21:08:38 [main] INFO  o.a.coyote.http11.Http11NioProtocol - Initializing ProtocolHandler ["http-nio-3000"]
2023-01-24 21:08:38 [main] INFO  o.a.catalina.core.StandardService - Starting service [Tomcat]
2023-01-24 21:08:38 [main] INFO  o.a.catalina.core.StandardEngine - Starting Servlet engine: [Apache Tomcat/9.0.65]
2023-01-24 21:08:39 [main] INFO  o.a.c.c.C.[.[localhost].[/kob] - Initializing Spring embedded WebApplicationContext
2023-01-24 21:08:39 [main] INFO  c.b.d.d.DynamicRoutingDataSource - dynamic-datasource detect P6SPY plugin and enabled it
2023-01-24 21:08:39 [main] INFO  com.zaxxer.hikari.HikariDataSource - master - Starting...
2023-01-24 21:08:39 [main] INFO  com.zaxxer.hikari.HikariDataSource - master - Start completed.
2023-01-24 21:08:39 [main] INFO  c.b.d.d.DynamicRoutingDataSource - dynamic-datasource - add a datasource named [slave] success
2023-01-24 21:08:39 [main] INFO  c.b.d.d.DynamicRoutingDataSource - dynamic-datasource - add a datasource named [master] success
2023-01-24 21:08:39 [main] INFO  c.b.d.d.DynamicRoutingDataSource - dynamic-datasource initial loaded [2] datasource,primary datasource named [master]
2023-01-24 21:08:43 [main] INFO  c.b.d.d.DynamicRoutingDataSource - dynamic-datasource start closing ....
2023-01-24 21:08:43 [main] INFO  com.zaxxer.hikari.HikariDataSource - master - Shutdown initiated...
2023-01-24 21:08:43 [main] INFO  com.zaxxer.hikari.HikariDataSource - master - Shutdown completed.
2023-01-24 21:08:43 [main] INFO  c.b.d.d.DynamicRoutingDataSource - dynamic-datasource all closed success,bye
2023-01-24 21:08:44 [main] INFO  o.a.catalina.core.StandardService - Stopping service [Tomcat]
2023-01-24 21:10:25 [background-preinit] INFO  o.h.validator.internal.util.Version - HV000001: Hibernate Validator 6.2.3.Final
2023-01-24 21:10:25 [main] INFO  com.kob.backend.BackendApplication - Starting BackendApplication using Java 1.8.0_202 on DESKTOP-U0P6EDB with PID 2332 (E:\java2\kob\backendcloud\backend\target\classes started by A in E:\java2\kob\backendcloud)
2023-01-24 21:10:25 [main] INFO  com.kob.backend.BackendApplication - The following 1 profile is active: "dev"
2023-01-24 21:10:30 [main] INFO  com.kob.backend.config.JacksonConfig - 初始化 jackson 配置
2023-01-24 21:10:30 [main] INFO  com.kob.backend.config.RedisConfig - 初始化 redis 配置
2023-01-24 21:10:30 [main] INFO  org.redisson.Version - Redisson 3.17.5
2023-01-24 21:10:33 [redisson-netty-2-6] INFO  o.r.c.p.MasterPubSubConnectionPool - 1 connections initialized for localhost/127.0.0.1:6379
2023-01-24 21:10:33 [redisson-netty-2-4] INFO  o.r.c.pool.MasterConnectionPool - 8 connections initialized for localhost/127.0.0.1:6379
2023-01-24 21:10:34 [main] INFO  o.a.coyote.http11.Http11NioProtocol - Initializing ProtocolHandler ["http-nio-3000"]
2023-01-24 21:10:34 [main] INFO  o.a.catalina.core.StandardService - Starting service [Tomcat]
2023-01-24 21:10:34 [main] INFO  o.a.catalina.core.StandardEngine - Starting Servlet engine: [Apache Tomcat/9.0.65]
2023-01-24 21:10:34 [main] INFO  o.a.c.c.C.[.[localhost].[/kob] - Initializing Spring embedded WebApplicationContext
2023-01-24 21:10:35 [main] INFO  c.b.d.d.DynamicRoutingDataSource - dynamic-datasource detect P6SPY plugin and enabled it
2023-01-24 21:10:35 [main] INFO  com.zaxxer.hikari.HikariDataSource - master - Starting...
2023-01-24 21:10:35 [main] INFO  com.zaxxer.hikari.HikariDataSource - master - Start completed.
2023-01-24 21:10:35 [main] INFO  c.b.d.d.DynamicRoutingDataSource - dynamic-datasource - add a datasource named [slave] success
2023-01-24 21:10:35 [main] INFO  c.b.d.d.DynamicRoutingDataSource - dynamic-datasource - add a datasource named [master] success
2023-01-24 21:10:35 [main] INFO  c.b.d.d.DynamicRoutingDataSource - dynamic-datasource initial loaded [2] datasource,primary datasource named [master]
2023-01-24 21:10:39 [main] INFO  c.b.d.d.DynamicRoutingDataSource - dynamic-datasource start closing ....
2023-01-24 21:10:39 [main] INFO  com.zaxxer.hikari.HikariDataSource - master - Shutdown initiated...
2023-01-24 21:10:39 [main] INFO  com.zaxxer.hikari.HikariDataSource - master - Shutdown completed.
2023-01-24 21:10:39 [main] INFO  c.b.d.d.DynamicRoutingDataSource - dynamic-datasource all closed success,bye
2023-01-24 21:10:39 [main] INFO  o.a.catalina.core.StandardService - Stopping service [Tomcat]
2023-01-24 21:11:42 [main] INFO  com.kob.backend.BackendApplication - Starting BackendApplication using Java 1.8.0_202 on DESKTOP-U0P6EDB with PID 9232 (E:\java2\kob\backendcloud\backend\target\classes started by A in E:\java2\kob\backendcloud)
2023-01-24 21:11:42 [background-preinit] INFO  o.h.validator.internal.util.Version - HV000001: Hibernate Validator 6.2.3.Final
2023-01-24 21:11:42 [main] INFO  com.kob.backend.BackendApplication - The following 1 profile is active: "dev"
2023-01-24 21:11:47 [main] INFO  com.kob.backend.config.JacksonConfig - 初始化 jackson 配置
2023-01-24 21:11:47 [main] INFO  com.kob.backend.config.RedisConfig - 初始化 redis 配置
2023-01-24 21:11:48 [main] INFO  org.redisson.Version - Redisson 3.17.5
2023-01-24 21:11:50 [redisson-netty-2-7] INFO  o.r.c.p.MasterPubSubConnectionPool - 1 connections initialized for localhost/127.0.0.1:6379
2023-01-24 21:11:50 [redisson-netty-2-4] INFO  o.r.c.pool.MasterConnectionPool - 8 connections initialized for localhost/127.0.0.1:6379
2023-01-24 21:11:51 [main] INFO  o.a.coyote.http11.Http11NioProtocol - Initializing ProtocolHandler ["http-nio-3000"]
2023-01-24 21:11:51 [main] INFO  o.a.catalina.core.StandardService - Starting service [Tomcat]
2023-01-24 21:11:51 [main] INFO  o.a.catalina.core.StandardEngine - Starting Servlet engine: [Apache Tomcat/9.0.65]
2023-01-24 21:11:52 [main] INFO  o.a.c.c.C.[.[localhost].[/kob] - Initializing Spring embedded WebApplicationContext
2023-01-24 21:11:52 [main] INFO  c.b.d.d.DynamicRoutingDataSource - dynamic-datasource detect P6SPY plugin and enabled it
2023-01-24 21:11:52 [main] INFO  com.zaxxer.hikari.HikariDataSource - master - Starting...
2023-01-24 21:11:52 [main] INFO  com.zaxxer.hikari.HikariDataSource - master - Start completed.
2023-01-24 21:11:52 [main] INFO  c.b.d.d.DynamicRoutingDataSource - dynamic-datasource - add a datasource named [slave] success
2023-01-24 21:11:52 [main] INFO  c.b.d.d.DynamicRoutingDataSource - dynamic-datasource - add a datasource named [master] success
2023-01-24 21:11:52 [main] INFO  c.b.d.d.DynamicRoutingDataSource - dynamic-datasource initial loaded [2] datasource,primary datasource named [master]
2023-01-24 21:11:56 [main] INFO  c.b.d.d.DynamicRoutingDataSource - dynamic-datasource start closing ....
2023-01-24 21:11:56 [main] INFO  com.zaxxer.hikari.HikariDataSource - master - Shutdown initiated...
2023-01-24 21:11:56 [main] INFO  com.zaxxer.hikari.HikariDataSource - master - Shutdown completed.
2023-01-24 21:11:56 [main] INFO  c.b.d.d.DynamicRoutingDataSource - dynamic-datasource all closed success,bye
2023-01-24 21:11:56 [main] INFO  o.a.catalina.core.StandardService - Stopping service [Tomcat]
2023-01-24 21:14:20 [background-preinit] INFO  o.h.validator.internal.util.Version - HV000001: Hibernate Validator 6.2.3.Final
2023-01-24 21:14:20 [main] INFO  com.kob.backend.BackendApplication - Starting BackendApplication using Java 1.8.0_202 on DESKTOP-U0P6EDB with PID 5428 (E:\java2\kob\backendcloud\backend\target\classes started by A in E:\java2\kob\backendcloud)
2023-01-24 21:14:20 [main] INFO  com.kob.backend.BackendApplication - The following 1 profile is active: "dev"
2023-01-24 21:14:24 [main] INFO  com.kob.backend.config.JacksonConfig - 初始化 jackson 配置
2023-01-24 21:14:25 [main] INFO  com.kob.backend.config.RedisConfig - 初始化 redis 配置
2023-01-24 21:14:25 [main] INFO  org.redisson.Version - Redisson 3.17.5
2023-01-24 21:14:27 [redisson-netty-2-7] INFO  o.r.c.p.MasterPubSubConnectionPool - 1 connections initialized for localhost/127.0.0.1:6379
2023-01-24 21:14:28 [redisson-netty-2-4] INFO  o.r.c.pool.MasterConnectionPool - 8 connections initialized for localhost/127.0.0.1:6379
2023-01-24 21:14:29 [main] INFO  o.a.coyote.http11.Http11NioProtocol - Initializing ProtocolHandler ["http-nio-3000"]
2023-01-24 21:14:29 [main] INFO  o.a.catalina.core.StandardService - Starting service [Tomcat]
2023-01-24 21:14:29 [main] INFO  o.a.catalina.core.StandardEngine - Starting Servlet engine: [Apache Tomcat/9.0.65]
2023-01-24 21:14:29 [main] INFO  o.a.c.c.C.[.[localhost].[/kob] - Initializing Spring embedded WebApplicationContext
2023-01-24 21:14:29 [main] INFO  c.b.d.d.DynamicRoutingDataSource - dynamic-datasource detect P6SPY plugin and enabled it
2023-01-24 21:14:29 [main] INFO  com.zaxxer.hikari.HikariDataSource - master - Starting...
2023-01-24 21:14:30 [main] INFO  com.zaxxer.hikari.HikariDataSource - master - Start completed.
2023-01-24 21:14:30 [main] INFO  c.b.d.d.DynamicRoutingDataSource - dynamic-datasource - add a datasource named [slave] success
2023-01-24 21:14:30 [main] INFO  c.b.d.d.DynamicRoutingDataSource - dynamic-datasource - add a datasource named [master] success
2023-01-24 21:14:30 [main] INFO  c.b.d.d.DynamicRoutingDataSource - dynamic-datasource initial loaded [2] datasource,primary datasource named [master]
2023-01-24 21:14:33 [main] INFO  c.b.d.d.DynamicRoutingDataSource - dynamic-datasource start closing ....
2023-01-24 21:14:33 [main] INFO  com.zaxxer.hikari.HikariDataSource - master - Shutdown initiated...
2023-01-24 21:14:33 [main] INFO  com.zaxxer.hikari.HikariDataSource - master - Shutdown completed.
2023-01-24 21:14:33 [main] INFO  c.b.d.d.DynamicRoutingDataSource - dynamic-datasource all closed success,bye
2023-01-24 21:14:33 [main] INFO  o.a.catalina.core.StandardService - Stopping service [Tomcat]
2023-01-24 21:16:44 [background-preinit] INFO  o.h.validator.internal.util.Version - HV000001: Hibernate Validator 6.2.3.Final
2023-01-24 21:16:44 [main] INFO  com.kob.backend.BackendApplication - Starting BackendApplication using Java 1.8.0_202 on DESKTOP-U0P6EDB with PID 3756 (E:\java2\kob\backendcloud\backend\target\classes started by A in E:\java2\kob\backendcloud)
2023-01-24 21:16:44 [main] INFO  com.kob.backend.BackendApplication - The following 1 profile is active: "dev"
2023-01-24 21:16:49 [main] INFO  com.kob.backend.config.JacksonConfig - 初始化 jackson 配置
2023-01-24 21:16:50 [main] INFO  com.kob.backend.config.RedisConfig - 初始化 redis 配置
2023-01-24 21:16:50 [main] INFO  org.redisson.Version - Redisson 3.17.5
2023-01-24 21:16:53 [redisson-netty-2-7] INFO  o.r.c.p.MasterPubSubConnectionPool - 1 connections initialized for localhost/127.0.0.1:6379
2023-01-24 21:16:53 [redisson-netty-2-4] INFO  o.r.c.pool.MasterConnectionPool - 8 connections initialized for localhost/127.0.0.1:6379
2023-01-24 21:16:54 [main] INFO  o.a.coyote.http11.Http11NioProtocol - Initializing ProtocolHandler ["http-nio-3000"]
2023-01-24 21:16:54 [main] INFO  o.a.catalina.core.StandardService - Starting service [Tomcat]
2023-01-24 21:16:54 [main] INFO  o.a.catalina.core.StandardEngine - Starting Servlet engine: [Apache Tomcat/9.0.65]
2023-01-24 21:16:55 [main] INFO  o.a.c.c.C.[.[localhost].[/kob] - Initializing Spring embedded WebApplicationContext
2023-01-24 21:16:55 [main] INFO  c.b.d.d.DynamicRoutingDataSource - dynamic-datasource detect P6SPY plugin and enabled it
2023-01-24 21:16:55 [main] INFO  com.zaxxer.hikari.HikariDataSource - master - Starting...
2023-01-24 21:16:55 [main] INFO  com.zaxxer.hikari.HikariDataSource - master - Start completed.
2023-01-24 21:16:55 [main] INFO  c.b.d.d.DynamicRoutingDataSource - dynamic-datasource - add a datasource named [slave] success
2023-01-24 21:16:55 [main] INFO  c.b.d.d.DynamicRoutingDataSource - dynamic-datasource - add a datasource named [master] success
2023-01-24 21:16:55 [main] INFO  c.b.d.d.DynamicRoutingDataSource - dynamic-datasource initial loaded [2] datasource,primary datasource named [master]
2023-01-24 21:16:56 [main] INFO  c.b.d.d.DynamicRoutingDataSource - dynamic-datasource start closing ....
2023-01-24 21:16:56 [main] INFO  com.zaxxer.hikari.HikariDataSource - master - Shutdown initiated...
2023-01-24 21:16:56 [main] INFO  com.zaxxer.hikari.HikariDataSource - master - Shutdown completed.
2023-01-24 21:16:56 [main] INFO  c.b.d.d.DynamicRoutingDataSource - dynamic-datasource all closed success,bye
2023-01-24 21:16:56 [main] INFO  o.a.catalina.core.StandardService - Stopping service [Tomcat]
2023-01-24 21:17:55 [background-preinit] INFO  o.h.validator.internal.util.Version - HV000001: Hibernate Validator 6.2.3.Final
2023-01-24 21:17:55 [main] INFO  com.kob.backend.BackendApplication - Starting BackendApplication using Java 1.8.0_202 on DESKTOP-U0P6EDB with PID 4400 (E:\java2\kob\backendcloud\backend\target\classes started by A in E:\java2\kob\backendcloud)
2023-01-24 21:17:56 [main] INFO  com.kob.backend.BackendApplication - The following 1 profile is active: "dev"
2023-01-24 21:18:00 [main] INFO  com.kob.backend.config.JacksonConfig - 初始化 jackson 配置
2023-01-24 21:18:00 [main] INFO  com.kob.backend.config.RedisConfig - 初始化 redis 配置
2023-01-24 21:18:01 [main] INFO  org.redisson.Version - Redisson 3.17.5
2023-01-24 21:18:03 [redisson-netty-2-7] INFO  o.r.c.p.MasterPubSubConnectionPool - 1 connections initialized for localhost/127.0.0.1:6379
2023-01-24 21:18:03 [redisson-netty-2-4] INFO  o.r.c.pool.MasterConnectionPool - 8 connections initialized for localhost/127.0.0.1:6379
2023-01-24 21:18:04 [main] INFO  o.a.coyote.http11.Http11NioProtocol - Initializing ProtocolHandler ["http-nio-3000"]
2023-01-24 21:18:04 [main] INFO  o.a.catalina.core.StandardService - Starting service [Tomcat]
2023-01-24 21:18:04 [main] INFO  o.a.catalina.core.StandardEngine - Starting Servlet engine: [Apache Tomcat/9.0.65]
2023-01-24 21:18:05 [main] INFO  o.a.c.c.C.[.[localhost].[/kob] - Initializing Spring embedded WebApplicationContext
2023-01-24 21:18:05 [main] INFO  c.b.d.d.DynamicRoutingDataSource - dynamic-datasource detect P6SPY plugin and enabled it
2023-01-24 21:18:05 [main] INFO  com.zaxxer.hikari.HikariDataSource - master - Starting...
2023-01-24 21:18:05 [main] INFO  com.zaxxer.hikari.HikariDataSource - master - Start completed.
2023-01-24 21:18:05 [main] INFO  c.b.d.d.DynamicRoutingDataSource - dynamic-datasource - add a datasource named [slave] success
2023-01-24 21:18:05 [main] INFO  c.b.d.d.DynamicRoutingDataSource - dynamic-datasource - add a datasource named [master] success
2023-01-24 21:18:05 [main] INFO  c.b.d.d.DynamicRoutingDataSource - dynamic-datasource initial loaded [2] datasource,primary datasource named [master]
2023-01-24 21:18:09 [main] INFO  c.b.d.d.DynamicRoutingDataSource - dynamic-datasource start closing ....
2023-01-24 21:18:09 [main] INFO  com.zaxxer.hikari.HikariDataSource - master - Shutdown initiated...
2023-01-24 21:18:09 [main] INFO  com.zaxxer.hikari.HikariDataSource - master - Shutdown completed.
2023-01-24 21:18:09 [main] INFO  c.b.d.d.DynamicRoutingDataSource - dynamic-datasource all closed success,bye
2023-01-24 21:18:09 [main] INFO  o.a.catalina.core.StandardService - Stopping service [Tomcat]
2023-01-24 21:18:38 [background-preinit] INFO  o.h.validator.internal.util.Version - HV000001: Hibernate Validator 6.2.3.Final
2023-01-24 21:18:38 [main] INFO  com.kob.backend.BackendApplication - Starting BackendApplication using Java 1.8.0_202 on DESKTOP-U0P6EDB with PID 11316 (E:\java2\kob\backendcloud\backend\target\classes started by A in E:\java2\kob\backendcloud)
2023-01-24 21:18:38 [main] INFO  com.kob.backend.BackendApplication - The following 1 profile is active: "dev"
2023-01-24 21:18:43 [main] INFO  com.kob.backend.config.JacksonConfig - 初始化 jackson 配置
2023-01-24 21:18:43 [main] INFO  com.kob.backend.config.RedisConfig - 初始化 redis 配置
2023-01-24 21:18:43 [main] INFO  org.redisson.Version - Redisson 3.17.5
2023-01-24 21:18:46 [redisson-netty-2-6] INFO  o.r.c.p.MasterPubSubConnectionPool - 1 connections initialized for localhost/127.0.0.1:6379
2023-01-24 21:18:46 [redisson-netty-2-4] INFO  o.r.c.pool.MasterConnectionPool - 8 connections initialized for localhost/127.0.0.1:6379
2023-01-24 21:18:47 [main] INFO  o.a.coyote.http11.Http11NioProtocol - Initializing ProtocolHandler ["http-nio-3000"]
2023-01-24 21:18:47 [main] INFO  o.a.catalina.core.StandardService - Starting service [Tomcat]
2023-01-24 21:18:47 [main] INFO  o.a.catalina.core.StandardEngine - Starting Servlet engine: [Apache Tomcat/9.0.65]
2023-01-24 21:18:47 [main] INFO  o.a.c.c.C.[.[localhost].[/kob] - Initializing Spring embedded WebApplicationContext
2023-01-24 21:18:48 [main] INFO  c.b.d.d.DynamicRoutingDataSource - dynamic-datasource detect P6SPY plugin and enabled it
2023-01-24 21:18:48 [main] INFO  com.zaxxer.hikari.HikariDataSource - master - Starting...
2023-01-24 21:18:48 [main] INFO  com.zaxxer.hikari.HikariDataSource - master - Start completed.
2023-01-24 21:18:48 [main] INFO  c.b.d.d.DynamicRoutingDataSource - dynamic-datasource - add a datasource named [slave] success
2023-01-24 21:18:48 [main] INFO  c.b.d.d.DynamicRoutingDataSource - dynamic-datasource - add a datasource named [master] success
2023-01-24 21:18:48 [main] INFO  c.b.d.d.DynamicRoutingDataSource - dynamic-datasource initial loaded [2] datasource,primary datasource named [master]
2023-01-24 21:18:55 [main] INFO  o.a.coyote.http11.Http11NioProtocol - Starting ProtocolHandler ["http-nio-3000"]
2023-01-24 21:18:55 [main] INFO  com.kob.backend.BackendApplication - Started BackendApplication in 18.378 seconds (JVM running for 21.489)
2023-01-24 21:18:56 [main] INFO  c.k.b.s.I.o.SysOssConfigServiceImpl - 发布刷新OSS配置 => minio
2023-01-24 21:18:56 [main] INFO  c.k.b.s.I.o.SysOssConfigServiceImpl - 发布刷新OSS配置 => qiniu
2023-01-24 21:18:56 [main] INFO  c.k.b.s.I.o.SysOssConfigServiceImpl - 发布刷新OSS配置 => aliyun
2023-01-24 21:18:56 [main] INFO  c.k.b.s.I.o.SysOssConfigServiceImpl - 发布刷新OSS配置 => qcloud
2023-01-24 21:18:56 [main] INFO  c.k.b.s.I.o.SysOssConfigServiceImpl - 发布刷新OSS配置 => image
2023-01-24 21:18:56 [main] INFO  com.kob.oss.factory.OssFactory - 初始化OSS工厂
2023-01-24 21:18:56 [main] INFO  c.k.b.runner.SystemApplicationRunner - 初始化OSS配置成功
2023-01-24 21:18:57 [RMI TCP Connection(3)-192.168.93.1] INFO  o.a.c.c.C.[.[localhost].[/kob] - Initializing Spring DispatcherServlet 'dispatcherServlet'
2023-01-24 21:20:39 [SpringApplicationShutdownHook] INFO  c.b.d.d.DynamicRoutingDataSource - dynamic-datasource start closing ....
2023-01-24 21:20:39 [SpringApplicationShutdownHook] INFO  com.zaxxer.hikari.HikariDataSource - master - Shutdown initiated...
2023-01-24 21:20:39 [SpringApplicationShutdownHook] INFO  com.zaxxer.hikari.HikariDataSource - master - Shutdown completed.
2023-01-24 21:20:39 [SpringApplicationShutdownHook] INFO  c.b.d.d.DynamicRoutingDataSource - dynamic-datasource all closed success,bye
2023-01-24 21:20:48 [main] INFO  com.kob.backend.BackendApplication - Starting BackendApplication using Java 1.8.0_202 on DESKTOP-U0P6EDB with PID 580 (E:\java2\kob\backendcloud\backend\target\classes started by A in E:\java2\kob\backendcloud)
2023-01-24 21:20:48 [background-preinit] INFO  o.h.validator.internal.util.Version - HV000001: Hibernate Validator 6.2.3.Final
2023-01-24 21:20:48 [main] INFO  com.kob.backend.BackendApplication - The following 1 profile is active: "dev"
2023-01-24 21:20:54 [main] INFO  com.kob.backend.config.JacksonConfig - 初始化 jackson 配置
2023-01-24 21:20:54 [main] INFO  com.kob.backend.config.RedisConfig - 初始化 redis 配置
2023-01-24 21:20:54 [main] INFO  org.redisson.Version - Redisson 3.17.5
2023-01-24 21:20:58 [redisson-netty-2-6] INFO  o.r.c.p.MasterPubSubConnectionPool - 1 connections initialized for localhost/127.0.0.1:6379
2023-01-24 21:20:58 [redisson-netty-2-4] INFO  o.r.c.pool.MasterConnectionPool - 8 connections initialized for localhost/127.0.0.1:6379
2023-01-24 21:20:59 [main] INFO  o.a.coyote.http11.Http11NioProtocol - Initializing ProtocolHandler ["http-nio-3000"]
2023-01-24 21:20:59 [main] INFO  o.a.catalina.core.StandardService - Starting service [Tomcat]
2023-01-24 21:20:59 [main] INFO  o.a.catalina.core.StandardEngine - Starting Servlet engine: [Apache Tomcat/9.0.65]
2023-01-24 21:21:00 [main] INFO  o.a.c.c.C.[.[localhost].[/kob] - Initializing Spring embedded WebApplicationContext
2023-01-24 21:21:00 [main] INFO  c.b.d.d.DynamicRoutingDataSource - dynamic-datasource detect P6SPY plugin and enabled it
2023-01-24 21:21:00 [main] INFO  com.zaxxer.hikari.HikariDataSource - master - Starting...
2023-01-24 21:21:00 [main] INFO  com.zaxxer.hikari.HikariDataSource - master - Start completed.
2023-01-24 21:21:00 [main] INFO  c.b.d.d.DynamicRoutingDataSource - dynamic-datasource - add a datasource named [slave] success
2023-01-24 21:21:00 [main] INFO  c.b.d.d.DynamicRoutingDataSource - dynamic-datasource - add a datasource named [master] success
2023-01-24 21:21:00 [main] INFO  c.b.d.d.DynamicRoutingDataSource - dynamic-datasource initial loaded [2] datasource,primary datasource named [master]
2023-01-24 21:21:08 [main] INFO  com.kob.backend.BackendApplication - Started BackendApplication in 21.332 seconds (JVM running for 25.026)
2023-01-24 21:21:09 [main] INFO  c.k.b.s.I.o.SysOssConfigServiceImpl - 发布刷新OSS配置 => minio
2023-01-24 21:21:09 [main] INFO  c.k.b.s.I.o.SysOssConfigServiceImpl - 发布刷新OSS配置 => qiniu
2023-01-24 21:21:09 [main] INFO  c.k.b.s.I.o.SysOssConfigServiceImpl - 发布刷新OSS配置 => aliyun
2023-01-24 21:21:09 [main] INFO  c.k.b.s.I.o.SysOssConfigServiceImpl - 发布刷新OSS配置 => qcloud
2023-01-24 21:21:09 [main] INFO  c.k.b.s.I.o.SysOssConfigServiceImpl - 发布刷新OSS配置 => image
2023-01-24 21:21:09 [main] INFO  com.kob.oss.factory.OssFactory - 初始化OSS工厂
2023-01-24 21:21:09 [main] INFO  c.k.b.runner.SystemApplicationRunner - 初始化OSS配置成功
2023-01-24 21:21:09 [SpringApplicationShutdownHook] INFO  c.b.d.d.DynamicRoutingDataSource - dynamic-datasource start closing ....
2023-01-24 21:21:09 [SpringApplicationShutdownHook] INFO  com.zaxxer.hikari.HikariDataSource - master - Shutdown initiated...
2023-01-24 21:21:09 [SpringApplicationShutdownHook] INFO  com.zaxxer.hikari.HikariDataSource - master - Shutdown completed.
2023-01-24 21:21:09 [SpringApplicationShutdownHook] INFO  c.b.d.d.DynamicRoutingDataSource - dynamic-datasource all closed success,bye
2023-01-24 21:21:17 [background-preinit] INFO  o.h.validator.internal.util.Version - HV000001: Hibernate Validator 6.2.3.Final
2023-01-24 21:21:17 [main] INFO  com.kob.backend.BackendApplication - Starting BackendApplication using Java 1.8.0_202 on DESKTOP-U0P6EDB with PID 7376 (E:\java2\kob\backendcloud\backend\target\classes started by A in E:\java2\kob\backendcloud)
2023-01-24 21:21:17 [main] INFO  com.kob.backend.BackendApplication - The following 1 profile is active: "dev"
2023-01-24 21:21:22 [main] INFO  com.kob.backend.config.JacksonConfig - 初始化 jackson 配置
2023-01-24 21:21:22 [main] INFO  com.kob.backend.config.RedisConfig - 初始化 redis 配置
2023-01-24 21:21:23 [main] INFO  org.redisson.Version - Redisson 3.17.5
2023-01-24 21:21:25 [redisson-netty-2-6] INFO  o.r.c.p.MasterPubSubConnectionPool - 1 connections initialized for localhost/127.0.0.1:6379
2023-01-24 21:21:25 [redisson-netty-2-4] INFO  o.r.c.pool.MasterConnectionPool - 8 connections initialized for localhost/127.0.0.1:6379
2023-01-24 21:21:27 [main] INFO  o.a.coyote.http11.Http11NioProtocol - Initializing ProtocolHandler ["http-nio-3000"]
2023-01-24 21:21:27 [main] INFO  o.a.catalina.core.StandardService - Starting service [Tomcat]
2023-01-24 21:21:27 [main] INFO  o.a.catalina.core.StandardEngine - Starting Servlet engine: [Apache Tomcat/9.0.65]
2023-01-24 21:21:27 [main] INFO  o.a.c.c.C.[.[localhost].[/kob] - Initializing Spring embedded WebApplicationContext
2023-01-24 21:21:27 [main] INFO  c.b.d.d.DynamicRoutingDataSource - dynamic-datasource detect P6SPY plugin and enabled it
2023-01-24 21:21:28 [main] INFO  com.zaxxer.hikari.HikariDataSource - master - Starting...
2023-01-24 21:21:28 [main] INFO  com.zaxxer.hikari.HikariDataSource - master - Start completed.
2023-01-24 21:21:28 [main] INFO  c.b.d.d.DynamicRoutingDataSource - dynamic-datasource - add a datasource named [slave] success
2023-01-24 21:21:28 [main] INFO  c.b.d.d.DynamicRoutingDataSource - dynamic-datasource - add a datasource named [master] success
2023-01-24 21:21:28 [main] INFO  c.b.d.d.DynamicRoutingDataSource - dynamic-datasource initial loaded [2] datasource,primary datasource named [master]
2023-01-24 21:21:35 [main] INFO  o.a.coyote.http11.Http11NioProtocol - Starting ProtocolHandler ["http-nio-3000"]
2023-01-24 21:21:35 [main] INFO  com.kob.backend.BackendApplication - Started BackendApplication in 18.766 seconds (JVM running for 22.094)
2023-01-24 21:21:35 [main] INFO  c.k.b.s.I.o.SysOssConfigServiceImpl - 发布刷新OSS配置 => minio
2023-01-24 21:21:35 [main] INFO  c.k.b.s.I.o.SysOssConfigServiceImpl - 发布刷新OSS配置 => qiniu
2023-01-24 21:21:35 [main] INFO  c.k.b.s.I.o.SysOssConfigServiceImpl - 发布刷新OSS配置 => aliyun
2023-01-24 21:21:35 [main] INFO  c.k.b.s.I.o.SysOssConfigServiceImpl - 发布刷新OSS配置 => qcloud
2023-01-24 21:21:35 [main] INFO  c.k.b.s.I.o.SysOssConfigServiceImpl - 发布刷新OSS配置 => image
2023-01-24 21:21:35 [main] INFO  com.kob.oss.factory.OssFactory - 初始化OSS工厂
2023-01-24 21:21:35 [main] INFO  c.k.b.runner.SystemApplicationRunner - 初始化OSS配置成功
2023-01-24 21:21:37 [RMI TCP Connection(4)-192.168.93.1] INFO  o.a.c.c.C.[.[localhost].[/kob] - Initializing Spring DispatcherServlet 'dispatcherServlet'
2023-01-24 21:26:13 [SpringApplicationShutdownHook] INFO  c.b.d.d.DynamicRoutingDataSource - dynamic-datasource start closing ....
2023-01-24 21:26:13 [SpringApplicationShutdownHook] INFO  com.zaxxer.hikari.HikariDataSource - master - Shutdown initiated...
2023-01-24 21:26:13 [SpringApplicationShutdownHook] INFO  com.zaxxer.hikari.HikariDataSource - master - Shutdown completed.
2023-01-24 21:26:13 [SpringApplicationShutdownHook] INFO  c.b.d.d.DynamicRoutingDataSource - dynamic-datasource all closed success,bye
2023-01-24 21:26:26 [background-preinit] INFO  o.h.validator.internal.util.Version - HV000001: Hibernate Validator 6.2.3.Final
2023-01-24 21:26:26 [main] INFO  com.kob.backend.BackendApplication - Starting BackendApplication using Java 1.8.0_202 on DESKTOP-U0P6EDB with PID 8848 (E:\java2\kob\backendcloud\backend\target\classes started by A in E:\java2\kob\backendcloud)
2023-01-24 21:26:26 [main] INFO  com.kob.backend.BackendApplication - The following 1 profile is active: "dev"
2023-01-24 21:26:31 [main] INFO  com.kob.backend.config.JacksonConfig - 初始化 jackson 配置
2023-01-24 21:26:31 [main] INFO  com.kob.backend.config.RedisConfig - 初始化 redis 配置
2023-01-24 21:26:32 [main] INFO  org.redisson.Version - Redisson 3.17.5
2023-01-24 21:26:34 [redisson-netty-2-6] INFO  o.r.c.p.MasterPubSubConnectionPool - 1 connections initialized for localhost/127.0.0.1:6379
2023-01-24 21:26:34 [redisson-netty-2-4] INFO  o.r.c.pool.MasterConnectionPool - 8 connections initialized for localhost/127.0.0.1:6379
2023-01-24 21:26:35 [main] INFO  o.a.coyote.http11.Http11NioProtocol - Initializing ProtocolHandler ["http-nio-3000"]
2023-01-24 21:26:35 [main] INFO  o.a.catalina.core.StandardService - Starting service [Tomcat]
2023-01-24 21:26:35 [main] INFO  o.a.catalina.core.StandardEngine - Starting Servlet engine: [Apache Tomcat/9.0.65]
2023-01-24 21:26:36 [main] INFO  o.a.c.c.C.[.[localhost].[/kob] - Initializing Spring embedded WebApplicationContext
2023-01-24 21:26:36 [main] INFO  c.b.d.d.DynamicRoutingDataSource - dynamic-datasource detect P6SPY plugin and enabled it
2023-01-24 21:26:36 [main] INFO  com.zaxxer.hikari.HikariDataSource - master - Starting...
2023-01-24 21:26:36 [main] INFO  com.zaxxer.hikari.HikariDataSource - master - Start completed.
2023-01-24 21:26:36 [main] INFO  c.b.d.d.DynamicRoutingDataSource - dynamic-datasource - add a datasource named [slave] success
2023-01-24 21:26:36 [main] INFO  c.b.d.d.DynamicRoutingDataSource - dynamic-datasource - add a datasource named [master] success
2023-01-24 21:26:36 [main] INFO  c.b.d.d.DynamicRoutingDataSource - dynamic-datasource initial loaded [2] datasource,primary datasource named [master]
2023-01-24 21:26:40 [main] INFO  c.b.d.d.DynamicRoutingDataSource - dynamic-datasource start closing ....
2023-01-24 21:26:40 [main] INFO  com.zaxxer.hikari.HikariDataSource - master - Shutdown initiated...
2023-01-24 21:26:40 [main] INFO  com.zaxxer.hikari.HikariDataSource - master - Shutdown completed.
2023-01-24 21:26:40 [main] INFO  c.b.d.d.DynamicRoutingDataSource - dynamic-datasource all closed success,bye
2023-01-24 21:26:40 [main] INFO  o.a.catalina.core.StandardService - Stopping service [Tomcat]
2023-01-24 21:28:39 [background-preinit] INFO  o.h.validator.internal.util.Version - HV000001: Hibernate Validator 6.2.3.Final
2023-01-24 21:28:39 [main] INFO  com.kob.backend.BackendApplication - Starting BackendApplication using Java 1.8.0_202 on DESKTOP-U0P6EDB with PID 13596 (E:\java2\kob\backendcloud\backend\target\classes started by A in E:\java2\kob\backendcloud)
2023-01-24 21:28:39 [main] INFO  com.kob.backend.BackendApplication - The following 1 profile is active: "dev"
2023-01-24 21:28:43 [main] INFO  com.kob.backend.config.JacksonConfig - 初始化 jackson 配置
2023-01-24 21:28:44 [main] INFO  com.kob.backend.config.RedisConfig - 初始化 redis 配置
2023-01-24 21:28:44 [main] INFO  org.redisson.Version - Redisson 3.17.5
2023-01-24 21:28:47 [redisson-netty-2-1] INFO  o.r.c.p.MasterPubSubConnectionPool - 1 connections initialized for localhost/127.0.0.1:6379
2023-01-24 21:28:47 [redisson-netty-2-4] INFO  o.r.c.pool.MasterConnectionPool - 8 connections initialized for localhost/127.0.0.1:6379
2023-01-24 21:28:48 [main] INFO  o.a.coyote.http11.Http11NioProtocol - Initializing ProtocolHandler ["http-nio-3000"]
2023-01-24 21:28:48 [main] INFO  o.a.catalina.core.StandardService - Starting service [Tomcat]
2023-01-24 21:28:48 [main] INFO  o.a.catalina.core.StandardEngine - Starting Servlet engine: [Apache Tomcat/9.0.65]
2023-01-24 21:28:48 [main] INFO  o.a.c.c.C.[.[localhost].[/kob] - Initializing Spring embedded WebApplicationContext
2023-01-24 21:28:48 [main] INFO  c.b.d.d.DynamicRoutingDataSource - dynamic-datasource detect P6SPY plugin and enabled it
2023-01-24 21:28:48 [main] INFO  com.zaxxer.hikari.HikariDataSource - master - Starting...
2023-01-24 21:28:49 [main] INFO  com.zaxxer.hikari.HikariDataSource - master - Start completed.
2023-01-24 21:28:49 [main] INFO  c.b.d.d.DynamicRoutingDataSource - dynamic-datasource - add a datasource named [slave] success
2023-01-24 21:28:49 [main] INFO  c.b.d.d.DynamicRoutingDataSource - dynamic-datasource - add a datasource named [master] success
2023-01-24 21:28:49 [main] INFO  c.b.d.d.DynamicRoutingDataSource - dynamic-datasource initial loaded [2] datasource,primary datasource named [master]
2023-01-24 21:28:53 [main] INFO  c.b.d.d.DynamicRoutingDataSource - dynamic-datasource start closing ....
2023-01-24 21:28:53 [main] INFO  com.zaxxer.hikari.HikariDataSource - master - Shutdown initiated...
2023-01-24 21:28:53 [main] INFO  com.zaxxer.hikari.HikariDataSource - master - Shutdown completed.
2023-01-24 21:28:53 [main] INFO  c.b.d.d.DynamicRoutingDataSource - dynamic-datasource all closed success,bye
2023-01-24 21:28:53 [main] INFO  o.a.catalina.core.StandardService - Stopping service [Tomcat]
2023-01-24 21:35:45 [main] INFO  com.kob.backend.BackendApplication - Starting BackendApplication using Java 1.8.0_202 on DESKTOP-U0P6EDB with PID 8120 (E:\java2\kob\backendcloud\backend\target\classes started by A in E:\java2\kob\backendcloud)
2023-01-24 21:35:45 [background-preinit] INFO  o.h.validator.internal.util.Version - HV000001: Hibernate Validator 6.2.3.Final
2023-01-24 21:35:45 [main] INFO  com.kob.backend.BackendApplication - The following 1 profile is active: "dev"
2023-01-24 21:35:50 [main] INFO  com.kob.backend.config.JacksonConfig - 初始化 jackson 配置
2023-01-24 21:35:51 [main] INFO  com.kob.backend.config.RedisConfig - 初始化 redis 配置
2023-01-24 21:35:51 [main] INFO  org.redisson.Version - Redisson 3.17.5
2023-01-24 21:35:54 [redisson-netty-2-6] INFO  o.r.c.p.MasterPubSubConnectionPool - 1 connections initialized for localhost/127.0.0.1:6379
2023-01-24 21:35:54 [redisson-netty-2-4] INFO  o.r.c.pool.MasterConnectionPool - 8 connections initialized for localhost/127.0.0.1:6379
2023-01-24 21:35:55 [main] INFO  o.a.coyote.http11.Http11NioProtocol - Initializing ProtocolHandler ["http-nio-3000"]
2023-01-24 21:35:55 [main] INFO  o.a.catalina.core.StandardService - Starting service [Tomcat]
2023-01-24 21:35:55 [main] INFO  o.a.catalina.core.StandardEngine - Starting Servlet engine: [Apache Tomcat/9.0.65]
2023-01-24 21:35:56 [main] INFO  o.a.c.c.C.[.[localhost].[/kob] - Initializing Spring embedded WebApplicationContext
2023-01-24 21:35:56 [main] INFO  c.b.d.d.DynamicRoutingDataSource - dynamic-datasource detect P6SPY plugin and enabled it
2023-01-24 21:35:56 [main] INFO  com.zaxxer.hikari.HikariDataSource - master - Starting...
2023-01-24 21:35:56 [main] INFO  com.zaxxer.hikari.HikariDataSource - master - Start completed.
2023-01-24 21:35:56 [main] INFO  c.b.d.d.DynamicRoutingDataSource - dynamic-datasource - add a datasource named [slave] success
2023-01-24 21:35:56 [main] INFO  c.b.d.d.DynamicRoutingDataSource - dynamic-datasource - add a datasource named [master] success
2023-01-24 21:35:56 [main] INFO  c.b.d.d.DynamicRoutingDataSource - dynamic-datasource initial loaded [2] datasource,primary datasource named [master]
2023-01-24 21:36:00 [main] INFO  c.b.d.d.DynamicRoutingDataSource - dynamic-datasource start closing ....
2023-01-24 21:36:00 [main] INFO  com.zaxxer.hikari.HikariDataSource - master - Shutdown initiated...
2023-01-24 21:36:00 [main] INFO  com.zaxxer.hikari.HikariDataSource - master - Shutdown completed.
2023-01-24 21:36:00 [main] INFO  c.b.d.d.DynamicRoutingDataSource - dynamic-datasource all closed success,bye
2023-01-24 21:36:01 [main] INFO  o.a.catalina.core.StandardService - Stopping service [Tomcat]
2023-01-24 21:36:55 [background-preinit] INFO  o.h.validator.internal.util.Version - HV000001: Hibernate Validator 6.2.3.Final
2023-01-24 21:36:55 [main] INFO  com.kob.backend.BackendApplication - Starting BackendApplication using Java 1.8.0_202 on DESKTOP-U0P6EDB with PID 10732 (E:\java2\kob\backendcloud\backend\target\classes started by A in E:\java2\kob\backendcloud)
2023-01-24 21:36:55 [main] INFO  com.kob.backend.BackendApplication - The following 1 profile is active: "dev"
2023-01-24 21:37:00 [main] INFO  com.kob.backend.config.JacksonConfig - 初始化 jackson 配置
2023-01-24 21:37:00 [main] INFO  com.kob.backend.config.RedisConfig - 初始化 redis 配置
2023-01-24 21:37:00 [main] INFO  org.redisson.Version - Redisson 3.17.5
2023-01-24 21:37:03 [redisson-netty-2-1] INFO  o.r.c.p.MasterPubSubConnectionPool - 1 connections initialized for localhost/127.0.0.1:6379
2023-01-24 21:37:03 [redisson-netty-2-4] INFO  o.r.c.pool.MasterConnectionPool - 8 connections initialized for localhost/127.0.0.1:6379
2023-01-24 21:37:04 [main] INFO  o.a.coyote.http11.Http11NioProtocol - Initializing ProtocolHandler ["http-nio-3000"]
2023-01-24 21:37:04 [main] INFO  o.a.catalina.core.StandardService - Starting service [Tomcat]
2023-01-24 21:37:04 [main] INFO  o.a.catalina.core.StandardEngine - Starting Servlet engine: [Apache Tomcat/9.0.65]
2023-01-24 21:37:05 [main] INFO  o.a.c.c.C.[.[localhost].[/kob] - Initializing Spring embedded WebApplicationContext
2023-01-24 21:37:05 [main] INFO  c.b.d.d.DynamicRoutingDataSource - dynamic-datasource detect P6SPY plugin and enabled it
2023-01-24 21:37:05 [main] INFO  com.zaxxer.hikari.HikariDataSource - master - Starting...
2023-01-24 21:37:05 [main] INFO  com.zaxxer.hikari.HikariDataSource - master - Start completed.
2023-01-24 21:37:05 [main] INFO  c.b.d.d.DynamicRoutingDataSource - dynamic-datasource - add a datasource named [slave] success
2023-01-24 21:37:05 [main] INFO  c.b.d.d.DynamicRoutingDataSource - dynamic-datasource - add a datasource named [master] success
2023-01-24 21:37:05 [main] INFO  c.b.d.d.DynamicRoutingDataSource - dynamic-datasource initial loaded [2] datasource,primary datasource named [master]
2023-01-24 21:37:09 [main] INFO  c.b.d.d.DynamicRoutingDataSource - dynamic-datasource start closing ....
2023-01-24 21:37:09 [main] INFO  com.zaxxer.hikari.HikariDataSource - master - Shutdown initiated...
2023-01-24 21:37:09 [main] INFO  com.zaxxer.hikari.HikariDataSource - master - Shutdown completed.
2023-01-24 21:37:09 [main] INFO  c.b.d.d.DynamicRoutingDataSource - dynamic-datasource all closed success,bye
2023-01-24 21:37:09 [main] INFO  o.a.catalina.core.StandardService - Stopping service [Tomcat]
2023-01-24 21:38:47 [background-preinit] INFO  o.h.validator.internal.util.Version - HV000001: Hibernate Validator 6.2.3.Final
2023-01-24 21:38:47 [main] INFO  com.kob.backend.BackendApplication - Starting BackendApplication using Java 1.8.0_202 on DESKTOP-U0P6EDB with PID 3132 (E:\java2\kob\backendcloud\backend\target\classes started by A in E:\java2\kob\backendcloud)
2023-01-24 21:38:47 [main] INFO  com.kob.backend.BackendApplication - The following 1 profile is active: "dev"
2023-01-24 21:38:52 [main] INFO  com.kob.backend.config.JacksonConfig - 初始化 jackson 配置
2023-01-24 21:38:53 [main] INFO  com.kob.backend.config.RedisConfig - 初始化 redis 配置
2023-01-24 21:38:53 [main] INFO  org.redisson.Version - Redisson 3.17.5
2023-01-24 21:38:55 [redisson-netty-2-6] INFO  o.r.c.p.MasterPubSubConnectionPool - 1 connections initialized for localhost/127.0.0.1:6379
2023-01-24 21:38:55 [redisson-netty-2-4] INFO  o.r.c.pool.MasterConnectionPool - 8 connections initialized for localhost/127.0.0.1:6379
2023-01-24 21:38:57 [main] INFO  o.a.coyote.http11.Http11NioProtocol - Initializing ProtocolHandler ["http-nio-3000"]
2023-01-24 21:38:57 [main] INFO  o.a.catalina.core.StandardService - Starting service [Tomcat]
2023-01-24 21:38:57 [main] INFO  o.a.catalina.core.StandardEngine - Starting Servlet engine: [Apache Tomcat/9.0.65]
2023-01-24 21:38:57 [main] INFO  o.a.c.c.C.[.[localhost].[/kob] - Initializing Spring embedded WebApplicationContext
2023-01-24 21:38:57 [main] INFO  c.b.d.d.DynamicRoutingDataSource - dynamic-datasource detect P6SPY plugin and enabled it
2023-01-24 21:38:57 [main] INFO  com.zaxxer.hikari.HikariDataSource - master - Starting...
2023-01-24 21:38:58 [main] INFO  com.zaxxer.hikari.HikariDataSource - master - Start completed.
2023-01-24 21:38:58 [main] INFO  c.b.d.d.DynamicRoutingDataSource - dynamic-datasource - add a datasource named [slave] success
2023-01-24 21:38:58 [main] INFO  c.b.d.d.DynamicRoutingDataSource - dynamic-datasource - add a datasource named [master] success
2023-01-24 21:38:58 [main] INFO  c.b.d.d.DynamicRoutingDataSource - dynamic-datasource initial loaded [2] datasource,primary datasource named [master]
2023-01-24 21:39:02 [main] INFO  c.b.d.d.DynamicRoutingDataSource - dynamic-datasource start closing ....
2023-01-24 21:39:02 [main] INFO  com.zaxxer.hikari.HikariDataSource - master - Shutdown initiated...
2023-01-24 21:39:02 [main] INFO  com.zaxxer.hikari.HikariDataSource - master - Shutdown completed.
2023-01-24 21:39:02 [main] INFO  c.b.d.d.DynamicRoutingDataSource - dynamic-datasource all closed success,bye
2023-01-24 21:39:02 [main] INFO  o.a.catalina.core.StandardService - Stopping service [Tomcat]
2023-01-24 21:43:31 [main] INFO  com.kob.backend.BackendApplication - Starting BackendApplication using Java 1.8.0_202 on DESKTOP-U0P6EDB with PID 12776 (E:\java2\kob\backendcloud\backend\target\classes started by A in E:\java2\kob\backendcloud)
2023-01-24 21:43:31 [background-preinit] INFO  o.h.validator.internal.util.Version - HV000001: Hibernate Validator 6.2.3.Final
2023-01-24 21:43:32 [main] INFO  com.kob.backend.BackendApplication - The following 1 profile is active: "dev"
2023-01-24 21:43:36 [main] INFO  com.kob.backend.config.JacksonConfig - 初始化 jackson 配置
2023-01-24 21:43:37 [main] INFO  com.kob.backend.config.RedisConfig - 初始化 redis 配置
2023-01-24 21:43:37 [main] INFO  org.redisson.Version - Redisson 3.17.5
2023-01-24 21:43:40 [redisson-netty-2-6] INFO  o.r.c.p.MasterPubSubConnectionPool - 1 connections initialized for localhost/127.0.0.1:6379
2023-01-24 21:43:40 [redisson-netty-2-4] INFO  o.r.c.pool.MasterConnectionPool - 8 connections initialized for localhost/127.0.0.1:6379
2023-01-24 21:43:41 [main] INFO  o.a.coyote.http11.Http11NioProtocol - Initializing ProtocolHandler ["http-nio-3000"]
2023-01-24 21:43:41 [main] INFO  o.a.catalina.core.StandardService - Starting service [Tomcat]
2023-01-24 21:43:41 [main] INFO  o.a.catalina.core.StandardEngine - Starting Servlet engine: [Apache Tomcat/9.0.65]
2023-01-24 21:43:41 [main] INFO  o.a.c.c.C.[.[localhost].[/kob] - Initializing Spring embedded WebApplicationContext
2023-01-24 21:43:42 [main] INFO  c.b.d.d.DynamicRoutingDataSource - dynamic-datasource detect P6SPY plugin and enabled it
2023-01-24 21:43:42 [main] INFO  com.zaxxer.hikari.HikariDataSource - master - Starting...
2023-01-24 21:43:42 [main] INFO  com.zaxxer.hikari.HikariDataSource - master - Start completed.
2023-01-24 21:43:42 [main] INFO  c.b.d.d.DynamicRoutingDataSource - dynamic-datasource - add a datasource named [slave] success
2023-01-24 21:43:42 [main] INFO  c.b.d.d.DynamicRoutingDataSource - dynamic-datasource - add a datasource named [master] success
2023-01-24 21:43:42 [main] INFO  c.b.d.d.DynamicRoutingDataSource - dynamic-datasource initial loaded [2] datasource,primary datasource named [master]
2023-01-24 21:43:46 [main] INFO  c.b.d.d.DynamicRoutingDataSource - dynamic-datasource start closing ....
2023-01-24 21:43:46 [main] INFO  com.zaxxer.hikari.HikariDataSource - master - Shutdown initiated...
2023-01-24 21:43:46 [main] INFO  com.zaxxer.hikari.HikariDataSource - master - Shutdown completed.
2023-01-24 21:43:46 [main] INFO  c.b.d.d.DynamicRoutingDataSource - dynamic-datasource all closed success,bye
2023-01-24 21:43:46 [main] INFO  o.a.catalina.core.StandardService - Stopping service [Tomcat]
2023-01-24 21:44:10 [main] INFO  com.kob.backend.BackendApplication - Starting BackendApplication using Java 1.8.0_202 on DESKTOP-U0P6EDB with PID 11384 (E:\java2\kob\backendcloud\backend\target\classes started by A in E:\java2\kob\backendcloud)
2023-01-24 21:44:10 [background-preinit] INFO  o.h.validator.internal.util.Version - HV000001: Hibernate Validator 6.2.3.Final
2023-01-24 21:44:10 [main] INFO  com.kob.backend.BackendApplication - The following 1 profile is active: "dev"
2023-01-24 21:44:15 [main] INFO  com.kob.backend.config.JacksonConfig - 初始化 jackson 配置
2023-01-24 21:44:16 [main] INFO  com.kob.backend.config.RedisConfig - 初始化 redis 配置
2023-01-24 21:44:16 [main] INFO  org.redisson.Version - Redisson 3.17.5
2023-01-24 21:44:19 [redisson-netty-2-1] INFO  o.r.c.p.MasterPubSubConnectionPool - 1 connections initialized for localhost/127.0.0.1:6379
2023-01-24 21:44:19 [redisson-netty-2-4] INFO  o.r.c.pool.MasterConnectionPool - 8 connections initialized for localhost/127.0.0.1:6379
2023-01-24 21:44:20 [main] INFO  o.a.coyote.http11.Http11NioProtocol - Initializing ProtocolHandler ["http-nio-3000"]
2023-01-24 21:44:20 [main] INFO  o.a.catalina.core.StandardService - Starting service [Tomcat]
2023-01-24 21:44:20 [main] INFO  o.a.catalina.core.StandardEngine - Starting Servlet engine: [Apache Tomcat/9.0.65]
2023-01-24 21:44:21 [main] INFO  o.a.c.c.C.[.[localhost].[/kob] - Initializing Spring embedded WebApplicationContext
2023-01-24 21:44:21 [main] INFO  c.b.d.d.DynamicRoutingDataSource - dynamic-datasource detect P6SPY plugin and enabled it
2023-01-24 21:44:21 [main] INFO  com.zaxxer.hikari.HikariDataSource - master - Starting...
2023-01-24 21:44:21 [main] INFO  com.zaxxer.hikari.HikariDataSource - master - Start completed.
2023-01-24 21:44:22 [main] INFO  c.b.d.d.DynamicRoutingDataSource - dynamic-datasource - add a datasource named [slave] success
2023-01-24 21:44:22 [main] INFO  c.b.d.d.DynamicRoutingDataSource - dynamic-datasource - add a datasource named [master] success
2023-01-24 21:44:22 [main] INFO  c.b.d.d.DynamicRoutingDataSource - dynamic-datasource initial loaded [2] datasource,primary datasource named [master]
2023-01-24 21:44:22 [main] INFO  c.b.d.d.DynamicRoutingDataSource - dynamic-datasource start closing ....
2023-01-24 21:44:22 [main] INFO  com.zaxxer.hikari.HikariDataSource - master - Shutdown initiated...
2023-01-24 21:44:22 [main] INFO  com.zaxxer.hikari.HikariDataSource - master - Shutdown completed.
2023-01-24 21:44:22 [main] INFO  c.b.d.d.DynamicRoutingDataSource - dynamic-datasource all closed success,bye
2023-01-24 21:44:22 [main] INFO  o.a.catalina.core.StandardService - Stopping service [Tomcat]
2023-01-24 21:44:57 [main] INFO  com.kob.backend.BackendApplication - Starting BackendApplication using Java 1.8.0_202 on DESKTOP-U0P6EDB with PID 6852 (E:\java2\kob\backendcloud\backend\target\classes started by A in E:\java2\kob\backendcloud)
2023-01-24 21:44:57 [background-preinit] INFO  o.h.validator.internal.util.Version - HV000001: Hibernate Validator 6.2.3.Final
2023-01-24 21:44:57 [main] INFO  com.kob.backend.BackendApplication - The following 1 profile is active: "dev"
2023-01-24 21:45:02 [main] INFO  com.kob.backend.config.JacksonConfig - 初始化 jackson 配置
2023-01-24 21:45:02 [main] INFO  com.kob.backend.config.RedisConfig - 初始化 redis 配置
2023-01-24 21:45:03 [main] INFO  org.redisson.Version - Redisson 3.17.5
2023-01-24 21:45:05 [redisson-netty-2-7] INFO  o.r.c.p.MasterPubSubConnectionPool - 1 connections initialized for localhost/127.0.0.1:6379
2023-01-24 21:45:05 [redisson-netty-2-4] INFO  o.r.c.pool.MasterConnectionPool - 8 connections initialized for localhost/127.0.0.1:6379
2023-01-24 21:45:07 [main] INFO  o.a.coyote.http11.Http11NioProtocol - Initializing ProtocolHandler ["http-nio-3000"]
2023-01-24 21:45:07 [main] INFO  o.a.catalina.core.StandardService - Starting service [Tomcat]
2023-01-24 21:45:07 [main] INFO  o.a.catalina.core.StandardEngine - Starting Servlet engine: [Apache Tomcat/9.0.65]
2023-01-24 21:45:07 [main] INFO  o.a.c.c.C.[.[localhost].[/kob] - Initializing Spring embedded WebApplicationContext
2023-01-24 21:45:07 [main] INFO  c.b.d.d.DynamicRoutingDataSource - dynamic-datasource detect P6SPY plugin and enabled it
2023-01-24 21:45:07 [main] INFO  com.zaxxer.hikari.HikariDataSource - master - Starting...
2023-01-24 21:45:08 [main] INFO  com.zaxxer.hikari.HikariDataSource - master - Start completed.
2023-01-24 21:45:08 [main] INFO  c.b.d.d.DynamicRoutingDataSource - dynamic-datasource - add a datasource named [slave] success
2023-01-24 21:45:08 [main] INFO  c.b.d.d.DynamicRoutingDataSource - dynamic-datasource - add a datasource named [master] success
2023-01-24 21:45:08 [main] INFO  c.b.d.d.DynamicRoutingDataSource - dynamic-datasource initial loaded [2] datasource,primary datasource named [master]
2023-01-24 21:45:12 [main] INFO  c.b.d.d.DynamicRoutingDataSource - dynamic-datasource start closing ....
2023-01-24 21:45:12 [main] INFO  com.zaxxer.hikari.HikariDataSource - master - Shutdown initiated...
2023-01-24 21:45:12 [main] INFO  com.zaxxer.hikari.HikariDataSource - master - Shutdown completed.
2023-01-24 21:45:12 [main] INFO  c.b.d.d.DynamicRoutingDataSource - dynamic-datasource all closed success,bye
2023-01-24 21:45:12 [main] INFO  o.a.catalina.core.StandardService - Stopping service [Tomcat]
2023-01-24 21:51:28 [main] INFO  com.kob.backend.BackendApplication - Starting BackendApplication using Java 1.8.0_202 on DESKTOP-U0P6EDB with PID 4000 (E:\java2\kob\backendcloud\backend\target\classes started by A in E:\java2\kob\backendcloud)
2023-01-24 21:51:28 [background-preinit] INFO  o.h.validator.internal.util.Version - HV000001: Hibernate Validator 6.2.3.Final
2023-01-24 21:51:28 [main] INFO  com.kob.backend.BackendApplication - The following 1 profile is active: "dev"
2023-01-24 21:51:33 [main] INFO  com.kob.backend.config.JacksonConfig - 初始化 jackson 配置
2023-01-24 21:51:34 [main] INFO  com.kob.backend.config.RedisConfig - 初始化 redis 配置
2023-01-24 21:51:34 [main] INFO  org.redisson.Version - Redisson 3.17.5
2023-01-24 21:51:37 [redisson-netty-2-7] INFO  o.r.c.p.MasterPubSubConnectionPool - 1 connections initialized for localhost/127.0.0.1:6379
2023-01-24 21:51:37 [redisson-netty-2-4] INFO  o.r.c.pool.MasterConnectionPool - 8 connections initialized for localhost/127.0.0.1:6379
2023-01-24 21:51:38 [main] INFO  o.a.coyote.http11.Http11NioProtocol - Initializing ProtocolHandler ["http-nio-3000"]
2023-01-24 21:51:38 [main] INFO  o.a.catalina.core.StandardService - Starting service [Tomcat]
2023-01-24 21:51:38 [main] INFO  o.a.catalina.core.StandardEngine - Starting Servlet engine: [Apache Tomcat/9.0.65]
2023-01-24 21:51:38 [main] INFO  o.a.c.c.C.[.[localhost].[/kob] - Initializing Spring embedded WebApplicationContext
2023-01-24 21:51:39 [main] INFO  c.b.d.d.DynamicRoutingDataSource - dynamic-datasource detect P6SPY plugin and enabled it
2023-01-24 21:51:39 [main] INFO  com.zaxxer.hikari.HikariDataSource - master - Starting...
2023-01-24 21:51:39 [main] INFO  com.zaxxer.hikari.HikariDataSource - master - Start completed.
2023-01-24 21:51:39 [main] INFO  c.b.d.d.DynamicRoutingDataSource - dynamic-datasource - add a datasource named [slave] success
2023-01-24 21:51:39 [main] INFO  c.b.d.d.DynamicRoutingDataSource - dynamic-datasource - add a datasource named [master] success
2023-01-24 21:51:39 [main] INFO  c.b.d.d.DynamicRoutingDataSource - dynamic-datasource initial loaded [2] datasource,primary datasource named [master]
2023-01-24 21:51:46 [main] INFO  o.a.coyote.http11.Http11NioProtocol - Starting ProtocolHandler ["http-nio-3000"]
2023-01-24 21:51:46 [main] INFO  com.kob.backend.BackendApplication - Started BackendApplication in 18.948 seconds (JVM running for 22.618)
2023-01-24 21:51:46 [main] INFO  c.k.b.s.I.o.SysOssConfigServiceImpl - 发布刷新OSS配置 => minio
2023-01-24 21:51:46 [main] INFO  c.k.b.s.I.o.SysOssConfigServiceImpl - 发布刷新OSS配置 => qiniu
2023-01-24 21:51:46 [main] INFO  c.k.b.s.I.o.SysOssConfigServiceImpl - 发布刷新OSS配置 => aliyun
2023-01-24 21:51:46 [main] INFO  c.k.b.s.I.o.SysOssConfigServiceImpl - 发布刷新OSS配置 => qcloud
2023-01-24 21:51:46 [main] INFO  c.k.b.s.I.o.SysOssConfigServiceImpl - 发布刷新OSS配置 => image
2023-01-24 21:51:46 [main] INFO  com.kob.oss.factory.OssFactory - 初始化OSS工厂
2023-01-24 21:51:46 [main] INFO  c.k.b.runner.SystemApplicationRunner - 初始化OSS配置成功
2023-01-24 21:51:47 [RMI TCP Connection(1)-192.168.93.1] INFO  o.a.c.c.C.[.[localhost].[/kob] - Initializing Spring DispatcherServlet 'dispatcherServlet'
2023-01-24 21:58:20 [SpringApplicationShutdownHook] INFO  c.b.d.d.DynamicRoutingDataSource - dynamic-datasource start closing ....
2023-01-24 21:58:20 [SpringApplicationShutdownHook] INFO  com.zaxxer.hikari.HikariDataSource - master - Shutdown initiated...
2023-01-24 21:58:20 [SpringApplicationShutdownHook] INFO  com.zaxxer.hikari.HikariDataSource - master - Shutdown completed.
2023-01-24 21:58:20 [SpringApplicationShutdownHook] INFO  c.b.d.d.DynamicRoutingDataSource - dynamic-datasource all closed success,bye
2023-01-24 22:06:12 [main] INFO  com.kob.backend.BackendApplication - Starting BackendApplication using Java 1.8.0_202 on DESKTOP-U0P6EDB with PID 8392 (E:\java2\kob\backendcloud\backend\target\classes started by A in E:\java2\kob\backendcloud)
2023-01-24 22:06:12 [background-preinit] INFO  o.h.validator.internal.util.Version - HV000001: Hibernate Validator 6.2.3.Final
2023-01-24 22:06:12 [main] INFO  com.kob.backend.BackendApplication - The following 1 profile is active: "dev"
2023-01-24 22:06:17 [main] INFO  com.kob.backend.config.JacksonConfig - 初始化 jackson 配置
2023-01-24 22:06:18 [main] INFO  com.kob.backend.config.RedisConfig - 初始化 redis 配置
2023-01-24 22:06:18 [main] INFO  org.redisson.Version - Redisson 3.17.5
2023-01-24 22:06:21 [redisson-netty-2-6] INFO  o.r.c.p.MasterPubSubConnectionPool - 1 connections initialized for localhost/127.0.0.1:6379
2023-01-24 22:06:21 [redisson-netty-2-4] INFO  o.r.c.pool.MasterConnectionPool - 8 connections initialized for localhost/127.0.0.1:6379
2023-01-24 22:06:22 [main] INFO  o.a.coyote.http11.Http11NioProtocol - Initializing ProtocolHandler ["http-nio-3000"]
2023-01-24 22:06:22 [main] INFO  o.a.catalina.core.StandardService - Starting service [Tomcat]
2023-01-24 22:06:22 [main] INFO  o.a.catalina.core.StandardEngine - Starting Servlet engine: [Apache Tomcat/9.0.65]
2023-01-24 22:06:22 [main] INFO  o.a.c.c.C.[.[localhost].[/kob] - Initializing Spring embedded WebApplicationContext
2023-01-24 22:06:23 [main] INFO  c.b.d.d.DynamicRoutingDataSource - dynamic-datasource detect P6SPY plugin and enabled it
2023-01-24 22:06:23 [main] INFO  com.zaxxer.hikari.HikariDataSource - master - Starting...
2023-01-24 22:06:23 [main] INFO  com.zaxxer.hikari.HikariDataSource - master - Start completed.
2023-01-24 22:06:23 [main] INFO  c.b.d.d.DynamicRoutingDataSource - dynamic-datasource - add a datasource named [slave] success
2023-01-24 22:06:23 [main] INFO  c.b.d.d.DynamicRoutingDataSource - dynamic-datasource - add a datasource named [master] success
2023-01-24 22:06:23 [main] INFO  c.b.d.d.DynamicRoutingDataSource - dynamic-datasource initial loaded [2] datasource,primary datasource named [master]
2023-01-24 22:06:30 [main] INFO  o.a.coyote.http11.Http11NioProtocol - Starting ProtocolHandler ["http-nio-3000"]
2023-01-24 22:06:30 [main] INFO  com.kob.backend.BackendApplication - Started BackendApplication in 19.715 seconds (JVM running for 24.775)
2023-01-24 22:06:31 [main] INFO  c.k.b.s.I.o.SysOssConfigServiceImpl - 发布刷新OSS配置 => minio
2023-01-24 22:06:31 [main] INFO  c.k.b.s.I.o.SysOssConfigServiceImpl - 发布刷新OSS配置 => qiniu
2023-01-24 22:06:31 [main] INFO  c.k.b.s.I.o.SysOssConfigServiceImpl - 发布刷新OSS配置 => aliyun
2023-01-24 22:06:31 [main] INFO  c.k.b.s.I.o.SysOssConfigServiceImpl - 发布刷新OSS配置 => qcloud
2023-01-24 22:06:31 [main] INFO  c.k.b.s.I.o.SysOssConfigServiceImpl - 发布刷新OSS配置 => image
2023-01-24 22:06:31 [main] INFO  com.kob.oss.factory.OssFactory - 初始化OSS工厂
2023-01-24 22:06:31 [main] INFO  c.k.b.runner.SystemApplicationRunner - 初始化OSS配置成功
2023-01-24 22:06:32 [RMI TCP Connection(2)-192.168.93.1] INFO  o.a.c.c.C.[.[localhost].[/kob] - Initializing Spring DispatcherServlet 'dispatcherServlet'
