2023-01-19 16:22:56 [background-preinit] INFO  o.h.validator.internal.util.Version - HV000001: Hibernate Validator 6.2.3.Final
2023-01-19 16:22:56 [main] INFO  com.kob.backend.BackendApplication - Starting BackendApplication using Java 1.8.0_202 on DESKTOP-U0P6EDB with PID 19048 (E:\java2\kob\backendcloud\backend\target\classes started by A in E:\java2\kob\backendcloud)
2023-01-19 16:22:56 [main] INFO  com.kob.backend.BackendApplication - The following 1 profile is active: "dev"
2023-01-19 16:23:03 [main] INFO  com.kob.backend.config.JacksonConfig - 初始化 jackson 配置
2023-01-19 16:23:04 [main] INFO  com.kob.backend.config.RedisConfig - 初始化 redis 配置
2023-01-19 16:23:04 [main] INFO  org.redisson.Version - Redisson 3.17.5
2023-01-19 16:23:07 [redisson-netty-2-7] INFO  o.r.c.p.MasterPubSubConnectionPool - 1 connections initialized for localhost/127.0.0.1:6379
2023-01-19 16:23:07 [redisson-netty-2-4] INFO  o.r.c.pool.MasterConnectionPool - 8 connections initialized for localhost/127.0.0.1:6379
2023-01-19 16:23:09 [main] INFO  o.a.coyote.http11.Http11NioProtocol - Initializing ProtocolHandler ["http-nio-3000"]
2023-01-19 16:23:09 [main] INFO  o.a.catalina.core.StandardService - Starting service [Tomcat]
2023-01-19 16:23:09 [main] INFO  o.a.catalina.core.StandardEngine - Starting Servlet engine: [Apache Tomcat/9.0.65]
2023-01-19 16:23:11 [main] INFO  o.a.c.c.C.[.[localhost].[/kob] - Initializing Spring embedded WebApplicationContext
2023-01-19 16:23:11 [main] INFO  c.b.d.d.DynamicRoutingDataSource - dynamic-datasource detect P6SPY plugin and enabled it
2023-01-19 16:23:11 [main] INFO  com.zaxxer.hikari.HikariDataSource - master - Starting...
2023-01-19 16:23:12 [main] INFO  com.zaxxer.hikari.HikariDataSource - master - Start completed.
2023-01-19 16:23:12 [main] INFO  c.b.d.d.DynamicRoutingDataSource - dynamic-datasource - add a datasource named [slave] success
2023-01-19 16:23:12 [main] INFO  c.b.d.d.DynamicRoutingDataSource - dynamic-datasource - add a datasource named [master] success
2023-01-19 16:23:12 [main] INFO  c.b.d.d.DynamicRoutingDataSource - dynamic-datasource initial loaded [2] datasource,primary datasource named [master]
2023-01-19 16:23:21 [main] INFO  o.a.coyote.http11.Http11NioProtocol - Starting ProtocolHandler ["http-nio-3000"]
2023-01-19 16:23:21 [main] INFO  com.kob.backend.BackendApplication - Started BackendApplication in 25.781 seconds (JVM running for 32.821)
2023-01-19 16:23:21 [main] INFO  c.k.b.s.I.o.SysOssConfigServiceImpl - 发布刷新OSS配置 => minio
2023-01-19 16:23:21 [main] INFO  c.k.b.s.I.o.SysOssConfigServiceImpl - 发布刷新OSS配置 => qiniu
2023-01-19 16:23:21 [main] INFO  c.k.b.s.I.o.SysOssConfigServiceImpl - 发布刷新OSS配置 => aliyun
2023-01-19 16:23:21 [main] INFO  c.k.b.s.I.o.SysOssConfigServiceImpl - 发布刷新OSS配置 => qcloud
2023-01-19 16:23:21 [main] INFO  c.k.b.s.I.o.SysOssConfigServiceImpl - 发布刷新OSS配置 => image
2023-01-19 16:23:21 [main] INFO  com.kob.oss.factory.OssFactory - 初始化OSS工厂
2023-01-19 16:23:21 [main] INFO  c.k.b.runner.SystemApplicationRunner - 初始化OSS配置成功
2023-01-19 16:23:22 [RMI TCP Connection(1)-192.168.93.1] INFO  o.a.c.c.C.[.[localhost].[/kob] - Initializing Spring DispatcherServlet 'dispatcherServlet'
2023-01-19 16:27:44 [SpringApplicationShutdownHook] INFO  c.b.d.d.DynamicRoutingDataSource - dynamic-datasource start closing ....
2023-01-19 16:27:44 [SpringApplicationShutdownHook] INFO  com.zaxxer.hikari.HikariDataSource - master - Shutdown initiated...
2023-01-19 16:27:44 [SpringApplicationShutdownHook] INFO  com.zaxxer.hikari.HikariDataSource - master - Shutdown completed.
2023-01-19 16:27:44 [SpringApplicationShutdownHook] INFO  c.b.d.d.DynamicRoutingDataSource - dynamic-datasource all closed success,bye
2023-01-19 16:28:43 [main] INFO  com.kob.backend.BackendApplication - Starting BackendApplication using Java 1.8.0_202 on DESKTOP-U0P6EDB with PID 14536 (E:\java2\kob\backendcloud\backend\target\classes started by A in E:\java2\kob\backendcloud)
2023-01-19 16:28:43 [background-preinit] INFO  o.h.validator.internal.util.Version - HV000001: Hibernate Validator 6.2.3.Final
2023-01-19 16:28:43 [main] INFO  com.kob.backend.BackendApplication - The following 1 profile is active: "dev"
2023-01-19 16:28:49 [main] INFO  com.kob.backend.config.JacksonConfig - 初始化 jackson 配置
2023-01-19 16:28:50 [main] INFO  com.kob.backend.config.RedisConfig - 初始化 redis 配置
2023-01-19 16:28:50 [main] INFO  org.redisson.Version - Redisson 3.17.5
2023-01-19 16:28:53 [redisson-netty-2-7] INFO  o.r.c.p.MasterPubSubConnectionPool - 1 connections initialized for localhost/127.0.0.1:6379
2023-01-19 16:28:54 [redisson-netty-2-4] INFO  o.r.c.pool.MasterConnectionPool - 8 connections initialized for localhost/127.0.0.1:6379
2023-01-19 16:28:55 [main] INFO  o.a.coyote.http11.Http11NioProtocol - Initializing ProtocolHandler ["http-nio-3000"]
2023-01-19 16:28:55 [main] INFO  o.a.catalina.core.StandardService - Starting service [Tomcat]
2023-01-19 16:28:55 [main] INFO  o.a.catalina.core.StandardEngine - Starting Servlet engine: [Apache Tomcat/9.0.65]
2023-01-19 16:28:56 [main] INFO  o.a.c.c.C.[.[localhost].[/kob] - Initializing Spring embedded WebApplicationContext
2023-01-19 16:28:56 [main] INFO  c.b.d.d.DynamicRoutingDataSource - dynamic-datasource detect P6SPY plugin and enabled it
2023-01-19 16:28:56 [main] INFO  com.zaxxer.hikari.HikariDataSource - master - Starting...
2023-01-19 16:28:57 [main] INFO  com.zaxxer.hikari.HikariDataSource - master - Start completed.
2023-01-19 16:28:57 [main] INFO  c.b.d.d.DynamicRoutingDataSource - dynamic-datasource - add a datasource named [slave] success
2023-01-19 16:28:57 [main] INFO  c.b.d.d.DynamicRoutingDataSource - dynamic-datasource - add a datasource named [master] success
2023-01-19 16:28:57 [main] INFO  c.b.d.d.DynamicRoutingDataSource - dynamic-datasource initial loaded [2] datasource,primary datasource named [master]
2023-01-19 16:29:05 [main] INFO  o.a.coyote.http11.Http11NioProtocol - Starting ProtocolHandler ["http-nio-3000"]
2023-01-19 16:29:05 [main] INFO  com.kob.backend.BackendApplication - Started BackendApplication in 24.376 seconds (JVM running for 29.554)
2023-01-19 16:29:06 [main] INFO  c.k.b.s.I.o.SysOssConfigServiceImpl - 发布刷新OSS配置 => minio
2023-01-19 16:29:06 [main] INFO  c.k.b.s.I.o.SysOssConfigServiceImpl - 发布刷新OSS配置 => qiniu
2023-01-19 16:29:06 [main] INFO  c.k.b.s.I.o.SysOssConfigServiceImpl - 发布刷新OSS配置 => aliyun
2023-01-19 16:29:06 [main] INFO  c.k.b.s.I.o.SysOssConfigServiceImpl - 发布刷新OSS配置 => qcloud
2023-01-19 16:29:06 [main] INFO  c.k.b.s.I.o.SysOssConfigServiceImpl - 发布刷新OSS配置 => image
2023-01-19 16:29:06 [main] INFO  com.kob.oss.factory.OssFactory - 初始化OSS工厂
2023-01-19 16:29:06 [main] INFO  c.k.b.runner.SystemApplicationRunner - 初始化OSS配置成功
2023-01-19 16:29:08 [RMI TCP Connection(7)-192.168.93.1] INFO  o.a.c.c.C.[.[localhost].[/kob] - Initializing Spring DispatcherServlet 'dispatcherServlet'
2023-01-19 17:16:48 [SpringApplicationShutdownHook] INFO  c.b.d.d.DynamicRoutingDataSource - dynamic-datasource start closing ....
2023-01-19 17:16:48 [SpringApplicationShutdownHook] INFO  com.zaxxer.hikari.HikariDataSource - master - Shutdown initiated...
2023-01-19 17:16:48 [SpringApplicationShutdownHook] INFO  com.zaxxer.hikari.HikariDataSource - master - Shutdown completed.
2023-01-19 17:16:48 [SpringApplicationShutdownHook] INFO  c.b.d.d.DynamicRoutingDataSource - dynamic-datasource all closed success,bye
2023-01-19 17:17:00 [main] INFO  com.kob.backend.BackendApplication - Starting BackendApplication using Java 1.8.0_202 on DESKTOP-U0P6EDB with PID 21332 (E:\java2\kob\backendcloud\backend\target\classes started by A in E:\java2\kob\backendcloud)
2023-01-19 17:17:00 [background-preinit] INFO  o.h.validator.internal.util.Version - HV000001: Hibernate Validator 6.2.3.Final
2023-01-19 17:17:00 [main] INFO  com.kob.backend.BackendApplication - The following 1 profile is active: "dev"
2023-01-19 17:17:06 [main] INFO  com.kob.backend.config.JacksonConfig - 初始化 jackson 配置
2023-01-19 17:17:07 [main] INFO  com.kob.backend.config.RedisConfig - 初始化 redis 配置
2023-01-19 17:17:07 [main] INFO  org.redisson.Version - Redisson 3.17.5
2023-01-19 17:17:10 [redisson-netty-2-7] INFO  o.r.c.p.MasterPubSubConnectionPool - 1 connections initialized for localhost/127.0.0.1:6379
2023-01-19 17:17:10 [redisson-netty-2-4] INFO  o.r.c.pool.MasterConnectionPool - 8 connections initialized for localhost/127.0.0.1:6379
2023-01-19 17:17:12 [main] INFO  o.a.coyote.http11.Http11NioProtocol - Initializing ProtocolHandler ["http-nio-3000"]
2023-01-19 17:17:12 [main] INFO  o.a.catalina.core.StandardService - Starting service [Tomcat]
2023-01-19 17:17:12 [main] INFO  o.a.catalina.core.StandardEngine - Starting Servlet engine: [Apache Tomcat/9.0.65]
2023-01-19 17:17:12 [main] INFO  o.a.c.c.C.[.[localhost].[/kob] - Initializing Spring embedded WebApplicationContext
2023-01-19 17:17:13 [main] INFO  c.b.d.d.DynamicRoutingDataSource - dynamic-datasource detect P6SPY plugin and enabled it
2023-01-19 17:17:13 [main] INFO  com.zaxxer.hikari.HikariDataSource - master - Starting...
2023-01-19 17:17:13 [main] INFO  com.zaxxer.hikari.HikariDataSource - master - Start completed.
2023-01-19 17:17:13 [main] INFO  c.b.d.d.DynamicRoutingDataSource - dynamic-datasource - add a datasource named [slave] success
2023-01-19 17:17:13 [main] INFO  c.b.d.d.DynamicRoutingDataSource - dynamic-datasource - add a datasource named [master] success
2023-01-19 17:17:13 [main] INFO  c.b.d.d.DynamicRoutingDataSource - dynamic-datasource initial loaded [2] datasource,primary datasource named [master]
2023-01-19 17:17:21 [main] INFO  o.a.coyote.http11.Http11NioProtocol - Starting ProtocolHandler ["http-nio-3000"]
2023-01-19 17:17:21 [main] INFO  com.kob.backend.BackendApplication - Started BackendApplication in 22.853 seconds (JVM running for 27.256)
2023-01-19 17:17:22 [main] INFO  c.k.b.s.I.o.SysOssConfigServiceImpl - 发布刷新OSS配置 => minio
2023-01-19 17:17:22 [main] INFO  c.k.b.s.I.o.SysOssConfigServiceImpl - 发布刷新OSS配置 => qiniu
2023-01-19 17:17:22 [main] INFO  c.k.b.s.I.o.SysOssConfigServiceImpl - 发布刷新OSS配置 => aliyun
2023-01-19 17:17:22 [main] INFO  c.k.b.s.I.o.SysOssConfigServiceImpl - 发布刷新OSS配置 => qcloud
2023-01-19 17:17:22 [main] INFO  c.k.b.s.I.o.SysOssConfigServiceImpl - 发布刷新OSS配置 => image
2023-01-19 17:17:22 [main] INFO  com.kob.oss.factory.OssFactory - 初始化OSS工厂
2023-01-19 17:17:22 [main] INFO  c.k.b.runner.SystemApplicationRunner - 初始化OSS配置成功
2023-01-19 17:17:22 [RMI TCP Connection(3)-192.168.93.1] INFO  o.a.c.c.C.[.[localhost].[/kob] - Initializing Spring DispatcherServlet 'dispatcherServlet'
2023-01-19 17:29:56 [SpringApplicationShutdownHook] INFO  c.b.d.d.DynamicRoutingDataSource - dynamic-datasource start closing ....
2023-01-19 17:29:56 [SpringApplicationShutdownHook] INFO  com.zaxxer.hikari.HikariDataSource - master - Shutdown initiated...
2023-01-19 17:29:56 [SpringApplicationShutdownHook] INFO  com.zaxxer.hikari.HikariDataSource - master - Shutdown completed.
2023-01-19 17:29:56 [SpringApplicationShutdownHook] INFO  c.b.d.d.DynamicRoutingDataSource - dynamic-datasource all closed success,bye
2023-01-19 17:35:45 [main] INFO  com.kob.backend.BackendApplication - Starting BackendApplication using Java 1.8.0_202 on DESKTOP-U0P6EDB with PID 11356 (E:\java2\kob\backendcloud\backend\target\classes started by A in E:\java2\kob\backendcloud)
2023-01-19 17:35:45 [background-preinit] INFO  o.h.validator.internal.util.Version - HV000001: Hibernate Validator 6.2.3.Final
2023-01-19 17:35:45 [main] INFO  com.kob.backend.BackendApplication - The following 1 profile is active: "dev"
2023-01-19 17:35:52 [main] INFO  com.kob.backend.config.JacksonConfig - 初始化 jackson 配置
2023-01-19 17:35:53 [main] INFO  com.kob.backend.config.RedisConfig - 初始化 redis 配置
2023-01-19 17:35:53 [main] INFO  org.redisson.Version - Redisson 3.17.5
2023-01-19 17:35:55 [redisson-netty-2-7] INFO  o.r.c.p.MasterPubSubConnectionPool - 1 connections initialized for localhost/127.0.0.1:6379
2023-01-19 17:35:55 [redisson-netty-2-4] INFO  o.r.c.pool.MasterConnectionPool - 8 connections initialized for localhost/127.0.0.1:6379
2023-01-19 17:35:57 [main] INFO  o.a.coyote.http11.Http11NioProtocol - Initializing ProtocolHandler ["http-nio-3000"]
2023-01-19 17:35:57 [main] INFO  o.a.catalina.core.StandardService - Starting service [Tomcat]
2023-01-19 17:35:57 [main] INFO  o.a.catalina.core.StandardEngine - Starting Servlet engine: [Apache Tomcat/9.0.65]
2023-01-19 17:35:57 [main] INFO  o.a.c.c.C.[.[localhost].[/kob] - Initializing Spring embedded WebApplicationContext
2023-01-19 17:35:57 [main] INFO  c.b.d.d.DynamicRoutingDataSource - dynamic-datasource detect P6SPY plugin and enabled it
2023-01-19 17:35:57 [main] INFO  com.zaxxer.hikari.HikariDataSource - master - Starting...
2023-01-19 17:35:58 [main] INFO  com.zaxxer.hikari.HikariDataSource - master - Start completed.
2023-01-19 17:35:58 [main] INFO  c.b.d.d.DynamicRoutingDataSource - dynamic-datasource - add a datasource named [slave] success
2023-01-19 17:35:58 [main] INFO  c.b.d.d.DynamicRoutingDataSource - dynamic-datasource - add a datasource named [master] success
2023-01-19 17:35:58 [main] INFO  c.b.d.d.DynamicRoutingDataSource - dynamic-datasource initial loaded [2] datasource,primary datasource named [master]
2023-01-19 17:35:59 [main] INFO  c.b.d.d.DynamicRoutingDataSource - dynamic-datasource start closing ....
2023-01-19 17:35:59 [main] INFO  com.zaxxer.hikari.HikariDataSource - master - Shutdown initiated...
2023-01-19 17:35:59 [main] INFO  com.zaxxer.hikari.HikariDataSource - master - Shutdown completed.
2023-01-19 17:35:59 [main] INFO  c.b.d.d.DynamicRoutingDataSource - dynamic-datasource all closed success,bye
2023-01-19 17:35:59 [main] INFO  o.a.catalina.core.StandardService - Stopping service [Tomcat]
2023-01-19 17:37:48 [background-preinit] INFO  o.h.validator.internal.util.Version - HV000001: Hibernate Validator 6.2.3.Final
2023-01-19 17:37:48 [main] INFO  com.kob.backend.BackendApplication - Starting BackendApplication using Java 1.8.0_202 on DESKTOP-U0P6EDB with PID 9748 (E:\java2\kob\backendcloud\backend\target\classes started by A in E:\java2\kob\backendcloud)
2023-01-19 17:37:48 [main] INFO  com.kob.backend.BackendApplication - The following 1 profile is active: "dev"
2023-01-19 17:37:53 [main] INFO  com.kob.backend.config.JacksonConfig - 初始化 jackson 配置
2023-01-19 17:37:53 [main] INFO  com.kob.backend.config.RedisConfig - 初始化 redis 配置
2023-01-19 17:37:54 [main] INFO  org.redisson.Version - Redisson 3.17.5
2023-01-19 17:37:56 [redisson-netty-2-6] INFO  o.r.c.p.MasterPubSubConnectionPool - 1 connections initialized for localhost/127.0.0.1:6379
2023-01-19 17:37:56 [redisson-netty-2-4] INFO  o.r.c.pool.MasterConnectionPool - 8 connections initialized for localhost/127.0.0.1:6379
2023-01-19 17:37:57 [main] INFO  o.a.coyote.http11.Http11NioProtocol - Initializing ProtocolHandler ["http-nio-3000"]
2023-01-19 17:37:57 [main] INFO  o.a.catalina.core.StandardService - Starting service [Tomcat]
2023-01-19 17:37:57 [main] INFO  o.a.catalina.core.StandardEngine - Starting Servlet engine: [Apache Tomcat/9.0.65]
2023-01-19 17:37:57 [main] INFO  o.a.c.c.C.[.[localhost].[/kob] - Initializing Spring embedded WebApplicationContext
2023-01-19 17:37:58 [main] INFO  c.b.d.d.DynamicRoutingDataSource - dynamic-datasource detect P6SPY plugin and enabled it
2023-01-19 17:37:58 [main] INFO  com.zaxxer.hikari.HikariDataSource - master - Starting...
2023-01-19 17:37:58 [main] INFO  com.zaxxer.hikari.HikariDataSource - master - Start completed.
2023-01-19 17:37:58 [main] INFO  c.b.d.d.DynamicRoutingDataSource - dynamic-datasource - add a datasource named [slave] success
2023-01-19 17:37:58 [main] INFO  c.b.d.d.DynamicRoutingDataSource - dynamic-datasource - add a datasource named [master] success
2023-01-19 17:37:58 [main] INFO  c.b.d.d.DynamicRoutingDataSource - dynamic-datasource initial loaded [2] datasource,primary datasource named [master]
2023-01-19 17:37:59 [main] INFO  c.b.d.d.DynamicRoutingDataSource - dynamic-datasource start closing ....
2023-01-19 17:37:59 [main] INFO  com.zaxxer.hikari.HikariDataSource - master - Shutdown initiated...
2023-01-19 17:37:59 [main] INFO  com.zaxxer.hikari.HikariDataSource - master - Shutdown completed.
2023-01-19 17:37:59 [main] INFO  c.b.d.d.DynamicRoutingDataSource - dynamic-datasource all closed success,bye
2023-01-19 17:37:59 [main] INFO  o.a.catalina.core.StandardService - Stopping service [Tomcat]
2023-01-19 17:41:32 [main] INFO  com.kob.backend.BackendApplication - Starting BackendApplication using Java 1.8.0_202 on DESKTOP-U0P6EDB with PID 1088 (E:\java2\kob\backendcloud\backend\target\classes started by A in E:\java2\kob\backendcloud)
2023-01-19 17:41:32 [background-preinit] INFO  o.h.validator.internal.util.Version - HV000001: Hibernate Validator 6.2.3.Final
2023-01-19 17:41:33 [main] INFO  com.kob.backend.BackendApplication - The following 1 profile is active: "dev"
2023-01-19 17:41:38 [main] INFO  com.kob.backend.config.JacksonConfig - 初始化 jackson 配置
2023-01-19 17:41:38 [main] INFO  com.kob.backend.config.RedisConfig - 初始化 redis 配置
2023-01-19 17:41:38 [main] INFO  org.redisson.Version - Redisson 3.17.5
2023-01-19 17:41:41 [redisson-netty-2-7] INFO  o.r.c.p.MasterPubSubConnectionPool - 1 connections initialized for localhost/127.0.0.1:6379
2023-01-19 17:41:41 [redisson-netty-2-4] INFO  o.r.c.pool.MasterConnectionPool - 8 connections initialized for localhost/127.0.0.1:6379
2023-01-19 17:41:42 [main] INFO  o.a.coyote.http11.Http11NioProtocol - Initializing ProtocolHandler ["http-nio-3000"]
2023-01-19 17:41:42 [main] INFO  o.a.catalina.core.StandardService - Starting service [Tomcat]
2023-01-19 17:41:42 [main] INFO  o.a.catalina.core.StandardEngine - Starting Servlet engine: [Apache Tomcat/9.0.65]
2023-01-19 17:41:42 [main] INFO  o.a.c.c.C.[.[localhost].[/kob] - Initializing Spring embedded WebApplicationContext
2023-01-19 17:41:42 [main] INFO  c.b.d.d.DynamicRoutingDataSource - dynamic-datasource detect P6SPY plugin and enabled it
2023-01-19 17:41:42 [main] INFO  com.zaxxer.hikari.HikariDataSource - master - Starting...
2023-01-19 17:41:43 [main] INFO  com.zaxxer.hikari.HikariDataSource - master - Start completed.
2023-01-19 17:41:43 [main] INFO  c.b.d.d.DynamicRoutingDataSource - dynamic-datasource - add a datasource named [slave] success
2023-01-19 17:41:43 [main] INFO  c.b.d.d.DynamicRoutingDataSource - dynamic-datasource - add a datasource named [master] success
2023-01-19 17:41:43 [main] INFO  c.b.d.d.DynamicRoutingDataSource - dynamic-datasource initial loaded [2] datasource,primary datasource named [master]
2023-01-19 17:41:44 [main] INFO  c.b.d.d.DynamicRoutingDataSource - dynamic-datasource start closing ....
2023-01-19 17:41:44 [main] INFO  com.zaxxer.hikari.HikariDataSource - master - Shutdown initiated...
2023-01-19 17:41:44 [main] INFO  com.zaxxer.hikari.HikariDataSource - master - Shutdown completed.
2023-01-19 17:41:44 [main] INFO  c.b.d.d.DynamicRoutingDataSource - dynamic-datasource all closed success,bye
2023-01-19 17:41:44 [main] INFO  o.a.catalina.core.StandardService - Stopping service [Tomcat]
2023-01-19 17:46:57 [main] INFO  com.kob.backend.BackendApplication - Starting BackendApplication using Java 1.8.0_202 on DESKTOP-U0P6EDB with PID 12092 (E:\java2\kob\backendcloud\backend\target\classes started by A in E:\java2\kob\backendcloud)
2023-01-19 17:46:57 [background-preinit] INFO  o.h.validator.internal.util.Version - HV000001: Hibernate Validator 6.2.3.Final
2023-01-19 17:46:57 [main] INFO  com.kob.backend.BackendApplication - The following 1 profile is active: "dev"
2023-01-19 17:47:04 [main] INFO  com.kob.backend.config.JacksonConfig - 初始化 jackson 配置
2023-01-19 17:47:04 [main] INFO  com.kob.backend.config.RedisConfig - 初始化 redis 配置
2023-01-19 17:47:04 [main] INFO  org.redisson.Version - Redisson 3.17.5
2023-01-19 17:47:07 [redisson-netty-2-7] INFO  o.r.c.p.MasterPubSubConnectionPool - 1 connections initialized for localhost/127.0.0.1:6379
2023-01-19 17:47:07 [redisson-netty-2-4] INFO  o.r.c.pool.MasterConnectionPool - 8 connections initialized for localhost/127.0.0.1:6379
2023-01-19 17:47:09 [main] INFO  o.a.coyote.http11.Http11NioProtocol - Initializing ProtocolHandler ["http-nio-3000"]
2023-01-19 17:47:09 [main] INFO  o.a.catalina.core.StandardService - Starting service [Tomcat]
2023-01-19 17:47:09 [main] INFO  o.a.catalina.core.StandardEngine - Starting Servlet engine: [Apache Tomcat/9.0.65]
2023-01-19 17:47:09 [main] INFO  o.a.c.c.C.[.[localhost].[/kob] - Initializing Spring embedded WebApplicationContext
2023-01-19 17:47:09 [main] INFO  c.b.d.d.DynamicRoutingDataSource - dynamic-datasource detect P6SPY plugin and enabled it
2023-01-19 17:47:09 [main] INFO  com.zaxxer.hikari.HikariDataSource - master - Starting...
2023-01-19 17:47:10 [main] INFO  com.zaxxer.hikari.HikariDataSource - master - Start completed.
2023-01-19 17:47:10 [main] INFO  c.b.d.d.DynamicRoutingDataSource - dynamic-datasource - add a datasource named [slave] success
2023-01-19 17:47:10 [main] INFO  c.b.d.d.DynamicRoutingDataSource - dynamic-datasource - add a datasource named [master] success
2023-01-19 17:47:10 [main] INFO  c.b.d.d.DynamicRoutingDataSource - dynamic-datasource initial loaded [2] datasource,primary datasource named [master]
2023-01-19 17:47:11 [main] INFO  c.b.d.d.DynamicRoutingDataSource - dynamic-datasource start closing ....
2023-01-19 17:47:11 [main] INFO  com.zaxxer.hikari.HikariDataSource - master - Shutdown initiated...
2023-01-19 17:47:11 [main] INFO  com.zaxxer.hikari.HikariDataSource - master - Shutdown completed.
2023-01-19 17:47:11 [main] INFO  c.b.d.d.DynamicRoutingDataSource - dynamic-datasource all closed success,bye
2023-01-19 17:47:11 [main] INFO  o.a.catalina.core.StandardService - Stopping service [Tomcat]
2023-01-19 17:48:57 [background-preinit] INFO  o.h.validator.internal.util.Version - HV000001: Hibernate Validator 6.2.3.Final
2023-01-19 17:48:57 [main] INFO  com.kob.backend.BackendApplication - Starting BackendApplication using Java 1.8.0_202 on DESKTOP-U0P6EDB with PID 348 (E:\java2\kob\backendcloud\backend\target\classes started by A in E:\java2\kob\backendcloud)
2023-01-19 17:48:57 [main] INFO  com.kob.backend.BackendApplication - The following 1 profile is active: "dev"
2023-01-19 17:49:02 [main] INFO  com.kob.backend.config.JacksonConfig - 初始化 jackson 配置
2023-01-19 17:49:02 [main] INFO  com.kob.backend.config.RedisConfig - 初始化 redis 配置
2023-01-19 17:49:02 [main] INFO  org.redisson.Version - Redisson 3.17.5
2023-01-19 17:49:05 [redisson-netty-2-1] INFO  o.r.c.p.MasterPubSubConnectionPool - 1 connections initialized for localhost/127.0.0.1:6379
2023-01-19 17:49:05 [redisson-netty-2-4] INFO  o.r.c.pool.MasterConnectionPool - 8 connections initialized for localhost/127.0.0.1:6379
2023-01-19 17:49:06 [main] INFO  o.a.coyote.http11.Http11NioProtocol - Initializing ProtocolHandler ["http-nio-3000"]
2023-01-19 17:49:06 [main] INFO  o.a.catalina.core.StandardService - Starting service [Tomcat]
2023-01-19 17:49:06 [main] INFO  o.a.catalina.core.StandardEngine - Starting Servlet engine: [Apache Tomcat/9.0.65]
2023-01-19 17:49:06 [main] INFO  o.a.c.c.C.[.[localhost].[/kob] - Initializing Spring embedded WebApplicationContext
2023-01-19 17:49:07 [main] INFO  c.b.d.d.DynamicRoutingDataSource - dynamic-datasource detect P6SPY plugin and enabled it
2023-01-19 17:49:07 [main] INFO  com.zaxxer.hikari.HikariDataSource - master - Starting...
2023-01-19 17:49:07 [main] INFO  com.zaxxer.hikari.HikariDataSource - master - Start completed.
2023-01-19 17:49:07 [main] INFO  c.b.d.d.DynamicRoutingDataSource - dynamic-datasource - add a datasource named [slave] success
2023-01-19 17:49:07 [main] INFO  c.b.d.d.DynamicRoutingDataSource - dynamic-datasource - add a datasource named [master] success
2023-01-19 17:49:07 [main] INFO  c.b.d.d.DynamicRoutingDataSource - dynamic-datasource initial loaded [2] datasource,primary datasource named [master]
2023-01-19 17:49:08 [main] INFO  c.b.d.d.DynamicRoutingDataSource - dynamic-datasource start closing ....
2023-01-19 17:49:08 [main] INFO  com.zaxxer.hikari.HikariDataSource - master - Shutdown initiated...
2023-01-19 17:49:08 [main] INFO  com.zaxxer.hikari.HikariDataSource - master - Shutdown completed.
2023-01-19 17:49:08 [main] INFO  c.b.d.d.DynamicRoutingDataSource - dynamic-datasource all closed success,bye
2023-01-19 17:49:08 [main] INFO  o.a.catalina.core.StandardService - Stopping service [Tomcat]
2023-01-19 17:52:29 [main] INFO  com.kob.backend.BackendApplication - Starting BackendApplication using Java 1.8.0_202 on DESKTOP-U0P6EDB with PID 3436 (E:\java2\kob\backendcloud\backend\target\classes started by A in E:\java2\kob\backendcloud)
2023-01-19 17:52:29 [background-preinit] INFO  o.h.validator.internal.util.Version - HV000001: Hibernate Validator 6.2.3.Final
2023-01-19 17:52:29 [main] INFO  com.kob.backend.BackendApplication - The following 1 profile is active: "dev"
2023-01-19 17:52:34 [main] INFO  com.kob.backend.config.JacksonConfig - 初始化 jackson 配置
2023-01-19 17:52:34 [main] INFO  com.kob.backend.config.RedisConfig - 初始化 redis 配置
2023-01-19 17:52:35 [main] INFO  org.redisson.Version - Redisson 3.17.5
2023-01-19 17:52:37 [redisson-netty-2-6] INFO  o.r.c.p.MasterPubSubConnectionPool - 1 connections initialized for localhost/127.0.0.1:6379
2023-01-19 17:52:37 [redisson-netty-2-4] INFO  o.r.c.pool.MasterConnectionPool - 8 connections initialized for localhost/127.0.0.1:6379
2023-01-19 17:52:38 [main] INFO  o.a.coyote.http11.Http11NioProtocol - Initializing ProtocolHandler ["http-nio-3000"]
2023-01-19 17:52:38 [main] INFO  o.a.catalina.core.StandardService - Starting service [Tomcat]
2023-01-19 17:52:38 [main] INFO  o.a.catalina.core.StandardEngine - Starting Servlet engine: [Apache Tomcat/9.0.65]
2023-01-19 17:52:39 [main] INFO  o.a.c.c.C.[.[localhost].[/kob] - Initializing Spring embedded WebApplicationContext
2023-01-19 17:52:39 [main] INFO  c.b.d.d.DynamicRoutingDataSource - dynamic-datasource detect P6SPY plugin and enabled it
2023-01-19 17:52:39 [main] INFO  com.zaxxer.hikari.HikariDataSource - master - Starting...
2023-01-19 17:52:39 [main] INFO  com.zaxxer.hikari.HikariDataSource - master - Start completed.
2023-01-19 17:52:39 [main] INFO  c.b.d.d.DynamicRoutingDataSource - dynamic-datasource - add a datasource named [slave] success
2023-01-19 17:52:39 [main] INFO  c.b.d.d.DynamicRoutingDataSource - dynamic-datasource - add a datasource named [master] success
2023-01-19 17:52:39 [main] INFO  c.b.d.d.DynamicRoutingDataSource - dynamic-datasource initial loaded [2] datasource,primary datasource named [master]
2023-01-19 17:52:40 [main] INFO  c.b.d.d.DynamicRoutingDataSource - dynamic-datasource start closing ....
2023-01-19 17:52:40 [main] INFO  com.zaxxer.hikari.HikariDataSource - master - Shutdown initiated...
2023-01-19 17:52:40 [main] INFO  com.zaxxer.hikari.HikariDataSource - master - Shutdown completed.
2023-01-19 17:52:40 [main] INFO  c.b.d.d.DynamicRoutingDataSource - dynamic-datasource all closed success,bye
2023-01-19 17:52:40 [main] INFO  o.a.catalina.core.StandardService - Stopping service [Tomcat]
2023-01-19 17:54:33 [background-preinit] INFO  o.h.validator.internal.util.Version - HV000001: Hibernate Validator 6.2.3.Final
2023-01-19 17:54:33 [main] INFO  com.kob.backend.BackendApplication - Starting BackendApplication using Java 1.8.0_202 on DESKTOP-U0P6EDB with PID 6012 (E:\java2\kob\backendcloud\backend\target\classes started by A in E:\java2\kob\backendcloud)
2023-01-19 17:54:33 [main] INFO  com.kob.backend.BackendApplication - The following 1 profile is active: "dev"
2023-01-19 17:54:39 [main] INFO  com.kob.backend.config.JacksonConfig - 初始化 jackson 配置
2023-01-19 17:54:39 [main] INFO  com.kob.backend.config.RedisConfig - 初始化 redis 配置
2023-01-19 17:54:40 [main] INFO  org.redisson.Version - Redisson 3.17.5
2023-01-19 17:54:42 [redisson-netty-2-7] INFO  o.r.c.p.MasterPubSubConnectionPool - 1 connections initialized for localhost/127.0.0.1:6379
2023-01-19 17:54:42 [redisson-netty-2-4] INFO  o.r.c.pool.MasterConnectionPool - 8 connections initialized for localhost/127.0.0.1:6379
2023-01-19 17:54:44 [main] INFO  o.a.coyote.http11.Http11NioProtocol - Initializing ProtocolHandler ["http-nio-3000"]
2023-01-19 17:54:44 [main] INFO  o.a.catalina.core.StandardService - Starting service [Tomcat]
2023-01-19 17:54:44 [main] INFO  o.a.catalina.core.StandardEngine - Starting Servlet engine: [Apache Tomcat/9.0.65]
2023-01-19 17:54:44 [main] INFO  o.a.c.c.C.[.[localhost].[/kob] - Initializing Spring embedded WebApplicationContext
2023-01-19 17:54:44 [main] INFO  c.b.d.d.DynamicRoutingDataSource - dynamic-datasource detect P6SPY plugin and enabled it
2023-01-19 17:54:44 [main] INFO  com.zaxxer.hikari.HikariDataSource - master - Starting...
2023-01-19 17:54:45 [main] INFO  com.zaxxer.hikari.HikariDataSource - master - Start completed.
2023-01-19 17:54:45 [main] INFO  c.b.d.d.DynamicRoutingDataSource - dynamic-datasource - add a datasource named [slave] success
2023-01-19 17:54:45 [main] INFO  c.b.d.d.DynamicRoutingDataSource - dynamic-datasource - add a datasource named [master] success
2023-01-19 17:54:45 [main] INFO  c.b.d.d.DynamicRoutingDataSource - dynamic-datasource initial loaded [2] datasource,primary datasource named [master]
2023-01-19 17:54:46 [main] INFO  c.b.d.d.DynamicRoutingDataSource - dynamic-datasource start closing ....
2023-01-19 17:54:46 [main] INFO  com.zaxxer.hikari.HikariDataSource - master - Shutdown initiated...
2023-01-19 17:54:46 [main] INFO  com.zaxxer.hikari.HikariDataSource - master - Shutdown completed.
2023-01-19 17:54:46 [main] INFO  c.b.d.d.DynamicRoutingDataSource - dynamic-datasource all closed success,bye
2023-01-19 17:54:46 [main] INFO  o.a.catalina.core.StandardService - Stopping service [Tomcat]
2023-01-19 17:55:57 [main] INFO  com.kob.backend.BackendApplication - Starting BackendApplication using Java 1.8.0_202 on DESKTOP-U0P6EDB with PID 5080 (E:\java2\kob\backendcloud\backend\target\classes started by A in E:\java2\kob\backendcloud)
2023-01-19 17:55:57 [background-preinit] INFO  o.h.validator.internal.util.Version - HV000001: Hibernate Validator 6.2.3.Final
2023-01-19 17:55:57 [main] INFO  com.kob.backend.BackendApplication - The following 1 profile is active: "dev"
2023-01-19 17:56:01 [main] INFO  com.kob.backend.config.JacksonConfig - 初始化 jackson 配置
2023-01-19 17:56:02 [main] INFO  com.kob.backend.config.RedisConfig - 初始化 redis 配置
2023-01-19 17:56:02 [main] INFO  org.redisson.Version - Redisson 3.17.5
2023-01-19 17:56:04 [redisson-netty-2-6] INFO  o.r.c.p.MasterPubSubConnectionPool - 1 connections initialized for localhost/127.0.0.1:6379
2023-01-19 17:56:04 [redisson-netty-2-3] INFO  o.r.c.pool.MasterConnectionPool - 8 connections initialized for localhost/127.0.0.1:6379
2023-01-19 17:56:06 [main] INFO  o.a.coyote.http11.Http11NioProtocol - Initializing ProtocolHandler ["http-nio-3000"]
2023-01-19 17:56:06 [main] INFO  o.a.catalina.core.StandardService - Starting service [Tomcat]
2023-01-19 17:56:06 [main] INFO  o.a.catalina.core.StandardEngine - Starting Servlet engine: [Apache Tomcat/9.0.65]
2023-01-19 17:56:06 [main] INFO  o.a.c.c.C.[.[localhost].[/kob] - Initializing Spring embedded WebApplicationContext
2023-01-19 17:56:06 [main] INFO  c.b.d.d.DynamicRoutingDataSource - dynamic-datasource detect P6SPY plugin and enabled it
2023-01-19 17:56:06 [main] INFO  com.zaxxer.hikari.HikariDataSource - master - Starting...
2023-01-19 17:56:06 [main] INFO  com.zaxxer.hikari.HikariDataSource - master - Start completed.
2023-01-19 17:56:06 [main] INFO  c.b.d.d.DynamicRoutingDataSource - dynamic-datasource - add a datasource named [slave] success
2023-01-19 17:56:06 [main] INFO  c.b.d.d.DynamicRoutingDataSource - dynamic-datasource - add a datasource named [master] success
2023-01-19 17:56:06 [main] INFO  c.b.d.d.DynamicRoutingDataSource - dynamic-datasource initial loaded [2] datasource,primary datasource named [master]
2023-01-19 17:56:07 [main] INFO  c.b.d.d.DynamicRoutingDataSource - dynamic-datasource start closing ....
2023-01-19 17:56:07 [main] INFO  com.zaxxer.hikari.HikariDataSource - master - Shutdown initiated...
2023-01-19 17:56:07 [main] INFO  com.zaxxer.hikari.HikariDataSource - master - Shutdown completed.
2023-01-19 17:56:07 [main] INFO  c.b.d.d.DynamicRoutingDataSource - dynamic-datasource all closed success,bye
2023-01-19 17:56:07 [main] INFO  o.a.catalina.core.StandardService - Stopping service [Tomcat]
2023-01-19 17:59:03 [main] INFO  com.kob.backend.BackendApplication - Starting BackendApplication using Java 1.8.0_202 on DESKTOP-U0P6EDB with PID 12776 (E:\java2\kob\backendcloud\backend\target\classes started by A in E:\java2\kob\backendcloud)
2023-01-19 17:59:03 [background-preinit] INFO  o.h.validator.internal.util.Version - HV000001: Hibernate Validator 6.2.3.Final
2023-01-19 17:59:03 [main] INFO  com.kob.backend.BackendApplication - The following 1 profile is active: "dev"
2023-01-19 17:59:08 [main] INFO  com.kob.backend.config.JacksonConfig - 初始化 jackson 配置
2023-01-19 17:59:08 [main] INFO  com.kob.backend.config.RedisConfig - 初始化 redis 配置
2023-01-19 17:59:09 [main] INFO  org.redisson.Version - Redisson 3.17.5
2023-01-19 17:59:11 [redisson-netty-2-6] INFO  o.r.c.p.MasterPubSubConnectionPool - 1 connections initialized for localhost/127.0.0.1:6379
2023-01-19 17:59:11 [redisson-netty-2-4] INFO  o.r.c.pool.MasterConnectionPool - 8 connections initialized for localhost/127.0.0.1:6379
2023-01-19 17:59:12 [main] INFO  o.a.coyote.http11.Http11NioProtocol - Initializing ProtocolHandler ["http-nio-3000"]
2023-01-19 17:59:12 [main] INFO  o.a.catalina.core.StandardService - Starting service [Tomcat]
2023-01-19 17:59:12 [main] INFO  o.a.catalina.core.StandardEngine - Starting Servlet engine: [Apache Tomcat/9.0.65]
2023-01-19 17:59:13 [main] INFO  o.a.c.c.C.[.[localhost].[/kob] - Initializing Spring embedded WebApplicationContext
2023-01-19 17:59:13 [main] INFO  c.b.d.d.DynamicRoutingDataSource - dynamic-datasource detect P6SPY plugin and enabled it
2023-01-19 17:59:13 [main] INFO  com.zaxxer.hikari.HikariDataSource - master - Starting...
2023-01-19 17:59:13 [main] INFO  com.zaxxer.hikari.HikariDataSource - master - Start completed.
2023-01-19 17:59:13 [main] INFO  c.b.d.d.DynamicRoutingDataSource - dynamic-datasource - add a datasource named [slave] success
2023-01-19 17:59:13 [main] INFO  c.b.d.d.DynamicRoutingDataSource - dynamic-datasource - add a datasource named [master] success
2023-01-19 17:59:13 [main] INFO  c.b.d.d.DynamicRoutingDataSource - dynamic-datasource initial loaded [2] datasource,primary datasource named [master]
2023-01-19 17:59:14 [main] INFO  c.b.d.d.DynamicRoutingDataSource - dynamic-datasource start closing ....
2023-01-19 17:59:14 [main] INFO  com.zaxxer.hikari.HikariDataSource - master - Shutdown initiated...
2023-01-19 17:59:14 [main] INFO  com.zaxxer.hikari.HikariDataSource - master - Shutdown completed.
2023-01-19 17:59:14 [main] INFO  c.b.d.d.DynamicRoutingDataSource - dynamic-datasource all closed success,bye
2023-01-19 17:59:14 [main] INFO  o.a.catalina.core.StandardService - Stopping service [Tomcat]
2023-01-19 18:15:59 [background-preinit] INFO  o.h.validator.internal.util.Version - HV000001: Hibernate Validator 6.2.3.Final
2023-01-19 18:15:59 [main] INFO  com.kob.backend.BackendApplication - Starting BackendApplication using Java 1.8.0_202 on DESKTOP-U0P6EDB with PID 13280 (E:\java2\kob\backendcloud\backend\target\classes started by A in E:\java2\kob\backendcloud)
2023-01-19 18:15:59 [main] INFO  com.kob.backend.BackendApplication - The following 1 profile is active: "dev"
2023-01-19 18:16:04 [main] INFO  com.kob.backend.config.JacksonConfig - 初始化 jackson 配置
2023-01-19 18:16:04 [main] INFO  com.kob.backend.config.RedisConfig - 初始化 redis 配置
2023-01-19 18:16:05 [main] INFO  org.redisson.Version - Redisson 3.17.5
2023-01-19 18:16:07 [redisson-netty-2-6] INFO  o.r.c.p.MasterPubSubConnectionPool - 1 connections initialized for localhost/127.0.0.1:6379
2023-01-19 18:16:07 [redisson-netty-2-4] INFO  o.r.c.pool.MasterConnectionPool - 8 connections initialized for localhost/127.0.0.1:6379
2023-01-19 18:16:09 [main] INFO  o.a.coyote.http11.Http11NioProtocol - Initializing ProtocolHandler ["http-nio-3000"]
2023-01-19 18:16:09 [main] INFO  o.a.catalina.core.StandardService - Starting service [Tomcat]
2023-01-19 18:16:09 [main] INFO  o.a.catalina.core.StandardEngine - Starting Servlet engine: [Apache Tomcat/9.0.65]
2023-01-19 18:16:09 [main] INFO  o.a.c.c.C.[.[localhost].[/kob] - Initializing Spring embedded WebApplicationContext
2023-01-19 18:16:09 [main] INFO  c.b.d.d.DynamicRoutingDataSource - dynamic-datasource detect P6SPY plugin and enabled it
2023-01-19 18:16:09 [main] INFO  com.zaxxer.hikari.HikariDataSource - master - Starting...
2023-01-19 18:16:10 [main] INFO  com.zaxxer.hikari.HikariDataSource - master - Start completed.
2023-01-19 18:16:10 [main] INFO  c.b.d.d.DynamicRoutingDataSource - dynamic-datasource - add a datasource named [slave] success
2023-01-19 18:16:10 [main] INFO  c.b.d.d.DynamicRoutingDataSource - dynamic-datasource - add a datasource named [master] success
2023-01-19 18:16:10 [main] INFO  c.b.d.d.DynamicRoutingDataSource - dynamic-datasource initial loaded [2] datasource,primary datasource named [master]
2023-01-19 18:16:11 [main] INFO  c.b.d.d.DynamicRoutingDataSource - dynamic-datasource start closing ....
2023-01-19 18:16:11 [main] INFO  com.zaxxer.hikari.HikariDataSource - master - Shutdown initiated...
2023-01-19 18:16:11 [main] INFO  com.zaxxer.hikari.HikariDataSource - master - Shutdown completed.
2023-01-19 18:16:11 [main] INFO  c.b.d.d.DynamicRoutingDataSource - dynamic-datasource all closed success,bye
2023-01-19 18:16:11 [main] INFO  o.a.catalina.core.StandardService - Stopping service [Tomcat]
2023-01-19 18:18:37 [main] INFO  com.kob.backend.BackendApplication - Starting BackendApplication using Java 1.8.0_202 on DESKTOP-U0P6EDB with PID 15796 (E:\java2\kob\backendcloud\backend\target\classes started by A in E:\java2\kob\backendcloud)
2023-01-19 18:18:37 [background-preinit] INFO  o.h.validator.internal.util.Version - HV000001: Hibernate Validator 6.2.3.Final
2023-01-19 18:18:37 [main] INFO  com.kob.backend.BackendApplication - The following 1 profile is active: "dev"
2023-01-19 18:18:45 [main] INFO  com.kob.backend.config.JacksonConfig - 初始化 jackson 配置
2023-01-19 18:18:45 [main] INFO  com.kob.backend.config.RedisConfig - 初始化 redis 配置
2023-01-19 18:18:46 [main] INFO  org.redisson.Version - Redisson 3.17.5
2023-01-19 18:18:49 [redisson-netty-2-6] INFO  o.r.c.p.MasterPubSubConnectionPool - 1 connections initialized for localhost/127.0.0.1:6379
2023-01-19 18:18:50 [redisson-netty-2-4] INFO  o.r.c.pool.MasterConnectionPool - 8 connections initialized for localhost/127.0.0.1:6379
2023-01-19 18:18:51 [main] INFO  o.a.coyote.http11.Http11NioProtocol - Initializing ProtocolHandler ["http-nio-3000"]
2023-01-19 18:18:51 [main] INFO  o.a.catalina.core.StandardService - Starting service [Tomcat]
2023-01-19 18:18:51 [main] INFO  o.a.catalina.core.StandardEngine - Starting Servlet engine: [Apache Tomcat/9.0.65]
2023-01-19 18:18:51 [main] INFO  o.a.c.c.C.[.[localhost].[/kob] - Initializing Spring embedded WebApplicationContext
2023-01-19 18:18:52 [main] INFO  c.b.d.d.DynamicRoutingDataSource - dynamic-datasource detect P6SPY plugin and enabled it
2023-01-19 18:18:52 [main] INFO  com.zaxxer.hikari.HikariDataSource - master - Starting...
2023-01-19 18:18:52 [main] INFO  com.zaxxer.hikari.HikariDataSource - master - Start completed.
2023-01-19 18:18:52 [main] INFO  c.b.d.d.DynamicRoutingDataSource - dynamic-datasource - add a datasource named [slave] success
2023-01-19 18:18:52 [main] INFO  c.b.d.d.DynamicRoutingDataSource - dynamic-datasource - add a datasource named [master] success
2023-01-19 18:18:52 [main] INFO  c.b.d.d.DynamicRoutingDataSource - dynamic-datasource initial loaded [2] datasource,primary datasource named [master]
2023-01-19 18:18:53 [main] INFO  c.b.d.d.DynamicRoutingDataSource - dynamic-datasource start closing ....
2023-01-19 18:18:53 [main] INFO  com.zaxxer.hikari.HikariDataSource - master - Shutdown initiated...
2023-01-19 18:18:53 [main] INFO  com.zaxxer.hikari.HikariDataSource - master - Shutdown completed.
2023-01-19 18:18:53 [main] INFO  c.b.d.d.DynamicRoutingDataSource - dynamic-datasource all closed success,bye
2023-01-19 18:18:53 [main] INFO  o.a.catalina.core.StandardService - Stopping service [Tomcat]
2023-01-19 18:25:12 [background-preinit] INFO  o.h.validator.internal.util.Version - HV000001: Hibernate Validator 6.2.3.Final
2023-01-19 18:25:12 [main] INFO  com.kob.backend.BackendApplication - Starting BackendApplication using Java 1.8.0_202 on DESKTOP-U0P6EDB with PID 14472 (E:\java2\kob\backendcloud\backend\target\classes started by A in E:\java2\kob\backendcloud)
2023-01-19 18:25:12 [main] INFO  com.kob.backend.BackendApplication - The following 1 profile is active: "dev"
2023-01-19 18:25:18 [main] INFO  com.kob.backend.config.JacksonConfig - 初始化 jackson 配置
2023-01-19 18:25:18 [main] INFO  com.kob.backend.config.RedisConfig - 初始化 redis 配置
2023-01-19 18:25:19 [main] INFO  org.redisson.Version - Redisson 3.17.5
2023-01-19 18:25:21 [redisson-netty-2-6] INFO  o.r.c.p.MasterPubSubConnectionPool - 1 connections initialized for localhost/127.0.0.1:6379
2023-01-19 18:25:21 [redisson-netty-2-4] INFO  o.r.c.pool.MasterConnectionPool - 8 connections initialized for localhost/127.0.0.1:6379
2023-01-19 18:25:22 [main] INFO  o.a.coyote.http11.Http11NioProtocol - Initializing ProtocolHandler ["http-nio-3000"]
2023-01-19 18:25:22 [main] INFO  o.a.catalina.core.StandardService - Starting service [Tomcat]
2023-01-19 18:25:22 [main] INFO  o.a.catalina.core.StandardEngine - Starting Servlet engine: [Apache Tomcat/9.0.65]
2023-01-19 18:25:23 [main] INFO  o.a.c.c.C.[.[localhost].[/kob] - Initializing Spring embedded WebApplicationContext
2023-01-19 18:25:23 [main] INFO  c.b.d.d.DynamicRoutingDataSource - dynamic-datasource detect P6SPY plugin and enabled it
2023-01-19 18:25:23 [main] INFO  com.zaxxer.hikari.HikariDataSource - master - Starting...
2023-01-19 18:25:23 [main] INFO  com.zaxxer.hikari.HikariDataSource - master - Start completed.
2023-01-19 18:25:23 [main] INFO  c.b.d.d.DynamicRoutingDataSource - dynamic-datasource - add a datasource named [slave] success
2023-01-19 18:25:23 [main] INFO  c.b.d.d.DynamicRoutingDataSource - dynamic-datasource - add a datasource named [master] success
2023-01-19 18:25:23 [main] INFO  c.b.d.d.DynamicRoutingDataSource - dynamic-datasource initial loaded [2] datasource,primary datasource named [master]
2023-01-19 18:25:24 [main] INFO  c.b.d.d.DynamicRoutingDataSource - dynamic-datasource start closing ....
2023-01-19 18:25:24 [main] INFO  com.zaxxer.hikari.HikariDataSource - master - Shutdown initiated...
2023-01-19 18:25:25 [main] INFO  com.zaxxer.hikari.HikariDataSource - master - Shutdown completed.
2023-01-19 18:25:25 [main] INFO  c.b.d.d.DynamicRoutingDataSource - dynamic-datasource all closed success,bye
2023-01-19 18:25:25 [main] INFO  o.a.catalina.core.StandardService - Stopping service [Tomcat]
2023-01-19 18:28:22 [background-preinit] INFO  o.h.validator.internal.util.Version - HV000001: Hibernate Validator 6.2.3.Final
2023-01-19 18:28:22 [main] INFO  com.kob.backend.BackendApplication - Starting BackendApplication using Java 1.8.0_202 on DESKTOP-U0P6EDB with PID 15928 (E:\java2\kob\backendcloud\backend\target\classes started by A in E:\java2\kob\backendcloud)
2023-01-19 18:28:22 [main] INFO  com.kob.backend.BackendApplication - The following 1 profile is active: "dev"
2023-01-19 18:28:27 [main] INFO  com.kob.backend.config.JacksonConfig - 初始化 jackson 配置
2023-01-19 18:28:27 [main] INFO  com.kob.backend.config.RedisConfig - 初始化 redis 配置
2023-01-19 18:28:28 [main] INFO  org.redisson.Version - Redisson 3.17.5
2023-01-19 18:28:30 [redisson-netty-2-6] INFO  o.r.c.p.MasterPubSubConnectionPool - 1 connections initialized for localhost/127.0.0.1:6379
2023-01-19 18:28:30 [redisson-netty-2-4] INFO  o.r.c.pool.MasterConnectionPool - 8 connections initialized for localhost/127.0.0.1:6379
2023-01-19 18:28:31 [main] INFO  o.a.coyote.http11.Http11NioProtocol - Initializing ProtocolHandler ["http-nio-3000"]
2023-01-19 18:28:31 [main] INFO  o.a.catalina.core.StandardService - Starting service [Tomcat]
2023-01-19 18:28:31 [main] INFO  o.a.catalina.core.StandardEngine - Starting Servlet engine: [Apache Tomcat/9.0.65]
2023-01-19 18:28:32 [main] INFO  o.a.c.c.C.[.[localhost].[/kob] - Initializing Spring embedded WebApplicationContext
2023-01-19 18:28:32 [main] INFO  c.b.d.d.DynamicRoutingDataSource - dynamic-datasource detect P6SPY plugin and enabled it
2023-01-19 18:28:32 [main] INFO  com.zaxxer.hikari.HikariDataSource - master - Starting...
2023-01-19 18:28:32 [main] INFO  com.zaxxer.hikari.HikariDataSource - master - Start completed.
2023-01-19 18:28:32 [main] INFO  c.b.d.d.DynamicRoutingDataSource - dynamic-datasource - add a datasource named [slave] success
2023-01-19 18:28:32 [main] INFO  c.b.d.d.DynamicRoutingDataSource - dynamic-datasource - add a datasource named [master] success
2023-01-19 18:28:32 [main] INFO  c.b.d.d.DynamicRoutingDataSource - dynamic-datasource initial loaded [2] datasource,primary datasource named [master]
2023-01-19 18:28:33 [main] INFO  c.b.d.d.DynamicRoutingDataSource - dynamic-datasource start closing ....
2023-01-19 18:28:33 [main] INFO  com.zaxxer.hikari.HikariDataSource - master - Shutdown initiated...
2023-01-19 18:28:33 [main] INFO  com.zaxxer.hikari.HikariDataSource - master - Shutdown completed.
2023-01-19 18:28:33 [main] INFO  c.b.d.d.DynamicRoutingDataSource - dynamic-datasource all closed success,bye
2023-01-19 18:28:33 [main] INFO  o.a.catalina.core.StandardService - Stopping service [Tomcat]
2023-01-19 18:31:53 [background-preinit] INFO  o.h.validator.internal.util.Version - HV000001: Hibernate Validator 6.2.3.Final
2023-01-19 18:31:53 [main] INFO  com.kob.backend.BackendApplication - Starting BackendApplication using Java 1.8.0_202 on DESKTOP-U0P6EDB with PID 9176 (E:\java2\kob\backendcloud\backend\target\classes started by A in E:\java2\kob\backendcloud)
2023-01-19 18:31:53 [main] INFO  com.kob.backend.BackendApplication - The following 1 profile is active: "dev"
2023-01-19 18:31:59 [main] INFO  com.kob.backend.config.JacksonConfig - 初始化 jackson 配置
2023-01-19 18:31:59 [main] INFO  com.kob.backend.config.RedisConfig - 初始化 redis 配置
2023-01-19 18:31:59 [main] INFO  org.redisson.Version - Redisson 3.17.5
2023-01-19 18:32:02 [redisson-netty-2-6] INFO  o.r.c.p.MasterPubSubConnectionPool - 1 connections initialized for localhost/127.0.0.1:6379
2023-01-19 18:32:02 [redisson-netty-2-4] INFO  o.r.c.pool.MasterConnectionPool - 8 connections initialized for localhost/127.0.0.1:6379
2023-01-19 18:32:03 [main] INFO  o.a.coyote.http11.Http11NioProtocol - Initializing ProtocolHandler ["http-nio-3000"]
2023-01-19 18:32:03 [main] INFO  o.a.catalina.core.StandardService - Starting service [Tomcat]
2023-01-19 18:32:03 [main] INFO  o.a.catalina.core.StandardEngine - Starting Servlet engine: [Apache Tomcat/9.0.65]
2023-01-19 18:32:03 [main] INFO  o.a.c.c.C.[.[localhost].[/kob] - Initializing Spring embedded WebApplicationContext
2023-01-19 18:32:04 [main] INFO  c.b.d.d.DynamicRoutingDataSource - dynamic-datasource detect P6SPY plugin and enabled it
2023-01-19 18:32:04 [main] INFO  com.zaxxer.hikari.HikariDataSource - master - Starting...
2023-01-19 18:32:04 [main] INFO  com.zaxxer.hikari.HikariDataSource - master - Start completed.
2023-01-19 18:32:04 [main] INFO  c.b.d.d.DynamicRoutingDataSource - dynamic-datasource - add a datasource named [slave] success
2023-01-19 18:32:04 [main] INFO  c.b.d.d.DynamicRoutingDataSource - dynamic-datasource - add a datasource named [master] success
2023-01-19 18:32:04 [main] INFO  c.b.d.d.DynamicRoutingDataSource - dynamic-datasource initial loaded [2] datasource,primary datasource named [master]
2023-01-19 18:32:05 [main] INFO  c.b.d.d.DynamicRoutingDataSource - dynamic-datasource start closing ....
2023-01-19 18:32:05 [main] INFO  com.zaxxer.hikari.HikariDataSource - master - Shutdown initiated...
2023-01-19 18:32:05 [main] INFO  com.zaxxer.hikari.HikariDataSource - master - Shutdown completed.
2023-01-19 18:32:05 [main] INFO  c.b.d.d.DynamicRoutingDataSource - dynamic-datasource all closed success,bye
2023-01-19 18:32:05 [main] INFO  o.a.catalina.core.StandardService - Stopping service [Tomcat]
2023-01-19 18:38:26 [main] INFO  com.kob.backend.BackendApplication - Starting BackendApplication using Java 1.8.0_202 on DESKTOP-U0P6EDB with PID 14456 (E:\java2\kob\backendcloud\backend\target\classes started by A in E:\java2\kob\backendcloud)
2023-01-19 18:38:26 [background-preinit] INFO  o.h.validator.internal.util.Version - HV000001: Hibernate Validator 6.2.3.Final
2023-01-19 18:38:26 [main] INFO  com.kob.backend.BackendApplication - The following 1 profile is active: "dev"
2023-01-19 18:38:32 [main] INFO  com.kob.backend.config.JacksonConfig - 初始化 jackson 配置
2023-01-19 18:38:32 [main] INFO  com.kob.backend.config.RedisConfig - 初始化 redis 配置
2023-01-19 18:38:33 [main] INFO  org.redisson.Version - Redisson 3.17.5
2023-01-19 18:38:35 [redisson-netty-2-6] INFO  o.r.c.p.MasterPubSubConnectionPool - 1 connections initialized for localhost/127.0.0.1:6379
2023-01-19 18:38:35 [redisson-netty-2-4] INFO  o.r.c.pool.MasterConnectionPool - 8 connections initialized for localhost/127.0.0.1:6379
2023-01-19 18:38:36 [main] INFO  o.a.coyote.http11.Http11NioProtocol - Initializing ProtocolHandler ["http-nio-3000"]
2023-01-19 18:38:36 [main] INFO  o.a.catalina.core.StandardService - Starting service [Tomcat]
2023-01-19 18:38:36 [main] INFO  o.a.catalina.core.StandardEngine - Starting Servlet engine: [Apache Tomcat/9.0.65]
2023-01-19 18:38:37 [main] INFO  o.a.c.c.C.[.[localhost].[/kob] - Initializing Spring embedded WebApplicationContext
2023-01-19 18:38:37 [main] INFO  c.b.d.d.DynamicRoutingDataSource - dynamic-datasource detect P6SPY plugin and enabled it
2023-01-19 18:38:37 [main] INFO  com.zaxxer.hikari.HikariDataSource - master - Starting...
2023-01-19 18:38:37 [main] INFO  com.zaxxer.hikari.HikariDataSource - master - Start completed.
2023-01-19 18:38:37 [main] INFO  c.b.d.d.DynamicRoutingDataSource - dynamic-datasource - add a datasource named [slave] success
2023-01-19 18:38:37 [main] INFO  c.b.d.d.DynamicRoutingDataSource - dynamic-datasource - add a datasource named [master] success
2023-01-19 18:38:37 [main] INFO  c.b.d.d.DynamicRoutingDataSource - dynamic-datasource initial loaded [2] datasource,primary datasource named [master]
2023-01-19 18:38:38 [main] INFO  c.b.d.d.DynamicRoutingDataSource - dynamic-datasource start closing ....
2023-01-19 18:38:38 [main] INFO  com.zaxxer.hikari.HikariDataSource - master - Shutdown initiated...
2023-01-19 18:38:38 [main] INFO  com.zaxxer.hikari.HikariDataSource - master - Shutdown completed.
2023-01-19 18:38:38 [main] INFO  c.b.d.d.DynamicRoutingDataSource - dynamic-datasource all closed success,bye
2023-01-19 18:38:38 [main] INFO  o.a.catalina.core.StandardService - Stopping service [Tomcat]
