2023-01-25 13:33:13 [main] INFO  com.kob.backend.BackendApplication - Starting BackendApplication using Java 1.8.0_202 on DESKTOP-U0P6EDB with PID 10340 (E:\java2\kob\backendcloud\backend\target\classes started by A in E:\java2\kob\backendcloud)
2023-01-25 13:33:13 [background-preinit] INFO  o.h.validator.internal.util.Version - HV000001: Hibernate Validator 6.2.3.Final
2023-01-25 13:33:14 [main] INFO  com.kob.backend.BackendApplication - The following 1 profile is active: "dev"
2023-01-25 13:33:22 [main] INFO  com.kob.backend.config.JacksonConfig - 初始化 jackson 配置
2023-01-25 13:33:23 [main] INFO  com.kob.backend.config.RedisConfig - 初始化 redis 配置
2023-01-25 13:33:23 [main] INFO  org.redisson.Version - Redisson 3.17.5
2023-01-25 13:33:28 [redisson-netty-2-1] INFO  o.r.c.p.MasterPubSubConnectionPool - 1 connections initialized for localhost/127.0.0.1:6379
2023-01-25 13:33:28 [redisson-netty-2-4] INFO  o.r.c.pool.MasterConnectionPool - 8 connections initialized for localhost/127.0.0.1:6379
2023-01-25 13:33:30 [main] INFO  o.a.coyote.http11.Http11NioProtocol - Initializing ProtocolHandler ["http-nio-3000"]
2023-01-25 13:33:30 [main] INFO  o.a.catalina.core.StandardService - Starting service [Tomcat]
2023-01-25 13:33:30 [main] INFO  o.a.catalina.core.StandardEngine - Starting Servlet engine: [Apache Tomcat/9.0.65]
2023-01-25 13:33:30 [main] INFO  o.a.c.c.C.[.[localhost].[/kob] - Initializing Spring embedded WebApplicationContext
2023-01-25 13:33:31 [main] INFO  c.b.d.d.DynamicRoutingDataSource - dynamic-datasource detect P6SPY plugin and enabled it
2023-01-25 13:33:31 [main] INFO  com.zaxxer.hikari.HikariDataSource - master - Starting...
2023-01-25 13:33:31 [main] INFO  com.zaxxer.hikari.HikariDataSource - master - Start completed.
2023-01-25 13:33:31 [main] INFO  c.b.d.d.DynamicRoutingDataSource - dynamic-datasource - add a datasource named [slave] success
2023-01-25 13:33:31 [main] INFO  c.b.d.d.DynamicRoutingDataSource - dynamic-datasource - add a datasource named [master] success
2023-01-25 13:33:31 [main] INFO  c.b.d.d.DynamicRoutingDataSource - dynamic-datasource initial loaded [2] datasource,primary datasource named [master]
2023-01-25 13:33:43 [main] INFO  o.a.coyote.http11.Http11NioProtocol - Starting ProtocolHandler ["http-nio-3000"]
2023-01-25 13:33:43 [main] INFO  com.kob.backend.BackendApplication - Started BackendApplication in 31.17 seconds (JVM running for 37.756)
2023-01-25 13:33:43 [main] INFO  c.k.b.s.I.o.SysOssConfigServiceImpl - 发布刷新OSS配置 => minio
2023-01-25 13:33:43 [main] INFO  c.k.b.s.I.o.SysOssConfigServiceImpl - 发布刷新OSS配置 => qiniu
2023-01-25 13:33:43 [main] INFO  c.k.b.s.I.o.SysOssConfigServiceImpl - 发布刷新OSS配置 => aliyun
2023-01-25 13:33:43 [main] INFO  c.k.b.s.I.o.SysOssConfigServiceImpl - 发布刷新OSS配置 => qcloud
2023-01-25 13:33:43 [main] INFO  c.k.b.s.I.o.SysOssConfigServiceImpl - 发布刷新OSS配置 => image
2023-01-25 13:33:43 [main] INFO  com.kob.oss.factory.OssFactory - 初始化OSS工厂
2023-01-25 13:33:43 [main] INFO  c.k.b.runner.SystemApplicationRunner - 初始化OSS配置成功
2023-01-25 13:33:44 [RMI TCP Connection(1)-192.168.93.1] INFO  o.a.c.c.C.[.[localhost].[/kob] - Initializing Spring DispatcherServlet 'dispatcherServlet'
2023-01-25 13:46:56 [SpringApplicationShutdownHook] INFO  c.b.d.d.DynamicRoutingDataSource - dynamic-datasource start closing ....
2023-01-25 13:46:56 [SpringApplicationShutdownHook] INFO  com.zaxxer.hikari.HikariDataSource - master - Shutdown initiated...
2023-01-25 13:46:56 [SpringApplicationShutdownHook] INFO  com.zaxxer.hikari.HikariDataSource - master - Shutdown completed.
2023-01-25 13:46:56 [SpringApplicationShutdownHook] INFO  c.b.d.d.DynamicRoutingDataSource - dynamic-datasource all closed success,bye
2023-01-25 13:47:33 [main] INFO  com.kob.backend.BackendApplication - Starting BackendApplication using Java 1.8.0_202 on DESKTOP-U0P6EDB with PID 8836 (E:\java2\kob\backendcloud\backend\target\classes started by A in E:\java2\kob\backendcloud)
2023-01-25 13:47:33 [background-preinit] INFO  o.h.validator.internal.util.Version - HV000001: Hibernate Validator 6.2.3.Final
2023-01-25 13:47:33 [main] INFO  com.kob.backend.BackendApplication - The following 1 profile is active: "dev"
2023-01-25 13:47:43 [main] INFO  com.kob.backend.config.JacksonConfig - 初始化 jackson 配置
2023-01-25 13:47:43 [main] INFO  com.kob.backend.config.RedisConfig - 初始化 redis 配置
2023-01-25 13:47:44 [main] INFO  org.redisson.Version - Redisson 3.17.5
2023-01-25 13:47:48 [redisson-netty-2-1] INFO  o.r.c.p.MasterPubSubConnectionPool - 1 connections initialized for localhost/127.0.0.1:6379
2023-01-25 13:47:48 [redisson-netty-2-4] INFO  o.r.c.pool.MasterConnectionPool - 8 connections initialized for localhost/127.0.0.1:6379
2023-01-25 13:47:50 [main] INFO  o.a.coyote.http11.Http11NioProtocol - Initializing ProtocolHandler ["http-nio-3000"]
2023-01-25 13:47:50 [main] INFO  o.a.catalina.core.StandardService - Starting service [Tomcat]
2023-01-25 13:47:50 [main] INFO  o.a.catalina.core.StandardEngine - Starting Servlet engine: [Apache Tomcat/9.0.65]
2023-01-25 13:47:51 [main] INFO  o.a.c.c.C.[.[localhost].[/kob] - Initializing Spring embedded WebApplicationContext
2023-01-25 13:47:52 [main] INFO  c.b.d.d.DynamicRoutingDataSource - dynamic-datasource detect P6SPY plugin and enabled it
2023-01-25 13:47:52 [main] INFO  com.zaxxer.hikari.HikariDataSource - master - Starting...
2023-01-25 13:47:53 [main] INFO  com.zaxxer.hikari.HikariDataSource - master - Start completed.
2023-01-25 13:47:53 [main] INFO  c.b.d.d.DynamicRoutingDataSource - dynamic-datasource - add a datasource named [slave] success
2023-01-25 13:47:53 [main] INFO  c.b.d.d.DynamicRoutingDataSource - dynamic-datasource - add a datasource named [master] success
2023-01-25 13:47:53 [main] INFO  c.b.d.d.DynamicRoutingDataSource - dynamic-datasource initial loaded [2] datasource,primary datasource named [master]
2023-01-25 13:48:07 [main] INFO  o.a.coyote.http11.Http11NioProtocol - Starting ProtocolHandler ["http-nio-3000"]
2023-01-25 13:48:08 [main] INFO  com.kob.backend.BackendApplication - Started BackendApplication in 36.115 seconds (JVM running for 41.39)
2023-01-25 13:48:09 [main] INFO  c.k.b.s.I.o.SysOssConfigServiceImpl - 发布刷新OSS配置 => minio
2023-01-25 13:48:09 [main] INFO  c.k.b.s.I.o.SysOssConfigServiceImpl - 发布刷新OSS配置 => qiniu
2023-01-25 13:48:09 [main] INFO  c.k.b.s.I.o.SysOssConfigServiceImpl - 发布刷新OSS配置 => aliyun
2023-01-25 13:48:09 [main] INFO  c.k.b.s.I.o.SysOssConfigServiceImpl - 发布刷新OSS配置 => qcloud
2023-01-25 13:48:09 [main] INFO  c.k.b.s.I.o.SysOssConfigServiceImpl - 发布刷新OSS配置 => image
2023-01-25 13:48:09 [main] INFO  com.kob.oss.factory.OssFactory - 初始化OSS工厂
2023-01-25 13:48:09 [main] INFO  c.k.b.runner.SystemApplicationRunner - 初始化OSS配置成功
2023-01-25 13:48:12 [RMI TCP Connection(7)-192.168.93.1] INFO  o.a.c.c.C.[.[localhost].[/kob] - Initializing Spring DispatcherServlet 'dispatcherServlet'
2023-01-25 14:01:27 [SpringApplicationShutdownHook] INFO  c.b.d.d.DynamicRoutingDataSource - dynamic-datasource start closing ....
2023-01-25 14:01:27 [SpringApplicationShutdownHook] INFO  com.zaxxer.hikari.HikariDataSource - master - Shutdown initiated...
2023-01-25 14:01:27 [SpringApplicationShutdownHook] INFO  com.zaxxer.hikari.HikariDataSource - master - Shutdown completed.
2023-01-25 14:01:27 [SpringApplicationShutdownHook] INFO  c.b.d.d.DynamicRoutingDataSource - dynamic-datasource all closed success,bye
2023-01-25 14:01:48 [main] INFO  com.kob.backend.BackendApplication - Starting BackendApplication using Java 1.8.0_202 on DESKTOP-U0P6EDB with PID 8164 (E:\java2\kob\backendcloud\backend\target\classes started by A in E:\java2\kob\backendcloud)
2023-01-25 14:01:48 [background-preinit] INFO  o.h.validator.internal.util.Version - HV000001: Hibernate Validator 6.2.3.Final
2023-01-25 14:01:48 [main] INFO  com.kob.backend.BackendApplication - The following 1 profile is active: "dev"
2023-01-25 14:01:53 [main] INFO  com.kob.backend.config.JacksonConfig - 初始化 jackson 配置
2023-01-25 14:01:53 [main] INFO  com.kob.backend.config.RedisConfig - 初始化 redis 配置
2023-01-25 14:01:53 [main] INFO  org.redisson.Version - Redisson 3.17.5
2023-01-25 14:01:56 [redisson-netty-2-1] INFO  o.r.c.p.MasterPubSubConnectionPool - 1 connections initialized for localhost/127.0.0.1:6379
2023-01-25 14:01:56 [redisson-netty-2-4] INFO  o.r.c.pool.MasterConnectionPool - 8 connections initialized for localhost/127.0.0.1:6379
2023-01-25 14:01:57 [main] INFO  o.a.coyote.http11.Http11NioProtocol - Initializing ProtocolHandler ["http-nio-3000"]
2023-01-25 14:01:57 [main] INFO  o.a.catalina.core.StandardService - Starting service [Tomcat]
2023-01-25 14:01:57 [main] INFO  o.a.catalina.core.StandardEngine - Starting Servlet engine: [Apache Tomcat/9.0.65]
2023-01-25 14:01:58 [main] INFO  o.a.c.c.C.[.[localhost].[/kob] - Initializing Spring embedded WebApplicationContext
2023-01-25 14:01:58 [main] INFO  c.b.d.d.DynamicRoutingDataSource - dynamic-datasource detect P6SPY plugin and enabled it
2023-01-25 14:01:58 [main] INFO  com.zaxxer.hikari.HikariDataSource - master - Starting...
2023-01-25 14:01:58 [main] INFO  com.zaxxer.hikari.HikariDataSource - master - Start completed.
2023-01-25 14:01:58 [main] INFO  c.b.d.d.DynamicRoutingDataSource - dynamic-datasource - add a datasource named [slave] success
2023-01-25 14:01:58 [main] INFO  c.b.d.d.DynamicRoutingDataSource - dynamic-datasource - add a datasource named [master] success
2023-01-25 14:01:58 [main] INFO  c.b.d.d.DynamicRoutingDataSource - dynamic-datasource initial loaded [2] datasource,primary datasource named [master]
2023-01-25 14:02:03 [main] INFO  c.b.d.d.DynamicRoutingDataSource - dynamic-datasource start closing ....
2023-01-25 14:02:03 [main] INFO  com.zaxxer.hikari.HikariDataSource - master - Shutdown initiated...
2023-01-25 14:02:03 [main] INFO  com.zaxxer.hikari.HikariDataSource - master - Shutdown completed.
2023-01-25 14:02:03 [main] INFO  c.b.d.d.DynamicRoutingDataSource - dynamic-datasource all closed success,bye
2023-01-25 14:02:03 [main] INFO  o.a.catalina.core.StandardService - Stopping service [Tomcat]
2023-01-25 14:04:16 [background-preinit] INFO  o.h.validator.internal.util.Version - HV000001: Hibernate Validator 6.2.3.Final
2023-01-25 14:04:16 [main] INFO  com.kob.backend.BackendApplication - Starting BackendApplication using Java 1.8.0_202 on DESKTOP-U0P6EDB with PID 7200 (E:\java2\kob\backendcloud\backend\target\classes started by A in E:\java2\kob\backendcloud)
2023-01-25 14:04:16 [main] INFO  com.kob.backend.BackendApplication - The following 1 profile is active: "dev"
2023-01-25 14:04:21 [main] INFO  com.kob.backend.config.JacksonConfig - 初始化 jackson 配置
2023-01-25 14:04:22 [main] INFO  com.kob.backend.config.RedisConfig - 初始化 redis 配置
2023-01-25 14:04:22 [main] INFO  org.redisson.Version - Redisson 3.17.5
2023-01-25 14:04:25 [redisson-netty-2-1] INFO  o.r.c.p.MasterPubSubConnectionPool - 1 connections initialized for localhost/127.0.0.1:6379
2023-01-25 14:04:25 [redisson-netty-2-4] INFO  o.r.c.pool.MasterConnectionPool - 8 connections initialized for localhost/127.0.0.1:6379
2023-01-25 14:04:26 [main] INFO  o.a.coyote.http11.Http11NioProtocol - Initializing ProtocolHandler ["http-nio-3000"]
2023-01-25 14:04:26 [main] INFO  o.a.catalina.core.StandardService - Starting service [Tomcat]
2023-01-25 14:04:26 [main] INFO  o.a.catalina.core.StandardEngine - Starting Servlet engine: [Apache Tomcat/9.0.65]
2023-01-25 14:04:26 [main] INFO  o.a.c.c.C.[.[localhost].[/kob] - Initializing Spring embedded WebApplicationContext
2023-01-25 14:04:26 [main] INFO  c.b.d.d.DynamicRoutingDataSource - dynamic-datasource detect P6SPY plugin and enabled it
2023-01-25 14:04:26 [main] INFO  com.zaxxer.hikari.HikariDataSource - master - Starting...
2023-01-25 14:04:27 [main] INFO  com.zaxxer.hikari.HikariDataSource - master - Start completed.
2023-01-25 14:04:27 [main] INFO  c.b.d.d.DynamicRoutingDataSource - dynamic-datasource - add a datasource named [slave] success
2023-01-25 14:04:27 [main] INFO  c.b.d.d.DynamicRoutingDataSource - dynamic-datasource - add a datasource named [master] success
2023-01-25 14:04:27 [main] INFO  c.b.d.d.DynamicRoutingDataSource - dynamic-datasource initial loaded [2] datasource,primary datasource named [master]
2023-01-25 14:04:31 [main] INFO  c.b.d.d.DynamicRoutingDataSource - dynamic-datasource start closing ....
2023-01-25 14:04:31 [main] INFO  com.zaxxer.hikari.HikariDataSource - master - Shutdown initiated...
2023-01-25 14:04:31 [main] INFO  com.zaxxer.hikari.HikariDataSource - master - Shutdown completed.
2023-01-25 14:04:31 [main] INFO  c.b.d.d.DynamicRoutingDataSource - dynamic-datasource all closed success,bye
2023-01-25 14:04:31 [main] INFO  o.a.catalina.core.StandardService - Stopping service [Tomcat]
2023-01-25 14:08:08 [background-preinit] INFO  o.h.validator.internal.util.Version - HV000001: Hibernate Validator 6.2.3.Final
2023-01-25 14:08:08 [main] INFO  com.kob.backend.BackendApplication - Starting BackendApplication using Java 1.8.0_202 on DESKTOP-U0P6EDB with PID 11528 (E:\java2\kob\backendcloud\backend\target\classes started by A in E:\java2\kob\backendcloud)
2023-01-25 14:08:08 [main] INFO  com.kob.backend.BackendApplication - The following 1 profile is active: "dev"
2023-01-25 14:08:13 [main] INFO  com.kob.backend.config.JacksonConfig - 初始化 jackson 配置
2023-01-25 14:08:13 [main] INFO  com.kob.backend.config.RedisConfig - 初始化 redis 配置
2023-01-25 14:08:14 [main] INFO  org.redisson.Version - Redisson 3.17.5
2023-01-25 14:08:16 [redisson-netty-2-6] INFO  o.r.c.p.MasterPubSubConnectionPool - 1 connections initialized for localhost/127.0.0.1:6379
2023-01-25 14:08:16 [redisson-netty-2-4] INFO  o.r.c.pool.MasterConnectionPool - 8 connections initialized for localhost/127.0.0.1:6379
2023-01-25 14:08:17 [main] INFO  o.a.coyote.http11.Http11NioProtocol - Initializing ProtocolHandler ["http-nio-3000"]
2023-01-25 14:08:17 [main] INFO  o.a.catalina.core.StandardService - Starting service [Tomcat]
2023-01-25 14:08:17 [main] INFO  o.a.catalina.core.StandardEngine - Starting Servlet engine: [Apache Tomcat/9.0.65]
2023-01-25 14:08:18 [main] INFO  o.a.c.c.C.[.[localhost].[/kob] - Initializing Spring embedded WebApplicationContext
2023-01-25 14:08:18 [main] INFO  c.b.d.d.DynamicRoutingDataSource - dynamic-datasource detect P6SPY plugin and enabled it
2023-01-25 14:08:18 [main] INFO  com.zaxxer.hikari.HikariDataSource - master - Starting...
2023-01-25 14:08:18 [main] INFO  com.zaxxer.hikari.HikariDataSource - master - Start completed.
2023-01-25 14:08:18 [main] INFO  c.b.d.d.DynamicRoutingDataSource - dynamic-datasource - add a datasource named [slave] success
2023-01-25 14:08:18 [main] INFO  c.b.d.d.DynamicRoutingDataSource - dynamic-datasource - add a datasource named [master] success
2023-01-25 14:08:18 [main] INFO  c.b.d.d.DynamicRoutingDataSource - dynamic-datasource initial loaded [2] datasource,primary datasource named [master]
2023-01-25 14:08:23 [main] INFO  c.b.d.d.DynamicRoutingDataSource - dynamic-datasource start closing ....
2023-01-25 14:08:23 [main] INFO  com.zaxxer.hikari.HikariDataSource - master - Shutdown initiated...
2023-01-25 14:08:23 [main] INFO  com.zaxxer.hikari.HikariDataSource - master - Shutdown completed.
2023-01-25 14:08:23 [main] INFO  c.b.d.d.DynamicRoutingDataSource - dynamic-datasource all closed success,bye
2023-01-25 14:08:23 [main] INFO  o.a.catalina.core.StandardService - Stopping service [Tomcat]
2023-01-25 14:19:15 [main] INFO  com.kob.backend.BackendApplication - Starting BackendApplication using Java 1.8.0_202 on DESKTOP-U0P6EDB with PID 11424 (E:\java2\kob\backendcloud\backend\target\classes started by A in E:\java2\kob\backendcloud)
2023-01-25 14:19:15 [background-preinit] INFO  o.h.validator.internal.util.Version - HV000001: Hibernate Validator 6.2.3.Final
2023-01-25 14:19:15 [main] INFO  com.kob.backend.BackendApplication - The following 1 profile is active: "dev"
2023-01-25 14:19:20 [main] INFO  com.kob.backend.config.JacksonConfig - 初始化 jackson 配置
2023-01-25 14:19:21 [main] INFO  com.kob.backend.config.RedisConfig - 初始化 redis 配置
2023-01-25 14:19:21 [main] INFO  org.redisson.Version - Redisson 3.17.5
2023-01-25 14:19:23 [redisson-netty-2-6] INFO  o.r.c.p.MasterPubSubConnectionPool - 1 connections initialized for localhost/127.0.0.1:6379
2023-01-25 14:19:23 [redisson-netty-2-4] INFO  o.r.c.pool.MasterConnectionPool - 8 connections initialized for localhost/127.0.0.1:6379
2023-01-25 14:19:25 [main] INFO  o.a.coyote.http11.Http11NioProtocol - Initializing ProtocolHandler ["http-nio-3000"]
2023-01-25 14:19:25 [main] INFO  o.a.catalina.core.StandardService - Starting service [Tomcat]
2023-01-25 14:19:25 [main] INFO  o.a.catalina.core.StandardEngine - Starting Servlet engine: [Apache Tomcat/9.0.65]
2023-01-25 14:19:25 [main] INFO  o.a.c.c.C.[.[localhost].[/kob] - Initializing Spring embedded WebApplicationContext
2023-01-25 14:19:25 [main] INFO  c.b.d.d.DynamicRoutingDataSource - dynamic-datasource detect P6SPY plugin and enabled it
2023-01-25 14:19:25 [main] INFO  com.zaxxer.hikari.HikariDataSource - master - Starting...
2023-01-25 14:19:26 [main] INFO  com.zaxxer.hikari.HikariDataSource - master - Start completed.
2023-01-25 14:19:26 [main] INFO  c.b.d.d.DynamicRoutingDataSource - dynamic-datasource - add a datasource named [slave] success
2023-01-25 14:19:26 [main] INFO  c.b.d.d.DynamicRoutingDataSource - dynamic-datasource - add a datasource named [master] success
2023-01-25 14:19:26 [main] INFO  c.b.d.d.DynamicRoutingDataSource - dynamic-datasource initial loaded [2] datasource,primary datasource named [master]
2023-01-25 14:19:33 [main] INFO  o.a.coyote.http11.Http11NioProtocol - Starting ProtocolHandler ["http-nio-3000"]
2023-01-25 14:19:34 [main] INFO  com.kob.backend.BackendApplication - Started BackendApplication in 19.761 seconds (JVM running for 23.557)
2023-01-25 14:19:34 [main] INFO  c.k.b.s.I.o.SysOssConfigServiceImpl - 发布刷新OSS配置 => minio
2023-01-25 14:19:34 [main] INFO  c.k.b.s.I.o.SysOssConfigServiceImpl - 发布刷新OSS配置 => qiniu
2023-01-25 14:19:34 [main] INFO  c.k.b.s.I.o.SysOssConfigServiceImpl - 发布刷新OSS配置 => aliyun
2023-01-25 14:19:34 [main] INFO  c.k.b.s.I.o.SysOssConfigServiceImpl - 发布刷新OSS配置 => qcloud
2023-01-25 14:19:34 [main] INFO  c.k.b.s.I.o.SysOssConfigServiceImpl - 发布刷新OSS配置 => image
2023-01-25 14:19:34 [main] INFO  com.kob.oss.factory.OssFactory - 初始化OSS工厂
2023-01-25 14:19:34 [main] INFO  c.k.b.runner.SystemApplicationRunner - 初始化OSS配置成功
2023-01-25 14:19:36 [RMI TCP Connection(2)-192.168.93.1] INFO  o.a.c.c.C.[.[localhost].[/kob] - Initializing Spring DispatcherServlet 'dispatcherServlet'
2023-01-25 15:39:50 [SpringApplicationShutdownHook] INFO  c.b.d.d.DynamicRoutingDataSource - dynamic-datasource start closing ....
2023-01-25 15:39:50 [SpringApplicationShutdownHook] INFO  com.zaxxer.hikari.HikariDataSource - master - Shutdown initiated...
2023-01-25 15:39:50 [SpringApplicationShutdownHook] INFO  com.zaxxer.hikari.HikariDataSource - master - Shutdown completed.
2023-01-25 15:39:50 [SpringApplicationShutdownHook] INFO  c.b.d.d.DynamicRoutingDataSource - dynamic-datasource all closed success,bye
2023-01-25 15:40:36 [background-preinit] INFO  o.h.validator.internal.util.Version - HV000001: Hibernate Validator 6.2.3.Final
2023-01-25 15:40:36 [main] INFO  com.kob.backend.BackendApplication - Starting BackendApplication using Java 1.8.0_202 on DESKTOP-U0P6EDB with PID 14960 (E:\java2\kob\backendcloud\backend\target\classes started by A in E:\java2\kob\backendcloud)
2023-01-25 15:40:36 [main] INFO  com.kob.backend.BackendApplication - The following 1 profile is active: "dev"
2023-01-25 15:40:43 [main] INFO  com.kob.backend.config.JacksonConfig - 初始化 jackson 配置
2023-01-25 15:40:43 [main] INFO  com.kob.backend.config.RedisConfig - 初始化 redis 配置
2023-01-25 15:40:44 [main] INFO  org.redisson.Version - Redisson 3.17.5
2023-01-25 15:40:46 [redisson-netty-2-6] INFO  o.r.c.p.MasterPubSubConnectionPool - 1 connections initialized for localhost/127.0.0.1:6379
2023-01-25 15:40:46 [redisson-netty-2-4] INFO  o.r.c.pool.MasterConnectionPool - 8 connections initialized for localhost/127.0.0.1:6379
2023-01-25 15:40:48 [main] INFO  o.a.coyote.http11.Http11NioProtocol - Initializing ProtocolHandler ["http-nio-3000"]
2023-01-25 15:40:48 [main] INFO  o.a.catalina.core.StandardService - Starting service [Tomcat]
2023-01-25 15:40:48 [main] INFO  o.a.catalina.core.StandardEngine - Starting Servlet engine: [Apache Tomcat/9.0.65]
2023-01-25 15:40:48 [main] INFO  o.a.c.c.C.[.[localhost].[/kob] - Initializing Spring embedded WebApplicationContext
2023-01-25 15:40:48 [main] INFO  c.b.d.d.DynamicRoutingDataSource - dynamic-datasource detect P6SPY plugin and enabled it
2023-01-25 15:40:49 [main] INFO  com.zaxxer.hikari.HikariDataSource - master - Starting...
2023-01-25 15:40:49 [main] INFO  com.zaxxer.hikari.HikariDataSource - master - Start completed.
2023-01-25 15:40:49 [main] INFO  c.b.d.d.DynamicRoutingDataSource - dynamic-datasource - add a datasource named [slave] success
2023-01-25 15:40:49 [main] INFO  c.b.d.d.DynamicRoutingDataSource - dynamic-datasource - add a datasource named [master] success
2023-01-25 15:40:49 [main] INFO  c.b.d.d.DynamicRoutingDataSource - dynamic-datasource initial loaded [2] datasource,primary datasource named [master]
2023-01-25 15:40:57 [main] INFO  o.a.coyote.http11.Http11NioProtocol - Starting ProtocolHandler ["http-nio-3000"]
2023-01-25 15:40:57 [main] INFO  com.kob.backend.BackendApplication - Started BackendApplication in 22.519 seconds (JVM running for 27.771)
2023-01-25 15:40:58 [main] INFO  c.k.b.s.I.o.SysOssConfigServiceImpl - 发布刷新OSS配置 => minio
2023-01-25 15:40:58 [main] INFO  c.k.b.s.I.o.SysOssConfigServiceImpl - 发布刷新OSS配置 => qiniu
2023-01-25 15:40:58 [main] INFO  c.k.b.s.I.o.SysOssConfigServiceImpl - 发布刷新OSS配置 => aliyun
2023-01-25 15:40:58 [main] INFO  c.k.b.s.I.o.SysOssConfigServiceImpl - 发布刷新OSS配置 => qcloud
2023-01-25 15:40:58 [main] INFO  c.k.b.s.I.o.SysOssConfigServiceImpl - 发布刷新OSS配置 => image
2023-01-25 15:40:58 [main] INFO  com.kob.oss.factory.OssFactory - 初始化OSS工厂
2023-01-25 15:40:58 [main] INFO  c.k.b.runner.SystemApplicationRunner - 初始化OSS配置成功
2023-01-25 15:41:00 [RMI TCP Connection(3)-192.168.93.1] INFO  o.a.c.c.C.[.[localhost].[/kob] - Initializing Spring DispatcherServlet 'dispatcherServlet'
2023-01-25 15:58:17 [SpringApplicationShutdownHook] INFO  c.b.d.d.DynamicRoutingDataSource - dynamic-datasource start closing ....
2023-01-25 15:58:17 [SpringApplicationShutdownHook] INFO  com.zaxxer.hikari.HikariDataSource - master - Shutdown initiated...
2023-01-25 15:58:17 [SpringApplicationShutdownHook] INFO  com.zaxxer.hikari.HikariDataSource - master - Shutdown completed.
2023-01-25 15:58:17 [SpringApplicationShutdownHook] INFO  c.b.d.d.DynamicRoutingDataSource - dynamic-datasource all closed success,bye
