2023-01-27 12:14:24 [main] INFO  com.kob.backend.BackendApplication - Starting BackendApplication using Java 1.8.0_202 on DESKTOP-U0P6EDB with PID 4448 (E:\java2\kob\backendcloud\backend\target\classes started by A in E:\java2\kob\backendcloud)
2023-01-27 12:14:24 [background-preinit] INFO  o.h.validator.internal.util.Version - HV000001: Hibernate Validator 6.2.3.Final
2023-01-27 12:14:24 [main] INFO  com.kob.backend.BackendApplication - The following 1 profile is active: "dev"
2023-01-27 12:14:31 [main] INFO  com.kob.backend.config.JacksonConfig - 初始化 jackson 配置
2023-01-27 12:14:32 [main] INFO  com.kob.backend.config.RedisConfig - 初始化 redis 配置
2023-01-27 12:14:32 [main] INFO  org.redisson.Version - Redisson 3.17.5
2023-01-27 12:14:35 [redisson-netty-2-6] INFO  o.r.c.p.MasterPubSubConnectionPool - 1 connections initialized for localhost/127.0.0.1:6379
2023-01-27 12:14:35 [redisson-netty-2-3] INFO  o.r.c.pool.MasterConnectionPool - 8 connections initialized for localhost/127.0.0.1:6379
2023-01-27 12:14:36 [main] INFO  o.a.coyote.http11.Http11NioProtocol - Initializing ProtocolHandler ["http-nio-3000"]
2023-01-27 12:14:36 [main] INFO  o.a.catalina.core.StandardService - Starting service [Tomcat]
2023-01-27 12:14:36 [main] INFO  o.a.catalina.core.StandardEngine - Starting Servlet engine: [Apache Tomcat/9.0.65]
2023-01-27 12:14:37 [main] INFO  o.a.c.c.C.[.[localhost].[/kob] - Initializing Spring embedded WebApplicationContext
2023-01-27 12:14:37 [main] INFO  c.b.d.d.DynamicRoutingDataSource - dynamic-datasource detect P6SPY plugin and enabled it
2023-01-27 12:14:37 [main] INFO  com.zaxxer.hikari.HikariDataSource - master - Starting...
2023-01-27 12:14:38 [main] INFO  com.zaxxer.hikari.HikariDataSource - master - Start completed.
2023-01-27 12:14:38 [main] INFO  c.b.d.d.DynamicRoutingDataSource - dynamic-datasource - add a datasource named [slave] success
2023-01-27 12:14:38 [main] INFO  c.b.d.d.DynamicRoutingDataSource - dynamic-datasource - add a datasource named [master] success
2023-01-27 12:14:38 [main] INFO  c.b.d.d.DynamicRoutingDataSource - dynamic-datasource initial loaded [2] datasource,primary datasource named [master]
2023-01-27 12:14:46 [main] INFO  o.a.coyote.http11.Http11NioProtocol - Starting ProtocolHandler ["http-nio-3000"]
2023-01-27 12:14:46 [main] INFO  com.kob.backend.BackendApplication - Started BackendApplication in 23.487 seconds (JVM running for 30.936)
2023-01-27 12:14:47 [main] INFO  c.k.b.s.I.o.SysOssConfigServiceImpl - 发布刷新OSS配置 => minio
2023-01-27 12:14:47 [main] INFO  c.k.b.s.I.o.SysOssConfigServiceImpl - 发布刷新OSS配置 => qiniu
2023-01-27 12:14:47 [main] INFO  c.k.b.s.I.o.SysOssConfigServiceImpl - 发布刷新OSS配置 => aliyun
2023-01-27 12:14:47 [main] INFO  c.k.b.s.I.o.SysOssConfigServiceImpl - 发布刷新OSS配置 => qcloud
2023-01-27 12:14:47 [main] INFO  c.k.b.s.I.o.SysOssConfigServiceImpl - 发布刷新OSS配置 => image
2023-01-27 12:14:47 [main] INFO  com.kob.oss.factory.OssFactory - 初始化OSS工厂
2023-01-27 12:14:47 [main] INFO  c.k.b.runner.SystemApplicationRunner - 初始化OSS配置成功
2023-01-27 12:14:47 [RMI TCP Connection(3)-192.168.93.1] INFO  o.a.c.c.C.[.[localhost].[/kob] - Initializing Spring DispatcherServlet 'dispatcherServlet'
2023-01-27 14:01:58 [SpringApplicationShutdownHook] INFO  c.b.d.d.DynamicRoutingDataSource - dynamic-datasource start closing ....
2023-01-27 14:01:58 [SpringApplicationShutdownHook] INFO  com.zaxxer.hikari.HikariDataSource - master - Shutdown initiated...
2023-01-27 14:01:58 [SpringApplicationShutdownHook] INFO  com.zaxxer.hikari.HikariDataSource - master - Shutdown completed.
2023-01-27 14:01:58 [SpringApplicationShutdownHook] INFO  c.b.d.d.DynamicRoutingDataSource - dynamic-datasource all closed success,bye
2023-01-27 14:02:29 [main] INFO  com.kob.backend.BackendApplication - Starting BackendApplication using Java 1.8.0_202 on DESKTOP-U0P6EDB with PID 14128 (E:\java2\kob\backendcloud\backend\target\classes started by A in E:\java2\kob\backendcloud)
2023-01-27 14:02:29 [background-preinit] INFO  o.h.validator.internal.util.Version - HV000001: Hibernate Validator 6.2.3.Final
2023-01-27 14:02:29 [main] INFO  com.kob.backend.BackendApplication - The following 1 profile is active: "dev"
2023-01-27 14:02:36 [main] INFO  com.kob.backend.config.JacksonConfig - 初始化 jackson 配置
2023-01-27 14:02:37 [main] INFO  com.kob.backend.config.RedisConfig - 初始化 redis 配置
2023-01-27 14:02:37 [main] INFO  org.redisson.Version - Redisson 3.17.5
2023-01-27 14:02:40 [redisson-netty-2-7] INFO  o.r.c.p.MasterPubSubConnectionPool - 1 connections initialized for localhost/127.0.0.1:6379
2023-01-27 14:02:40 [redisson-netty-2-4] INFO  o.r.c.pool.MasterConnectionPool - 8 connections initialized for localhost/127.0.0.1:6379
2023-01-27 14:02:41 [main] INFO  o.a.coyote.http11.Http11NioProtocol - Initializing ProtocolHandler ["http-nio-3000"]
2023-01-27 14:02:41 [main] INFO  o.a.catalina.core.StandardService - Starting service [Tomcat]
2023-01-27 14:02:41 [main] INFO  o.a.catalina.core.StandardEngine - Starting Servlet engine: [Apache Tomcat/9.0.65]
2023-01-27 14:02:42 [main] INFO  o.a.c.c.C.[.[localhost].[/kob] - Initializing Spring embedded WebApplicationContext
2023-01-27 14:02:42 [main] INFO  c.b.d.d.DynamicRoutingDataSource - dynamic-datasource detect P6SPY plugin and enabled it
2023-01-27 14:02:42 [main] INFO  com.zaxxer.hikari.HikariDataSource - master - Starting...
2023-01-27 14:02:42 [main] INFO  com.zaxxer.hikari.HikariDataSource - master - Start completed.
2023-01-27 14:02:42 [main] INFO  c.b.d.d.DynamicRoutingDataSource - dynamic-datasource - add a datasource named [slave] success
2023-01-27 14:02:42 [main] INFO  c.b.d.d.DynamicRoutingDataSource - dynamic-datasource - add a datasource named [master] success
2023-01-27 14:02:42 [main] INFO  c.b.d.d.DynamicRoutingDataSource - dynamic-datasource initial loaded [2] datasource,primary datasource named [master]
2023-01-27 14:02:50 [main] INFO  o.a.coyote.http11.Http11NioProtocol - Starting ProtocolHandler ["http-nio-3000"]
2023-01-27 14:02:50 [main] INFO  com.kob.backend.BackendApplication - Started BackendApplication in 22.11 seconds (JVM running for 25.95)
2023-01-27 14:02:51 [main] INFO  c.k.b.s.I.o.SysOssConfigServiceImpl - 发布刷新OSS配置 => minio
2023-01-27 14:02:51 [main] INFO  c.k.b.s.I.o.SysOssConfigServiceImpl - 发布刷新OSS配置 => qiniu
2023-01-27 14:02:51 [main] INFO  c.k.b.s.I.o.SysOssConfigServiceImpl - 发布刷新OSS配置 => aliyun
2023-01-27 14:02:51 [main] INFO  c.k.b.s.I.o.SysOssConfigServiceImpl - 发布刷新OSS配置 => qcloud
2023-01-27 14:02:51 [main] INFO  c.k.b.s.I.o.SysOssConfigServiceImpl - 发布刷新OSS配置 => image
2023-01-27 14:02:51 [main] INFO  com.kob.oss.factory.OssFactory - 初始化OSS工厂
2023-01-27 14:02:51 [main] INFO  c.k.b.runner.SystemApplicationRunner - 初始化OSS配置成功
2023-01-27 14:02:52 [RMI TCP Connection(4)-192.168.93.1] INFO  o.a.c.c.C.[.[localhost].[/kob] - Initializing Spring DispatcherServlet 'dispatcherServlet'
2023-01-27 14:04:14 [SpringApplicationShutdownHook] INFO  c.b.d.d.DynamicRoutingDataSource - dynamic-datasource start closing ....
2023-01-27 14:04:14 [SpringApplicationShutdownHook] INFO  com.zaxxer.hikari.HikariDataSource - master - Shutdown initiated...
2023-01-27 14:04:14 [SpringApplicationShutdownHook] INFO  com.zaxxer.hikari.HikariDataSource - master - Shutdown completed.
2023-01-27 14:04:14 [SpringApplicationShutdownHook] INFO  c.b.d.d.DynamicRoutingDataSource - dynamic-datasource all closed success,bye
2023-01-27 14:04:30 [background-preinit] INFO  o.h.validator.internal.util.Version - HV000001: Hibernate Validator 6.2.3.Final
2023-01-27 14:04:30 [main] INFO  com.kob.backend.BackendApplication - Starting BackendApplication using Java 1.8.0_202 on DESKTOP-U0P6EDB with PID 1048 (E:\java2\kob\backendcloud\backend\target\classes started by A in E:\java2\kob\backendcloud)
2023-01-27 14:04:30 [main] INFO  com.kob.backend.BackendApplication - The following 1 profile is active: "dev"
2023-01-27 14:04:35 [main] INFO  com.kob.backend.config.JacksonConfig - 初始化 jackson 配置
2023-01-27 14:04:36 [main] INFO  com.kob.backend.config.RedisConfig - 初始化 redis 配置
2023-01-27 14:04:36 [main] INFO  org.redisson.Version - Redisson 3.17.5
2023-01-27 14:04:39 [redisson-netty-2-6] INFO  o.r.c.p.MasterPubSubConnectionPool - 1 connections initialized for localhost/127.0.0.1:6379
2023-01-27 14:04:39 [redisson-netty-2-4] INFO  o.r.c.pool.MasterConnectionPool - 8 connections initialized for localhost/127.0.0.1:6379
2023-01-27 14:04:40 [main] INFO  o.a.coyote.http11.Http11NioProtocol - Initializing ProtocolHandler ["http-nio-3000"]
2023-01-27 14:04:40 [main] INFO  o.a.catalina.core.StandardService - Starting service [Tomcat]
2023-01-27 14:04:40 [main] INFO  o.a.catalina.core.StandardEngine - Starting Servlet engine: [Apache Tomcat/9.0.65]
2023-01-27 14:04:41 [main] INFO  o.a.c.c.C.[.[localhost].[/kob] - Initializing Spring embedded WebApplicationContext
2023-01-27 14:04:41 [main] INFO  c.b.d.d.DynamicRoutingDataSource - dynamic-datasource detect P6SPY plugin and enabled it
2023-01-27 14:04:41 [main] INFO  com.zaxxer.hikari.HikariDataSource - master - Starting...
2023-01-27 14:04:41 [main] INFO  com.zaxxer.hikari.HikariDataSource - master - Start completed.
2023-01-27 14:04:41 [main] INFO  c.b.d.d.DynamicRoutingDataSource - dynamic-datasource - add a datasource named [slave] success
2023-01-27 14:04:41 [main] INFO  c.b.d.d.DynamicRoutingDataSource - dynamic-datasource - add a datasource named [master] success
2023-01-27 14:04:41 [main] INFO  c.b.d.d.DynamicRoutingDataSource - dynamic-datasource initial loaded [2] datasource,primary datasource named [master]
2023-01-27 14:04:49 [main] INFO  o.a.coyote.http11.Http11NioProtocol - Starting ProtocolHandler ["http-nio-3000"]
2023-01-27 14:04:49 [main] INFO  com.kob.backend.BackendApplication - Started BackendApplication in 20.323 seconds (JVM running for 23.889)
2023-01-27 14:04:50 [main] INFO  c.k.b.s.I.o.SysOssConfigServiceImpl - 发布刷新OSS配置 => minio
2023-01-27 14:04:50 [main] INFO  c.k.b.s.I.o.SysOssConfigServiceImpl - 发布刷新OSS配置 => qiniu
2023-01-27 14:04:50 [main] INFO  c.k.b.s.I.o.SysOssConfigServiceImpl - 发布刷新OSS配置 => aliyun
2023-01-27 14:04:50 [main] INFO  c.k.b.s.I.o.SysOssConfigServiceImpl - 发布刷新OSS配置 => qcloud
2023-01-27 14:04:50 [main] INFO  c.k.b.s.I.o.SysOssConfigServiceImpl - 发布刷新OSS配置 => image
2023-01-27 14:04:50 [main] INFO  com.kob.oss.factory.OssFactory - 初始化OSS工厂
2023-01-27 14:04:50 [main] INFO  c.k.b.runner.SystemApplicationRunner - 初始化OSS配置成功
2023-01-27 14:04:51 [RMI TCP Connection(4)-192.168.93.1] INFO  o.a.c.c.C.[.[localhost].[/kob] - Initializing Spring DispatcherServlet 'dispatcherServlet'
2023-01-27 14:06:20 [SpringApplicationShutdownHook] INFO  c.b.d.d.DynamicRoutingDataSource - dynamic-datasource start closing ....
2023-01-27 14:06:20 [SpringApplicationShutdownHook] INFO  com.zaxxer.hikari.HikariDataSource - master - Shutdown initiated...
2023-01-27 14:06:20 [SpringApplicationShutdownHook] INFO  com.zaxxer.hikari.HikariDataSource - master - Shutdown completed.
2023-01-27 14:06:20 [SpringApplicationShutdownHook] INFO  c.b.d.d.DynamicRoutingDataSource - dynamic-datasource all closed success,bye
2023-01-27 14:06:36 [main] INFO  com.kob.backend.BackendApplication - Starting BackendApplication using Java 1.8.0_202 on DESKTOP-U0P6EDB with PID 20276 (E:\java2\kob\backendcloud\backend\target\classes started by A in E:\java2\kob\backendcloud)
2023-01-27 14:06:36 [background-preinit] INFO  o.h.validator.internal.util.Version - HV000001: Hibernate Validator 6.2.3.Final
2023-01-27 14:06:36 [main] INFO  com.kob.backend.BackendApplication - The following 1 profile is active: "dev"
2023-01-27 14:06:41 [main] INFO  com.kob.backend.config.JacksonConfig - 初始化 jackson 配置
2023-01-27 14:06:42 [main] INFO  com.kob.backend.config.RedisConfig - 初始化 redis 配置
2023-01-27 14:06:42 [main] INFO  org.redisson.Version - Redisson 3.17.5
2023-01-27 14:06:44 [redisson-netty-2-6] INFO  o.r.c.p.MasterPubSubConnectionPool - 1 connections initialized for localhost/127.0.0.1:6379
2023-01-27 14:06:44 [redisson-netty-2-4] INFO  o.r.c.pool.MasterConnectionPool - 8 connections initialized for localhost/127.0.0.1:6379
2023-01-27 14:06:46 [main] INFO  o.a.coyote.http11.Http11NioProtocol - Initializing ProtocolHandler ["http-nio-3000"]
2023-01-27 14:06:46 [main] INFO  o.a.catalina.core.StandardService - Starting service [Tomcat]
2023-01-27 14:06:46 [main] INFO  o.a.catalina.core.StandardEngine - Starting Servlet engine: [Apache Tomcat/9.0.65]
2023-01-27 14:06:46 [main] INFO  o.a.c.c.C.[.[localhost].[/kob] - Initializing Spring embedded WebApplicationContext
2023-01-27 14:06:46 [main] INFO  c.b.d.d.DynamicRoutingDataSource - dynamic-datasource detect P6SPY plugin and enabled it
2023-01-27 14:06:46 [main] INFO  com.zaxxer.hikari.HikariDataSource - master - Starting...
2023-01-27 14:06:47 [main] INFO  com.zaxxer.hikari.HikariDataSource - master - Start completed.
2023-01-27 14:06:47 [main] INFO  c.b.d.d.DynamicRoutingDataSource - dynamic-datasource - add a datasource named [slave] success
2023-01-27 14:06:47 [main] INFO  c.b.d.d.DynamicRoutingDataSource - dynamic-datasource - add a datasource named [master] success
2023-01-27 14:06:47 [main] INFO  c.b.d.d.DynamicRoutingDataSource - dynamic-datasource initial loaded [2] datasource,primary datasource named [master]
2023-01-27 14:06:56 [main] INFO  o.a.coyote.http11.Http11NioProtocol - Starting ProtocolHandler ["http-nio-3000"]
2023-01-27 14:06:56 [main] INFO  com.kob.backend.BackendApplication - Started BackendApplication in 20.804 seconds (JVM running for 24.853)
2023-01-27 14:06:56 [main] INFO  c.k.b.s.I.o.SysOssConfigServiceImpl - 发布刷新OSS配置 => minio
2023-01-27 14:06:56 [main] INFO  c.k.b.s.I.o.SysOssConfigServiceImpl - 发布刷新OSS配置 => qiniu
2023-01-27 14:06:56 [main] INFO  c.k.b.s.I.o.SysOssConfigServiceImpl - 发布刷新OSS配置 => aliyun
2023-01-27 14:06:56 [main] INFO  c.k.b.s.I.o.SysOssConfigServiceImpl - 发布刷新OSS配置 => qcloud
2023-01-27 14:06:56 [main] INFO  c.k.b.s.I.o.SysOssConfigServiceImpl - 发布刷新OSS配置 => image
2023-01-27 14:06:56 [main] INFO  com.kob.oss.factory.OssFactory - 初始化OSS工厂
2023-01-27 14:06:56 [main] INFO  c.k.b.runner.SystemApplicationRunner - 初始化OSS配置成功
2023-01-27 14:06:57 [RMI TCP Connection(8)-192.168.93.1] INFO  o.a.c.c.C.[.[localhost].[/kob] - Initializing Spring DispatcherServlet 'dispatcherServlet'
2023-01-27 14:31:51 [SpringApplicationShutdownHook] INFO  c.b.d.d.DynamicRoutingDataSource - dynamic-datasource start closing ....
2023-01-27 14:31:51 [SpringApplicationShutdownHook] INFO  com.zaxxer.hikari.HikariDataSource - master - Shutdown initiated...
2023-01-27 14:31:51 [SpringApplicationShutdownHook] INFO  com.zaxxer.hikari.HikariDataSource - master - Shutdown completed.
2023-01-27 14:31:51 [SpringApplicationShutdownHook] INFO  c.b.d.d.DynamicRoutingDataSource - dynamic-datasource all closed success,bye
2023-01-27 14:32:11 [background-preinit] INFO  o.h.validator.internal.util.Version - HV000001: Hibernate Validator 6.2.3.Final
2023-01-27 14:32:11 [main] INFO  com.kob.backend.BackendApplication - Starting BackendApplication using Java 1.8.0_202 on DESKTOP-U0P6EDB with PID 892 (E:\java2\kob\backendcloud\backend\target\classes started by A in E:\java2\kob\backendcloud)
2023-01-27 14:32:11 [main] INFO  com.kob.backend.BackendApplication - The following 1 profile is active: "dev"
2023-01-27 14:32:16 [main] INFO  com.kob.backend.config.JacksonConfig - 初始化 jackson 配置
2023-01-27 14:32:16 [main] INFO  com.kob.backend.config.RedisConfig - 初始化 redis 配置
2023-01-27 14:32:17 [main] INFO  org.redisson.Version - Redisson 3.17.5
2023-01-27 14:32:19 [redisson-netty-2-7] INFO  o.r.c.p.MasterPubSubConnectionPool - 1 connections initialized for localhost/127.0.0.1:6379
2023-01-27 14:32:19 [redisson-netty-2-4] INFO  o.r.c.pool.MasterConnectionPool - 8 connections initialized for localhost/127.0.0.1:6379
2023-01-27 14:32:21 [main] INFO  o.a.coyote.http11.Http11NioProtocol - Initializing ProtocolHandler ["http-nio-3000"]
2023-01-27 14:32:21 [main] INFO  o.a.catalina.core.StandardService - Starting service [Tomcat]
2023-01-27 14:32:21 [main] INFO  o.a.catalina.core.StandardEngine - Starting Servlet engine: [Apache Tomcat/9.0.65]
2023-01-27 14:32:21 [main] INFO  o.a.c.c.C.[.[localhost].[/kob] - Initializing Spring embedded WebApplicationContext
2023-01-27 14:32:21 [main] INFO  c.b.d.d.DynamicRoutingDataSource - dynamic-datasource detect P6SPY plugin and enabled it
2023-01-27 14:32:21 [main] INFO  com.zaxxer.hikari.HikariDataSource - master - Starting...
2023-01-27 14:32:22 [main] INFO  com.zaxxer.hikari.HikariDataSource - master - Start completed.
2023-01-27 14:32:22 [main] INFO  c.b.d.d.DynamicRoutingDataSource - dynamic-datasource - add a datasource named [slave] success
2023-01-27 14:32:22 [main] INFO  c.b.d.d.DynamicRoutingDataSource - dynamic-datasource - add a datasource named [master] success
2023-01-27 14:32:22 [main] INFO  c.b.d.d.DynamicRoutingDataSource - dynamic-datasource initial loaded [2] datasource,primary datasource named [master]
2023-01-27 14:32:29 [main] INFO  o.a.coyote.http11.Http11NioProtocol - Starting ProtocolHandler ["http-nio-3000"]
2023-01-27 14:32:29 [main] INFO  com.kob.backend.BackendApplication - Started BackendApplication in 19.407 seconds (JVM running for 23.148)
2023-01-27 14:32:30 [main] INFO  c.k.b.s.I.o.SysOssConfigServiceImpl - 发布刷新OSS配置 => minio
2023-01-27 14:32:30 [main] INFO  c.k.b.s.I.o.SysOssConfigServiceImpl - 发布刷新OSS配置 => qiniu
2023-01-27 14:32:30 [main] INFO  c.k.b.s.I.o.SysOssConfigServiceImpl - 发布刷新OSS配置 => aliyun
2023-01-27 14:32:30 [main] INFO  c.k.b.s.I.o.SysOssConfigServiceImpl - 发布刷新OSS配置 => qcloud
2023-01-27 14:32:30 [main] INFO  c.k.b.s.I.o.SysOssConfigServiceImpl - 发布刷新OSS配置 => image
2023-01-27 14:32:30 [main] INFO  com.kob.oss.factory.OssFactory - 初始化OSS工厂
2023-01-27 14:32:30 [main] INFO  c.k.b.runner.SystemApplicationRunner - 初始化OSS配置成功
2023-01-27 14:32:33 [RMI TCP Connection(5)-192.168.93.1] INFO  o.a.c.c.C.[.[localhost].[/kob] - Initializing Spring DispatcherServlet 'dispatcherServlet'
2023-01-27 14:35:32 [SpringApplicationShutdownHook] INFO  c.b.d.d.DynamicRoutingDataSource - dynamic-datasource start closing ....
2023-01-27 14:35:32 [SpringApplicationShutdownHook] INFO  com.zaxxer.hikari.HikariDataSource - master - Shutdown initiated...
2023-01-27 14:35:32 [SpringApplicationShutdownHook] INFO  com.zaxxer.hikari.HikariDataSource - master - Shutdown completed.
2023-01-27 14:35:32 [SpringApplicationShutdownHook] INFO  c.b.d.d.DynamicRoutingDataSource - dynamic-datasource all closed success,bye
2023-01-27 14:35:47 [background-preinit] INFO  o.h.validator.internal.util.Version - HV000001: Hibernate Validator 6.2.3.Final
2023-01-27 14:35:47 [main] INFO  com.kob.backend.BackendApplication - Starting BackendApplication using Java 1.8.0_202 on DESKTOP-U0P6EDB with PID 2572 (E:\java2\kob\backendcloud\backend\target\classes started by A in E:\java2\kob\backendcloud)
2023-01-27 14:35:47 [main] INFO  com.kob.backend.BackendApplication - The following 1 profile is active: "dev"
2023-01-27 14:35:52 [main] INFO  com.kob.backend.config.JacksonConfig - 初始化 jackson 配置
2023-01-27 14:35:52 [main] INFO  com.kob.backend.config.RedisConfig - 初始化 redis 配置
2023-01-27 14:35:52 [main] INFO  org.redisson.Version - Redisson 3.17.5
2023-01-27 14:35:55 [redisson-netty-2-1] INFO  o.r.c.p.MasterPubSubConnectionPool - 1 connections initialized for localhost/127.0.0.1:6379
2023-01-27 14:35:55 [redisson-netty-2-4] INFO  o.r.c.pool.MasterConnectionPool - 8 connections initialized for localhost/127.0.0.1:6379
2023-01-27 14:35:56 [main] INFO  o.a.coyote.http11.Http11NioProtocol - Initializing ProtocolHandler ["http-nio-3000"]
2023-01-27 14:35:56 [main] INFO  o.a.catalina.core.StandardService - Starting service [Tomcat]
2023-01-27 14:35:56 [main] INFO  o.a.catalina.core.StandardEngine - Starting Servlet engine: [Apache Tomcat/9.0.65]
2023-01-27 14:35:57 [main] INFO  o.a.c.c.C.[.[localhost].[/kob] - Initializing Spring embedded WebApplicationContext
2023-01-27 14:35:57 [main] INFO  c.b.d.d.DynamicRoutingDataSource - dynamic-datasource detect P6SPY plugin and enabled it
2023-01-27 14:35:57 [main] INFO  com.zaxxer.hikari.HikariDataSource - master - Starting...
2023-01-27 14:35:57 [main] INFO  com.zaxxer.hikari.HikariDataSource - master - Start completed.
2023-01-27 14:35:57 [main] INFO  c.b.d.d.DynamicRoutingDataSource - dynamic-datasource - add a datasource named [slave] success
2023-01-27 14:35:57 [main] INFO  c.b.d.d.DynamicRoutingDataSource - dynamic-datasource - add a datasource named [master] success
2023-01-27 14:35:57 [main] INFO  c.b.d.d.DynamicRoutingDataSource - dynamic-datasource initial loaded [2] datasource,primary datasource named [master]
2023-01-27 14:36:04 [main] INFO  o.a.coyote.http11.Http11NioProtocol - Starting ProtocolHandler ["http-nio-3000"]
2023-01-27 14:36:05 [main] INFO  com.kob.backend.BackendApplication - Started BackendApplication in 18.605 seconds (JVM running for 22.634)
2023-01-27 14:36:05 [main] INFO  c.k.b.s.I.o.SysOssConfigServiceImpl - 发布刷新OSS配置 => minio
2023-01-27 14:36:05 [main] INFO  c.k.b.s.I.o.SysOssConfigServiceImpl - 发布刷新OSS配置 => qiniu
2023-01-27 14:36:05 [main] INFO  c.k.b.s.I.o.SysOssConfigServiceImpl - 发布刷新OSS配置 => aliyun
2023-01-27 14:36:05 [main] INFO  c.k.b.s.I.o.SysOssConfigServiceImpl - 发布刷新OSS配置 => qcloud
2023-01-27 14:36:05 [main] INFO  c.k.b.s.I.o.SysOssConfigServiceImpl - 发布刷新OSS配置 => image
2023-01-27 14:36:05 [main] INFO  com.kob.oss.factory.OssFactory - 初始化OSS工厂
2023-01-27 14:36:05 [main] INFO  c.k.b.runner.SystemApplicationRunner - 初始化OSS配置成功
2023-01-27 14:36:07 [RMI TCP Connection(5)-192.168.93.1] INFO  o.a.c.c.C.[.[localhost].[/kob] - Initializing Spring DispatcherServlet 'dispatcherServlet'
2023-01-27 15:56:49 [SpringApplicationShutdownHook] INFO  c.b.d.d.DynamicRoutingDataSource - dynamic-datasource start closing ....
2023-01-27 15:56:49 [SpringApplicationShutdownHook] INFO  com.zaxxer.hikari.HikariDataSource - master - Shutdown initiated...
2023-01-27 15:56:49 [SpringApplicationShutdownHook] INFO  com.zaxxer.hikari.HikariDataSource - master - Shutdown completed.
2023-01-27 15:56:49 [SpringApplicationShutdownHook] INFO  c.b.d.d.DynamicRoutingDataSource - dynamic-datasource all closed success,bye
