2023-02-11 12:53:05 [main] INFO  com.kob.backend.BackendApplication - Starting BackendApplication using Java 1.8.0_202 on DESKTOP-U0P6EDB with PID 4076 (E:\java2\kob\backendcloud\backend\target\classes started by A in E:\java2\kob\backendcloud)
2023-02-11 12:53:05 [background-preinit] INFO  o.h.validator.internal.util.Version - HV000001: Hibernate Validator 6.2.5.Final
2023-02-11 12:53:05 [main] INFO  com.kob.backend.BackendApplication - The following 1 profile is active: "dev"
2023-02-11 12:53:15 [main] INFO  com.kob.backend.config.JacksonConfig - 初始化 jackson 配置
2023-02-11 12:53:16 [main] INFO  com.kob.backend.config.RedisConfig - 初始化 redis 配置
2023-02-11 12:53:17 [main] INFO  org.redisson.Version - Redisson 3.17.5
2023-02-11 12:53:20 [redisson-netty-2-6] INFO  o.r.c.p.MasterPubSubConnectionPool - 1 connections initialized for localhost/127.0.0.1:6379
2023-02-11 12:53:20 [redisson-netty-2-4] INFO  o.r.c.pool.MasterConnectionPool - 8 connections initialized for localhost/127.0.0.1:6379
2023-02-11 12:53:22 [main] INFO  o.a.coyote.http11.Http11NioProtocol - Initializing ProtocolHandler ["http-nio-3000"]
2023-02-11 12:53:22 [main] INFO  o.a.catalina.core.StandardService - Starting service [Tomcat]
2023-02-11 12:53:22 [main] INFO  o.a.catalina.core.StandardEngine - Starting Servlet engine: [Apache Tomcat/9.0.70]
2023-02-11 12:53:22 [main] INFO  o.a.c.c.C.[.[localhost].[/kob] - Initializing Spring embedded WebApplicationContext
2023-02-11 12:53:23 [main] INFO  c.b.d.d.DynamicRoutingDataSource - dynamic-datasource detect P6SPY plugin and enabled it
2023-02-11 12:53:23 [main] INFO  com.zaxxer.hikari.HikariDataSource - master - Starting...
2023-02-11 12:53:23 [main] INFO  com.zaxxer.hikari.HikariDataSource - master - Start completed.
2023-02-11 12:53:23 [main] INFO  c.b.d.d.DynamicRoutingDataSource - dynamic-datasource - add a datasource named [slave] success
2023-02-11 12:53:23 [main] INFO  c.b.d.d.DynamicRoutingDataSource - dynamic-datasource - add a datasource named [master] success
2023-02-11 12:53:23 [main] INFO  c.b.d.d.DynamicRoutingDataSource - dynamic-datasource initial loaded [2] datasource,primary datasource named [master]
2023-02-11 12:53:30 [main] INFO  com.kob.job.config.XxlJobConfig - >>>>>>>>>>> xxl-job config init.
2023-02-11 12:53:33 [main] INFO  c.x.job.core.executor.XxlJobExecutor - >>>>>>>>>>> xxl-job register jobhandler success, name:CallMeHandler, jobHandler:com.xxl.job.core.handler.impl.MethodJobHandler@485547ac[class com.kob.job.service.CallMeService#CallMeHandler]
2023-02-11 12:53:33 [main] INFO  c.x.job.core.executor.XxlJobExecutor - >>>>>>>>>>> xxl-job register jobhandler success, name:commandJobHandler, jobHandler:com.xxl.job.core.handler.impl.MethodJobHandler@6d77d269[class com.kob.job.service.SampleService#commandJobHandler]
2023-02-11 12:53:33 [main] INFO  c.x.job.core.executor.XxlJobExecutor - >>>>>>>>>>> xxl-job register jobhandler success, name:shardingJobHandler, jobHandler:com.xxl.job.core.handler.impl.MethodJobHandler@350d9d23[class com.kob.job.service.SampleService#shardingJobHandler]
2023-02-11 12:53:33 [main] INFO  c.x.job.core.executor.XxlJobExecutor - >>>>>>>>>>> xxl-job register jobhandler success, name:demoJobHandler, jobHandler:com.xxl.job.core.handler.impl.MethodJobHandler@530a46f4[class com.kob.job.service.SampleService#demoJobHandler]
2023-02-11 12:53:33 [main] INFO  c.x.job.core.executor.XxlJobExecutor - >>>>>>>>>>> xxl-job register jobhandler success, name:demoJobHandler2, jobHandler:com.xxl.job.core.handler.impl.MethodJobHandler@3180131e[class com.kob.job.service.SampleService#demoJobHandler2]
2023-02-11 12:53:33 [main] INFO  c.x.job.core.executor.XxlJobExecutor - >>>>>>>>>>> xxl-job register jobhandler success, name:httpJobHandler, jobHandler:com.xxl.job.core.handler.impl.MethodJobHandler@62376bdd[class com.kob.job.service.SampleService#httpJobHandler]
2023-02-11 12:53:34 [main] INFO  o.a.coyote.http11.Http11NioProtocol - Starting ProtocolHandler ["http-nio-3000"]
2023-02-11 12:53:34 [Thread-65] INFO  com.xxl.job.core.server.EmbedServer - >>>>>>>>>>> xxl-job remoting server start success, nettype = class com.xxl.job.core.server.EmbedServer, port = 3011
2023-02-11 12:53:34 [main] INFO  com.kob.backend.BackendApplication - Started BackendApplication in 30.661 seconds (JVM running for 41.033)
2023-02-11 12:53:34 [main] INFO  c.k.b.s.I.o.SysOssConfigServiceImpl - 发布刷新OSS配置 => minio
2023-02-11 12:53:34 [main] INFO  c.k.b.s.I.o.SysOssConfigServiceImpl - 发布刷新OSS配置 => qiniu
2023-02-11 12:53:34 [main] INFO  c.k.b.s.I.o.SysOssConfigServiceImpl - 发布刷新OSS配置 => aliyun
2023-02-11 12:53:34 [main] INFO  c.k.b.s.I.o.SysOssConfigServiceImpl - 发布刷新OSS配置 => qcloud
2023-02-11 12:53:34 [main] INFO  c.k.b.s.I.o.SysOssConfigServiceImpl - 发布刷新OSS配置 => image
2023-02-11 12:53:34 [main] INFO  com.kob.oss.factory.OssFactory - 初始化OSS工厂
2023-02-11 12:53:34 [main] INFO  c.k.b.runner.SystemApplicationRunner - 初始化OSS配置成功
2023-02-11 12:53:35 [RMI TCP Connection(2)-192.168.93.1] INFO  o.a.c.c.C.[.[localhost].[/kob] - Initializing Spring DispatcherServlet 'dispatcherServlet'
2023-02-11 13:10:49 [Thread-65] INFO  com.xxl.job.core.server.EmbedServer - >>>>>>>>>>> xxl-job remoting server stop.
2023-02-11 13:10:49 [xxl-job, executor ExecutorRegistryThread] INFO  c.x.j.c.t.ExecutorRegistryThread - >>>>>>>>>>> xxl-job registry-remove success, registryParam:RegistryParam{registryGroup='EXECUTOR', registryKey='xxl-job-executor', registryValue='http://192.168.93.1:3011/'}, registryResult:ReturnT [code=200, msg=null, content=null]
2023-02-11 13:10:49 [xxl-job, executor ExecutorRegistryThread] INFO  c.x.j.c.t.ExecutorRegistryThread - >>>>>>>>>>> xxl-job, executor registry thread destroy.
2023-02-11 13:10:49 [SpringApplicationShutdownHook] INFO  com.xxl.job.core.server.EmbedServer - >>>>>>>>>>> xxl-job remoting server destroy success.
2023-02-11 13:10:49 [xxl-job, executor JobLogFileCleanThread] INFO  c.x.j.c.thread.JobLogFileCleanThread - >>>>>>>>>>> xxl-job, executor JobLogFileCleanThread thread destroy.
2023-02-11 13:10:49 [xxl-job, executor TriggerCallbackThread] INFO  c.x.j.c.thread.TriggerCallbackThread - >>>>>>>>>>> xxl-job, executor callback thread destroy.
2023-02-11 13:10:49 [Thread-64] INFO  c.x.j.c.thread.TriggerCallbackThread - >>>>>>>>>>> xxl-job, executor retry callback thread destroy.
2023-02-11 13:10:49 [SpringApplicationShutdownHook] INFO  c.b.d.d.DynamicRoutingDataSource - dynamic-datasource start closing ....
2023-02-11 13:10:49 [SpringApplicationShutdownHook] INFO  com.zaxxer.hikari.HikariDataSource - master - Shutdown initiated...
2023-02-11 13:10:49 [SpringApplicationShutdownHook] INFO  com.zaxxer.hikari.HikariDataSource - master - Shutdown completed.
2023-02-11 13:10:49 [SpringApplicationShutdownHook] INFO  c.b.d.d.DynamicRoutingDataSource - dynamic-datasource all closed success,bye
2023-02-11 13:11:24 [background-preinit] INFO  o.h.validator.internal.util.Version - HV000001: Hibernate Validator 6.2.5.Final
2023-02-11 13:11:24 [main] INFO  com.kob.backend.BackendApplication - Starting BackendApplication using Java 1.8.0_202 on DESKTOP-U0P6EDB with PID 17564 (E:\java2\kob\backendcloud\backend\target\classes started by A in E:\java2\kob\backendcloud)
2023-02-11 13:11:24 [main] INFO  com.kob.backend.BackendApplication - The following 1 profile is active: "dev"
2023-02-11 13:11:33 [main] INFO  com.kob.backend.config.JacksonConfig - 初始化 jackson 配置
2023-02-11 13:11:33 [main] INFO  com.kob.backend.config.RedisConfig - 初始化 redis 配置
2023-02-11 13:11:34 [main] INFO  org.redisson.Version - Redisson 3.17.5
2023-02-11 13:11:36 [redisson-netty-2-6] INFO  o.r.c.p.MasterPubSubConnectionPool - 1 connections initialized for localhost/127.0.0.1:6379
2023-02-11 13:11:36 [redisson-netty-2-4] INFO  o.r.c.pool.MasterConnectionPool - 8 connections initialized for localhost/127.0.0.1:6379
2023-02-11 13:11:38 [main] INFO  o.a.coyote.http11.Http11NioProtocol - Initializing ProtocolHandler ["http-nio-3000"]
2023-02-11 13:11:38 [main] INFO  o.a.catalina.core.StandardService - Starting service [Tomcat]
2023-02-11 13:11:38 [main] INFO  o.a.catalina.core.StandardEngine - Starting Servlet engine: [Apache Tomcat/9.0.70]
2023-02-11 13:11:38 [main] INFO  o.a.c.c.C.[.[localhost].[/kob] - Initializing Spring embedded WebApplicationContext
2023-02-11 13:11:39 [main] INFO  c.b.d.d.DynamicRoutingDataSource - dynamic-datasource detect P6SPY plugin and enabled it
2023-02-11 13:11:39 [main] INFO  com.zaxxer.hikari.HikariDataSource - master - Starting...
2023-02-11 13:11:39 [main] INFO  com.zaxxer.hikari.HikariDataSource - master - Start completed.
2023-02-11 13:11:39 [main] INFO  c.b.d.d.DynamicRoutingDataSource - dynamic-datasource - add a datasource named [slave] success
2023-02-11 13:11:39 [main] INFO  c.b.d.d.DynamicRoutingDataSource - dynamic-datasource - add a datasource named [master] success
2023-02-11 13:11:39 [main] INFO  c.b.d.d.DynamicRoutingDataSource - dynamic-datasource initial loaded [2] datasource,primary datasource named [master]
2023-02-11 13:11:44 [main] INFO  com.kob.job.config.XxlJobConfig - >>>>>>>>>>> xxl-job config init.
2023-02-11 13:11:48 [main] INFO  c.x.job.core.executor.XxlJobExecutor - >>>>>>>>>>> xxl-job register jobhandler success, name:CallMeHandler, jobHandler:com.xxl.job.core.handler.impl.MethodJobHandler@3549c070[class com.kob.job.service.CallMeService#CallMeHandler]
2023-02-11 13:11:48 [main] INFO  c.x.job.core.executor.XxlJobExecutor - >>>>>>>>>>> xxl-job register jobhandler success, name:demoJobHandler, jobHandler:com.xxl.job.core.handler.impl.MethodJobHandler@235dacd7[class com.kob.job.service.SampleService#demoJobHandler]
2023-02-11 13:11:48 [main] INFO  c.x.job.core.executor.XxlJobExecutor - >>>>>>>>>>> xxl-job register jobhandler success, name:httpJobHandler, jobHandler:com.xxl.job.core.handler.impl.MethodJobHandler@74070994[class com.kob.job.service.SampleService#httpJobHandler]
2023-02-11 13:11:48 [main] INFO  c.x.job.core.executor.XxlJobExecutor - >>>>>>>>>>> xxl-job register jobhandler success, name:demoJobHandler2, jobHandler:com.xxl.job.core.handler.impl.MethodJobHandler@7c816f46[class com.kob.job.service.SampleService#demoJobHandler2]
2023-02-11 13:11:48 [main] INFO  c.x.job.core.executor.XxlJobExecutor - >>>>>>>>>>> xxl-job register jobhandler success, name:commandJobHandler, jobHandler:com.xxl.job.core.handler.impl.MethodJobHandler@7307ae6[class com.kob.job.service.SampleService#commandJobHandler]
2023-02-11 13:11:48 [main] INFO  c.x.job.core.executor.XxlJobExecutor - >>>>>>>>>>> xxl-job register jobhandler success, name:shardingJobHandler, jobHandler:com.xxl.job.core.handler.impl.MethodJobHandler@49c555c3[class com.kob.job.service.SampleService#shardingJobHandler]
2023-02-11 13:11:48 [main] INFO  o.a.coyote.http11.Http11NioProtocol - Starting ProtocolHandler ["http-nio-3000"]
2023-02-11 13:11:49 [Thread-59] INFO  com.xxl.job.core.server.EmbedServer - >>>>>>>>>>> xxl-job remoting server start success, nettype = class com.xxl.job.core.server.EmbedServer, port = 3011
2023-02-11 13:11:49 [main] INFO  com.kob.backend.BackendApplication - Started BackendApplication in 25.963 seconds (JVM running for 30.022)
2023-02-11 13:11:49 [main] INFO  c.k.b.s.I.o.SysOssConfigServiceImpl - 发布刷新OSS配置 => minio
2023-02-11 13:11:49 [main] INFO  c.k.b.s.I.o.SysOssConfigServiceImpl - 发布刷新OSS配置 => qiniu
2023-02-11 13:11:49 [main] INFO  c.k.b.s.I.o.SysOssConfigServiceImpl - 发布刷新OSS配置 => aliyun
2023-02-11 13:11:49 [main] INFO  c.k.b.s.I.o.SysOssConfigServiceImpl - 发布刷新OSS配置 => qcloud
2023-02-11 13:11:49 [main] INFO  c.k.b.s.I.o.SysOssConfigServiceImpl - 发布刷新OSS配置 => image
2023-02-11 13:11:49 [main] INFO  com.kob.oss.factory.OssFactory - 初始化OSS工厂
2023-02-11 13:11:49 [main] INFO  c.k.b.runner.SystemApplicationRunner - 初始化OSS配置成功
2023-02-11 13:11:50 [RMI TCP Connection(3)-192.168.93.1] INFO  o.a.c.c.C.[.[localhost].[/kob] - Initializing Spring DispatcherServlet 'dispatcherServlet'
2023-02-11 13:32:54 [Thread-59] INFO  com.xxl.job.core.server.EmbedServer - >>>>>>>>>>> xxl-job remoting server stop.
2023-02-11 13:32:54 [xxl-job, executor ExecutorRegistryThread] INFO  c.x.j.c.t.ExecutorRegistryThread - >>>>>>>>>>> xxl-job registry-remove success, registryParam:RegistryParam{registryGroup='EXECUTOR', registryKey='xxl-job-executor', registryValue='http://192.168.93.1:3011/'}, registryResult:ReturnT [code=200, msg=null, content=null]
2023-02-11 13:32:54 [xxl-job, executor ExecutorRegistryThread] INFO  c.x.j.c.t.ExecutorRegistryThread - >>>>>>>>>>> xxl-job, executor registry thread destroy.
2023-02-11 13:32:54 [SpringApplicationShutdownHook] INFO  com.xxl.job.core.server.EmbedServer - >>>>>>>>>>> xxl-job remoting server destroy success.
2023-02-11 13:32:54 [xxl-job, executor JobLogFileCleanThread] INFO  c.x.j.c.thread.JobLogFileCleanThread - >>>>>>>>>>> xxl-job, executor JobLogFileCleanThread thread destroy.
2023-02-11 13:32:54 [xxl-job, executor TriggerCallbackThread] INFO  c.x.j.c.thread.TriggerCallbackThread - >>>>>>>>>>> xxl-job, executor callback thread destroy.
2023-02-11 13:32:54 [Thread-58] INFO  c.x.j.c.thread.TriggerCallbackThread - >>>>>>>>>>> xxl-job, executor retry callback thread destroy.
2023-02-11 13:32:54 [SpringApplicationShutdownHook] INFO  c.b.d.d.DynamicRoutingDataSource - dynamic-datasource start closing ....
2023-02-11 13:32:54 [SpringApplicationShutdownHook] INFO  com.zaxxer.hikari.HikariDataSource - master - Shutdown initiated...
2023-02-11 13:32:54 [SpringApplicationShutdownHook] INFO  com.zaxxer.hikari.HikariDataSource - master - Shutdown completed.
2023-02-11 13:32:54 [SpringApplicationShutdownHook] INFO  c.b.d.d.DynamicRoutingDataSource - dynamic-datasource all closed success,bye
2023-02-11 13:33:16 [background-preinit] INFO  o.h.validator.internal.util.Version - HV000001: Hibernate Validator 6.2.5.Final
2023-02-11 13:33:16 [main] INFO  com.kob.backend.BackendApplication - Starting BackendApplication using Java 1.8.0_202 on DESKTOP-U0P6EDB with PID 19352 (E:\java2\kob\backendcloud\backend\target\classes started by A in E:\java2\kob\backendcloud)
2023-02-11 13:33:16 [main] INFO  com.kob.backend.BackendApplication - The following 1 profile is active: "dev"
2023-02-11 13:33:21 [main] INFO  com.kob.backend.config.JacksonConfig - 初始化 jackson 配置
2023-02-11 13:33:22 [main] INFO  com.kob.backend.config.RedisConfig - 初始化 redis 配置
2023-02-11 13:33:22 [main] INFO  org.redisson.Version - Redisson 3.17.5
2023-02-11 13:33:25 [redisson-netty-2-7] INFO  o.r.c.p.MasterPubSubConnectionPool - 1 connections initialized for localhost/127.0.0.1:6379
2023-02-11 13:33:25 [redisson-netty-2-4] INFO  o.r.c.pool.MasterConnectionPool - 8 connections initialized for localhost/127.0.0.1:6379
2023-02-11 13:33:26 [main] INFO  o.a.coyote.http11.Http11NioProtocol - Initializing ProtocolHandler ["http-nio-3000"]
2023-02-11 13:33:26 [main] INFO  o.a.catalina.core.StandardService - Starting service [Tomcat]
2023-02-11 13:33:26 [main] INFO  o.a.catalina.core.StandardEngine - Starting Servlet engine: [Apache Tomcat/9.0.70]
2023-02-11 13:33:27 [main] INFO  o.a.c.c.C.[.[localhost].[/kob] - Initializing Spring embedded WebApplicationContext
2023-02-11 13:33:27 [main] INFO  c.b.d.d.DynamicRoutingDataSource - dynamic-datasource detect P6SPY plugin and enabled it
2023-02-11 13:33:27 [main] INFO  com.zaxxer.hikari.HikariDataSource - master - Starting...
2023-02-11 13:33:28 [main] INFO  com.zaxxer.hikari.HikariDataSource - master - Start completed.
2023-02-11 13:33:28 [main] INFO  c.b.d.d.DynamicRoutingDataSource - dynamic-datasource - add a datasource named [slave] success
2023-02-11 13:33:28 [main] INFO  c.b.d.d.DynamicRoutingDataSource - dynamic-datasource - add a datasource named [master] success
2023-02-11 13:33:28 [main] INFO  c.b.d.d.DynamicRoutingDataSource - dynamic-datasource initial loaded [2] datasource,primary datasource named [master]
2023-02-11 13:33:33 [main] INFO  com.kob.job.config.XxlJobConfig - >>>>>>>>>>> xxl-job config init.
2023-02-11 13:33:37 [main] INFO  c.x.job.core.executor.XxlJobExecutor - >>>>>>>>>>> xxl-job register jobhandler success, name:CallMeHandler, jobHandler:com.xxl.job.core.handler.impl.MethodJobHandler@61627c9d[class com.kob.job.service.CallMeService#CallMeHandler]
2023-02-11 13:33:37 [main] INFO  c.x.job.core.executor.XxlJobExecutor - >>>>>>>>>>> xxl-job register jobhandler success, name:demoJobHandler2, jobHandler:com.xxl.job.core.handler.impl.MethodJobHandler@53c21c05[class com.kob.job.service.SampleService#demoJobHandler2]
2023-02-11 13:33:37 [main] INFO  c.x.job.core.executor.XxlJobExecutor - >>>>>>>>>>> xxl-job register jobhandler success, name:demoJobHandler, jobHandler:com.xxl.job.core.handler.impl.MethodJobHandler@6f986031[class com.kob.job.service.SampleService#demoJobHandler]
2023-02-11 13:33:37 [main] INFO  c.x.job.core.executor.XxlJobExecutor - >>>>>>>>>>> xxl-job register jobhandler success, name:httpJobHandler, jobHandler:com.xxl.job.core.handler.impl.MethodJobHandler@38326fd5[class com.kob.job.service.SampleService#httpJobHandler]
2023-02-11 13:33:37 [main] INFO  c.x.job.core.executor.XxlJobExecutor - >>>>>>>>>>> xxl-job register jobhandler success, name:shardingJobHandler, jobHandler:com.xxl.job.core.handler.impl.MethodJobHandler@4a467ada[class com.kob.job.service.SampleService#shardingJobHandler]
2023-02-11 13:33:37 [main] INFO  c.x.job.core.executor.XxlJobExecutor - >>>>>>>>>>> xxl-job register jobhandler success, name:commandJobHandler, jobHandler:com.xxl.job.core.handler.impl.MethodJobHandler@92775a3[class com.kob.job.service.SampleService#commandJobHandler]
2023-02-11 13:33:37 [main] INFO  o.a.coyote.http11.Http11NioProtocol - Starting ProtocolHandler ["http-nio-3000"]
2023-02-11 13:33:37 [Thread-51] INFO  com.xxl.job.core.server.EmbedServer - >>>>>>>>>>> xxl-job remoting server start success, nettype = class com.xxl.job.core.server.EmbedServer, port = 3011
2023-02-11 13:33:37 [main] INFO  com.kob.backend.BackendApplication - Started BackendApplication in 22.808 seconds (JVM running for 26.963)
2023-02-11 13:33:38 [main] INFO  c.k.b.s.I.o.SysOssConfigServiceImpl - 发布刷新OSS配置 => minio
2023-02-11 13:33:38 [main] INFO  c.k.b.s.I.o.SysOssConfigServiceImpl - 发布刷新OSS配置 => qiniu
2023-02-11 13:33:38 [main] INFO  c.k.b.s.I.o.SysOssConfigServiceImpl - 发布刷新OSS配置 => aliyun
2023-02-11 13:33:38 [main] INFO  c.k.b.s.I.o.SysOssConfigServiceImpl - 发布刷新OSS配置 => qcloud
2023-02-11 13:33:38 [main] INFO  c.k.b.s.I.o.SysOssConfigServiceImpl - 发布刷新OSS配置 => image
2023-02-11 13:33:38 [main] INFO  com.kob.oss.factory.OssFactory - 初始化OSS工厂
2023-02-11 13:33:38 [main] INFO  c.k.b.runner.SystemApplicationRunner - 初始化OSS配置成功
2023-02-11 13:33:38 [RMI TCP Connection(1)-192.168.93.1] INFO  o.a.c.c.C.[.[localhost].[/kob] - Initializing Spring DispatcherServlet 'dispatcherServlet'
2023-02-11 13:41:57 [xxl-job, executor ExecutorRegistryThread] INFO  c.x.j.c.t.ExecutorRegistryThread - >>>>>>>>>>> xxl-job registry fail, registryParam:RegistryParam{registryGroup='EXECUTOR', registryKey='xxl-job-executor', registryValue='http://192.168.93.1:3011/'}, registryResult:ReturnT [code=500, msg=xxl-job remoting error(null), for url : http://localhost:3010/xxl-job-admin/api/registry, content=null]
2023-02-11 13:45:28 [Thread-51] INFO  com.xxl.job.core.server.EmbedServer - >>>>>>>>>>> xxl-job remoting server stop.
2023-02-11 13:45:28 [xxl-job, executor ExecutorRegistryThread] INFO  c.x.j.c.t.ExecutorRegistryThread - >>>>>>>>>>> xxl-job registry-remove success, registryParam:RegistryParam{registryGroup='EXECUTOR', registryKey='xxl-job-executor', registryValue='http://192.168.93.1:3011/'}, registryResult:ReturnT [code=200, msg=null, content=null]
2023-02-11 13:45:28 [xxl-job, executor ExecutorRegistryThread] INFO  c.x.j.c.t.ExecutorRegistryThread - >>>>>>>>>>> xxl-job, executor registry thread destroy.
2023-02-11 13:45:28 [SpringApplicationShutdownHook] INFO  com.xxl.job.core.server.EmbedServer - >>>>>>>>>>> xxl-job remoting server destroy success.
2023-02-11 13:45:28 [xxl-job, executor JobLogFileCleanThread] INFO  c.x.j.c.thread.JobLogFileCleanThread - >>>>>>>>>>> xxl-job, executor JobLogFileCleanThread thread destroy.
2023-02-11 13:45:28 [xxl-job, executor TriggerCallbackThread] INFO  c.x.j.c.thread.TriggerCallbackThread - >>>>>>>>>>> xxl-job, executor callback thread destroy.
2023-02-11 13:45:28 [Thread-50] INFO  c.x.j.c.thread.TriggerCallbackThread - >>>>>>>>>>> xxl-job, executor retry callback thread destroy.
2023-02-11 13:45:28 [SpringApplicationShutdownHook] INFO  c.b.d.d.DynamicRoutingDataSource - dynamic-datasource start closing ....
2023-02-11 13:45:28 [SpringApplicationShutdownHook] INFO  com.zaxxer.hikari.HikariDataSource - master - Shutdown initiated...
2023-02-11 13:45:28 [SpringApplicationShutdownHook] INFO  com.zaxxer.hikari.HikariDataSource - master - Shutdown completed.
2023-02-11 13:45:28 [SpringApplicationShutdownHook] INFO  c.b.d.d.DynamicRoutingDataSource - dynamic-datasource all closed success,bye
2023-02-11 13:45:43 [background-preinit] INFO  o.h.validator.internal.util.Version - HV000001: Hibernate Validator 6.2.5.Final
2023-02-11 13:45:43 [main] INFO  com.kob.backend.BackendApplication - Starting BackendApplication using Java 1.8.0_202 on DESKTOP-U0P6EDB with PID 12720 (E:\java2\kob\backendcloud\backend\target\classes started by A in E:\java2\kob\backendcloud)
2023-02-11 13:45:43 [main] INFO  com.kob.backend.BackendApplication - The following 1 profile is active: "dev"
2023-02-11 13:45:49 [main] INFO  com.kob.backend.config.JacksonConfig - 初始化 jackson 配置
2023-02-11 13:45:49 [main] INFO  com.kob.backend.config.RedisConfig - 初始化 redis 配置
2023-02-11 13:45:49 [main] INFO  org.redisson.Version - Redisson 3.17.5
2023-02-11 13:45:52 [redisson-netty-2-1] INFO  o.r.c.p.MasterPubSubConnectionPool - 1 connections initialized for localhost/127.0.0.1:6379
2023-02-11 13:45:52 [redisson-netty-2-3] INFO  o.r.c.pool.MasterConnectionPool - 8 connections initialized for localhost/127.0.0.1:6379
2023-02-11 13:45:53 [main] INFO  o.a.coyote.http11.Http11NioProtocol - Initializing ProtocolHandler ["http-nio-3000"]
2023-02-11 13:45:53 [main] INFO  o.a.catalina.core.StandardService - Starting service [Tomcat]
2023-02-11 13:45:53 [main] INFO  o.a.catalina.core.StandardEngine - Starting Servlet engine: [Apache Tomcat/9.0.70]
2023-02-11 13:45:54 [main] INFO  o.a.c.c.C.[.[localhost].[/kob] - Initializing Spring embedded WebApplicationContext
2023-02-11 13:45:54 [main] INFO  c.b.d.d.DynamicRoutingDataSource - dynamic-datasource detect P6SPY plugin and enabled it
2023-02-11 13:45:54 [main] INFO  com.zaxxer.hikari.HikariDataSource - master - Starting...
2023-02-11 13:45:54 [main] INFO  com.zaxxer.hikari.HikariDataSource - master - Start completed.
2023-02-11 13:45:54 [main] INFO  c.b.d.d.DynamicRoutingDataSource - dynamic-datasource - add a datasource named [slave] success
2023-02-11 13:45:54 [main] INFO  c.b.d.d.DynamicRoutingDataSource - dynamic-datasource - add a datasource named [master] success
2023-02-11 13:45:54 [main] INFO  c.b.d.d.DynamicRoutingDataSource - dynamic-datasource initial loaded [2] datasource,primary datasource named [master]
2023-02-11 13:45:59 [main] INFO  com.kob.job.config.XxlJobConfig - >>>>>>>>>>> xxl-job config init.
2023-02-11 13:46:02 [main] INFO  c.x.job.core.executor.XxlJobExecutor - >>>>>>>>>>> xxl-job register jobhandler success, name:CallMeHandler, jobHandler:com.xxl.job.core.handler.impl.MethodJobHandler@7d836c4a[class com.kob.job.service.CallMeService#CallMeHandler]
2023-02-11 13:46:02 [main] INFO  c.x.job.core.executor.XxlJobExecutor - >>>>>>>>>>> xxl-job register jobhandler success, name:commandJobHandler, jobHandler:com.xxl.job.core.handler.impl.MethodJobHandler@485547ac[class com.kob.job.service.SampleService#commandJobHandler]
2023-02-11 13:46:02 [main] INFO  c.x.job.core.executor.XxlJobExecutor - >>>>>>>>>>> xxl-job register jobhandler success, name:shardingJobHandler, jobHandler:com.xxl.job.core.handler.impl.MethodJobHandler@6d77d269[class com.kob.job.service.SampleService#shardingJobHandler]
2023-02-11 13:46:02 [main] INFO  c.x.job.core.executor.XxlJobExecutor - >>>>>>>>>>> xxl-job register jobhandler success, name:httpJobHandler, jobHandler:com.xxl.job.core.handler.impl.MethodJobHandler@350d9d23[class com.kob.job.service.SampleService#httpJobHandler]
2023-02-11 13:46:02 [main] INFO  c.x.job.core.executor.XxlJobExecutor - >>>>>>>>>>> xxl-job register jobhandler success, name:demoJobHandler2, jobHandler:com.xxl.job.core.handler.impl.MethodJobHandler@530a46f4[class com.kob.job.service.SampleService#demoJobHandler2]
2023-02-11 13:46:02 [main] INFO  c.x.job.core.executor.XxlJobExecutor - >>>>>>>>>>> xxl-job register jobhandler success, name:demoJobHandler, jobHandler:com.xxl.job.core.handler.impl.MethodJobHandler@3180131e[class com.kob.job.service.SampleService#demoJobHandler]
2023-02-11 13:46:02 [main] INFO  o.a.coyote.http11.Http11NioProtocol - Starting ProtocolHandler ["http-nio-3000"]
2023-02-11 13:46:02 [Thread-51] INFO  com.xxl.job.core.server.EmbedServer - >>>>>>>>>>> xxl-job remoting server start success, nettype = class com.xxl.job.core.server.EmbedServer, port = 3011
2023-02-11 13:46:02 [main] INFO  com.kob.backend.BackendApplication - Started BackendApplication in 20.485 seconds (JVM running for 24.24)
2023-02-11 13:46:03 [main] INFO  c.k.b.s.I.o.SysOssConfigServiceImpl - 发布刷新OSS配置 => minio
2023-02-11 13:46:03 [main] INFO  c.k.b.s.I.o.SysOssConfigServiceImpl - 发布刷新OSS配置 => qiniu
2023-02-11 13:46:03 [main] INFO  c.k.b.s.I.o.SysOssConfigServiceImpl - 发布刷新OSS配置 => aliyun
2023-02-11 13:46:03 [main] INFO  c.k.b.s.I.o.SysOssConfigServiceImpl - 发布刷新OSS配置 => qcloud
2023-02-11 13:46:03 [main] INFO  c.k.b.s.I.o.SysOssConfigServiceImpl - 发布刷新OSS配置 => image
2023-02-11 13:46:03 [main] INFO  com.kob.oss.factory.OssFactory - 初始化OSS工厂
2023-02-11 13:46:03 [main] INFO  c.k.b.runner.SystemApplicationRunner - 初始化OSS配置成功
2023-02-11 13:46:05 [RMI TCP Connection(3)-192.168.93.1] INFO  o.a.c.c.C.[.[localhost].[/kob] - Initializing Spring DispatcherServlet 'dispatcherServlet'
2023-02-11 13:47:19 [Thread-51] INFO  com.xxl.job.core.server.EmbedServer - >>>>>>>>>>> xxl-job remoting server stop.
2023-02-11 13:47:19 [xxl-job, executor ExecutorRegistryThread] INFO  c.x.j.c.t.ExecutorRegistryThread - >>>>>>>>>>> xxl-job registry-remove success, registryParam:RegistryParam{registryGroup='EXECUTOR', registryKey='xxl-job-executor', registryValue='http://192.168.93.1:3011/'}, registryResult:ReturnT [code=200, msg=null, content=null]
2023-02-11 13:47:19 [xxl-job, executor ExecutorRegistryThread] INFO  c.x.j.c.t.ExecutorRegistryThread - >>>>>>>>>>> xxl-job, executor registry thread destroy.
2023-02-11 13:47:19 [SpringApplicationShutdownHook] INFO  com.xxl.job.core.server.EmbedServer - >>>>>>>>>>> xxl-job remoting server destroy success.
2023-02-11 13:47:19 [xxl-job, executor JobLogFileCleanThread] INFO  c.x.j.c.thread.JobLogFileCleanThread - >>>>>>>>>>> xxl-job, executor JobLogFileCleanThread thread destroy.
2023-02-11 13:47:19 [xxl-job, executor TriggerCallbackThread] INFO  c.x.j.c.thread.TriggerCallbackThread - >>>>>>>>>>> xxl-job, executor callback thread destroy.
2023-02-11 13:47:19 [Thread-50] INFO  c.x.j.c.thread.TriggerCallbackThread - >>>>>>>>>>> xxl-job, executor retry callback thread destroy.
2023-02-11 13:47:19 [SpringApplicationShutdownHook] INFO  c.b.d.d.DynamicRoutingDataSource - dynamic-datasource start closing ....
2023-02-11 13:47:19 [SpringApplicationShutdownHook] INFO  com.zaxxer.hikari.HikariDataSource - master - Shutdown initiated...
2023-02-11 13:47:19 [SpringApplicationShutdownHook] INFO  com.zaxxer.hikari.HikariDataSource - master - Shutdown completed.
2023-02-11 13:47:19 [SpringApplicationShutdownHook] INFO  c.b.d.d.DynamicRoutingDataSource - dynamic-datasource all closed success,bye
2023-02-11 13:47:34 [background-preinit] INFO  o.h.validator.internal.util.Version - HV000001: Hibernate Validator 6.2.5.Final
2023-02-11 13:47:34 [main] INFO  com.kob.backend.BackendApplication - Starting BackendApplication using Java 1.8.0_202 on DESKTOP-U0P6EDB with PID 420 (E:\java2\kob\backendcloud\backend\target\classes started by A in E:\java2\kob\backendcloud)
2023-02-11 13:47:34 [main] INFO  com.kob.backend.BackendApplication - The following 1 profile is active: "dev"
2023-02-11 13:47:40 [main] INFO  com.kob.backend.config.JacksonConfig - 初始化 jackson 配置
2023-02-11 13:47:40 [main] INFO  com.kob.backend.config.RedisConfig - 初始化 redis 配置
2023-02-11 13:47:40 [main] INFO  org.redisson.Version - Redisson 3.17.5
2023-02-11 13:47:43 [redisson-netty-2-7] INFO  o.r.c.p.MasterPubSubConnectionPool - 1 connections initialized for localhost/127.0.0.1:6379
2023-02-11 13:47:43 [redisson-netty-2-4] INFO  o.r.c.pool.MasterConnectionPool - 8 connections initialized for localhost/127.0.0.1:6379
2023-02-11 13:47:44 [main] INFO  o.a.coyote.http11.Http11NioProtocol - Initializing ProtocolHandler ["http-nio-3000"]
2023-02-11 13:47:44 [main] INFO  o.a.catalina.core.StandardService - Starting service [Tomcat]
2023-02-11 13:47:44 [main] INFO  o.a.catalina.core.StandardEngine - Starting Servlet engine: [Apache Tomcat/9.0.70]
2023-02-11 13:47:44 [main] INFO  o.a.c.c.C.[.[localhost].[/kob] - Initializing Spring embedded WebApplicationContext
2023-02-11 13:47:45 [main] INFO  c.b.d.d.DynamicRoutingDataSource - dynamic-datasource detect P6SPY plugin and enabled it
2023-02-11 13:47:45 [main] INFO  com.zaxxer.hikari.HikariDataSource - master - Starting...
2023-02-11 13:47:45 [main] INFO  com.zaxxer.hikari.HikariDataSource - master - Start completed.
2023-02-11 13:47:45 [main] INFO  c.b.d.d.DynamicRoutingDataSource - dynamic-datasource - add a datasource named [slave] success
2023-02-11 13:47:45 [main] INFO  c.b.d.d.DynamicRoutingDataSource - dynamic-datasource - add a datasource named [master] success
2023-02-11 13:47:45 [main] INFO  c.b.d.d.DynamicRoutingDataSource - dynamic-datasource initial loaded [2] datasource,primary datasource named [master]
2023-02-11 13:47:50 [main] INFO  com.kob.job.config.XxlJobConfig - >>>>>>>>>>> xxl-job config init.
2023-02-11 13:47:53 [main] INFO  c.x.job.core.executor.XxlJobExecutor - >>>>>>>>>>> xxl-job register jobhandler success, name:CallMeHandler, jobHandler:com.xxl.job.core.handler.impl.MethodJobHandler@520eb9f8[class com.kob.job.service.CallMeService#CallMeHandler]
2023-02-11 13:47:53 [main] INFO  c.x.job.core.executor.XxlJobExecutor - >>>>>>>>>>> xxl-job register jobhandler success, name:commandJobHandler, jobHandler:com.xxl.job.core.handler.impl.MethodJobHandler@3ecc9baa[class com.kob.job.service.SampleService#commandJobHandler]
2023-02-11 13:47:53 [main] INFO  c.x.job.core.executor.XxlJobExecutor - >>>>>>>>>>> xxl-job register jobhandler success, name:shardingJobHandler, jobHandler:com.xxl.job.core.handler.impl.MethodJobHandler@4f2a9903[class com.kob.job.service.SampleService#shardingJobHandler]
2023-02-11 13:47:53 [main] INFO  c.x.job.core.executor.XxlJobExecutor - >>>>>>>>>>> xxl-job register jobhandler success, name:demoJobHandler2, jobHandler:com.xxl.job.core.handler.impl.MethodJobHandler@294ebdae[class com.kob.job.service.SampleService#demoJobHandler2]
2023-02-11 13:47:53 [main] INFO  c.x.job.core.executor.XxlJobExecutor - >>>>>>>>>>> xxl-job register jobhandler success, name:demoJobHandler, jobHandler:com.xxl.job.core.handler.impl.MethodJobHandler@e280006[class com.kob.job.service.SampleService#demoJobHandler]
2023-02-11 13:47:53 [main] INFO  c.x.job.core.executor.XxlJobExecutor - >>>>>>>>>>> xxl-job register jobhandler success, name:httpJobHandler, jobHandler:com.xxl.job.core.handler.impl.MethodJobHandler@54e3cba2[class com.kob.job.service.SampleService#httpJobHandler]
2023-02-11 13:47:53 [main] INFO  o.a.coyote.http11.Http11NioProtocol - Starting ProtocolHandler ["http-nio-3000"]
2023-02-11 13:47:53 [Thread-49] INFO  com.xxl.job.core.server.EmbedServer - >>>>>>>>>>> xxl-job remoting server start success, nettype = class com.xxl.job.core.server.EmbedServer, port = 3011
2023-02-11 13:47:53 [main] INFO  com.kob.backend.BackendApplication - Started BackendApplication in 20.658 seconds (JVM running for 24.534)
2023-02-11 13:47:54 [main] INFO  c.k.b.s.I.o.SysOssConfigServiceImpl - 发布刷新OSS配置 => minio
2023-02-11 13:47:54 [main] INFO  c.k.b.s.I.o.SysOssConfigServiceImpl - 发布刷新OSS配置 => qiniu
2023-02-11 13:47:54 [main] INFO  c.k.b.s.I.o.SysOssConfigServiceImpl - 发布刷新OSS配置 => aliyun
2023-02-11 13:47:54 [main] INFO  c.k.b.s.I.o.SysOssConfigServiceImpl - 发布刷新OSS配置 => qcloud
2023-02-11 13:47:54 [main] INFO  c.k.b.s.I.o.SysOssConfigServiceImpl - 发布刷新OSS配置 => image
2023-02-11 13:47:54 [main] INFO  com.kob.oss.factory.OssFactory - 初始化OSS工厂
2023-02-11 13:47:54 [main] INFO  c.k.b.runner.SystemApplicationRunner - 初始化OSS配置成功
2023-02-11 13:47:55 [RMI TCP Connection(4)-192.168.93.1] INFO  o.a.c.c.C.[.[localhost].[/kob] - Initializing Spring DispatcherServlet 'dispatcherServlet'
2023-02-11 13:51:43 [Thread-49] INFO  com.xxl.job.core.server.EmbedServer - >>>>>>>>>>> xxl-job remoting server stop.
2023-02-11 13:51:43 [xxl-job, executor ExecutorRegistryThread] INFO  c.x.j.c.t.ExecutorRegistryThread - >>>>>>>>>>> xxl-job registry-remove success, registryParam:RegistryParam{registryGroup='EXECUTOR', registryKey='xxl-job-executor', registryValue='http://192.168.93.1:3011/'}, registryResult:ReturnT [code=200, msg=null, content=null]
2023-02-11 13:51:43 [xxl-job, executor ExecutorRegistryThread] INFO  c.x.j.c.t.ExecutorRegistryThread - >>>>>>>>>>> xxl-job, executor registry thread destroy.
2023-02-11 13:51:43 [SpringApplicationShutdownHook] INFO  com.xxl.job.core.server.EmbedServer - >>>>>>>>>>> xxl-job remoting server destroy success.
2023-02-11 13:51:43 [xxl-job, executor JobLogFileCleanThread] INFO  c.x.j.c.thread.JobLogFileCleanThread - >>>>>>>>>>> xxl-job, executor JobLogFileCleanThread thread destroy.
2023-02-11 13:51:43 [xxl-job, executor TriggerCallbackThread] INFO  c.x.j.c.thread.TriggerCallbackThread - >>>>>>>>>>> xxl-job, executor callback thread destroy.
2023-02-11 13:51:43 [Thread-48] INFO  c.x.j.c.thread.TriggerCallbackThread - >>>>>>>>>>> xxl-job, executor retry callback thread destroy.
2023-02-11 13:51:43 [SpringApplicationShutdownHook] INFO  c.b.d.d.DynamicRoutingDataSource - dynamic-datasource start closing ....
2023-02-11 13:51:43 [SpringApplicationShutdownHook] INFO  com.zaxxer.hikari.HikariDataSource - master - Shutdown initiated...
2023-02-11 13:51:43 [SpringApplicationShutdownHook] INFO  com.zaxxer.hikari.HikariDataSource - master - Shutdown completed.
2023-02-11 13:51:43 [SpringApplicationShutdownHook] INFO  c.b.d.d.DynamicRoutingDataSource - dynamic-datasource all closed success,bye
2023-02-11 13:51:58 [main] INFO  com.kob.backend.BackendApplication - Starting BackendApplication using Java 1.8.0_202 on DESKTOP-U0P6EDB with PID 12660 (E:\java2\kob\backendcloud\backend\target\classes started by A in E:\java2\kob\backendcloud)
2023-02-11 13:51:58 [background-preinit] INFO  o.h.validator.internal.util.Version - HV000001: Hibernate Validator 6.2.5.Final
2023-02-11 13:51:58 [main] INFO  com.kob.backend.BackendApplication - The following 1 profile is active: "dev"
2023-02-11 13:52:03 [main] INFO  com.kob.backend.config.JacksonConfig - 初始化 jackson 配置
2023-02-11 13:52:04 [main] INFO  com.kob.backend.config.RedisConfig - 初始化 redis 配置
2023-02-11 13:52:04 [main] INFO  org.redisson.Version - Redisson 3.17.5
2023-02-11 13:52:06 [redisson-netty-2-6] INFO  o.r.c.p.MasterPubSubConnectionPool - 1 connections initialized for localhost/127.0.0.1:6379
2023-02-11 13:52:07 [redisson-netty-2-4] INFO  o.r.c.pool.MasterConnectionPool - 8 connections initialized for localhost/127.0.0.1:6379
2023-02-11 13:52:08 [main] INFO  o.a.coyote.http11.Http11NioProtocol - Initializing ProtocolHandler ["http-nio-3000"]
2023-02-11 13:52:08 [main] INFO  o.a.catalina.core.StandardService - Starting service [Tomcat]
2023-02-11 13:52:08 [main] INFO  o.a.catalina.core.StandardEngine - Starting Servlet engine: [Apache Tomcat/9.0.70]
2023-02-11 13:52:08 [main] INFO  o.a.c.c.C.[.[localhost].[/kob] - Initializing Spring embedded WebApplicationContext
2023-02-11 13:52:09 [main] INFO  c.b.d.d.DynamicRoutingDataSource - dynamic-datasource detect P6SPY plugin and enabled it
2023-02-11 13:52:09 [main] INFO  com.zaxxer.hikari.HikariDataSource - master - Starting...
2023-02-11 13:52:09 [main] INFO  com.zaxxer.hikari.HikariDataSource - master - Start completed.
2023-02-11 13:52:09 [main] INFO  c.b.d.d.DynamicRoutingDataSource - dynamic-datasource - add a datasource named [slave] success
2023-02-11 13:52:09 [main] INFO  c.b.d.d.DynamicRoutingDataSource - dynamic-datasource - add a datasource named [master] success
2023-02-11 13:52:09 [main] INFO  c.b.d.d.DynamicRoutingDataSource - dynamic-datasource initial loaded [2] datasource,primary datasource named [master]
2023-02-11 13:52:14 [main] INFO  com.kob.job.config.XxlJobConfig - >>>>>>>>>>> xxl-job config init.
2023-02-11 13:52:17 [main] INFO  c.x.job.core.executor.XxlJobExecutor - >>>>>>>>>>> xxl-job register jobhandler success, name:CallMeHandler, jobHandler:com.xxl.job.core.handler.impl.MethodJobHandler@752e4223[class com.kob.job.service.CallMeService#CallMeHandler]
2023-02-11 13:52:17 [main] INFO  c.x.job.core.executor.XxlJobExecutor - >>>>>>>>>>> xxl-job register jobhandler success, name:demoJobHandler, jobHandler:com.xxl.job.core.handler.impl.MethodJobHandler@7528089c[class com.kob.job.service.SampleService#demoJobHandler]
2023-02-11 13:52:17 [main] INFO  c.x.job.core.executor.XxlJobExecutor - >>>>>>>>>>> xxl-job register jobhandler success, name:demoJobHandler2, jobHandler:com.xxl.job.core.handler.impl.MethodJobHandler@136690b1[class com.kob.job.service.SampleService#demoJobHandler2]
2023-02-11 13:52:17 [main] INFO  c.x.job.core.executor.XxlJobExecutor - >>>>>>>>>>> xxl-job register jobhandler success, name:httpJobHandler, jobHandler:com.xxl.job.core.handler.impl.MethodJobHandler@39007725[class com.kob.job.service.SampleService#httpJobHandler]
2023-02-11 13:52:17 [main] INFO  c.x.job.core.executor.XxlJobExecutor - >>>>>>>>>>> xxl-job register jobhandler success, name:shardingJobHandler, jobHandler:com.xxl.job.core.handler.impl.MethodJobHandler@3eb8057c[class com.kob.job.service.SampleService#shardingJobHandler]
2023-02-11 13:52:17 [main] INFO  c.x.job.core.executor.XxlJobExecutor - >>>>>>>>>>> xxl-job register jobhandler success, name:commandJobHandler, jobHandler:com.xxl.job.core.handler.impl.MethodJobHandler@be186df[class com.kob.job.service.SampleService#commandJobHandler]
2023-02-11 13:52:17 [main] INFO  o.a.coyote.http11.Http11NioProtocol - Starting ProtocolHandler ["http-nio-3000"]
2023-02-11 13:52:17 [Thread-48] INFO  com.xxl.job.core.server.EmbedServer - >>>>>>>>>>> xxl-job remoting server start success, nettype = class com.xxl.job.core.server.EmbedServer, port = 3011
2023-02-11 13:52:17 [main] INFO  com.kob.backend.BackendApplication - Started BackendApplication in 20.743 seconds (JVM running for 24.359)
2023-02-11 13:52:18 [main] INFO  c.k.b.s.I.o.SysOssConfigServiceImpl - 发布刷新OSS配置 => minio
2023-02-11 13:52:18 [main] INFO  c.k.b.s.I.o.SysOssConfigServiceImpl - 发布刷新OSS配置 => qiniu
2023-02-11 13:52:18 [main] INFO  c.k.b.s.I.o.SysOssConfigServiceImpl - 发布刷新OSS配置 => aliyun
2023-02-11 13:52:18 [main] INFO  c.k.b.s.I.o.SysOssConfigServiceImpl - 发布刷新OSS配置 => qcloud
2023-02-11 13:52:18 [main] INFO  c.k.b.s.I.o.SysOssConfigServiceImpl - 发布刷新OSS配置 => image
2023-02-11 13:52:18 [main] INFO  com.kob.oss.factory.OssFactory - 初始化OSS工厂
2023-02-11 13:52:18 [main] INFO  c.k.b.runner.SystemApplicationRunner - 初始化OSS配置成功
2023-02-11 13:52:18 [RMI TCP Connection(3)-192.168.93.1] INFO  o.a.c.c.C.[.[localhost].[/kob] - Initializing Spring DispatcherServlet 'dispatcherServlet'
2023-02-11 13:54:08 [Thread-48] INFO  com.xxl.job.core.server.EmbedServer - >>>>>>>>>>> xxl-job remoting server stop.
2023-02-11 13:54:08 [xxl-job, executor ExecutorRegistryThread] INFO  c.x.j.c.t.ExecutorRegistryThread - >>>>>>>>>>> xxl-job registry-remove success, registryParam:RegistryParam{registryGroup='EXECUTOR', registryKey='xxl-job-executor', registryValue='http://192.168.93.1:3011/'}, registryResult:ReturnT [code=200, msg=null, content=null]
2023-02-11 13:54:08 [xxl-job, executor ExecutorRegistryThread] INFO  c.x.j.c.t.ExecutorRegistryThread - >>>>>>>>>>> xxl-job, executor registry thread destroy.
2023-02-11 13:54:08 [SpringApplicationShutdownHook] INFO  com.xxl.job.core.server.EmbedServer - >>>>>>>>>>> xxl-job remoting server destroy success.
2023-02-11 13:54:08 [xxl-job, executor JobLogFileCleanThread] INFO  c.x.j.c.thread.JobLogFileCleanThread - >>>>>>>>>>> xxl-job, executor JobLogFileCleanThread thread destroy.
2023-02-11 13:54:08 [xxl-job, executor TriggerCallbackThread] INFO  c.x.j.c.thread.TriggerCallbackThread - >>>>>>>>>>> xxl-job, executor callback thread destroy.
2023-02-11 13:54:08 [Thread-47] INFO  c.x.j.c.thread.TriggerCallbackThread - >>>>>>>>>>> xxl-job, executor retry callback thread destroy.
2023-02-11 13:54:08 [SpringApplicationShutdownHook] INFO  c.b.d.d.DynamicRoutingDataSource - dynamic-datasource start closing ....
2023-02-11 13:54:08 [SpringApplicationShutdownHook] INFO  com.zaxxer.hikari.HikariDataSource - master - Shutdown initiated...
2023-02-11 13:54:08 [SpringApplicationShutdownHook] INFO  com.zaxxer.hikari.HikariDataSource - master - Shutdown completed.
2023-02-11 13:54:08 [SpringApplicationShutdownHook] INFO  c.b.d.d.DynamicRoutingDataSource - dynamic-datasource all closed success,bye
2023-02-11 13:54:22 [background-preinit] INFO  o.h.validator.internal.util.Version - HV000001: Hibernate Validator 6.2.5.Final
2023-02-11 13:54:22 [main] INFO  com.kob.backend.BackendApplication - Starting BackendApplication using Java 1.8.0_202 on DESKTOP-U0P6EDB with PID 9836 (E:\java2\kob\backendcloud\backend\target\classes started by A in E:\java2\kob\backendcloud)
2023-02-11 13:54:22 [main] INFO  com.kob.backend.BackendApplication - The following 1 profile is active: "dev"
2023-02-11 13:54:27 [main] INFO  com.kob.backend.config.JacksonConfig - 初始化 jackson 配置
2023-02-11 13:54:28 [main] INFO  com.kob.backend.config.RedisConfig - 初始化 redis 配置
2023-02-11 13:54:28 [main] INFO  org.redisson.Version - Redisson 3.17.5
2023-02-11 13:54:30 [redisson-netty-2-6] INFO  o.r.c.p.MasterPubSubConnectionPool - 1 connections initialized for localhost/127.0.0.1:6379
2023-02-11 13:54:30 [redisson-netty-2-4] INFO  o.r.c.pool.MasterConnectionPool - 8 connections initialized for localhost/127.0.0.1:6379
2023-02-11 13:54:32 [main] INFO  o.a.coyote.http11.Http11NioProtocol - Initializing ProtocolHandler ["http-nio-3000"]
2023-02-11 13:54:32 [main] INFO  o.a.catalina.core.StandardService - Starting service [Tomcat]
2023-02-11 13:54:32 [main] INFO  o.a.catalina.core.StandardEngine - Starting Servlet engine: [Apache Tomcat/9.0.70]
2023-02-11 13:54:32 [main] INFO  o.a.c.c.C.[.[localhost].[/kob] - Initializing Spring embedded WebApplicationContext
2023-02-11 13:54:32 [main] INFO  c.b.d.d.DynamicRoutingDataSource - dynamic-datasource detect P6SPY plugin and enabled it
2023-02-11 13:54:32 [main] INFO  com.zaxxer.hikari.HikariDataSource - master - Starting...
2023-02-11 13:54:33 [main] INFO  com.zaxxer.hikari.HikariDataSource - master - Start completed.
2023-02-11 13:54:33 [main] INFO  c.b.d.d.DynamicRoutingDataSource - dynamic-datasource - add a datasource named [slave] success
2023-02-11 13:54:33 [main] INFO  c.b.d.d.DynamicRoutingDataSource - dynamic-datasource - add a datasource named [master] success
2023-02-11 13:54:33 [main] INFO  c.b.d.d.DynamicRoutingDataSource - dynamic-datasource initial loaded [2] datasource,primary datasource named [master]
2023-02-11 13:54:37 [main] INFO  com.kob.job.config.XxlJobConfig - >>>>>>>>>>> xxl-job config init.
2023-02-11 13:54:41 [main] INFO  c.x.job.core.executor.XxlJobExecutor - >>>>>>>>>>> xxl-job register jobhandler success, name:CallMeHandler, jobHandler:com.xxl.job.core.handler.impl.MethodJobHandler@13976c57[class com.kob.job.service.CallMeService#CallMeHandler]
2023-02-11 13:54:41 [main] INFO  c.x.job.core.executor.XxlJobExecutor - >>>>>>>>>>> xxl-job register jobhandler success, name:httpJobHandler, jobHandler:com.xxl.job.core.handler.impl.MethodJobHandler@10b7b5f0[class com.kob.job.service.SampleService#httpJobHandler]
2023-02-11 13:54:41 [main] INFO  c.x.job.core.executor.XxlJobExecutor - >>>>>>>>>>> xxl-job register jobhandler success, name:demoJobHandler, jobHandler:com.xxl.job.core.handler.impl.MethodJobHandler@80b70fd[class com.kob.job.service.SampleService#demoJobHandler]
2023-02-11 13:54:41 [main] INFO  c.x.job.core.executor.XxlJobExecutor - >>>>>>>>>>> xxl-job register jobhandler success, name:demoJobHandler2, jobHandler:com.xxl.job.core.handler.impl.MethodJobHandler@5af7e2f[class com.kob.job.service.SampleService#demoJobHandler2]
2023-02-11 13:54:41 [main] INFO  c.x.job.core.executor.XxlJobExecutor - >>>>>>>>>>> xxl-job register jobhandler success, name:shardingJobHandler, jobHandler:com.xxl.job.core.handler.impl.MethodJobHandler@2df24f19[class com.kob.job.service.SampleService#shardingJobHandler]
2023-02-11 13:54:41 [main] INFO  c.x.job.core.executor.XxlJobExecutor - >>>>>>>>>>> xxl-job register jobhandler success, name:commandJobHandler, jobHandler:com.xxl.job.core.handler.impl.MethodJobHandler@c76762[class com.kob.job.service.SampleService#commandJobHandler]
2023-02-11 13:54:41 [main] INFO  o.a.coyote.http11.Http11NioProtocol - Starting ProtocolHandler ["http-nio-3000"]
2023-02-11 13:54:41 [Thread-49] INFO  com.xxl.job.core.server.EmbedServer - >>>>>>>>>>> xxl-job remoting server start success, nettype = class com.xxl.job.core.server.EmbedServer, port = 3011
2023-02-11 13:54:41 [main] INFO  com.kob.backend.BackendApplication - Started BackendApplication in 20.402 seconds (JVM running for 24.108)
2023-02-11 13:54:41 [main] INFO  c.k.b.s.I.o.SysOssConfigServiceImpl - 发布刷新OSS配置 => minio
2023-02-11 13:54:41 [main] INFO  c.k.b.s.I.o.SysOssConfigServiceImpl - 发布刷新OSS配置 => qiniu
2023-02-11 13:54:41 [main] INFO  c.k.b.s.I.o.SysOssConfigServiceImpl - 发布刷新OSS配置 => aliyun
2023-02-11 13:54:41 [main] INFO  c.k.b.s.I.o.SysOssConfigServiceImpl - 发布刷新OSS配置 => qcloud
2023-02-11 13:54:41 [main] INFO  c.k.b.s.I.o.SysOssConfigServiceImpl - 发布刷新OSS配置 => image
2023-02-11 13:54:41 [main] INFO  com.kob.oss.factory.OssFactory - 初始化OSS工厂
2023-02-11 13:54:41 [main] INFO  c.k.b.runner.SystemApplicationRunner - 初始化OSS配置成功
2023-02-11 13:54:42 [RMI TCP Connection(3)-192.168.93.1] INFO  o.a.c.c.C.[.[localhost].[/kob] - Initializing Spring DispatcherServlet 'dispatcherServlet'
2023-02-11 15:49:23 [Thread-49] INFO  com.xxl.job.core.server.EmbedServer - >>>>>>>>>>> xxl-job remoting server stop.
2023-02-11 15:49:23 [xxl-job, executor ExecutorRegistryThread] INFO  c.x.j.c.t.ExecutorRegistryThread - >>>>>>>>>>> xxl-job registry-remove success, registryParam:RegistryParam{registryGroup='EXECUTOR', registryKey='xxl-job-executor', registryValue='http://192.168.93.1:3011/'}, registryResult:ReturnT [code=200, msg=null, content=null]
2023-02-11 15:49:23 [xxl-job, executor ExecutorRegistryThread] INFO  c.x.j.c.t.ExecutorRegistryThread - >>>>>>>>>>> xxl-job, executor registry thread destroy.
2023-02-11 15:49:23 [SpringApplicationShutdownHook] INFO  com.xxl.job.core.server.EmbedServer - >>>>>>>>>>> xxl-job remoting server destroy success.
2023-02-11 15:49:23 [xxl-job, executor JobLogFileCleanThread] INFO  c.x.j.c.thread.JobLogFileCleanThread - >>>>>>>>>>> xxl-job, executor JobLogFileCleanThread thread destroy.
2023-02-11 15:49:23 [xxl-job, executor TriggerCallbackThread] INFO  c.x.j.c.thread.TriggerCallbackThread - >>>>>>>>>>> xxl-job, executor callback thread destroy.
2023-02-11 15:49:23 [Thread-48] INFO  c.x.j.c.thread.TriggerCallbackThread - >>>>>>>>>>> xxl-job, executor retry callback thread destroy.
2023-02-11 15:49:23 [SpringApplicationShutdownHook] INFO  c.b.d.d.DynamicRoutingDataSource - dynamic-datasource start closing ....
2023-02-11 15:49:23 [SpringApplicationShutdownHook] INFO  com.zaxxer.hikari.HikariDataSource - master - Shutdown initiated...
2023-02-11 15:49:23 [SpringApplicationShutdownHook] INFO  com.zaxxer.hikari.HikariDataSource - master - Shutdown completed.
2023-02-11 15:49:23 [SpringApplicationShutdownHook] INFO  c.b.d.d.DynamicRoutingDataSource - dynamic-datasource all closed success,bye
