2023-02-21 18:22:18 [background-preinit] INFO  o.h.validator.internal.util.Version - HV000001: Hibernate Validator 6.2.5.Final
2023-02-21 18:22:18 [main] INFO  com.kob.backend.BackendApplication - Starting BackendApplication using Java 1.8.0_202 on DESKTOP-U0P6EDB with PID 8708 (E:\java2\kob\backendcloud\backend\target\classes started by A in E:\java2\kob\backendcloud)
2023-02-21 18:22:18 [main] INFO  com.kob.backend.BackendApplication - The following 1 profile is active: "dev"
2023-02-21 18:22:25 [main] INFO  com.kob.backend.config.JacksonConfig - 初始化 jackson 配置
2023-02-21 18:22:26 [main] INFO  com.kob.backend.config.RedisConfig - 初始化 redis 配置
2023-02-21 18:22:26 [main] INFO  org.redisson.Version - Redisson 3.17.5
2023-02-21 18:22:29 [redisson-netty-2-6] INFO  o.r.c.p.MasterPubSubConnectionPool - 1 connections initialized for localhost/127.0.0.1:6379
2023-02-21 18:22:29 [redisson-netty-2-4] INFO  o.r.c.pool.MasterConnectionPool - 8 connections initialized for localhost/127.0.0.1:6379
2023-02-21 18:22:32 [main] INFO  o.a.coyote.http11.Http11NioProtocol - Initializing ProtocolHandler ["http-nio-3000"]
2023-02-21 18:22:32 [main] INFO  o.a.catalina.core.StandardService - Starting service [Tomcat]
2023-02-21 18:22:32 [main] INFO  o.a.catalina.core.StandardEngine - Starting Servlet engine: [Apache Tomcat/9.0.70]
2023-02-21 18:22:33 [main] INFO  o.a.c.c.C.[.[localhost].[/kob] - Initializing Spring embedded WebApplicationContext
2023-02-21 18:22:33 [main] INFO  c.b.d.d.DynamicRoutingDataSource - dynamic-datasource detect P6SPY plugin and enabled it
2023-02-21 18:22:33 [main] INFO  com.zaxxer.hikari.HikariDataSource - master - Starting...
2023-02-21 18:22:34 [main] INFO  com.zaxxer.hikari.HikariDataSource - master - Start completed.
2023-02-21 18:22:34 [main] INFO  c.b.d.d.DynamicRoutingDataSource - dynamic-datasource - add a datasource named [slave] success
2023-02-21 18:22:34 [main] INFO  c.b.d.d.DynamicRoutingDataSource - dynamic-datasource - add a datasource named [master] success
2023-02-21 18:22:34 [main] INFO  c.b.d.d.DynamicRoutingDataSource - dynamic-datasource initial loaded [2] datasource,primary datasource named [master]
2023-02-21 18:22:42 [main] INFO  com.kob.job.config.XxlJobConfig - >>>>>>>>>>> xxl-job config init.
2023-02-21 18:22:48 [main] INFO  c.x.job.core.executor.XxlJobExecutor - >>>>>>>>>>> xxl-job register jobhandler success, name:CallMeHandler, jobHandler:com.xxl.job.core.handler.impl.MethodJobHandler@3f030217[class com.kob.job.service.CallMeService#CallMeHandler]
2023-02-21 18:22:48 [main] INFO  c.x.job.core.executor.XxlJobExecutor - >>>>>>>>>>> xxl-job register jobhandler success, name:demoJobHandler2, jobHandler:com.xxl.job.core.handler.impl.MethodJobHandler@2fca9fae[class com.kob.job.service.SampleService#demoJobHandler2]
2023-02-21 18:22:48 [main] INFO  c.x.job.core.executor.XxlJobExecutor - >>>>>>>>>>> xxl-job register jobhandler success, name:httpJobHandler, jobHandler:com.xxl.job.core.handler.impl.MethodJobHandler@1104ad6a[class com.kob.job.service.SampleService#httpJobHandler]
2023-02-21 18:22:48 [main] INFO  c.x.job.core.executor.XxlJobExecutor - >>>>>>>>>>> xxl-job register jobhandler success, name:demoJobHandler, jobHandler:com.xxl.job.core.handler.impl.MethodJobHandler@54d2887a[class com.kob.job.service.SampleService#demoJobHandler]
2023-02-21 18:22:48 [main] INFO  c.x.job.core.executor.XxlJobExecutor - >>>>>>>>>>> xxl-job register jobhandler success, name:commandJobHandler, jobHandler:com.xxl.job.core.handler.impl.MethodJobHandler@73e63b4d[class com.kob.job.service.SampleService#commandJobHandler]
2023-02-21 18:22:48 [main] INFO  c.x.job.core.executor.XxlJobExecutor - >>>>>>>>>>> xxl-job register jobhandler success, name:shardingJobHandler, jobHandler:com.xxl.job.core.handler.impl.MethodJobHandler@8aafd70[class com.kob.job.service.SampleService#shardingJobHandler]
2023-02-21 18:22:50 [main] INFO  o.a.coyote.http11.Http11NioProtocol - Starting ProtocolHandler ["http-nio-3000"]
2023-02-21 18:22:50 [Thread-70] INFO  com.xxl.job.core.server.EmbedServer - >>>>>>>>>>> xxl-job remoting server start success, nettype = class com.xxl.job.core.server.EmbedServer, port = 3011
2023-02-21 18:22:50 [main] INFO  com.kob.backend.BackendApplication - Started BackendApplication in 33.804 seconds (JVM running for 40.512)
2023-02-21 18:22:52 [main] INFO  c.k.b.s.I.o.SysOssConfigServiceImpl - 发布刷新OSS配置 => minio
2023-02-21 18:22:52 [main] INFO  c.k.b.s.I.o.SysOssConfigServiceImpl - 发布刷新OSS配置 => qiniu
2023-02-21 18:22:52 [main] INFO  c.k.b.s.I.o.SysOssConfigServiceImpl - 发布刷新OSS配置 => aliyun
2023-02-21 18:22:52 [main] INFO  c.k.b.s.I.o.SysOssConfigServiceImpl - 发布刷新OSS配置 => qcloud
2023-02-21 18:22:52 [main] INFO  c.k.b.s.I.o.SysOssConfigServiceImpl - 发布刷新OSS配置 => image
2023-02-21 18:22:52 [main] INFO  com.kob.oss.factory.OssFactory - 初始化OSS工厂
2023-02-21 18:22:52 [main] INFO  c.k.b.runner.SystemApplicationRunner - 初始化OSS配置成功
2023-02-21 18:22:52 [RMI TCP Connection(3)-192.168.93.1] INFO  o.a.c.c.C.[.[localhost].[/kob] - Initializing Spring DispatcherServlet 'dispatcherServlet'
2023-02-21 19:00:45 [Thread-70] INFO  com.xxl.job.core.server.EmbedServer - >>>>>>>>>>> xxl-job remoting server stop.
2023-02-21 19:00:45 [xxl-job, executor ExecutorRegistryThread] INFO  c.x.j.c.t.ExecutorRegistryThread - >>>>>>>>>>> xxl-job registry-remove success, registryParam:RegistryParam{registryGroup='EXECUTOR', registryKey='xxl-job-executor', registryValue='http://192.168.93.1:3011/'}, registryResult:ReturnT [code=200, msg=null, content=null]
2023-02-21 19:00:45 [xxl-job, executor ExecutorRegistryThread] INFO  c.x.j.c.t.ExecutorRegistryThread - >>>>>>>>>>> xxl-job, executor registry thread destroy.
2023-02-21 19:00:45 [SpringApplicationShutdownHook] INFO  com.xxl.job.core.server.EmbedServer - >>>>>>>>>>> xxl-job remoting server destroy success.
2023-02-21 19:00:45 [xxl-job, executor JobLogFileCleanThread] INFO  c.x.j.c.thread.JobLogFileCleanThread - >>>>>>>>>>> xxl-job, executor JobLogFileCleanThread thread destroy.
2023-02-21 19:00:45 [xxl-job, executor TriggerCallbackThread] INFO  c.x.j.c.thread.TriggerCallbackThread - >>>>>>>>>>> xxl-job, executor callback thread destroy.
2023-02-21 19:00:45 [Thread-69] INFO  c.x.j.c.thread.TriggerCallbackThread - >>>>>>>>>>> xxl-job, executor retry callback thread destroy.
2023-02-21 19:00:45 [SpringApplicationShutdownHook] INFO  c.b.d.d.DynamicRoutingDataSource - dynamic-datasource start closing ....
2023-02-21 19:00:45 [SpringApplicationShutdownHook] INFO  com.zaxxer.hikari.HikariDataSource - master - Shutdown initiated...
2023-02-21 19:00:45 [SpringApplicationShutdownHook] INFO  com.zaxxer.hikari.HikariDataSource - master - Shutdown completed.
2023-02-21 19:00:45 [SpringApplicationShutdownHook] INFO  c.b.d.d.DynamicRoutingDataSource - dynamic-datasource all closed success,bye
2023-02-21 19:01:05 [main] INFO  com.kob.backend.BackendApplication - Starting BackendApplication using Java 1.8.0_202 on DESKTOP-U0P6EDB with PID 10516 (E:\java2\kob\backendcloud\backend\target\classes started by A in E:\java2\kob\backendcloud)
2023-02-21 19:01:05 [background-preinit] INFO  o.h.validator.internal.util.Version - HV000001: Hibernate Validator 6.2.5.Final
2023-02-21 19:01:05 [main] INFO  com.kob.backend.BackendApplication - The following 1 profile is active: "dev"
2023-02-21 19:01:11 [main] INFO  com.kob.backend.config.JacksonConfig - 初始化 jackson 配置
2023-02-21 19:01:12 [main] INFO  com.kob.backend.config.RedisConfig - 初始化 redis 配置
2023-02-21 19:01:12 [main] INFO  org.redisson.Version - Redisson 3.17.5
2023-02-21 19:01:14 [redisson-netty-2-1] INFO  o.r.c.p.MasterPubSubConnectionPool - 1 connections initialized for localhost/127.0.0.1:6379
2023-02-21 19:01:14 [redisson-netty-2-4] INFO  o.r.c.pool.MasterConnectionPool - 8 connections initialized for localhost/127.0.0.1:6379
2023-02-21 19:01:16 [main] INFO  o.a.coyote.http11.Http11NioProtocol - Initializing ProtocolHandler ["http-nio-3000"]
2023-02-21 19:01:16 [main] INFO  o.a.catalina.core.StandardService - Starting service [Tomcat]
2023-02-21 19:01:16 [main] INFO  o.a.catalina.core.StandardEngine - Starting Servlet engine: [Apache Tomcat/9.0.70]
2023-02-21 19:01:16 [main] INFO  o.a.c.c.C.[.[localhost].[/kob] - Initializing Spring embedded WebApplicationContext
2023-02-21 19:01:16 [main] INFO  c.b.d.d.DynamicRoutingDataSource - dynamic-datasource detect P6SPY plugin and enabled it
2023-02-21 19:01:16 [main] INFO  com.zaxxer.hikari.HikariDataSource - master - Starting...
2023-02-21 19:01:17 [main] INFO  com.zaxxer.hikari.HikariDataSource - master - Start completed.
2023-02-21 19:01:17 [main] INFO  c.b.d.d.DynamicRoutingDataSource - dynamic-datasource - add a datasource named [slave] success
2023-02-21 19:01:17 [main] INFO  c.b.d.d.DynamicRoutingDataSource - dynamic-datasource - add a datasource named [master] success
2023-02-21 19:01:17 [main] INFO  c.b.d.d.DynamicRoutingDataSource - dynamic-datasource initial loaded [2] datasource,primary datasource named [master]
2023-02-21 19:01:22 [main] INFO  com.kob.job.config.XxlJobConfig - >>>>>>>>>>> xxl-job config init.
2023-02-21 19:01:25 [main] INFO  c.x.job.core.executor.XxlJobExecutor - >>>>>>>>>>> xxl-job register jobhandler success, name:CallMeHandler, jobHandler:com.xxl.job.core.handler.impl.MethodJobHandler@6bbac73d[class com.kob.job.service.CallMeService#CallMeHandler]
2023-02-21 19:01:25 [main] INFO  c.x.job.core.executor.XxlJobExecutor - >>>>>>>>>>> xxl-job register jobhandler success, name:httpJobHandler, jobHandler:com.xxl.job.core.handler.impl.MethodJobHandler@4e53c6ef[class com.kob.job.service.SampleService#httpJobHandler]
2023-02-21 19:01:25 [main] INFO  c.x.job.core.executor.XxlJobExecutor - >>>>>>>>>>> xxl-job register jobhandler success, name:demoJobHandler, jobHandler:com.xxl.job.core.handler.impl.MethodJobHandler@6164b3a2[class com.kob.job.service.SampleService#demoJobHandler]
2023-02-21 19:01:25 [main] INFO  c.x.job.core.executor.XxlJobExecutor - >>>>>>>>>>> xxl-job register jobhandler success, name:demoJobHandler2, jobHandler:com.xxl.job.core.handler.impl.MethodJobHandler@345af277[class com.kob.job.service.SampleService#demoJobHandler2]
2023-02-21 19:01:25 [main] INFO  c.x.job.core.executor.XxlJobExecutor - >>>>>>>>>>> xxl-job register jobhandler success, name:shardingJobHandler, jobHandler:com.xxl.job.core.handler.impl.MethodJobHandler@96448ee[class com.kob.job.service.SampleService#shardingJobHandler]
2023-02-21 19:01:25 [main] INFO  c.x.job.core.executor.XxlJobExecutor - >>>>>>>>>>> xxl-job register jobhandler success, name:commandJobHandler, jobHandler:com.xxl.job.core.handler.impl.MethodJobHandler@59509393[class com.kob.job.service.SampleService#commandJobHandler]
2023-02-21 19:01:25 [main] INFO  o.a.coyote.http11.Http11NioProtocol - Starting ProtocolHandler ["http-nio-3000"]
2023-02-21 19:01:25 [Thread-53] INFO  com.xxl.job.core.server.EmbedServer - >>>>>>>>>>> xxl-job remoting server start success, nettype = class com.xxl.job.core.server.EmbedServer, port = 3011
2023-02-21 19:01:25 [main] INFO  com.kob.backend.BackendApplication - Started BackendApplication in 21.938 seconds (JVM running for 26.153)
2023-02-21 19:01:26 [main] INFO  c.k.b.s.I.o.SysOssConfigServiceImpl - 发布刷新OSS配置 => minio
2023-02-21 19:01:26 [main] INFO  c.k.b.s.I.o.SysOssConfigServiceImpl - 发布刷新OSS配置 => qiniu
2023-02-21 19:01:26 [main] INFO  c.k.b.s.I.o.SysOssConfigServiceImpl - 发布刷新OSS配置 => aliyun
2023-02-21 19:01:26 [main] INFO  c.k.b.s.I.o.SysOssConfigServiceImpl - 发布刷新OSS配置 => qcloud
2023-02-21 19:01:26 [main] INFO  c.k.b.s.I.o.SysOssConfigServiceImpl - 发布刷新OSS配置 => image
2023-02-21 19:01:26 [main] INFO  com.kob.oss.factory.OssFactory - 初始化OSS工厂
2023-02-21 19:01:26 [main] INFO  c.k.b.runner.SystemApplicationRunner - 初始化OSS配置成功
2023-02-21 19:01:27 [RMI TCP Connection(2)-192.168.93.1] INFO  o.a.c.c.C.[.[localhost].[/kob] - Initializing Spring DispatcherServlet 'dispatcherServlet'
2023-02-21 19:03:48 [Thread-53] INFO  com.xxl.job.core.server.EmbedServer - >>>>>>>>>>> xxl-job remoting server stop.
2023-02-21 19:03:48 [xxl-job, executor ExecutorRegistryThread] INFO  c.x.j.c.t.ExecutorRegistryThread - >>>>>>>>>>> xxl-job registry-remove success, registryParam:RegistryParam{registryGroup='EXECUTOR', registryKey='xxl-job-executor', registryValue='http://192.168.93.1:3011/'}, registryResult:ReturnT [code=200, msg=null, content=null]
2023-02-21 19:03:48 [xxl-job, executor ExecutorRegistryThread] INFO  c.x.j.c.t.ExecutorRegistryThread - >>>>>>>>>>> xxl-job, executor registry thread destroy.
2023-02-21 19:03:48 [SpringApplicationShutdownHook] INFO  com.xxl.job.core.server.EmbedServer - >>>>>>>>>>> xxl-job remoting server destroy success.
2023-02-21 19:03:48 [xxl-job, executor JobLogFileCleanThread] INFO  c.x.j.c.thread.JobLogFileCleanThread - >>>>>>>>>>> xxl-job, executor JobLogFileCleanThread thread destroy.
2023-02-21 19:03:48 [xxl-job, executor TriggerCallbackThread] INFO  c.x.j.c.thread.TriggerCallbackThread - >>>>>>>>>>> xxl-job, executor callback thread destroy.
2023-02-21 19:03:48 [Thread-52] INFO  c.x.j.c.thread.TriggerCallbackThread - >>>>>>>>>>> xxl-job, executor retry callback thread destroy.
2023-02-21 19:03:48 [SpringApplicationShutdownHook] INFO  c.b.d.d.DynamicRoutingDataSource - dynamic-datasource start closing ....
2023-02-21 19:03:48 [SpringApplicationShutdownHook] INFO  com.zaxxer.hikari.HikariDataSource - master - Shutdown initiated...
2023-02-21 19:03:49 [SpringApplicationShutdownHook] INFO  com.zaxxer.hikari.HikariDataSource - master - Shutdown completed.
2023-02-21 19:03:49 [SpringApplicationShutdownHook] INFO  c.b.d.d.DynamicRoutingDataSource - dynamic-datasource all closed success,bye
2023-02-21 19:04:04 [background-preinit] INFO  o.h.validator.internal.util.Version - HV000001: Hibernate Validator 6.2.5.Final
2023-02-21 19:04:04 [main] INFO  com.kob.backend.BackendApplication - Starting BackendApplication using Java 1.8.0_202 on DESKTOP-U0P6EDB with PID 14900 (E:\java2\kob\backendcloud\backend\target\classes started by A in E:\java2\kob\backendcloud)
2023-02-21 19:04:04 [main] INFO  com.kob.backend.BackendApplication - The following 1 profile is active: "dev"
2023-02-21 19:04:10 [main] INFO  com.kob.backend.config.JacksonConfig - 初始化 jackson 配置
2023-02-21 19:04:10 [main] INFO  com.kob.backend.config.RedisConfig - 初始化 redis 配置
2023-02-21 19:04:10 [main] INFO  org.redisson.Version - Redisson 3.17.5
2023-02-21 19:04:13 [redisson-netty-2-1] INFO  o.r.c.p.MasterPubSubConnectionPool - 1 connections initialized for localhost/127.0.0.1:6379
2023-02-21 19:04:13 [redisson-netty-2-4] INFO  o.r.c.pool.MasterConnectionPool - 8 connections initialized for localhost/127.0.0.1:6379
2023-02-21 19:04:14 [main] INFO  o.a.coyote.http11.Http11NioProtocol - Initializing ProtocolHandler ["http-nio-3000"]
2023-02-21 19:04:14 [main] INFO  o.a.catalina.core.StandardService - Starting service [Tomcat]
2023-02-21 19:04:14 [main] INFO  o.a.catalina.core.StandardEngine - Starting Servlet engine: [Apache Tomcat/9.0.70]
2023-02-21 19:04:15 [main] INFO  o.a.c.c.C.[.[localhost].[/kob] - Initializing Spring embedded WebApplicationContext
2023-02-21 19:04:15 [main] INFO  c.b.d.d.DynamicRoutingDataSource - dynamic-datasource detect P6SPY plugin and enabled it
2023-02-21 19:04:15 [main] INFO  com.zaxxer.hikari.HikariDataSource - master - Starting...
2023-02-21 19:04:15 [main] INFO  com.zaxxer.hikari.HikariDataSource - master - Start completed.
2023-02-21 19:04:15 [main] INFO  c.b.d.d.DynamicRoutingDataSource - dynamic-datasource - add a datasource named [slave] success
2023-02-21 19:04:15 [main] INFO  c.b.d.d.DynamicRoutingDataSource - dynamic-datasource - add a datasource named [master] success
2023-02-21 19:04:15 [main] INFO  c.b.d.d.DynamicRoutingDataSource - dynamic-datasource initial loaded [2] datasource,primary datasource named [master]
2023-02-21 19:04:21 [main] INFO  com.kob.job.config.XxlJobConfig - >>>>>>>>>>> xxl-job config init.
2023-02-21 19:04:24 [main] INFO  c.x.job.core.executor.XxlJobExecutor - >>>>>>>>>>> xxl-job register jobhandler success, name:CallMeHandler, jobHandler:com.xxl.job.core.handler.impl.MethodJobHandler@c770b57[class com.kob.job.service.CallMeService#CallMeHandler]
2023-02-21 19:04:24 [main] INFO  c.x.job.core.executor.XxlJobExecutor - >>>>>>>>>>> xxl-job register jobhandler success, name:commandJobHandler, jobHandler:com.xxl.job.core.handler.impl.MethodJobHandler@308d4981[class com.kob.job.service.SampleService#commandJobHandler]
2023-02-21 19:04:24 [main] INFO  c.x.job.core.executor.XxlJobExecutor - >>>>>>>>>>> xxl-job register jobhandler success, name:shardingJobHandler, jobHandler:com.xxl.job.core.handler.impl.MethodJobHandler@55731ccd[class com.kob.job.service.SampleService#shardingJobHandler]
2023-02-21 19:04:24 [main] INFO  c.x.job.core.executor.XxlJobExecutor - >>>>>>>>>>> xxl-job register jobhandler success, name:demoJobHandler2, jobHandler:com.xxl.job.core.handler.impl.MethodJobHandler@750adad8[class com.kob.job.service.SampleService#demoJobHandler2]
2023-02-21 19:04:24 [main] INFO  c.x.job.core.executor.XxlJobExecutor - >>>>>>>>>>> xxl-job register jobhandler success, name:demoJobHandler, jobHandler:com.xxl.job.core.handler.impl.MethodJobHandler@41935a9d[class com.kob.job.service.SampleService#demoJobHandler]
2023-02-21 19:04:24 [main] INFO  c.x.job.core.executor.XxlJobExecutor - >>>>>>>>>>> xxl-job register jobhandler success, name:httpJobHandler, jobHandler:com.xxl.job.core.handler.impl.MethodJobHandler@1b08d26f[class com.kob.job.service.SampleService#httpJobHandler]
2023-02-21 19:04:24 [main] INFO  o.a.coyote.http11.Http11NioProtocol - Starting ProtocolHandler ["http-nio-3000"]
2023-02-21 19:04:24 [Thread-51] INFO  com.xxl.job.core.server.EmbedServer - >>>>>>>>>>> xxl-job remoting server start success, nettype = class com.xxl.job.core.server.EmbedServer, port = 3011
2023-02-21 19:04:24 [main] INFO  com.kob.backend.BackendApplication - Started BackendApplication in 20.984 seconds (JVM running for 25.266)
2023-02-21 19:04:25 [main] INFO  c.k.b.s.I.o.SysOssConfigServiceImpl - 发布刷新OSS配置 => minio
2023-02-21 19:04:25 [main] INFO  c.k.b.s.I.o.SysOssConfigServiceImpl - 发布刷新OSS配置 => qiniu
2023-02-21 19:04:25 [main] INFO  c.k.b.s.I.o.SysOssConfigServiceImpl - 发布刷新OSS配置 => aliyun
2023-02-21 19:04:25 [main] INFO  c.k.b.s.I.o.SysOssConfigServiceImpl - 发布刷新OSS配置 => qcloud
2023-02-21 19:04:25 [main] INFO  c.k.b.s.I.o.SysOssConfigServiceImpl - 发布刷新OSS配置 => image
2023-02-21 19:04:25 [main] INFO  com.kob.oss.factory.OssFactory - 初始化OSS工厂
2023-02-21 19:04:25 [main] INFO  c.k.b.runner.SystemApplicationRunner - 初始化OSS配置成功
2023-02-21 19:04:27 [RMI TCP Connection(2)-192.168.93.1] INFO  o.a.c.c.C.[.[localhost].[/kob] - Initializing Spring DispatcherServlet 'dispatcherServlet'
